running develop
running egg_info
creating ax12a_arm_controller.egg-info
writing ax12a_arm_controller.egg-info/PKG-INFO
writing dependency_links to ax12a_arm_controller.egg-info/dependency_links.txt
writing entry points to ax12a_arm_controller.egg-info/entry_points.txt
writing requirements to ax12a_arm_controller.egg-info/requires.txt
writing top-level names to ax12a_arm_controller.egg-info/top_level.txt
writing manifest file 'ax12a_arm_controller.egg-info/SOURCES.txt'
reading manifest file 'ax12a_arm_controller.egg-info/SOURCES.txt'
writing manifest file 'ax12a_arm_controller.egg-info/SOURCES.txt'
running build_ext
Creating /home/tony/ros2_ws/install/ax12a_arm_controller/lib/python3.10/site-packages/ax12a-arm-controller.egg-link (link to .)
Installing ax12a_arm_node script to /home/tony/ros2_ws/install/ax12a_arm_controller/lib/ax12a_arm_controller

Installed /home/tony/ros2_ws/build/ax12a_arm_controller
running install_data
creating /home/tony/ros2_ws/install/ax12a_arm_controller/share/ament_index
creating /home/tony/ros2_ws/install/ax12a_arm_controller/share/ament_index/resource_index
creating /home/tony/ros2_ws/install/ax12a_arm_controller/share/ament_index/resource_index/packages
copying resource/ax12a_arm_controller -> /home/tony/ros2_ws/install/ax12a_arm_controller/share/ament_index/resource_index/packages
copying package.xml -> /home/tony/ros2_ws/install/ax12a_arm_controller/share/ax12a_arm_controller
creating /home/tony/ros2_ws/install/ax12a_arm_controller/share/ax12a_arm_controller/launch
copying launch/ax12a_arm.launch.py -> /home/tony/ros2_ws/install/ax12a_arm_controller/share/ax12a_arm_controller/launch
