[2.171s] Invoking command in '/home/tony/ros2_ws/build/turtlebot3_example': PYTHONPATH=/home/tony/ros2_ws/build/turtlebot3_example/prefix_override:/home/tony/ros2_ws/install/turtlebot3_example/lib/python3.10/site-packages:${PYTHONPATH} /usr/bin/python3 setup.py develop --uninstall --editable --build-directory /home/tony/ros2_ws/build/turtlebot3_example/build
[2.698s] running develop
[2.699s] /home/tony/.local/lib/python3.10/site-packages/setuptools/command/easy_install.py:144: EasyInstallDeprecationWarning: easy_install command is deprecated. Use build and pip and other standards-based tools.
[2.699s]   warnings.warn(
[2.699s] /home/tony/.local/lib/python3.10/site-packages/setuptools/command/install.py:34: SetuptoolsDeprecationWarning: setup.py install is deprecated. Use build and pip and other standards-based tools.
[2.699s]   warnings.warn(
[3.155s] Removing /home/tony/ros2_ws/install/turtlebot3_example/lib/python3.10/site-packages/turtlebot3-example.egg-link (link to .)
[3.330s] Invoked command in '/home/tony/ros2_ws/build/turtlebot3_example' returned '0': PYTHONPATH=/home/tony/ros2_ws/build/turtlebot3_example/prefix_override:/home/tony/ros2_ws/install/turtlebot3_example/lib/python3.10/site-packages:${PYTHONPATH} /usr/bin/python3 setup.py develop --uninstall --editable --build-directory /home/tony/ros2_ws/build/turtlebot3_example/build
[3.337s] Invoking command in '/home/tony/ros2_ws/src/turtlebot3/turtlebot3_example': PYTHONPATH=/home/tony/ros2_ws/build/turtlebot3_example/prefix_override:/home/tony/ros2_ws/install/turtlebot3_example/lib/python3.10/site-packages:${PYTHONPATH} /usr/bin/python3 setup.py egg_info --egg-base ../../../build/turtlebot3_example build --build-base /home/tony/ros2_ws/build/turtlebot3_example/build install --record /home/tony/ros2_ws/build/turtlebot3_example/install.log --single-version-externally-managed
[4.066s] running egg_info
[4.097s] writing ../../../build/turtlebot3_example/turtlebot3_example.egg-info/PKG-INFO
[4.097s] writing dependency_links to ../../../build/turtlebot3_example/turtlebot3_example.egg-info/dependency_links.txt
[4.097s] writing entry points to ../../../build/turtlebot3_example/turtlebot3_example.egg-info/entry_points.txt
[4.097s] writing requirements to ../../../build/turtlebot3_example/turtlebot3_example.egg-info/requires.txt
[4.097s] writing top-level names to ../../../build/turtlebot3_example/turtlebot3_example.egg-info/top_level.txt
[4.118s] reading manifest file '../../../build/turtlebot3_example/turtlebot3_example.egg-info/SOURCES.txt'
[4.126s] writing manifest file '../../../build/turtlebot3_example/turtlebot3_example.egg-info/SOURCES.txt'
[4.126s] running build
[4.126s] running build_py
[4.126s] running install
[4.126s] /home/tony/.local/lib/python3.10/site-packages/setuptools/command/install.py:34: SetuptoolsDeprecationWarning: setup.py install is deprecated. Use build and pip and other standards-based tools.
[4.126s]   warnings.warn(
[4.132s] running install_lib
[4.156s] creating /home/tony/ros2_ws/install/turtlebot3_example/lib/python3.10/site-packages/turtlebot3_example
[4.157s] creating /home/tony/ros2_ws/install/turtlebot3_example/lib/python3.10/site-packages/turtlebot3_example/turtlebot3_position_control
[4.157s] copying /home/tony/ros2_ws/build/turtlebot3_example/build/lib/turtlebot3_example/turtlebot3_position_control/__init__.py -> /home/tony/ros2_ws/install/turtlebot3_example/lib/python3.10/site-packages/turtlebot3_example/turtlebot3_position_control
[4.157s] copying /home/tony/ros2_ws/build/turtlebot3_example/build/lib/turtlebot3_example/turtlebot3_position_control/turtlebot3_position_control.py -> /home/tony/ros2_ws/install/turtlebot3_example/lib/python3.10/site-packages/turtlebot3_example/turtlebot3_position_control
[4.157s] copying /home/tony/ros2_ws/build/turtlebot3_example/build/lib/turtlebot3_example/turtlebot3_position_control/main.py -> /home/tony/ros2_ws/install/turtlebot3_example/lib/python3.10/site-packages/turtlebot3_example/turtlebot3_position_control
[4.157s] copying /home/tony/ros2_ws/build/turtlebot3_example/build/lib/turtlebot3_example/turtlebot3_position_control/turtlebot3_path.py -> /home/tony/ros2_ws/install/turtlebot3_example/lib/python3.10/site-packages/turtlebot3_example/turtlebot3_position_control
[4.157s] copying /home/tony/ros2_ws/build/turtlebot3_example/build/lib/turtlebot3_example/__init__.py -> /home/tony/ros2_ws/install/turtlebot3_example/lib/python3.10/site-packages/turtlebot3_example
[4.157s] creating /home/tony/ros2_ws/install/turtlebot3_example/lib/python3.10/site-packages/turtlebot3_example/turtlebot3_patrol_server
[4.157s] copying /home/tony/ros2_ws/build/turtlebot3_example/build/lib/turtlebot3_example/turtlebot3_patrol_server/turtlebot3_patrol_server.py -> /home/tony/ros2_ws/install/turtlebot3_example/lib/python3.10/site-packages/turtlebot3_example/turtlebot3_patrol_server
[4.157s] copying /home/tony/ros2_ws/build/turtlebot3_example/build/lib/turtlebot3_example/turtlebot3_patrol_server/__init__.py -> /home/tony/ros2_ws/install/turtlebot3_example/lib/python3.10/site-packages/turtlebot3_example/turtlebot3_patrol_server
[4.157s] copying /home/tony/ros2_ws/build/turtlebot3_example/build/lib/turtlebot3_example/turtlebot3_patrol_server/main.py -> /home/tony/ros2_ws/install/turtlebot3_example/lib/python3.10/site-packages/turtlebot3_example/turtlebot3_patrol_server
[4.158s] copying /home/tony/ros2_ws/build/turtlebot3_example/build/lib/turtlebot3_example/turtlebot3_patrol_server/turtlebot3_path.py -> /home/tony/ros2_ws/install/turtlebot3_example/lib/python3.10/site-packages/turtlebot3_example/turtlebot3_patrol_server
[4.158s] creating /home/tony/ros2_ws/install/turtlebot3_example/lib/python3.10/site-packages/turtlebot3_example/turtlebot3_obstacle_detection
[4.158s] copying /home/tony/ros2_ws/build/turtlebot3_example/build/lib/turtlebot3_example/turtlebot3_obstacle_detection/__init__.py -> /home/tony/ros2_ws/install/turtlebot3_example/lib/python3.10/site-packages/turtlebot3_example/turtlebot3_obstacle_detection
[4.158s] copying /home/tony/ros2_ws/build/turtlebot3_example/build/lib/turtlebot3_example/turtlebot3_obstacle_detection/turtlebot3_obstacle_detection.py -> /home/tony/ros2_ws/install/turtlebot3_example/lib/python3.10/site-packages/turtlebot3_example/turtlebot3_obstacle_detection
[4.158s] copying /home/tony/ros2_ws/build/turtlebot3_example/build/lib/turtlebot3_example/turtlebot3_obstacle_detection/main.py -> /home/tony/ros2_ws/install/turtlebot3_example/lib/python3.10/site-packages/turtlebot3_example/turtlebot3_obstacle_detection
[4.158s] creating /home/tony/ros2_ws/install/turtlebot3_example/lib/python3.10/site-packages/turtlebot3_example/turtlebot3_patrol_client
[4.158s] copying /home/tony/ros2_ws/build/turtlebot3_example/build/lib/turtlebot3_example/turtlebot3_patrol_client/__init__.py -> /home/tony/ros2_ws/install/turtlebot3_example/lib/python3.10/site-packages/turtlebot3_example/turtlebot3_patrol_client
[4.158s] copying /home/tony/ros2_ws/build/turtlebot3_example/build/lib/turtlebot3_example/turtlebot3_patrol_client/main.py -> /home/tony/ros2_ws/install/turtlebot3_example/lib/python3.10/site-packages/turtlebot3_example/turtlebot3_patrol_client
[4.158s] copying /home/tony/ros2_ws/build/turtlebot3_example/build/lib/turtlebot3_example/turtlebot3_patrol_client/turtlebot3_patrol_client.py -> /home/tony/ros2_ws/install/turtlebot3_example/lib/python3.10/site-packages/turtlebot3_example/turtlebot3_patrol_client
[4.162s] byte-compiling /home/tony/ros2_ws/install/turtlebot3_example/lib/python3.10/site-packages/turtlebot3_example/turtlebot3_position_control/__init__.py to __init__.cpython-310.pyc
[4.163s] byte-compiling /home/tony/ros2_ws/install/turtlebot3_example/lib/python3.10/site-packages/turtlebot3_example/turtlebot3_position_control/turtlebot3_position_control.py to turtlebot3_position_control.cpython-310.pyc
[4.163s] byte-compiling /home/tony/ros2_ws/install/turtlebot3_example/lib/python3.10/site-packages/turtlebot3_example/turtlebot3_position_control/main.py to main.cpython-310.pyc
[4.163s] byte-compiling /home/tony/ros2_ws/install/turtlebot3_example/lib/python3.10/site-packages/turtlebot3_example/turtlebot3_position_control/turtlebot3_path.py to turtlebot3_path.cpython-310.pyc
[4.164s] byte-compiling /home/tony/ros2_ws/install/turtlebot3_example/lib/python3.10/site-packages/turtlebot3_example/__init__.py to __init__.cpython-310.pyc
[4.164s] byte-compiling /home/tony/ros2_ws/install/turtlebot3_example/lib/python3.10/site-packages/turtlebot3_example/turtlebot3_patrol_server/turtlebot3_patrol_server.py to turtlebot3_patrol_server.cpython-310.pyc
[4.164s] byte-compiling /home/tony/ros2_ws/install/turtlebot3_example/lib/python3.10/site-packages/turtlebot3_example/turtlebot3_patrol_server/__init__.py to __init__.cpython-310.pyc
[4.164s] byte-compiling /home/tony/ros2_ws/install/turtlebot3_example/lib/python3.10/site-packages/turtlebot3_example/turtlebot3_patrol_server/main.py to main.cpython-310.pyc
[4.164s] byte-compiling /home/tony/ros2_ws/install/turtlebot3_example/lib/python3.10/site-packages/turtlebot3_example/turtlebot3_patrol_server/turtlebot3_path.py to turtlebot3_path.cpython-310.pyc
[4.164s] byte-compiling /home/tony/ros2_ws/install/turtlebot3_example/lib/python3.10/site-packages/turtlebot3_example/turtlebot3_obstacle_detection/__init__.py to __init__.cpython-310.pyc
[4.164s] byte-compiling /home/tony/ros2_ws/install/turtlebot3_example/lib/python3.10/site-packages/turtlebot3_example/turtlebot3_obstacle_detection/turtlebot3_obstacle_detection.py to turtlebot3_obstacle_detection.cpython-310.pyc
[4.164s] byte-compiling /home/tony/ros2_ws/install/turtlebot3_example/lib/python3.10/site-packages/turtlebot3_example/turtlebot3_obstacle_detection/main.py to main.cpython-310.pyc
[4.165s] byte-compiling /home/tony/ros2_ws/install/turtlebot3_example/lib/python3.10/site-packages/turtlebot3_example/turtlebot3_patrol_client/__init__.py to __init__.cpython-310.pyc
[4.166s] byte-compiling /home/tony/ros2_ws/install/turtlebot3_example/lib/python3.10/site-packages/turtlebot3_example/turtlebot3_patrol_client/main.py to main.cpython-310.pyc
[4.166s] byte-compiling /home/tony/ros2_ws/install/turtlebot3_example/lib/python3.10/site-packages/turtlebot3_example/turtlebot3_patrol_client/turtlebot3_patrol_client.py to turtlebot3_patrol_client.cpython-310.pyc
[4.167s] running install_data
[4.204s] running install_egg_info
[4.237s] Copying ../../../build/turtlebot3_example/turtlebot3_example.egg-info to /home/tony/ros2_ws/install/turtlebot3_example/lib/python3.10/site-packages/turtlebot3_example-2.1.5-py3.10.egg-info
[4.245s] running install_scripts
[4.357s] Installing turtlebot3_obstacle_detection script to /home/tony/ros2_ws/install/turtlebot3_example/lib/turtlebot3_example
[4.357s] Installing turtlebot3_patrol_client script to /home/tony/ros2_ws/install/turtlebot3_example/lib/turtlebot3_example
[4.357s] Installing turtlebot3_patrol_server script to /home/tony/ros2_ws/install/turtlebot3_example/lib/turtlebot3_example
[4.357s] Installing turtlebot3_position_control script to /home/tony/ros2_ws/install/turtlebot3_example/lib/turtlebot3_example
[4.358s] writing list of installed files to '/home/tony/ros2_ws/build/turtlebot3_example/install.log'
[4.476s] Invoked command in '/home/tony/ros2_ws/src/turtlebot3/turtlebot3_example' returned '0': PYTHONPATH=/home/tony/ros2_ws/build/turtlebot3_example/prefix_override:/home/tony/ros2_ws/install/turtlebot3_example/lib/python3.10/site-packages:${PYTHONPATH} /usr/bin/python3 setup.py egg_info --egg-base ../../../build/turtlebot3_example build --build-base /home/tony/ros2_ws/build/turtlebot3_example/build install --record /home/tony/ros2_ws/build/turtlebot3_example/install.log --single-version-externally-managed
