[0.370s] Invoking command in '/home/tony/ros2_ws/build/turtlebot3_node': CMAKE_PREFIX_PATH=${CMAKE_PREFIX_PATH}:/home/tony/ros2_ws/install/yolov10_inference:/home/tony/ros2_ws/install/witmotion_ros_driver:/home/tony/ros2_ws/install/turtlebot3_teleop:/home/tony/ros2_ws/install/turtlebot3_example:/home/tony/ros2_ws/install/ros2_aruco:/home/tony/ros2_ws/install/opencv_pkg:/home/tony/ros2_ws/install/ax12a_arm_controller:/opt/ros/humble /usr/bin/cmake /home/tony/ros2_ws/src/turtlebot3/turtlebot3_node -DCMAKE_INSTALL_PREFIX=/home/tony/ros2_ws/install/turtlebot3_node
[1.015s] -- Found ament_cmake: 1.3.6 (/opt/ros/humble/share/ament_cmake/cmake)
[1.015s] -- Override CMake install command with custom implementation using symlinks instead of copying resources
[1.015s] -- Found dynamixel_sdk: 3.8.4 (/opt/ros/humble/share/dynamixel_sdk/cmake)
[1.015s] -- Found geometry_msgs: 4.2.4 (/opt/ros/humble/share/geometry_msgs/cmake)
[1.015s] -- Found rosidl_generator_c: 3.1.5 (/opt/ros/humble/share/rosidl_generator_c/cmake)
[1.015s] -- Found rosidl_adapter: 3.1.5 (/opt/ros/humble/share/rosidl_adapter/cmake)
[1.015s] -- Found rosidl_generator_cpp: 3.1.5 (/opt/ros/humble/share/rosidl_generator_cpp/cmake)
[1.015s] -- Using all available rosidl_typesupport_c: rosidl_typesupport_fastrtps_c;rosidl_typesupport_introspection_c
[1.015s] -- Using all available rosidl_typesupport_cpp: rosidl_typesupport_fastrtps_cpp;rosidl_typesupport_introspection_cpp
[1.015s] -- Found message_filters: 4.3.3 (/opt/ros/humble/share/message_filters/cmake)
[1.015s] -- Found rmw_implementation_cmake: 6.1.1 (/opt/ros/humble/share/rmw_implementation_cmake/cmake)
[1.015s] -- Found rmw_cyclonedds_cpp: 1.3.4 (/opt/ros/humble/share/rmw_cyclonedds_cpp/cmake)
[1.015s] -- Using RMW implementation 'rmw_cyclonedds_cpp' as default
[1.089s] -- Found nav_msgs: 4.2.3 (/opt/ros/humble/share/nav_msgs/cmake)
[1.222s] -- Found sensor_msgs: 4.2.3 (/opt/ros/humble/share/sensor_msgs/cmake)
[1.372s] -- Found std_srvs: 4.2.3 (/opt/ros/humble/share/std_srvs/cmake)
[1.396s] -- Found tf2: 0.25.8 (/opt/ros/humble/share/tf2/cmake)
[1.406s] -- Found tf2_ros: 0.25.17 (/opt/ros/humble/share/tf2_ros/cmake)
[1.845s] -- Found turtlebot3_msgs: 2.2.3 (/opt/ros/humble/share/turtlebot3_msgs/cmake)
[2.051s] -- Configuring done
[2.066s] -- Generating done
[2.067s] -- Build files have been written to: /home/tony/ros2_ws/build/turtlebot3_node
[2.902s] Invoked command in '/home/tony/ros2_ws/build/turtlebot3_node' returned '0': CMAKE_PREFIX_PATH=${CMAKE_PREFIX_PATH}:/home/tony/ros2_ws/install/yolov10_inference:/home/tony/ros2_ws/install/witmotion_ros_driver:/home/tony/ros2_ws/install/turtlebot3_teleop:/home/tony/ros2_ws/install/turtlebot3_example:/home/tony/ros2_ws/install/ros2_aruco:/home/tony/ros2_ws/install/opencv_pkg:/home/tony/ros2_ws/install/ax12a_arm_controller:/opt/ros/humble /usr/bin/cmake /home/tony/ros2_ws/src/turtlebot3/turtlebot3_node -DCMAKE_INSTALL_PREFIX=/home/tony/ros2_ws/install/turtlebot3_node
[2.903s] Invoking command in '/home/tony/ros2_ws/build/turtlebot3_node': CMAKE_PREFIX_PATH=${CMAKE_PREFIX_PATH}:/home/tony/ros2_ws/install/yolov10_inference:/home/tony/ros2_ws/install/witmotion_ros_driver:/home/tony/ros2_ws/install/turtlebot3_teleop:/home/tony/ros2_ws/install/turtlebot3_example:/home/tony/ros2_ws/install/ros2_aruco:/home/tony/ros2_ws/install/opencv_pkg:/home/tony/ros2_ws/install/ax12a_arm_controller:/opt/ros/humble /usr/bin/cmake --build /home/tony/ros2_ws/build/turtlebot3_node -- -j8 -l8
[2.993s] [35m[1mConsolidate compiler generated dependencies of target turtlebot3_node_lib[0m
[3.110s] [ 85%] Built target turtlebot3_node_lib
[3.144s] [35m[1mConsolidate compiler generated dependencies of target turtlebot3_ros[0m
[3.172s] [100%] Built target turtlebot3_ros
[3.210s] Invoked command in '/home/tony/ros2_ws/build/turtlebot3_node' returned '0': CMAKE_PREFIX_PATH=${CMAKE_PREFIX_PATH}:/home/tony/ros2_ws/install/yolov10_inference:/home/tony/ros2_ws/install/witmotion_ros_driver:/home/tony/ros2_ws/install/turtlebot3_teleop:/home/tony/ros2_ws/install/turtlebot3_example:/home/tony/ros2_ws/install/ros2_aruco:/home/tony/ros2_ws/install/opencv_pkg:/home/tony/ros2_ws/install/ax12a_arm_controller:/opt/ros/humble /usr/bin/cmake --build /home/tony/ros2_ws/build/turtlebot3_node -- -j8 -l8
[3.523s] Invoking command in '/home/tony/ros2_ws/build/turtlebot3_node': CMAKE_PREFIX_PATH=${CMAKE_PREFIX_PATH}:/home/tony/ros2_ws/install/yolov10_inference:/home/tony/ros2_ws/install/witmotion_ros_driver:/home/tony/ros2_ws/install/turtlebot3_teleop:/home/tony/ros2_ws/install/turtlebot3_example:/home/tony/ros2_ws/install/ros2_aruco:/home/tony/ros2_ws/install/opencv_pkg:/home/tony/ros2_ws/install/ax12a_arm_controller:/opt/ros/humble /usr/bin/cmake --install /home/tony/ros2_ws/build/turtlebot3_node
[3.542s] -- Install configuration: ""
[3.542s] -- Execute custom install script
[3.542s] -- Up-to-date symlink: /home/tony/ros2_ws/install/turtlebot3_node/share/turtlebot3_node/param/burger.yaml
[3.542s] -- Up-to-date symlink: /home/tony/ros2_ws/install/turtlebot3_node/share/turtlebot3_node/param/waffle.yaml
[3.543s] -- Up-to-date symlink: /home/tony/ros2_ws/install/turtlebot3_node/share/turtlebot3_node/param/waffle_pi.yaml
[3.543s] -- Up-to-date symlink: /home/tony/ros2_ws/install/turtlebot3_node/lib/turtlebot3_node/turtlebot3_ros
[3.544s] -- Up-to-date symlink: /home/tony/ros2_ws/install/turtlebot3_node/share/ament_index/resource_index/package_run_dependencies/turtlebot3_node
[3.544s] -- Up-to-date symlink: /home/tony/ros2_ws/install/turtlebot3_node/share/ament_index/resource_index/parent_prefix_path/turtlebot3_node
[3.544s] -- Up-to-date symlink: /home/tony/ros2_ws/install/turtlebot3_node/share/turtlebot3_node/environment/ament_prefix_path.sh
[3.545s] -- Up-to-date symlink: /home/tony/ros2_ws/install/turtlebot3_node/share/turtlebot3_node/environment/ament_prefix_path.dsv
[3.545s] -- Up-to-date symlink: /home/tony/ros2_ws/install/turtlebot3_node/share/turtlebot3_node/environment/path.sh
[3.545s] -- Up-to-date symlink: /home/tony/ros2_ws/install/turtlebot3_node/share/turtlebot3_node/environment/path.dsv
[3.545s] -- Up-to-date symlink: /home/tony/ros2_ws/install/turtlebot3_node/share/turtlebot3_node/local_setup.bash
[3.545s] -- Up-to-date symlink: /home/tony/ros2_ws/install/turtlebot3_node/share/turtlebot3_node/local_setup.sh
[3.546s] -- Up-to-date symlink: /home/tony/ros2_ws/install/turtlebot3_node/share/turtlebot3_node/local_setup.zsh
[3.546s] -- Up-to-date symlink: /home/tony/ros2_ws/install/turtlebot3_node/share/turtlebot3_node/local_setup.dsv
[3.546s] -- Symlinking: /home/tony/ros2_ws/install/turtlebot3_node/share/turtlebot3_node/package.dsv
[3.590s] -- Up-to-date symlink: /home/tony/ros2_ws/install/turtlebot3_node/share/ament_index/resource_index/packages/turtlebot3_node
[3.590s] -- Up-to-date symlink: /home/tony/ros2_ws/install/turtlebot3_node/share/turtlebot3_node/cmake/ament_cmake_export_include_directories-extras.cmake
[3.590s] -- Up-to-date symlink: /home/tony/ros2_ws/install/turtlebot3_node/share/turtlebot3_node/cmake/turtlebot3_nodeConfig.cmake
[3.591s] -- Up-to-date symlink: /home/tony/ros2_ws/install/turtlebot3_node/share/turtlebot3_node/cmake/turtlebot3_nodeConfig-version.cmake
[3.592s] -- Up-to-date symlink: /home/tony/ros2_ws/install/turtlebot3_node/share/turtlebot3_node/package.xml
[3.603s] Invoked command in '/home/tony/ros2_ws/build/turtlebot3_node' returned '0': CMAKE_PREFIX_PATH=${CMAKE_PREFIX_PATH}:/home/tony/ros2_ws/install/yolov10_inference:/home/tony/ros2_ws/install/witmotion_ros_driver:/home/tony/ros2_ws/install/turtlebot3_teleop:/home/tony/ros2_ws/install/turtlebot3_example:/home/tony/ros2_ws/install/ros2_aruco:/home/tony/ros2_ws/install/opencv_pkg:/home/tony/ros2_ws/install/ax12a_arm_controller:/opt/ros/humble /usr/bin/cmake --install /home/tony/ros2_ws/build/turtlebot3_node
