[0.282s] Invoking command in '/home/tony/ros2_ws/build/pan_tilt_msgs': CMAKE_PREFIX_PATH=${CMAKE_PREFIX_PATH}:/home/tony/ros2_ws/install/yolov10_inference:/home/tony/ros2_ws/install/witmotion_ros_driver:/home/tony/ros2_ws/install/turtlebot3_teleop:/home/tony/ros2_ws/install/turtlebot3_example:/home/tony/ros2_ws/install/ros2_aruco:/home/tony/ros2_ws/install/opencv_pkg:/home/tony/ros2_ws/install/dxl_tools:/home/tony/ros2_ws/install/ax12_arm_bringup:/opt/ros/humble /usr/bin/cmake /home/tony/ros2_ws/src/pan_tilt_ros/pan_tilt_msgs -DAMENT_CMAKE_SYMLINK_INSTALL=1 -DCMAKE_INSTALL_PREFIX=/home/tony/ros2_ws/install/pan_tilt_msgs
[0.769s] -- The C compiler identification is GNU 11.4.0
[0.770s] -- The CXX compiler identification is GNU 11.4.0
[0.770s] -- Detecting C compiler ABI info
[0.770s] -- Detecting C compiler ABI info - done
[0.770s] -- Check for working C compiler: /usr/bin/cc - skipped
[0.770s] -- Detecting C compile features
[0.770s] -- Detecting C compile features - done
[0.770s] -- Detecting CXX compiler ABI info
[0.770s] -- Detecting CXX compiler ABI info - done
[0.770s] -- Check for working CXX compiler: /usr/bin/c++ - skipped
[0.770s] -- Detecting CXX compile features
[0.770s] -- Detecting CXX compile features - done
[0.770s] -- Found ament_cmake: 1.3.6 (/opt/ros/humble/share/ament_cmake/cmake)
[1.552s] -- Found Python3: /usr/bin/python3.10 (found version "3.10.12") found components: Interpreter 
[1.637s] -- Override CMake install command with custom implementation using symlinks instead of copying resources
[1.677s] -- Found std_msgs: 4.2.3 (/opt/ros/humble/share/std_msgs/cmake)
[1.724s] -- Found rosidl_generator_c: 3.1.5 (/opt/ros/humble/share/rosidl_generator_c/cmake)
[1.733s] -- Found rosidl_adapter: 3.1.5 (/opt/ros/humble/share/rosidl_adapter/cmake)
[1.743s] -- Found rosidl_generator_cpp: 3.1.5 (/opt/ros/humble/share/rosidl_generator_cpp/cmake)
[1.765s] -- Using all available rosidl_typesupport_c: rosidl_typesupport_fastrtps_c;rosidl_typesupport_introspection_c
[1.794s] -- Using all available rosidl_typesupport_cpp: rosidl_typesupport_fastrtps_cpp;rosidl_typesupport_introspection_cpp
[1.877s] -- Found rosidl_default_generators: 1.2.0 (/opt/ros/humble/share/rosidl_default_generators/cmake)
[2.286s] -- Found ament_cmake_ros: 0.10.0 (/opt/ros/humble/share/ament_cmake_ros/cmake)
[2.725s] -- Using all available rosidl_typesupport_c: rosidl_typesupport_fastrtps_c;rosidl_typesupport_introspection_c
[2.908s] -- Using all available rosidl_typesupport_cpp: rosidl_typesupport_fastrtps_cpp;rosidl_typesupport_introspection_cpp
[2.937s] -- Found PythonInterp: /usr/bin/python3 (found suitable version "3.10.12", minimum required is "3.6") 
[2.940s] -- Found python_cmake_module: 0.10.0 (/opt/ros/humble/share/python_cmake_module/cmake)
[2.973s] -- Found PythonLibs: /usr/lib/x86_64-linux-gnu/libpython3.10.so (found suitable version "3.10.12", minimum required is "3.5") 
[2.974s] -- Using PYTHON_EXECUTABLE: /usr/bin/python3
[2.974s] -- Using PYTHON_INCLUDE_DIRS: /usr/include/python3.10
[2.974s] -- Using PYTHON_LIBRARIES: /usr/lib/x86_64-linux-gnu/libpython3.10.so
[3.000s] -- Found PythonExtra: .so  
[3.097s] -- Found ament_lint_auto: 0.12.9 (/opt/ros/humble/share/ament_lint_auto/cmake)
[3.129s] -- Added test 'copyright' to check source files copyright and LICENSE
[3.130s] -- Added test 'lint_cmake' to check CMake code style
[3.131s] -- Added test 'xmllint' to check XML markup files
[3.134s] -- Configuring done
[3.158s] -- Generating done
[3.160s] -- Build files have been written to: /home/tony/ros2_ws/build/pan_tilt_msgs
[3.326s] Invoked command in '/home/tony/ros2_ws/build/pan_tilt_msgs' returned '0': CMAKE_PREFIX_PATH=${CMAKE_PREFIX_PATH}:/home/tony/ros2_ws/install/yolov10_inference:/home/tony/ros2_ws/install/witmotion_ros_driver:/home/tony/ros2_ws/install/turtlebot3_teleop:/home/tony/ros2_ws/install/turtlebot3_example:/home/tony/ros2_ws/install/ros2_aruco:/home/tony/ros2_ws/install/opencv_pkg:/home/tony/ros2_ws/install/dxl_tools:/home/tony/ros2_ws/install/ax12_arm_bringup:/opt/ros/humble /usr/bin/cmake /home/tony/ros2_ws/src/pan_tilt_ros/pan_tilt_msgs -DAMENT_CMAKE_SYMLINK_INSTALL=1 -DCMAKE_INSTALL_PREFIX=/home/tony/ros2_ws/install/pan_tilt_msgs
[3.327s] Invoking command in '/home/tony/ros2_ws/build/pan_tilt_msgs': CMAKE_PREFIX_PATH=${CMAKE_PREFIX_PATH}:/home/tony/ros2_ws/install/yolov10_inference:/home/tony/ros2_ws/install/witmotion_ros_driver:/home/tony/ros2_ws/install/turtlebot3_teleop:/home/tony/ros2_ws/install/turtlebot3_example:/home/tony/ros2_ws/install/ros2_aruco:/home/tony/ros2_ws/install/opencv_pkg:/home/tony/ros2_ws/install/dxl_tools:/home/tony/ros2_ws/install/ax12_arm_bringup:/opt/ros/humble /usr/bin/cmake --build /home/tony/ros2_ws/build/pan_tilt_msgs -- -j8 -l8
[3.449s] [  1%] [34m[1mGenerating C code for ROS interfaces[0m
[3.449s] [  3%] [34m[1mGenerating C++ code for ROS interfaces[0m
[3.449s] [  3%] Built target ament_cmake_python_symlink_pan_tilt_msgs
[4.223s] running egg_info
[4.226s] creating pan_tilt_msgs.egg-info
[4.281s] writing pan_tilt_msgs.egg-info/PKG-INFO
[4.281s] writing dependency_links to pan_tilt_msgs.egg-info/dependency_links.txt
[4.281s] writing top-level names to pan_tilt_msgs.egg-info/top_level.txt
[4.286s] writing manifest file 'pan_tilt_msgs.egg-info/SOURCES.txt'
[4.486s] reading manifest file 'pan_tilt_msgs.egg-info/SOURCES.txt'
[4.486s] writing manifest file 'pan_tilt_msgs.egg-info/SOURCES.txt'
[4.712s] [  5%] [32mBuilding C object CMakeFiles/pan_tilt_msgs__rosidl_generator_c.dir/rosidl_generator_c/pan_tilt_msgs/msg/detail/pan_tilt_cmd_deg__functions.c.o[0m
[4.722s] [  9%] [32mBuilding C object CMakeFiles/pan_tilt_msgs__rosidl_generator_c.dir/rosidl_generator_c/pan_tilt_msgs/msg/detail/pan_tilt_status__functions.c.o[0m
[4.722s] [  9%] [32mBuilding C object CMakeFiles/pan_tilt_msgs__rosidl_generator_c.dir/rosidl_generator_c/pan_tilt_msgs/msg/detail/pan_joint_state__functions.c.o[0m
[4.738s] [ 10%] [32mBuilding C object CMakeFiles/pan_tilt_msgs__rosidl_generator_c.dir/rosidl_generator_c/pan_tilt_msgs/msg/detail/pan_tilt_cmd_rad__functions.c.o[0m
[4.748s] [ 10%] Built target ament_cmake_python_build_pan_tilt_msgs_egg
[4.955s] [ 12%] [32m[1mLinking C shared library libpan_tilt_msgs__rosidl_generator_c.so[0m
[5.033s] [ 12%] Built target pan_tilt_msgs__cpp
[5.064s] [ 14%] [34m[1mGenerating C++ type support dispatch for ROS interfaces[0m
[5.065s] [ 16%] [34m[1mGenerating C++ type support for eProsima Fast-RTPS[0m
[5.077s] [ 18%] [34m[1mGenerating C++ introspection for ROS interfaces[0m
[5.111s] [ 18%] Built target pan_tilt_msgs__rosidl_generator_c
[5.156s] [ 20%] [34m[1mGenerating C type support for eProsima Fast-RTPS[0m
[5.165s] [ 21%] [34m[1mGenerating C introspection for ROS interfaces[0m
[5.170s] [ 23%] [34m[1mGenerating C type support dispatch for ROS interfaces[0m
[6.323s] [ 25%] [32mBuilding CXX object CMakeFiles/pan_tilt_msgs__rosidl_typesupport_cpp.dir/rosidl_typesupport_cpp/pan_tilt_msgs/msg/pan_tilt_cmd_deg__type_support.cpp.o[0m
[6.344s] [ 27%] [32mBuilding CXX object CMakeFiles/pan_tilt_msgs__rosidl_typesupport_cpp.dir/rosidl_typesupport_cpp/pan_tilt_msgs/msg/pan_tilt_cmd_rad__type_support.cpp.o[0m
[6.345s] [ 29%] [32mBuilding CXX object CMakeFiles/pan_tilt_msgs__rosidl_typesupport_cpp.dir/rosidl_typesupport_cpp/pan_tilt_msgs/msg/pan_tilt_status__type_support.cpp.o[0m
[6.990s] [ 30%] [32mBuilding CXX object CMakeFiles/pan_tilt_msgs__rosidl_typesupport_c.dir/rosidl_typesupport_c/pan_tilt_msgs/msg/pan_tilt_cmd_deg__type_support.cpp.o[0m
[7.016s] [ 32%] [32mBuilding CXX object CMakeFiles/pan_tilt_msgs__rosidl_typesupport_introspection_cpp.dir/rosidl_typesupport_introspection_cpp/pan_tilt_msgs/msg/detail/pan_tilt_cmd_deg__type_support.cpp.o[0m
[7.128s] [ 34%] [32mBuilding CXX object CMakeFiles/pan_tilt_msgs__rosidl_typesupport_c.dir/rosidl_typesupport_c/pan_tilt_msgs/msg/pan_tilt_cmd_rad__type_support.cpp.o[0m
[7.245s] [ 36%] [32mBuilding CXX object CMakeFiles/pan_tilt_msgs__rosidl_typesupport_c.dir/rosidl_typesupport_c/pan_tilt_msgs/msg/pan_tilt_status__type_support.cpp.o[0m
[7.318s] [ 38%] [32mBuilding CXX object CMakeFiles/pan_tilt_msgs__rosidl_typesupport_c.dir/rosidl_typesupport_c/pan_tilt_msgs/msg/pan_joint_state__type_support.cpp.o[0m
[7.413s] [ 40%] [32m[1mLinking CXX shared library libpan_tilt_msgs__rosidl_typesupport_c.so[0m
[7.414s] [ 41%] [32mBuilding CXX object CMakeFiles/pan_tilt_msgs__rosidl_typesupport_cpp.dir/rosidl_typesupport_cpp/pan_tilt_msgs/msg/pan_joint_state__type_support.cpp.o[0m
[7.497s] [ 43%] [32mBuilding CXX object CMakeFiles/pan_tilt_msgs__rosidl_typesupport_introspection_cpp.dir/rosidl_typesupport_introspection_cpp/pan_tilt_msgs/msg/detail/pan_tilt_cmd_rad__type_support.cpp.o[0m
[7.507s] [ 45%] [32mBuilding CXX object CMakeFiles/pan_tilt_msgs__rosidl_typesupport_fastrtps_cpp.dir/rosidl_typesupport_fastrtps_cpp/pan_tilt_msgs/msg/detail/dds_fastrtps/pan_tilt_cmd_rad__type_support.cpp.o[0m
[7.507s] [ 47%] [32mBuilding CXX object CMakeFiles/pan_tilt_msgs__rosidl_typesupport_fastrtps_cpp.dir/rosidl_typesupport_fastrtps_cpp/pan_tilt_msgs/msg/detail/dds_fastrtps/pan_tilt_cmd_deg__type_support.cpp.o[0m
[7.582s] [ 49%] [32mBuilding C object CMakeFiles/pan_tilt_msgs__rosidl_typesupport_introspection_c.dir/rosidl_typesupport_introspection_c/pan_tilt_msgs/msg/detail/pan_tilt_cmd_deg__type_support.c.o[0m
[7.632s] [ 49%] Built target pan_tilt_msgs__rosidl_typesupport_c
[7.659s] [ 50%] [32mBuilding CXX object CMakeFiles/pan_tilt_msgs__rosidl_typesupport_fastrtps_cpp.dir/rosidl_typesupport_fastrtps_cpp/pan_tilt_msgs/msg/detail/dds_fastrtps/pan_tilt_status__type_support.cpp.o[0m
[7.727s] [ 52%] [32mBuilding CXX object CMakeFiles/pan_tilt_msgs__rosidl_typesupport_fastrtps_c.dir/rosidl_typesupport_fastrtps_c/pan_tilt_msgs/msg/detail/pan_tilt_cmd_deg__type_support_c.cpp.o[0m
[7.750s] [ 54%] [32mBuilding C object CMakeFiles/pan_tilt_msgs__rosidl_typesupport_introspection_c.dir/rosidl_typesupport_introspection_c/pan_tilt_msgs/msg/detail/pan_tilt_cmd_rad__type_support.c.o[0m
[7.898s] [ 56%] [32mBuilding C object CMakeFiles/pan_tilt_msgs__rosidl_typesupport_introspection_c.dir/rosidl_typesupport_introspection_c/pan_tilt_msgs/msg/detail/pan_tilt_status__type_support.c.o[0m
[8.022s] [ 58%] [32mBuilding C object CMakeFiles/pan_tilt_msgs__rosidl_typesupport_introspection_c.dir/rosidl_typesupport_introspection_c/pan_tilt_msgs/msg/detail/pan_joint_state__type_support.c.o[0m
[8.126s] [ 60%] [32m[1mLinking C shared library libpan_tilt_msgs__rosidl_typesupport_introspection_c.so[0m
[8.222s] [ 60%] Built target pan_tilt_msgs__rosidl_typesupport_introspection_c
[8.252s] [ 61%] [32mBuilding CXX object CMakeFiles/pan_tilt_msgs__rosidl_typesupport_introspection_cpp.dir/rosidl_typesupport_introspection_cpp/pan_tilt_msgs/msg/detail/pan_tilt_status__type_support.cpp.o[0m
[8.642s] [ 63%] [32m[1mLinking CXX shared library libpan_tilt_msgs__rosidl_typesupport_cpp.so[0m
[8.705s] [ 65%] [32mBuilding CXX object CMakeFiles/pan_tilt_msgs__rosidl_typesupport_introspection_cpp.dir/rosidl_typesupport_introspection_cpp/pan_tilt_msgs/msg/detail/pan_joint_state__type_support.cpp.o[0m
[8.795s] [ 65%] Built target pan_tilt_msgs__rosidl_typesupport_cpp
[8.817s] [ 67%] [32mBuilding CXX object CMakeFiles/pan_tilt_msgs__rosidl_typesupport_fastrtps_cpp.dir/rosidl_typesupport_fastrtps_cpp/pan_tilt_msgs/msg/detail/dds_fastrtps/pan_joint_state__type_support.cpp.o[0m
[9.221s] [ 69%] [32mBuilding CXX object CMakeFiles/pan_tilt_msgs__rosidl_typesupport_fastrtps_c.dir/rosidl_typesupport_fastrtps_c/pan_tilt_msgs/msg/detail/pan_tilt_cmd_rad__type_support_c.cpp.o[0m
[9.377s] [ 70%] [32mBuilding CXX object CMakeFiles/pan_tilt_msgs__rosidl_typesupport_fastrtps_c.dir/rosidl_typesupport_fastrtps_c/pan_tilt_msgs/msg/detail/pan_tilt_status__type_support_c.cpp.o[0m
[9.454s] [ 72%] [32mBuilding CXX object CMakeFiles/pan_tilt_msgs__rosidl_typesupport_fastrtps_c.dir/rosidl_typesupport_fastrtps_c/pan_tilt_msgs/msg/detail/pan_joint_state__type_support_c.cpp.o[0m
[10.351s] [ 74%] [32m[1mLinking CXX shared library libpan_tilt_msgs__rosidl_typesupport_fastrtps_cpp.so[0m
[10.463s] [ 76%] [32m[1mLinking CXX shared library libpan_tilt_msgs__rosidl_typesupport_introspection_cpp.so[0m
[10.712s] [ 76%] Built target pan_tilt_msgs__rosidl_typesupport_fastrtps_cpp
[10.759s] [ 76%] Built target pan_tilt_msgs__rosidl_typesupport_introspection_cpp
[11.089s] [ 78%] [32m[1mLinking CXX shared library libpan_tilt_msgs__rosidl_typesupport_fastrtps_c.so[0m
[11.343s] [ 78%] Built target pan_tilt_msgs__rosidl_typesupport_fastrtps_c
[11.404s] [ 78%] Built target pan_tilt_msgs
[11.458s] [ 80%] [34m[1mGenerating Python code for ROS interfaces[0m
[13.112s] [ 80%] Built target pan_tilt_msgs__py
[13.166s] [ 81%] [32mBuilding C object CMakeFiles/pan_tilt_msgs__rosidl_generator_py.dir/rosidl_generator_py/pan_tilt_msgs/msg/_pan_tilt_cmd_deg_s.c.o[0m
[13.181s] [ 83%] [32mBuilding C object CMakeFiles/pan_tilt_msgs__rosidl_generator_py.dir/rosidl_generator_py/pan_tilt_msgs/msg/_pan_tilt_cmd_rad_s.c.o[0m
[13.190s] [ 85%] [32mBuilding C object CMakeFiles/pan_tilt_msgs__rosidl_generator_py.dir/rosidl_generator_py/pan_tilt_msgs/msg/_pan_tilt_status_s.c.o[0m
[13.191s] [ 87%] [32mBuilding C object CMakeFiles/pan_tilt_msgs__rosidl_generator_py.dir/rosidl_generator_py/pan_tilt_msgs/msg/_pan_joint_state_s.c.o[0m
[13.560s] [ 89%] [32m[1mLinking C shared library rosidl_generator_py/pan_tilt_msgs/libpan_tilt_msgs__rosidl_generator_py.so[0m
[13.679s] [ 89%] Built target pan_tilt_msgs__rosidl_generator_py
[13.726s] [ 90%] [32mBuilding C object CMakeFiles/pan_tilt_msgs__rosidl_typesupport_fastrtps_c__pyext.dir/rosidl_generator_py/pan_tilt_msgs/_pan_tilt_msgs_s.ep.rosidl_typesupport_fastrtps_c.c.o[0m
[13.737s] [ 92%] [32mBuilding C object CMakeFiles/pan_tilt_msgs__rosidl_typesupport_introspection_c__pyext.dir/rosidl_generator_py/pan_tilt_msgs/_pan_tilt_msgs_s.ep.rosidl_typesupport_introspection_c.c.o[0m
[13.745s] [ 94%] [32mBuilding C object CMakeFiles/pan_tilt_msgs__rosidl_typesupport_c__pyext.dir/rosidl_generator_py/pan_tilt_msgs/_pan_tilt_msgs_s.ep.rosidl_typesupport_c.c.o[0m
[13.983s] [ 96%] [32m[1mLinking C shared library rosidl_generator_py/pan_tilt_msgs/pan_tilt_msgs_s__rosidl_typesupport_introspection_c.cpython-310-x86_64-linux-gnu.so[0m
[14.045s] [ 98%] [32m[1mLinking C shared library rosidl_generator_py/pan_tilt_msgs/pan_tilt_msgs_s__rosidl_typesupport_c.cpython-310-x86_64-linux-gnu.so[0m
[14.080s] [ 98%] Built target pan_tilt_msgs__rosidl_typesupport_introspection_c__pyext
[14.110s] [100%] [32m[1mLinking C shared library rosidl_generator_py/pan_tilt_msgs/pan_tilt_msgs_s__rosidl_typesupport_fastrtps_c.cpython-310-x86_64-linux-gnu.so[0m
[14.146s] [100%] Built target pan_tilt_msgs__rosidl_typesupport_c__pyext
[14.215s] [100%] Built target pan_tilt_msgs__rosidl_typesupport_fastrtps_c__pyext
[14.704s] Invoked command in '/home/tony/ros2_ws/build/pan_tilt_msgs' returned '0': CMAKE_PREFIX_PATH=${CMAKE_PREFIX_PATH}:/home/tony/ros2_ws/install/yolov10_inference:/home/tony/ros2_ws/install/witmotion_ros_driver:/home/tony/ros2_ws/install/turtlebot3_teleop:/home/tony/ros2_ws/install/turtlebot3_example:/home/tony/ros2_ws/install/ros2_aruco:/home/tony/ros2_ws/install/opencv_pkg:/home/tony/ros2_ws/install/dxl_tools:/home/tony/ros2_ws/install/ax12_arm_bringup:/opt/ros/humble /usr/bin/cmake --build /home/tony/ros2_ws/build/pan_tilt_msgs -- -j8 -l8
[15.270s] Invoking command in '/home/tony/ros2_ws/build/pan_tilt_msgs': CMAKE_PREFIX_PATH=${CMAKE_PREFIX_PATH}:/home/tony/ros2_ws/install/yolov10_inference:/home/tony/ros2_ws/install/witmotion_ros_driver:/home/tony/ros2_ws/install/turtlebot3_teleop:/home/tony/ros2_ws/install/turtlebot3_example:/home/tony/ros2_ws/install/ros2_aruco:/home/tony/ros2_ws/install/opencv_pkg:/home/tony/ros2_ws/install/dxl_tools:/home/tony/ros2_ws/install/ax12_arm_bringup:/opt/ros/humble /usr/bin/cmake --install /home/tony/ros2_ws/build/pan_tilt_msgs
[15.290s] -- Install configuration: ""
[15.290s] -- Execute custom install script
[15.290s] -- Symlinking: /home/tony/ros2_ws/install/pan_tilt_msgs/share/ament_index/resource_index/rosidl_interfaces/pan_tilt_msgs
[15.321s] -- Symlinking: /home/tony/ros2_ws/install/pan_tilt_msgs/include/pan_tilt_msgs/pan_tilt_msgs/msg/detail/pan_joint_state__functions.h
[15.335s] -- Symlinking: /home/tony/ros2_ws/install/pan_tilt_msgs/include/pan_tilt_msgs/pan_tilt_msgs/msg/detail/pan_joint_state__struct.h
[15.368s] -- Symlinking: /home/tony/ros2_ws/install/pan_tilt_msgs/include/pan_tilt_msgs/pan_tilt_msgs/msg/detail/pan_joint_state__type_support.h
[15.395s] -- Symlinking: /home/tony/ros2_ws/install/pan_tilt_msgs/include/pan_tilt_msgs/pan_tilt_msgs/msg/detail/pan_tilt_cmd_deg__functions.h
[15.405s] -- Symlinking: /home/tony/ros2_ws/install/pan_tilt_msgs/include/pan_tilt_msgs/pan_tilt_msgs/msg/detail/pan_tilt_cmd_deg__struct.h
[15.423s] -- Symlinking: /home/tony/ros2_ws/install/pan_tilt_msgs/include/pan_tilt_msgs/pan_tilt_msgs/msg/detail/pan_tilt_cmd_deg__type_support.h
[15.454s] -- Symlinking: /home/tony/ros2_ws/install/pan_tilt_msgs/include/pan_tilt_msgs/pan_tilt_msgs/msg/detail/pan_tilt_cmd_rad__functions.h
[15.476s] -- Symlinking: /home/tony/ros2_ws/install/pan_tilt_msgs/include/pan_tilt_msgs/pan_tilt_msgs/msg/detail/pan_tilt_cmd_rad__struct.h
[15.498s] -- Symlinking: /home/tony/ros2_ws/install/pan_tilt_msgs/include/pan_tilt_msgs/pan_tilt_msgs/msg/detail/pan_tilt_cmd_rad__type_support.h
[15.530s] -- Symlinking: /home/tony/ros2_ws/install/pan_tilt_msgs/include/pan_tilt_msgs/pan_tilt_msgs/msg/detail/pan_tilt_status__functions.h
[15.559s] -- Symlinking: /home/tony/ros2_ws/install/pan_tilt_msgs/include/pan_tilt_msgs/pan_tilt_msgs/msg/detail/pan_tilt_status__struct.h
[15.577s] -- Symlinking: /home/tony/ros2_ws/install/pan_tilt_msgs/include/pan_tilt_msgs/pan_tilt_msgs/msg/detail/pan_tilt_status__type_support.h
[15.603s] -- Symlinking: /home/tony/ros2_ws/install/pan_tilt_msgs/include/pan_tilt_msgs/pan_tilt_msgs/msg/pan_joint_state.h
[15.625s] -- Symlinking: /home/tony/ros2_ws/install/pan_tilt_msgs/include/pan_tilt_msgs/pan_tilt_msgs/msg/pan_tilt_cmd_deg.h
[15.642s] -- Symlinking: /home/tony/ros2_ws/install/pan_tilt_msgs/include/pan_tilt_msgs/pan_tilt_msgs/msg/pan_tilt_cmd_rad.h
[15.679s] -- Symlinking: /home/tony/ros2_ws/install/pan_tilt_msgs/include/pan_tilt_msgs/pan_tilt_msgs/msg/pan_tilt_status.h
[15.699s] -- Symlinking: /home/tony/ros2_ws/install/pan_tilt_msgs/include/pan_tilt_msgs/pan_tilt_msgs/msg/rosidl_generator_c__visibility_control.h
[15.721s] -- Symlinking: /home/tony/ros2_ws/install/pan_tilt_msgs/share/pan_tilt_msgs/environment/library_path.sh
[15.750s] -- Symlinking: /home/tony/ros2_ws/install/pan_tilt_msgs/share/pan_tilt_msgs/environment/library_path.dsv
[15.769s] -- Symlinking: /home/tony/ros2_ws/install/pan_tilt_msgs/include/pan_tilt_msgs/pan_tilt_msgs/msg/detail/pan_joint_state__rosidl_typesupport_fastrtps_c.h
[15.786s] -- Symlinking: /home/tony/ros2_ws/install/pan_tilt_msgs/include/pan_tilt_msgs/pan_tilt_msgs/msg/detail/pan_tilt_cmd_deg__rosidl_typesupport_fastrtps_c.h
[15.808s] -- Symlinking: /home/tony/ros2_ws/install/pan_tilt_msgs/include/pan_tilt_msgs/pan_tilt_msgs/msg/detail/pan_tilt_cmd_rad__rosidl_typesupport_fastrtps_c.h
[15.835s] -- Symlinking: /home/tony/ros2_ws/install/pan_tilt_msgs/include/pan_tilt_msgs/pan_tilt_msgs/msg/detail/pan_tilt_status__rosidl_typesupport_fastrtps_c.h
[15.854s] -- Symlinking: /home/tony/ros2_ws/install/pan_tilt_msgs/include/pan_tilt_msgs/pan_tilt_msgs/msg/rosidl_typesupport_fastrtps_c__visibility_control.h
[15.877s] -- Symlinking: /home/tony/ros2_ws/install/pan_tilt_msgs/include/pan_tilt_msgs/pan_tilt_msgs/msg/detail/pan_joint_state__builder.hpp
[15.911s] -- Symlinking: /home/tony/ros2_ws/install/pan_tilt_msgs/include/pan_tilt_msgs/pan_tilt_msgs/msg/detail/pan_joint_state__struct.hpp
[15.946s] -- Symlinking: /home/tony/ros2_ws/install/pan_tilt_msgs/include/pan_tilt_msgs/pan_tilt_msgs/msg/detail/pan_joint_state__traits.hpp
[15.961s] -- Symlinking: /home/tony/ros2_ws/install/pan_tilt_msgs/include/pan_tilt_msgs/pan_tilt_msgs/msg/detail/pan_tilt_cmd_deg__builder.hpp
[15.984s] -- Symlinking: /home/tony/ros2_ws/install/pan_tilt_msgs/include/pan_tilt_msgs/pan_tilt_msgs/msg/detail/pan_tilt_cmd_deg__struct.hpp
[16.002s] -- Symlinking: /home/tony/ros2_ws/install/pan_tilt_msgs/include/pan_tilt_msgs/pan_tilt_msgs/msg/detail/pan_tilt_cmd_deg__traits.hpp
[16.029s] -- Symlinking: /home/tony/ros2_ws/install/pan_tilt_msgs/include/pan_tilt_msgs/pan_tilt_msgs/msg/detail/pan_tilt_cmd_rad__builder.hpp
[16.047s] -- Symlinking: /home/tony/ros2_ws/install/pan_tilt_msgs/include/pan_tilt_msgs/pan_tilt_msgs/msg/detail/pan_tilt_cmd_rad__struct.hpp
[16.072s] -- Symlinking: /home/tony/ros2_ws/install/pan_tilt_msgs/include/pan_tilt_msgs/pan_tilt_msgs/msg/detail/pan_tilt_cmd_rad__traits.hpp
[16.095s] -- Symlinking: /home/tony/ros2_ws/install/pan_tilt_msgs/include/pan_tilt_msgs/pan_tilt_msgs/msg/detail/pan_tilt_status__builder.hpp
[16.119s] -- Symlinking: /home/tony/ros2_ws/install/pan_tilt_msgs/include/pan_tilt_msgs/pan_tilt_msgs/msg/detail/pan_tilt_status__struct.hpp
[16.139s] -- Symlinking: /home/tony/ros2_ws/install/pan_tilt_msgs/include/pan_tilt_msgs/pan_tilt_msgs/msg/detail/pan_tilt_status__traits.hpp
[16.162s] -- Symlinking: /home/tony/ros2_ws/install/pan_tilt_msgs/include/pan_tilt_msgs/pan_tilt_msgs/msg/pan_joint_state.hpp
[16.182s] -- Symlinking: /home/tony/ros2_ws/install/pan_tilt_msgs/include/pan_tilt_msgs/pan_tilt_msgs/msg/pan_tilt_cmd_deg.hpp
[16.202s] -- Symlinking: /home/tony/ros2_ws/install/pan_tilt_msgs/include/pan_tilt_msgs/pan_tilt_msgs/msg/pan_tilt_cmd_rad.hpp
[16.228s] -- Symlinking: /home/tony/ros2_ws/install/pan_tilt_msgs/include/pan_tilt_msgs/pan_tilt_msgs/msg/pan_tilt_status.hpp
[16.254s] -- Symlinking: /home/tony/ros2_ws/install/pan_tilt_msgs/include/pan_tilt_msgs/pan_tilt_msgs/msg/detail/pan_joint_state__rosidl_typesupport_fastrtps_cpp.hpp
[16.275s] -- Symlinking: /home/tony/ros2_ws/install/pan_tilt_msgs/include/pan_tilt_msgs/pan_tilt_msgs/msg/detail/pan_tilt_cmd_deg__rosidl_typesupport_fastrtps_cpp.hpp
[16.295s] -- Symlinking: /home/tony/ros2_ws/install/pan_tilt_msgs/include/pan_tilt_msgs/pan_tilt_msgs/msg/detail/pan_tilt_cmd_rad__rosidl_typesupport_fastrtps_cpp.hpp
[16.315s] -- Symlinking: /home/tony/ros2_ws/install/pan_tilt_msgs/include/pan_tilt_msgs/pan_tilt_msgs/msg/detail/pan_tilt_status__rosidl_typesupport_fastrtps_cpp.hpp
[16.335s] -- Symlinking: /home/tony/ros2_ws/install/pan_tilt_msgs/include/pan_tilt_msgs/pan_tilt_msgs/msg/rosidl_typesupport_fastrtps_cpp__visibility_control.h
[16.356s] -- Symlinking: /home/tony/ros2_ws/install/pan_tilt_msgs/include/pan_tilt_msgs/pan_tilt_msgs/msg/detail/pan_joint_state__rosidl_typesupport_introspection_c.h
[16.379s] -- Symlinking: /home/tony/ros2_ws/install/pan_tilt_msgs/include/pan_tilt_msgs/pan_tilt_msgs/msg/detail/pan_tilt_cmd_deg__rosidl_typesupport_introspection_c.h
[16.401s] -- Symlinking: /home/tony/ros2_ws/install/pan_tilt_msgs/include/pan_tilt_msgs/pan_tilt_msgs/msg/detail/pan_tilt_cmd_rad__rosidl_typesupport_introspection_c.h
[16.416s] -- Symlinking: /home/tony/ros2_ws/install/pan_tilt_msgs/include/pan_tilt_msgs/pan_tilt_msgs/msg/detail/pan_tilt_status__rosidl_typesupport_introspection_c.h
[16.433s] -- Symlinking: /home/tony/ros2_ws/install/pan_tilt_msgs/include/pan_tilt_msgs/pan_tilt_msgs/msg/rosidl_typesupport_introspection_c__visibility_control.h
[16.453s] -- Symlinking: /home/tony/ros2_ws/install/pan_tilt_msgs/include/pan_tilt_msgs/pan_tilt_msgs/msg/detail/pan_joint_state__rosidl_typesupport_introspection_cpp.hpp
[16.473s] -- Symlinking: /home/tony/ros2_ws/install/pan_tilt_msgs/include/pan_tilt_msgs/pan_tilt_msgs/msg/detail/pan_tilt_cmd_deg__rosidl_typesupport_introspection_cpp.hpp
[16.496s] -- Symlinking: /home/tony/ros2_ws/install/pan_tilt_msgs/include/pan_tilt_msgs/pan_tilt_msgs/msg/detail/pan_tilt_cmd_rad__rosidl_typesupport_introspection_cpp.hpp
[16.520s] -- Symlinking: /home/tony/ros2_ws/install/pan_tilt_msgs/include/pan_tilt_msgs/pan_tilt_msgs/msg/detail/pan_tilt_status__rosidl_typesupport_introspection_cpp.hpp
[16.540s] -- Symlinking: /home/tony/ros2_ws/install/pan_tilt_msgs/share/pan_tilt_msgs/environment/pythonpath.sh
[16.559s] -- Symlinking: /home/tony/ros2_ws/install/pan_tilt_msgs/share/pan_tilt_msgs/environment/pythonpath.dsv
[16.580s] -- Symlinking: /home/tony/ros2_ws/install/pan_tilt_msgs/local/lib/python3.10/dist-packages/pan_tilt_msgs-1.0.0-py3.10.egg-info/PKG-INFO
[16.601s] -- Symlinking: /home/tony/ros2_ws/install/pan_tilt_msgs/local/lib/python3.10/dist-packages/pan_tilt_msgs-1.0.0-py3.10.egg-info/SOURCES.txt
[16.628s] -- Symlinking: /home/tony/ros2_ws/install/pan_tilt_msgs/local/lib/python3.10/dist-packages/pan_tilt_msgs-1.0.0-py3.10.egg-info/dependency_links.txt
[16.645s] -- Symlinking: /home/tony/ros2_ws/install/pan_tilt_msgs/local/lib/python3.10/dist-packages/pan_tilt_msgs-1.0.0-py3.10.egg-info/top_level.txt
[16.668s] -- Symlinking: /home/tony/ros2_ws/install/pan_tilt_msgs/local/lib/python3.10/dist-packages/pan_tilt_msgs/__init__.py
[16.689s] -- Symlinking: /home/tony/ros2_ws/install/pan_tilt_msgs/local/lib/python3.10/dist-packages/pan_tilt_msgs/_pan_tilt_msgs_s.ep.rosidl_typesupport_c.c
[16.711s] -- Symlinking: /home/tony/ros2_ws/install/pan_tilt_msgs/local/lib/python3.10/dist-packages/pan_tilt_msgs/_pan_tilt_msgs_s.ep.rosidl_typesupport_fastrtps_c.c
[16.733s] -- Symlinking: /home/tony/ros2_ws/install/pan_tilt_msgs/local/lib/python3.10/dist-packages/pan_tilt_msgs/_pan_tilt_msgs_s.ep.rosidl_typesupport_introspection_c.c
[16.743s] -- Symlinking: /home/tony/ros2_ws/install/pan_tilt_msgs/local/lib/python3.10/dist-packages/pan_tilt_msgs/libpan_tilt_msgs__rosidl_generator_py.so
[16.754s] -- Symlinking: /home/tony/ros2_ws/install/pan_tilt_msgs/local/lib/python3.10/dist-packages/pan_tilt_msgs/msg/__init__.py
[16.765s] -- Symlinking: /home/tony/ros2_ws/install/pan_tilt_msgs/local/lib/python3.10/dist-packages/pan_tilt_msgs/msg/_pan_joint_state.py
[16.777s] -- Symlinking: /home/tony/ros2_ws/install/pan_tilt_msgs/local/lib/python3.10/dist-packages/pan_tilt_msgs/msg/_pan_joint_state_s.c
[16.787s] -- Symlinking: /home/tony/ros2_ws/install/pan_tilt_msgs/local/lib/python3.10/dist-packages/pan_tilt_msgs/msg/_pan_tilt_cmd_deg.py
[16.798s] -- Symlinking: /home/tony/ros2_ws/install/pan_tilt_msgs/local/lib/python3.10/dist-packages/pan_tilt_msgs/msg/_pan_tilt_cmd_deg_s.c
[16.810s] -- Symlinking: /home/tony/ros2_ws/install/pan_tilt_msgs/local/lib/python3.10/dist-packages/pan_tilt_msgs/msg/_pan_tilt_cmd_rad.py
[16.820s] -- Symlinking: /home/tony/ros2_ws/install/pan_tilt_msgs/local/lib/python3.10/dist-packages/pan_tilt_msgs/msg/_pan_tilt_cmd_rad_s.c
[16.842s] -- Symlinking: /home/tony/ros2_ws/install/pan_tilt_msgs/local/lib/python3.10/dist-packages/pan_tilt_msgs/msg/_pan_tilt_status.py
[16.861s] -- Symlinking: /home/tony/ros2_ws/install/pan_tilt_msgs/local/lib/python3.10/dist-packages/pan_tilt_msgs/msg/_pan_tilt_status_s.c
[16.882s] -- Symlinking: /home/tony/ros2_ws/install/pan_tilt_msgs/local/lib/python3.10/dist-packages/pan_tilt_msgs/pan_tilt_msgs_s__rosidl_typesupport_c.cpython-310-x86_64-linux-gnu.so
[16.902s] -- Symlinking: /home/tony/ros2_ws/install/pan_tilt_msgs/local/lib/python3.10/dist-packages/pan_tilt_msgs/pan_tilt_msgs_s__rosidl_typesupport_fastrtps_c.cpython-310-x86_64-linux-gnu.so
[16.922s] -- Symlinking: /home/tony/ros2_ws/install/pan_tilt_msgs/local/lib/python3.10/dist-packages/pan_tilt_msgs/pan_tilt_msgs_s__rosidl_typesupport_introspection_c.cpython-310-x86_64-linux-gnu.so
[16.946s] -- Up-to-date symlink: /home/tony/ros2_ws/install/pan_tilt_msgs/local/lib/python3.10/dist-packages/pan_tilt_msgs/pan_tilt_msgs_s__rosidl_typesupport_fastrtps_c.cpython-310-x86_64-linux-gnu.so
[16.947s] -- Up-to-date symlink: /home/tony/ros2_ws/install/pan_tilt_msgs/local/lib/python3.10/dist-packages/pan_tilt_msgs/pan_tilt_msgs_s__rosidl_typesupport_introspection_c.cpython-310-x86_64-linux-gnu.so
[16.947s] -- Up-to-date symlink: /home/tony/ros2_ws/install/pan_tilt_msgs/local/lib/python3.10/dist-packages/pan_tilt_msgs/pan_tilt_msgs_s__rosidl_typesupport_c.cpython-310-x86_64-linux-gnu.so
[16.947s] -- Symlinking: /home/tony/ros2_ws/install/pan_tilt_msgs/share/pan_tilt_msgs/msg/PanTiltCmdDeg.idl
[16.959s] -- Symlinking: /home/tony/ros2_ws/install/pan_tilt_msgs/share/pan_tilt_msgs/msg/PanTiltCmdRad.idl
[16.970s] -- Symlinking: /home/tony/ros2_ws/install/pan_tilt_msgs/share/pan_tilt_msgs/msg/PanTiltStatus.idl
[16.982s] -- Symlinking: /home/tony/ros2_ws/install/pan_tilt_msgs/share/pan_tilt_msgs/msg/PanJointState.idl
[16.994s] -- Symlinking: /home/tony/ros2_ws/install/pan_tilt_msgs/share/pan_tilt_msgs/msg/PanTiltCmdDeg.msg
[17.004s] -- Symlinking: /home/tony/ros2_ws/install/pan_tilt_msgs/share/pan_tilt_msgs/msg/PanTiltCmdRad.msg
[17.015s] -- Symlinking: /home/tony/ros2_ws/install/pan_tilt_msgs/share/pan_tilt_msgs/msg/PanTiltStatus.msg
[17.027s] -- Symlinking: /home/tony/ros2_ws/install/pan_tilt_msgs/share/pan_tilt_msgs/msg/PanJointState.msg
[17.037s] -- Symlinking: /home/tony/ros2_ws/install/pan_tilt_msgs/share/ament_index/resource_index/package_run_dependencies/pan_tilt_msgs
[17.051s] -- Symlinking: /home/tony/ros2_ws/install/pan_tilt_msgs/share/ament_index/resource_index/parent_prefix_path/pan_tilt_msgs
[17.059s] -- Symlinking: /home/tony/ros2_ws/install/pan_tilt_msgs/share/pan_tilt_msgs/environment/ament_prefix_path.sh
[17.070s] -- Symlinking: /home/tony/ros2_ws/install/pan_tilt_msgs/share/pan_tilt_msgs/environment/ament_prefix_path.dsv
[17.082s] -- Symlinking: /home/tony/ros2_ws/install/pan_tilt_msgs/share/pan_tilt_msgs/environment/path.sh
[17.093s] -- Symlinking: /home/tony/ros2_ws/install/pan_tilt_msgs/share/pan_tilt_msgs/environment/path.dsv
[17.104s] -- Symlinking: /home/tony/ros2_ws/install/pan_tilt_msgs/share/pan_tilt_msgs/local_setup.bash
[17.116s] -- Symlinking: /home/tony/ros2_ws/install/pan_tilt_msgs/share/pan_tilt_msgs/local_setup.sh
[17.126s] -- Symlinking: /home/tony/ros2_ws/install/pan_tilt_msgs/share/pan_tilt_msgs/local_setup.zsh
[17.138s] -- Symlinking: /home/tony/ros2_ws/install/pan_tilt_msgs/share/pan_tilt_msgs/local_setup.dsv
[17.148s] -- Symlinking: /home/tony/ros2_ws/install/pan_tilt_msgs/share/pan_tilt_msgs/package.dsv
[17.159s] -- Symlinking: /home/tony/ros2_ws/install/pan_tilt_msgs/share/ament_index/resource_index/packages/pan_tilt_msgs
[17.171s] -- Symlinking: /home/tony/ros2_ws/install/pan_tilt_msgs/share/pan_tilt_msgs/cmake/rosidl_cmake-extras.cmake
[17.182s] -- Symlinking: /home/tony/ros2_ws/install/pan_tilt_msgs/share/pan_tilt_msgs/cmake/ament_cmake_export_dependencies-extras.cmake
[17.194s] -- Symlinking: /home/tony/ros2_ws/install/pan_tilt_msgs/share/pan_tilt_msgs/cmake/ament_cmake_export_include_directories-extras.cmake
[17.205s] -- Symlinking: /home/tony/ros2_ws/install/pan_tilt_msgs/share/pan_tilt_msgs/cmake/ament_cmake_export_libraries-extras.cmake
[17.216s] -- Symlinking: /home/tony/ros2_ws/install/pan_tilt_msgs/share/pan_tilt_msgs/cmake/ament_cmake_export_targets-extras.cmake
[17.228s] -- Symlinking: /home/tony/ros2_ws/install/pan_tilt_msgs/share/pan_tilt_msgs/cmake/rosidl_cmake_export_typesupport_targets-extras.cmake
[17.239s] -- Symlinking: /home/tony/ros2_ws/install/pan_tilt_msgs/share/pan_tilt_msgs/cmake/rosidl_cmake_export_typesupport_libraries-extras.cmake
[17.253s] -- Symlinking: /home/tony/ros2_ws/install/pan_tilt_msgs/share/pan_tilt_msgs/cmake/pan_tilt_msgsConfig.cmake
[17.260s] -- Symlinking: /home/tony/ros2_ws/install/pan_tilt_msgs/share/pan_tilt_msgs/cmake/pan_tilt_msgsConfig-version.cmake
[17.270s] -- Symlinking: /home/tony/ros2_ws/install/pan_tilt_msgs/share/pan_tilt_msgs/package.xml
[17.282s] -- Installing: /home/tony/ros2_ws/install/pan_tilt_msgs/lib/libpan_tilt_msgs__rosidl_generator_c.so
[17.282s] -- Set runtime path of "/home/tony/ros2_ws/install/pan_tilt_msgs/lib/libpan_tilt_msgs__rosidl_generator_c.so" to ""
[17.282s] -- Installing: /home/tony/ros2_ws/install/pan_tilt_msgs/lib/libpan_tilt_msgs__rosidl_typesupport_fastrtps_c.so
[17.282s] -- Set runtime path of "/home/tony/ros2_ws/install/pan_tilt_msgs/lib/libpan_tilt_msgs__rosidl_typesupport_fastrtps_c.so" to ""
[17.282s] -- Installing: /home/tony/ros2_ws/install/pan_tilt_msgs/lib/libpan_tilt_msgs__rosidl_typesupport_fastrtps_cpp.so
[17.282s] -- Set runtime path of "/home/tony/ros2_ws/install/pan_tilt_msgs/lib/libpan_tilt_msgs__rosidl_typesupport_fastrtps_cpp.so" to ""
[17.283s] -- Installing: /home/tony/ros2_ws/install/pan_tilt_msgs/lib/libpan_tilt_msgs__rosidl_typesupport_introspection_c.so
[17.283s] -- Set runtime path of "/home/tony/ros2_ws/install/pan_tilt_msgs/lib/libpan_tilt_msgs__rosidl_typesupport_introspection_c.so" to ""
[17.287s] -- Installing: /home/tony/ros2_ws/install/pan_tilt_msgs/lib/libpan_tilt_msgs__rosidl_typesupport_c.so
[17.287s] -- Set runtime path of "/home/tony/ros2_ws/install/pan_tilt_msgs/lib/libpan_tilt_msgs__rosidl_typesupport_c.so" to ""
[17.287s] -- Installing: /home/tony/ros2_ws/install/pan_tilt_msgs/lib/libpan_tilt_msgs__rosidl_typesupport_introspection_cpp.so
[17.287s] -- Set runtime path of "/home/tony/ros2_ws/install/pan_tilt_msgs/lib/libpan_tilt_msgs__rosidl_typesupport_introspection_cpp.so" to ""
[17.287s] -- Installing: /home/tony/ros2_ws/install/pan_tilt_msgs/lib/libpan_tilt_msgs__rosidl_typesupport_cpp.so
[17.287s] -- Set runtime path of "/home/tony/ros2_ws/install/pan_tilt_msgs/lib/libpan_tilt_msgs__rosidl_typesupport_cpp.so" to ""
[17.345s] Listing '/home/tony/ros2_ws/install/pan_tilt_msgs/local/lib/python3.10/dist-packages/pan_tilt_msgs'...
[17.345s] Compiling '/home/tony/ros2_ws/install/pan_tilt_msgs/local/lib/python3.10/dist-packages/pan_tilt_msgs/__init__.py'...
[17.345s] Listing '/home/tony/ros2_ws/install/pan_tilt_msgs/local/lib/python3.10/dist-packages/pan_tilt_msgs/msg'...
[17.345s] Compiling '/home/tony/ros2_ws/install/pan_tilt_msgs/local/lib/python3.10/dist-packages/pan_tilt_msgs/msg/__init__.py'...
[17.345s] Compiling '/home/tony/ros2_ws/install/pan_tilt_msgs/local/lib/python3.10/dist-packages/pan_tilt_msgs/msg/_pan_joint_state.py'...
[17.345s] Compiling '/home/tony/ros2_ws/install/pan_tilt_msgs/local/lib/python3.10/dist-packages/pan_tilt_msgs/msg/_pan_tilt_cmd_deg.py'...
[17.345s] Compiling '/home/tony/ros2_ws/install/pan_tilt_msgs/local/lib/python3.10/dist-packages/pan_tilt_msgs/msg/_pan_tilt_cmd_rad.py'...
[17.345s] Compiling '/home/tony/ros2_ws/install/pan_tilt_msgs/local/lib/python3.10/dist-packages/pan_tilt_msgs/msg/_pan_tilt_status.py'...
[17.351s] -- Installing: /home/tony/ros2_ws/install/pan_tilt_msgs/lib/libpan_tilt_msgs__rosidl_generator_py.so
[17.358s] -- Set runtime path of "/home/tony/ros2_ws/install/pan_tilt_msgs/lib/libpan_tilt_msgs__rosidl_generator_py.so" to ""
[17.358s] -- Installing: /home/tony/ros2_ws/install/pan_tilt_msgs/share/pan_tilt_msgs/cmake/export_pan_tilt_msgs__rosidl_generator_cExport.cmake
[17.358s] -- Installing: /home/tony/ros2_ws/install/pan_tilt_msgs/share/pan_tilt_msgs/cmake/export_pan_tilt_msgs__rosidl_generator_cExport-noconfig.cmake
[17.358s] -- Installing: /home/tony/ros2_ws/install/pan_tilt_msgs/share/pan_tilt_msgs/cmake/export_pan_tilt_msgs__rosidl_typesupport_fastrtps_cExport.cmake
[17.358s] -- Installing: /home/tony/ros2_ws/install/pan_tilt_msgs/share/pan_tilt_msgs/cmake/export_pan_tilt_msgs__rosidl_typesupport_fastrtps_cExport-noconfig.cmake
[17.359s] -- Installing: /home/tony/ros2_ws/install/pan_tilt_msgs/share/pan_tilt_msgs/cmake/export_pan_tilt_msgs__rosidl_generator_cppExport.cmake
[17.359s] -- Installing: /home/tony/ros2_ws/install/pan_tilt_msgs/share/pan_tilt_msgs/cmake/export_pan_tilt_msgs__rosidl_typesupport_fastrtps_cppExport.cmake
[17.359s] -- Installing: /home/tony/ros2_ws/install/pan_tilt_msgs/share/pan_tilt_msgs/cmake/export_pan_tilt_msgs__rosidl_typesupport_fastrtps_cppExport-noconfig.cmake
[17.359s] -- Installing: /home/tony/ros2_ws/install/pan_tilt_msgs/share/pan_tilt_msgs/cmake/pan_tilt_msgs__rosidl_typesupport_introspection_cExport.cmake
[17.359s] -- Installing: /home/tony/ros2_ws/install/pan_tilt_msgs/share/pan_tilt_msgs/cmake/pan_tilt_msgs__rosidl_typesupport_introspection_cExport-noconfig.cmake
[17.359s] -- Installing: /home/tony/ros2_ws/install/pan_tilt_msgs/share/pan_tilt_msgs/cmake/pan_tilt_msgs__rosidl_typesupport_cExport.cmake
[17.359s] -- Installing: /home/tony/ros2_ws/install/pan_tilt_msgs/share/pan_tilt_msgs/cmake/pan_tilt_msgs__rosidl_typesupport_cExport-noconfig.cmake
[17.359s] -- Installing: /home/tony/ros2_ws/install/pan_tilt_msgs/share/pan_tilt_msgs/cmake/pan_tilt_msgs__rosidl_typesupport_introspection_cppExport.cmake
[17.359s] -- Installing: /home/tony/ros2_ws/install/pan_tilt_msgs/share/pan_tilt_msgs/cmake/pan_tilt_msgs__rosidl_typesupport_introspection_cppExport-noconfig.cmake
[17.359s] -- Installing: /home/tony/ros2_ws/install/pan_tilt_msgs/share/pan_tilt_msgs/cmake/pan_tilt_msgs__rosidl_typesupport_cppExport.cmake
[17.360s] -- Installing: /home/tony/ros2_ws/install/pan_tilt_msgs/share/pan_tilt_msgs/cmake/pan_tilt_msgs__rosidl_typesupport_cppExport-noconfig.cmake
[17.360s] -- Installing: /home/tony/ros2_ws/install/pan_tilt_msgs/share/pan_tilt_msgs/cmake/export_pan_tilt_msgs__rosidl_generator_pyExport.cmake
[17.360s] -- Installing: /home/tony/ros2_ws/install/pan_tilt_msgs/share/pan_tilt_msgs/cmake/export_pan_tilt_msgs__rosidl_generator_pyExport-noconfig.cmake
[17.467s] Invoked command in '/home/tony/ros2_ws/build/pan_tilt_msgs' returned '0': CMAKE_PREFIX_PATH=${CMAKE_PREFIX_PATH}:/home/tony/ros2_ws/install/yolov10_inference:/home/tony/ros2_ws/install/witmotion_ros_driver:/home/tony/ros2_ws/install/turtlebot3_teleop:/home/tony/ros2_ws/install/turtlebot3_example:/home/tony/ros2_ws/install/ros2_aruco:/home/tony/ros2_ws/install/opencv_pkg:/home/tony/ros2_ws/install/dxl_tools:/home/tony/ros2_ws/install/ax12_arm_bringup:/opt/ros/humble /usr/bin/cmake --install /home/tony/ros2_ws/build/pan_tilt_msgs
