[0.628s] Invoking command in '/home/tony/ros2_ws/build/interbotix_xsarm_control': AMENT_PREFIX_PATH=/home/tony/ros2_ws/install/interbotix_xsarm_descriptions:${AMENT_PREFIX_PATH} CMAKE_PREFIX_PATH=/home/tony/ros2_ws/install/interbotix_xsarm_descriptions:/home/tony/ros2_ws/install/turtlebot3:/home/tony/ros2_ws/install/turtlebot3_bringup:/home/tony/ros2_ws/install/turtlebot3_node:/home/tony/ros2_ws/install/turtlebot3_navigation2:/home/tony/ros2_ws/install/turtlebot3_description:/home/tony/ros2_ws/install/turtlebot3_cartographer:/home/tony/ros2_ws/install/ros2_aruco_interfaces:/home/tony/ros2_ws/install/realsense2_description:/home/tony/ros2_ws/install/realsense2_camera:/home/tony/ros2_ws/install/realsense2_camera_msgs:/home/tony/ros2_ws/install/pan_tilt_driver:/home/tony/ros2_ws/install/pan_tilt_msgs:/home/tony/ros2_ws/install/pan_tilt_description:/home/tony/ros2_ws/install/pan_tilt_bringup:/home/tony/ros2_ws/install/iqr_tb4_navigation:/home/tony/ros2_ws/install/iqr_tb4_description:/home/tony/ros2_ws/install/iqr_tb4_bringup:/home/tony/ros2_ws/install/EI_Final_Project:/home/tony/ros2_ws/install/yolov10_inference:/home/tony/ros2_ws/install/witmotion_ros_driver:/home/tony/ros2_ws/install/turtlebot3_teleop:/home/tony/ros2_ws/install/turtlebot3_example:/home/tony/ros2_ws/install/ros2_aruco:/home/tony/ros2_ws/install/opencv_pkg:/home/tony/ros2_ws/install/ax12a_arm_controller:/opt/ros/humble /usr/bin/cmake /home/tony/ros2_ws/src/interbotix_ros_manipulators/interbotix_ros_xsarms/interbotix_xsarm_control -DAMENT_CMAKE_SYMLINK_INSTALL=1 -DCMAKE_INSTALL_PREFIX=/home/tony/ros2_ws/install/interbotix_xsarm_control
[0.745s] -- The C compiler identification is GNU 11.4.0
[0.745s] -- The CXX compiler identification is GNU 11.4.0
[0.746s] -- Detecting C compiler ABI info
[0.810s] -- Detecting C compiler ABI info - done
[0.817s] -- Check for working C compiler: /usr/bin/cc - skipped
[0.817s] -- Detecting C compile features
[0.817s] -- Detecting C compile features - done
[0.820s] -- Detecting CXX compiler ABI info
[0.912s] -- Detecting CXX compiler ABI info - done
[0.922s] -- Check for working CXX compiler: /usr/bin/c++ - skipped
[0.922s] -- Detecting CXX compile features
[0.924s] -- Detecting CXX compile features - done
[0.928s] -- Found ament_cmake: 1.3.6 (/opt/ros/humble/share/ament_cmake/cmake)
[1.972s] -- Found Python3: /usr/bin/python3.10 (found version "3.10.12") found components: Interpreter 
[2.040s] -- Override CMake install command with custom implementation using symlinks instead of copying resources
[2.090s] -- Found ament_lint_auto: 0.12.9 (/opt/ros/humble/share/ament_lint_auto/cmake)
[2.258s] -- Added test 'copyright' to check source files copyright and LICENSE
[2.264s] -- Added test 'flake8' to check Python code syntax and style conventions
[2.264s] -- Added test 'lint_cmake' to check CMake code style
[2.269s] -- Added test 'pep257' to check Python code against some of the docstring style conventions in PEP 257
[2.272s] -- Added test 'xmllint' to check XML markup files
[2.279s] -- Configuring done
[2.279s] -- Generating done
[2.279s] -- Build files have been written to: /home/tony/ros2_ws/build/interbotix_xsarm_control
[2.508s] Invoked command in '/home/tony/ros2_ws/build/interbotix_xsarm_control' returned '0': AMENT_PREFIX_PATH=/home/tony/ros2_ws/install/interbotix_xsarm_descriptions:${AMENT_PREFIX_PATH} CMAKE_PREFIX_PATH=/home/tony/ros2_ws/install/interbotix_xsarm_descriptions:/home/tony/ros2_ws/install/turtlebot3:/home/tony/ros2_ws/install/turtlebot3_bringup:/home/tony/ros2_ws/install/turtlebot3_node:/home/tony/ros2_ws/install/turtlebot3_navigation2:/home/tony/ros2_ws/install/turtlebot3_description:/home/tony/ros2_ws/install/turtlebot3_cartographer:/home/tony/ros2_ws/install/ros2_aruco_interfaces:/home/tony/ros2_ws/install/realsense2_description:/home/tony/ros2_ws/install/realsense2_camera:/home/tony/ros2_ws/install/realsense2_camera_msgs:/home/tony/ros2_ws/install/pan_tilt_driver:/home/tony/ros2_ws/install/pan_tilt_msgs:/home/tony/ros2_ws/install/pan_tilt_description:/home/tony/ros2_ws/install/pan_tilt_bringup:/home/tony/ros2_ws/install/iqr_tb4_navigation:/home/tony/ros2_ws/install/iqr_tb4_description:/home/tony/ros2_ws/install/iqr_tb4_bringup:/home/tony/ros2_ws/install/EI_Final_Project:/home/tony/ros2_ws/install/yolov10_inference:/home/tony/ros2_ws/install/witmotion_ros_driver:/home/tony/ros2_ws/install/turtlebot3_teleop:/home/tony/ros2_ws/install/turtlebot3_example:/home/tony/ros2_ws/install/ros2_aruco:/home/tony/ros2_ws/install/opencv_pkg:/home/tony/ros2_ws/install/ax12a_arm_controller:/opt/ros/humble /usr/bin/cmake /home/tony/ros2_ws/src/interbotix_ros_manipulators/interbotix_ros_xsarms/interbotix_xsarm_control -DAMENT_CMAKE_SYMLINK_INSTALL=1 -DCMAKE_INSTALL_PREFIX=/home/tony/ros2_ws/install/interbotix_xsarm_control
[2.515s] Invoking command in '/home/tony/ros2_ws/build/interbotix_xsarm_control': AMENT_PREFIX_PATH=/home/tony/ros2_ws/install/interbotix_xsarm_descriptions:${AMENT_PREFIX_PATH} CMAKE_PREFIX_PATH=/home/tony/ros2_ws/install/interbotix_xsarm_descriptions:/home/tony/ros2_ws/install/turtlebot3:/home/tony/ros2_ws/install/turtlebot3_bringup:/home/tony/ros2_ws/install/turtlebot3_node:/home/tony/ros2_ws/install/turtlebot3_navigation2:/home/tony/ros2_ws/install/turtlebot3_description:/home/tony/ros2_ws/install/turtlebot3_cartographer:/home/tony/ros2_ws/install/ros2_aruco_interfaces:/home/tony/ros2_ws/install/realsense2_description:/home/tony/ros2_ws/install/realsense2_camera:/home/tony/ros2_ws/install/realsense2_camera_msgs:/home/tony/ros2_ws/install/pan_tilt_driver:/home/tony/ros2_ws/install/pan_tilt_msgs:/home/tony/ros2_ws/install/pan_tilt_description:/home/tony/ros2_ws/install/pan_tilt_bringup:/home/tony/ros2_ws/install/iqr_tb4_navigation:/home/tony/ros2_ws/install/iqr_tb4_description:/home/tony/ros2_ws/install/iqr_tb4_bringup:/home/tony/ros2_ws/install/EI_Final_Project:/home/tony/ros2_ws/install/yolov10_inference:/home/tony/ros2_ws/install/witmotion_ros_driver:/home/tony/ros2_ws/install/turtlebot3_teleop:/home/tony/ros2_ws/install/turtlebot3_example:/home/tony/ros2_ws/install/ros2_aruco:/home/tony/ros2_ws/install/opencv_pkg:/home/tony/ros2_ws/install/ax12a_arm_controller:/opt/ros/humble /usr/bin/cmake --build /home/tony/ros2_ws/build/interbotix_xsarm_control -- -j8 -l8
[2.574s] Invoked command in '/home/tony/ros2_ws/build/interbotix_xsarm_control' returned '0': AMENT_PREFIX_PATH=/home/tony/ros2_ws/install/interbotix_xsarm_descriptions:${AMENT_PREFIX_PATH} CMAKE_PREFIX_PATH=/home/tony/ros2_ws/install/interbotix_xsarm_descriptions:/home/tony/ros2_ws/install/turtlebot3:/home/tony/ros2_ws/install/turtlebot3_bringup:/home/tony/ros2_ws/install/turtlebot3_node:/home/tony/ros2_ws/install/turtlebot3_navigation2:/home/tony/ros2_ws/install/turtlebot3_description:/home/tony/ros2_ws/install/turtlebot3_cartographer:/home/tony/ros2_ws/install/ros2_aruco_interfaces:/home/tony/ros2_ws/install/realsense2_description:/home/tony/ros2_ws/install/realsense2_camera:/home/tony/ros2_ws/install/realsense2_camera_msgs:/home/tony/ros2_ws/install/pan_tilt_driver:/home/tony/ros2_ws/install/pan_tilt_msgs:/home/tony/ros2_ws/install/pan_tilt_description:/home/tony/ros2_ws/install/pan_tilt_bringup:/home/tony/ros2_ws/install/iqr_tb4_navigation:/home/tony/ros2_ws/install/iqr_tb4_description:/home/tony/ros2_ws/install/iqr_tb4_bringup:/home/tony/ros2_ws/install/EI_Final_Project:/home/tony/ros2_ws/install/yolov10_inference:/home/tony/ros2_ws/install/witmotion_ros_driver:/home/tony/ros2_ws/install/turtlebot3_teleop:/home/tony/ros2_ws/install/turtlebot3_example:/home/tony/ros2_ws/install/ros2_aruco:/home/tony/ros2_ws/install/opencv_pkg:/home/tony/ros2_ws/install/ax12a_arm_controller:/opt/ros/humble /usr/bin/cmake --build /home/tony/ros2_ws/build/interbotix_xsarm_control -- -j8 -l8
[2.642s] Invoking command in '/home/tony/ros2_ws/build/interbotix_xsarm_control': AMENT_PREFIX_PATH=/home/tony/ros2_ws/install/interbotix_xsarm_descriptions:${AMENT_PREFIX_PATH} CMAKE_PREFIX_PATH=/home/tony/ros2_ws/install/interbotix_xsarm_descriptions:/home/tony/ros2_ws/install/turtlebot3:/home/tony/ros2_ws/install/turtlebot3_bringup:/home/tony/ros2_ws/install/turtlebot3_node:/home/tony/ros2_ws/install/turtlebot3_navigation2:/home/tony/ros2_ws/install/turtlebot3_description:/home/tony/ros2_ws/install/turtlebot3_cartographer:/home/tony/ros2_ws/install/ros2_aruco_interfaces:/home/tony/ros2_ws/install/realsense2_description:/home/tony/ros2_ws/install/realsense2_camera:/home/tony/ros2_ws/install/realsense2_camera_msgs:/home/tony/ros2_ws/install/pan_tilt_driver:/home/tony/ros2_ws/install/pan_tilt_msgs:/home/tony/ros2_ws/install/pan_tilt_description:/home/tony/ros2_ws/install/pan_tilt_bringup:/home/tony/ros2_ws/install/iqr_tb4_navigation:/home/tony/ros2_ws/install/iqr_tb4_description:/home/tony/ros2_ws/install/iqr_tb4_bringup:/home/tony/ros2_ws/install/EI_Final_Project:/home/tony/ros2_ws/install/yolov10_inference:/home/tony/ros2_ws/install/witmotion_ros_driver:/home/tony/ros2_ws/install/turtlebot3_teleop:/home/tony/ros2_ws/install/turtlebot3_example:/home/tony/ros2_ws/install/ros2_aruco:/home/tony/ros2_ws/install/opencv_pkg:/home/tony/ros2_ws/install/ax12a_arm_controller:/opt/ros/humble /usr/bin/cmake --install /home/tony/ros2_ws/build/interbotix_xsarm_control
[2.674s] -- Install configuration: ""
[2.676s] -- Execute custom install script
[2.676s] -- Symlinking: /home/tony/ros2_ws/install/interbotix_xsarm_control/lib/interbotix_xsarm_control/bartender.py
[2.699s] -- Symlinking: /home/tony/ros2_ws/install/interbotix_xsarm_control/lib/interbotix_xsarm_control/ee_cartesian_trajectory.py
[2.710s] -- Symlinking: /home/tony/ros2_ws/install/interbotix_xsarm_control/lib/interbotix_xsarm_control/ee_pose_components.py
[2.735s] -- Symlinking: /home/tony/ros2_ws/install/interbotix_xsarm_control/lib/interbotix_xsarm_control/ee_pose_matrix_control.py
[2.751s] -- Symlinking: /home/tony/ros2_ws/install/interbotix_xsarm_control/lib/interbotix_xsarm_control/gripper_control.py
[2.763s] -- Symlinking: /home/tony/ros2_ws/install/interbotix_xsarm_control/lib/interbotix_xsarm_control/joint_current_control.py
[2.791s] -- Symlinking: /home/tony/ros2_ws/install/interbotix_xsarm_control/lib/interbotix_xsarm_control/joint_position_control.py
[2.825s] -- Symlinking: /home/tony/ros2_ws/install/interbotix_xsarm_control/lib/interbotix_xsarm_control/joint_pwm_control.py
[2.857s] -- Symlinking: /home/tony/ros2_ws/install/interbotix_xsarm_control/lib/interbotix_xsarm_control/joint_trajectory_control.py
[2.887s] -- Symlinking: /home/tony/ros2_ws/install/interbotix_xsarm_control/share/interbotix_xsarm_control//launch/xsarm_control.launch.py
[2.901s] -- Symlinking: /home/tony/ros2_ws/install/interbotix_xsarm_control/share/interbotix_xsarm_control//config/aloha_vx300s.yaml
[2.920s] -- Symlinking: /home/tony/ros2_ws/install/interbotix_xsarm_control/share/interbotix_xsarm_control//config/aloha_wx250s.yaml
[2.935s] -- Symlinking: /home/tony/ros2_ws/install/interbotix_xsarm_control/share/interbotix_xsarm_control//config/mobile_px100.yaml
[2.950s] -- Symlinking: /home/tony/ros2_ws/install/interbotix_xsarm_control/share/interbotix_xsarm_control//config/mobile_wx200.yaml
[2.968s] -- Symlinking: /home/tony/ros2_ws/install/interbotix_xsarm_control/share/interbotix_xsarm_control//config/mobile_wx250s.yaml
[2.981s] -- Symlinking: /home/tony/ros2_ws/install/interbotix_xsarm_control/share/interbotix_xsarm_control//config/modes.yaml
[3.000s] -- Symlinking: /home/tony/ros2_ws/install/interbotix_xsarm_control/share/interbotix_xsarm_control//config/px100.yaml
[3.022s] -- Symlinking: /home/tony/ros2_ws/install/interbotix_xsarm_control/share/interbotix_xsarm_control//config/px150.yaml
[3.043s] -- Symlinking: /home/tony/ros2_ws/install/interbotix_xsarm_control/share/interbotix_xsarm_control//config/rx150.yaml
[3.070s] -- Symlinking: /home/tony/ros2_ws/install/interbotix_xsarm_control/share/interbotix_xsarm_control//config/rx200.yaml
[3.089s] -- Symlinking: /home/tony/ros2_ws/install/interbotix_xsarm_control/share/interbotix_xsarm_control//config/vx250.yaml
[3.103s] -- Symlinking: /home/tony/ros2_ws/install/interbotix_xsarm_control/share/interbotix_xsarm_control//config/vx300.yaml
[3.118s] -- Symlinking: /home/tony/ros2_ws/install/interbotix_xsarm_control/share/interbotix_xsarm_control//config/vx300s.yaml
[3.145s] -- Symlinking: /home/tony/ros2_ws/install/interbotix_xsarm_control/share/interbotix_xsarm_control//config/wx200.yaml
[3.161s] -- Symlinking: /home/tony/ros2_ws/install/interbotix_xsarm_control/share/interbotix_xsarm_control//config/wx250.yaml
[3.173s] -- Symlinking: /home/tony/ros2_ws/install/interbotix_xsarm_control/share/interbotix_xsarm_control//config/wx250s.yaml
[3.186s] -- Symlinking: /home/tony/ros2_ws/install/interbotix_xsarm_control/share/ament_index/resource_index/package_run_dependencies/interbotix_xsarm_control
[3.204s] -- Symlinking: /home/tony/ros2_ws/install/interbotix_xsarm_control/share/ament_index/resource_index/parent_prefix_path/interbotix_xsarm_control
[3.234s] -- Symlinking: /home/tony/ros2_ws/install/interbotix_xsarm_control/share/interbotix_xsarm_control/environment/ament_prefix_path.sh
[3.277s] -- Symlinking: /home/tony/ros2_ws/install/interbotix_xsarm_control/share/interbotix_xsarm_control/environment/ament_prefix_path.dsv
[3.277s] -- Symlinking: /home/tony/ros2_ws/install/interbotix_xsarm_control/share/interbotix_xsarm_control/environment/path.sh
[3.305s] -- Symlinking: /home/tony/ros2_ws/install/interbotix_xsarm_control/share/interbotix_xsarm_control/environment/path.dsv
[3.306s] -- Symlinking: /home/tony/ros2_ws/install/interbotix_xsarm_control/share/interbotix_xsarm_control/local_setup.bash
[3.347s] -- Symlinking: /home/tony/ros2_ws/install/interbotix_xsarm_control/share/interbotix_xsarm_control/local_setup.sh
[3.377s] -- Symlinking: /home/tony/ros2_ws/install/interbotix_xsarm_control/share/interbotix_xsarm_control/local_setup.zsh
[3.390s] -- Symlinking: /home/tony/ros2_ws/install/interbotix_xsarm_control/share/interbotix_xsarm_control/local_setup.dsv
[3.408s] -- Symlinking: /home/tony/ros2_ws/install/interbotix_xsarm_control/share/interbotix_xsarm_control/package.dsv
[3.421s] -- Symlinking: /home/tony/ros2_ws/install/interbotix_xsarm_control/share/ament_index/resource_index/packages/interbotix_xsarm_control
[3.444s] -- Symlinking: /home/tony/ros2_ws/install/interbotix_xsarm_control/share/interbotix_xsarm_control/cmake/interbotix_xsarm_controlConfig.cmake
[3.451s] -- Symlinking: /home/tony/ros2_ws/install/interbotix_xsarm_control/share/interbotix_xsarm_control/cmake/interbotix_xsarm_controlConfig-version.cmake
[3.462s] -- Symlinking: /home/tony/ros2_ws/install/interbotix_xsarm_control/share/interbotix_xsarm_control/package.xml
[3.479s] Invoked command in '/home/tony/ros2_ws/build/interbotix_xsarm_control' returned '0': AMENT_PREFIX_PATH=/home/tony/ros2_ws/install/interbotix_xsarm_descriptions:${AMENT_PREFIX_PATH} CMAKE_PREFIX_PATH=/home/tony/ros2_ws/install/interbotix_xsarm_descriptions:/home/tony/ros2_ws/install/turtlebot3:/home/tony/ros2_ws/install/turtlebot3_bringup:/home/tony/ros2_ws/install/turtlebot3_node:/home/tony/ros2_ws/install/turtlebot3_navigation2:/home/tony/ros2_ws/install/turtlebot3_description:/home/tony/ros2_ws/install/turtlebot3_cartographer:/home/tony/ros2_ws/install/ros2_aruco_interfaces:/home/tony/ros2_ws/install/realsense2_description:/home/tony/ros2_ws/install/realsense2_camera:/home/tony/ros2_ws/install/realsense2_camera_msgs:/home/tony/ros2_ws/install/pan_tilt_driver:/home/tony/ros2_ws/install/pan_tilt_msgs:/home/tony/ros2_ws/install/pan_tilt_description:/home/tony/ros2_ws/install/pan_tilt_bringup:/home/tony/ros2_ws/install/iqr_tb4_navigation:/home/tony/ros2_ws/install/iqr_tb4_description:/home/tony/ros2_ws/install/iqr_tb4_bringup:/home/tony/ros2_ws/install/EI_Final_Project:/home/tony/ros2_ws/install/yolov10_inference:/home/tony/ros2_ws/install/witmotion_ros_driver:/home/tony/ros2_ws/install/turtlebot3_teleop:/home/tony/ros2_ws/install/turtlebot3_example:/home/tony/ros2_ws/install/ros2_aruco:/home/tony/ros2_ws/install/opencv_pkg:/home/tony/ros2_ws/install/ax12a_arm_controller:/opt/ros/humble /usr/bin/cmake --install /home/tony/ros2_ws/build/interbotix_xsarm_control
