[3.216s] Invoking command in '/home/tony/ros2_ws/src/yolov10_inference': PYTHONPATH=/home/tony/ros2_ws/build/yolov10_inference/prefix_override:/home/tony/ros2_ws/install/yolov10_inference/lib/python3.10/site-packages:${PYTHONPATH} /usr/bin/python3 setup.py egg_info --egg-base ../../build/yolov10_inference build --build-base /home/tony/ros2_ws/build/yolov10_inference/build install --record /home/tony/ros2_ws/build/yolov10_inference/install.log --single-version-externally-managed
[3.783s] running egg_info
[3.801s] writing ../../build/yolov10_inference/yolov10_inference.egg-info/PKG-INFO
[3.802s] writing dependency_links to ../../build/yolov10_inference/yolov10_inference.egg-info/dependency_links.txt
[3.802s] writing entry points to ../../build/yolov10_inference/yolov10_inference.egg-info/entry_points.txt
[3.802s] writing requirements to ../../build/yolov10_inference/yolov10_inference.egg-info/requires.txt
[3.802s] writing top-level names to ../../build/yolov10_inference/yolov10_inference.egg-info/top_level.txt
[3.844s] reading manifest file '../../build/yolov10_inference/yolov10_inference.egg-info/SOURCES.txt'
[3.845s] writing manifest file '../../build/yolov10_inference/yolov10_inference.egg-info/SOURCES.txt'
[3.845s] running build
[3.846s] running build_py
[3.846s] running install
[3.846s] /home/tony/.local/lib/python3.10/site-packages/setuptools/command/install.py:34: SetuptoolsDeprecationWarning: setup.py install is deprecated. Use build and pip and other standards-based tools.
[3.846s]   warnings.warn(
[3.851s] running install_lib
[3.871s] running install_data
[3.889s] running install_egg_info
[3.908s] removing '/home/tony/ros2_ws/install/yolov10_inference/lib/python3.10/site-packages/yolov10_inference-0.0.0-py3.10.egg-info' (and everything under it)
[3.908s] Copying ../../build/yolov10_inference/yolov10_inference.egg-info to /home/tony/ros2_ws/install/yolov10_inference/lib/python3.10/site-packages/yolov10_inference-0.0.0-py3.10.egg-info
[3.909s] running install_scripts
[3.979s] Installing yolo_rgs script to /home/tony/ros2_ws/install/yolov10_inference/lib/yolov10_inference
[3.980s] writing list of installed files to '/home/tony/ros2_ws/build/yolov10_inference/install.log'
[4.090s] Invoked command in '/home/tony/ros2_ws/src/yolov10_inference' returned '0': PYTHONPATH=/home/tony/ros2_ws/build/yolov10_inference/prefix_override:/home/tony/ros2_ws/install/yolov10_inference/lib/python3.10/site-packages:${PYTHONPATH} /usr/bin/python3 setup.py egg_info --egg-base ../../build/yolov10_inference build --build-base /home/tony/ros2_ws/build/yolov10_inference/build install --record /home/tony/ros2_ws/build/yolov10_inference/install.log --single-version-externally-managed
