[0.775s] Invoking command in '/home/tony/ros2_ws/src/build/pan_tilt_bringup': CMAKE_PREFIX_PATH=${CMAKE_PREFIX_PATH}:/home/tony/ros2_ws/install/yolov10_inference:/home/tony/ros2_ws/install/witmotion_ros_driver:/home/tony/ros2_ws/install/turtlebot3_teleop:/home/tony/ros2_ws/install/turtlebot3_example:/home/tony/ros2_ws/install/ros2_aruco:/home/tony/ros2_ws/install/opencv_pkg:/home/tony/ros2_ws/install/iqr_tb4_description:/home/tony/ros2_ws/install/ax12a_arm_controller:/opt/ros/humble /usr/bin/cmake /home/tony/ros2_ws/src/pan_tilt_ros/pan_tilt_bringup -DCMAKE_INSTALL_PREFIX=/home/tony/ros2_ws/src/install/pan_tilt_bringup
[0.926s] -- The C compiler identification is GNU 11.4.0
[1.109s] -- The CXX compiler identification is GNU 11.4.0
[1.134s] -- Detecting C compiler ABI info
[1.385s] -- Detecting C compiler ABI info - done
[1.422s] -- Check for working C compiler: /usr/bin/cc - skipped
[1.422s] -- Detecting C compile features
[1.422s] -- Detecting C compile features - done
[1.431s] -- Detecting CXX compiler ABI info
[1.653s] -- Detecting CXX compiler ABI info - done
[1.675s] -- Check for working CXX compiler: /usr/bin/c++ - skipped
[1.675s] -- Detecting CXX compile features
[1.676s] -- Detecting CXX compile features - done
[1.690s] -- Found ament_cmake: 1.3.6 (/opt/ros/humble/share/ament_cmake/cmake)
[3.936s] -- Found Python3: /usr/bin/python3.10 (found version "3.10.12") found components: Interpreter 
[4.754s] -- Configuring done
[4.765s] -- Generating done
[4.772s] -- Build files have been written to: /home/tony/ros2_ws/src/build/pan_tilt_bringup
[5.139s] Invoked command in '/home/tony/ros2_ws/src/build/pan_tilt_bringup' returned '0': CMAKE_PREFIX_PATH=${CMAKE_PREFIX_PATH}:/home/tony/ros2_ws/install/yolov10_inference:/home/tony/ros2_ws/install/witmotion_ros_driver:/home/tony/ros2_ws/install/turtlebot3_teleop:/home/tony/ros2_ws/install/turtlebot3_example:/home/tony/ros2_ws/install/ros2_aruco:/home/tony/ros2_ws/install/opencv_pkg:/home/tony/ros2_ws/install/iqr_tb4_description:/home/tony/ros2_ws/install/ax12a_arm_controller:/opt/ros/humble /usr/bin/cmake /home/tony/ros2_ws/src/pan_tilt_ros/pan_tilt_bringup -DCMAKE_INSTALL_PREFIX=/home/tony/ros2_ws/src/install/pan_tilt_bringup
[5.142s] Invoking command in '/home/tony/ros2_ws/src/build/pan_tilt_bringup': CMAKE_PREFIX_PATH=${CMAKE_PREFIX_PATH}:/home/tony/ros2_ws/install/yolov10_inference:/home/tony/ros2_ws/install/witmotion_ros_driver:/home/tony/ros2_ws/install/turtlebot3_teleop:/home/tony/ros2_ws/install/turtlebot3_example:/home/tony/ros2_ws/install/ros2_aruco:/home/tony/ros2_ws/install/opencv_pkg:/home/tony/ros2_ws/install/iqr_tb4_description:/home/tony/ros2_ws/install/ax12a_arm_controller:/opt/ros/humble /usr/bin/cmake --build /home/tony/ros2_ws/src/build/pan_tilt_bringup -- -j8 -l8
[6.370s] Invoked command in '/home/tony/ros2_ws/src/build/pan_tilt_bringup' returned '0': CMAKE_PREFIX_PATH=${CMAKE_PREFIX_PATH}:/home/tony/ros2_ws/install/yolov10_inference:/home/tony/ros2_ws/install/witmotion_ros_driver:/home/tony/ros2_ws/install/turtlebot3_teleop:/home/tony/ros2_ws/install/turtlebot3_example:/home/tony/ros2_ws/install/ros2_aruco:/home/tony/ros2_ws/install/opencv_pkg:/home/tony/ros2_ws/install/iqr_tb4_description:/home/tony/ros2_ws/install/ax12a_arm_controller:/opt/ros/humble /usr/bin/cmake --build /home/tony/ros2_ws/src/build/pan_tilt_bringup -- -j8 -l8
[6.713s] Invoking command in '/home/tony/ros2_ws/src/build/pan_tilt_bringup': CMAKE_PREFIX_PATH=${CMAKE_PREFIX_PATH}:/home/tony/ros2_ws/install/yolov10_inference:/home/tony/ros2_ws/install/witmotion_ros_driver:/home/tony/ros2_ws/install/turtlebot3_teleop:/home/tony/ros2_ws/install/turtlebot3_example:/home/tony/ros2_ws/install/ros2_aruco:/home/tony/ros2_ws/install/opencv_pkg:/home/tony/ros2_ws/install/iqr_tb4_description:/home/tony/ros2_ws/install/ax12a_arm_controller:/opt/ros/humble /usr/bin/cmake --install /home/tony/ros2_ws/src/build/pan_tilt_bringup
[6.804s] -- Install configuration: ""
[6.804s] -- Installing: /home/tony/ros2_ws/src/install/pan_tilt_bringup/share/pan_tilt_bringup//launch
[6.804s] -- Installing: /home/tony/ros2_ws/src/install/pan_tilt_bringup/share/pan_tilt_bringup//launch/panTilt_bringup.launch.py
[6.804s] -- Installing: /home/tony/ros2_ws/src/install/pan_tilt_bringup/share/ament_index/resource_index/package_run_dependencies/pan_tilt_bringup
[6.804s] -- Installing: /home/tony/ros2_ws/src/install/pan_tilt_bringup/share/ament_index/resource_index/parent_prefix_path/pan_tilt_bringup
[6.804s] -- Installing: /home/tony/ros2_ws/src/install/pan_tilt_bringup/share/pan_tilt_bringup/environment/ament_prefix_path.sh
[6.804s] -- Installing: /home/tony/ros2_ws/src/install/pan_tilt_bringup/share/pan_tilt_bringup/environment/ament_prefix_path.dsv
[6.804s] -- Installing: /home/tony/ros2_ws/src/install/pan_tilt_bringup/share/pan_tilt_bringup/environment/path.sh
[6.805s] -- Installing: /home/tony/ros2_ws/src/install/pan_tilt_bringup/share/pan_tilt_bringup/environment/path.dsv
[6.805s] -- Installing: /home/tony/ros2_ws/src/install/pan_tilt_bringup/share/pan_tilt_bringup/local_setup.bash
[6.805s] -- Installing: /home/tony/ros2_ws/src/install/pan_tilt_bringup/share/pan_tilt_bringup/local_setup.sh
[6.805s] -- Installing: /home/tony/ros2_ws/src/install/pan_tilt_bringup/share/pan_tilt_bringup/local_setup.zsh
[6.805s] -- Installing: /home/tony/ros2_ws/src/install/pan_tilt_bringup/share/pan_tilt_bringup/local_setup.dsv
[6.805s] -- Installing: /home/tony/ros2_ws/src/install/pan_tilt_bringup/share/pan_tilt_bringup/package.dsv
[6.805s] -- Installing: /home/tony/ros2_ws/src/install/pan_tilt_bringup/share/ament_index/resource_index/packages/pan_tilt_bringup
[6.805s] -- Installing: /home/tony/ros2_ws/src/install/pan_tilt_bringup/share/pan_tilt_bringup/cmake/pan_tilt_bringupConfig.cmake
[6.805s] -- Installing: /home/tony/ros2_ws/src/install/pan_tilt_bringup/share/pan_tilt_bringup/cmake/pan_tilt_bringupConfig-version.cmake
[6.805s] -- Installing: /home/tony/ros2_ws/src/install/pan_tilt_bringup/share/pan_tilt_bringup/package.xml
