[1.333s] Invoking command in '/home/tony/ros2_ws/src/ax12a_arm_controller': PYTHONPATH=/home/tony/ros2_ws/build/ax12a_arm_controller/prefix_override:/home/tony/ros2_ws/install/ax12a_arm_controller/lib/python3.10/site-packages:${PYTHONPATH} /usr/bin/python3 setup.py egg_info --egg-base ../../build/ax12a_arm_controller build --build-base /home/tony/ros2_ws/build/ax12a_arm_controller/build install --record /home/tony/ros2_ws/build/ax12a_arm_controller/install.log --single-version-externally-managed
[1.737s] running egg_info
[1.753s] writing ../../build/ax12a_arm_controller/ax12a_arm_controller.egg-info/PKG-INFO
[1.753s] writing dependency_links to ../../build/ax12a_arm_controller/ax12a_arm_controller.egg-info/dependency_links.txt
[1.754s] writing entry points to ../../build/ax12a_arm_controller/ax12a_arm_controller.egg-info/entry_points.txt
[1.754s] writing requirements to ../../build/ax12a_arm_controller/ax12a_arm_controller.egg-info/requires.txt
[1.754s] writing top-level names to ../../build/ax12a_arm_controller/ax12a_arm_controller.egg-info/top_level.txt
[1.787s] reading manifest file '../../build/ax12a_arm_controller/ax12a_arm_controller.egg-info/SOURCES.txt'
[1.788s] writing manifest file '../../build/ax12a_arm_controller/ax12a_arm_controller.egg-info/SOURCES.txt'
[1.789s] running build
[1.789s] running build_py
[1.790s] running install
[1.790s] /home/tony/.local/lib/python3.10/site-packages/setuptools/command/install.py:34: SetuptoolsDeprecationWarning: setup.py install is deprecated. Use build and pip and other standards-based tools.
[1.790s]   warnings.warn(
[1.798s] running install_lib
[1.814s] running install_data
[1.835s] running install_egg_info
[1.853s] removing '/home/tony/ros2_ws/install/ax12a_arm_controller/lib/python3.10/site-packages/ax12a_arm_controller-0.0.1-py3.10.egg-info' (and everything under it)
[1.854s] Copying ../../build/ax12a_arm_controller/ax12a_arm_controller.egg-info to /home/tony/ros2_ws/install/ax12a_arm_controller/lib/python3.10/site-packages/ax12a_arm_controller-0.0.1-py3.10.egg-info
[1.856s] running install_scripts
[1.924s] Installing ax12a_arm_node script to /home/tony/ros2_ws/install/ax12a_arm_controller/lib/ax12a_arm_controller
[1.926s] writing list of installed files to '/home/tony/ros2_ws/build/ax12a_arm_controller/install.log'
[1.981s] Invoked command in '/home/tony/ros2_ws/src/ax12a_arm_controller' returned '0': PYTHONPATH=/home/tony/ros2_ws/build/ax12a_arm_controller/prefix_override:/home/tony/ros2_ws/install/ax12a_arm_controller/lib/python3.10/site-packages:${PYTHONPATH} /usr/bin/python3 setup.py egg_info --egg-base ../../build/ax12a_arm_controller build --build-base /home/tony/ros2_ws/build/ax12a_arm_controller/build install --record /home/tony/ros2_ws/build/ax12a_arm_controller/install.log --single-version-externally-managed
