[2.474s] Invoking command in '/home/tony/ros2_ws/src/ax12a_arm_controller': PYTHONPATH=/home/tony/ros2_ws/build/ax12a_arm_controller/prefix_override:/home/tony/ros2_ws/install/ax12a_arm_controller/lib/python3.10/site-packages:${PYTHONPATH} /usr/bin/python3 setup.py egg_info --egg-base ../../build/ax12a_arm_controller build --build-base /home/tony/ros2_ws/build/ax12a_arm_controller/build install --record /home/tony/ros2_ws/build/ax12a_arm_controller/install.log --single-version-externally-managed
[2.809s] running egg_info
[2.823s] writing ../../build/ax12a_arm_controller/ax12a_arm_controller.egg-info/PKG-INFO
[2.823s] writing dependency_links to ../../build/ax12a_arm_controller/ax12a_arm_controller.egg-info/dependency_links.txt
[2.824s] writing entry points to ../../build/ax12a_arm_controller/ax12a_arm_controller.egg-info/entry_points.txt
[2.824s] writing requirements to ../../build/ax12a_arm_controller/ax12a_arm_controller.egg-info/requires.txt
[2.824s] writing top-level names to ../../build/ax12a_arm_controller/ax12a_arm_controller.egg-info/top_level.txt
[2.853s] reading manifest file '../../build/ax12a_arm_controller/ax12a_arm_controller.egg-info/SOURCES.txt'
[2.854s] writing manifest file '../../build/ax12a_arm_controller/ax12a_arm_controller.egg-info/SOURCES.txt'
[2.854s] running build
[2.855s] running build_py
[2.855s] running install
[2.855s] /home/tony/.local/lib/python3.10/site-packages/setuptools/command/install.py:34: SetuptoolsDeprecationWarning: setup.py install is deprecated. Use build and pip and other standards-based tools.
[2.855s]   warnings.warn(
[2.860s] running install_lib
[2.874s] running install_data
[2.887s] running install_egg_info
[2.901s] removing '/home/tony/ros2_ws/install/ax12a_arm_controller/lib/python3.10/site-packages/ax12a_arm_controller-0.0.1-py3.10.egg-info' (and everything under it)
[2.901s] Copying ../../build/ax12a_arm_controller/ax12a_arm_controller.egg-info to /home/tony/ros2_ws/install/ax12a_arm_controller/lib/python3.10/site-packages/ax12a_arm_controller-0.0.1-py3.10.egg-info
[2.902s] running install_scripts
[2.970s] Installing ax12a_arm_node script to /home/tony/ros2_ws/install/ax12a_arm_controller/lib/ax12a_arm_controller
[2.970s] writing list of installed files to '/home/tony/ros2_ws/build/ax12a_arm_controller/install.log'
[3.629s] Invoked command in '/home/tony/ros2_ws/src/ax12a_arm_controller' returned '0': PYTHONPATH=/home/tony/ros2_ws/build/ax12a_arm_controller/prefix_override:/home/tony/ros2_ws/install/ax12a_arm_controller/lib/python3.10/site-packages:${PYTHONPATH} /usr/bin/python3 setup.py egg_info --egg-base ../../build/ax12a_arm_controller build --build-base /home/tony/ros2_ws/build/ax12a_arm_controller/build install --record /home/tony/ros2_ws/build/ax12a_arm_controller/install.log --single-version-externally-managed
