[0.225s] Invoking command in '/home/tony/ros2_ws/src/build/interbotix_xsarm_sim': AMENT_PREFIX_PATH=/home/tony/ros2_ws/src/install/interbotix_xsarm_descriptions:${AMENT_PREFIX_PATH} CMAKE_PREFIX_PATH=/home/tony/ros2_ws/src/install/interbotix_xsarm_descriptions:/home/tony/ros2_ws/install/turtlebot3:/home/tony/ros2_ws/install/turtlebot3_bringup:/home/tony/ros2_ws/install/turtlebot3_node:/home/tony/ros2_ws/install/turtlebot3_navigation2:/home/tony/ros2_ws/install/turtlebot3_description:/home/tony/ros2_ws/install/turtlebot3_cartographer:/home/tony/ros2_ws/install/ros2_aruco_interfaces:/home/tony/ros2_ws/install/realsense2_description:/home/tony/ros2_ws/install/realsense2_camera:/home/tony/ros2_ws/install/realsense2_camera_msgs:/home/tony/ros2_ws/install/pan_tilt_driver:/home/tony/ros2_ws/install/pan_tilt_msgs:/home/tony/ros2_ws/install/pan_tilt_description:/home/tony/ros2_ws/install/pan_tilt_bringup:/home/tony/ros2_ws/install/iqr_tb4_navigation:/home/tony/ros2_ws/install/iqr_tb4_bringup:/home/tony/ros2_ws/install/interbotix_xsarm_sim:/home/tony/ros2_ws/install/interbotix_xsarm_control:/home/tony/ros2_ws/install/interbotix_xsarm_descriptions:/home/tony/ros2_ws/install/EI_Final_Project:/home/tony/ros2_ws/install/yolov10_inference:/home/tony/ros2_ws/install/witmotion_ros_driver:/home/tony/ros2_ws/install/turtlebot3_teleop:/home/tony/ros2_ws/install/turtlebot3_example:/home/tony/ros2_ws/install/ros2_aruco:/home/tony/ros2_ws/install/opencv_pkg:/home/tony/ros2_ws/install/iqr_tb4_description:/home/tony/ros2_ws/install/ax12a_arm_controller:/opt/ros/humble /usr/bin/cmake /home/tony/ros2_ws/src/interbotix_ros_manipulators/interbotix_ros_xsarms/interbotix_xsarm_sim -DCMAKE_INSTALL_PREFIX=/home/tony/ros2_ws/src/install/interbotix_xsarm_sim
[2.286s] -- The C compiler identification is GNU 11.4.0
[2.287s] -- The CXX compiler identification is GNU 11.4.0
[2.287s] -- Detecting C compiler ABI info
[2.287s] -- Detecting C compiler ABI info - done
[2.287s] -- Check for working C compiler: /usr/bin/cc - skipped
[2.287s] -- Detecting C compile features
[2.287s] -- Detecting C compile features - done
[2.287s] -- Detecting CXX compiler ABI info
[2.287s] -- Detecting CXX compiler ABI info - done
[2.287s] -- Check for working CXX compiler: /usr/bin/c++ - skipped
[2.287s] -- Detecting CXX compile features
[2.287s] -- Detecting CXX compile features - done
[2.287s] -- Found ament_cmake: 1.3.6 (/opt/ros/humble/share/ament_cmake/cmake)
[3.404s] -- Found Python3: /usr/bin/python3.10 (found version "3.10.12") found components: Interpreter 
[3.614s] -- Found ament_lint_auto: 0.12.9 (/opt/ros/humble/share/ament_lint_auto/cmake)
[3.791s] -- Added test 'copyright' to check source files copyright and LICENSE
[3.795s] -- Added test 'flake8' to check Python code syntax and style conventions
[3.797s] -- Added test 'lint_cmake' to check CMake code style
[3.798s] -- Added test 'pep257' to check Python code against some of the docstring style conventions in PEP 257
[3.804s] -- Added test 'xmllint' to check XML markup files
[3.809s] -- Configuring done
[3.817s] -- Generating done
[3.818s] -- Build files have been written to: /home/tony/ros2_ws/src/build/interbotix_xsarm_sim
[4.053s] Invoked command in '/home/tony/ros2_ws/src/build/interbotix_xsarm_sim' returned '0': AMENT_PREFIX_PATH=/home/tony/ros2_ws/src/install/interbotix_xsarm_descriptions:${AMENT_PREFIX_PATH} CMAKE_PREFIX_PATH=/home/tony/ros2_ws/src/install/interbotix_xsarm_descriptions:/home/tony/ros2_ws/install/turtlebot3:/home/tony/ros2_ws/install/turtlebot3_bringup:/home/tony/ros2_ws/install/turtlebot3_node:/home/tony/ros2_ws/install/turtlebot3_navigation2:/home/tony/ros2_ws/install/turtlebot3_description:/home/tony/ros2_ws/install/turtlebot3_cartographer:/home/tony/ros2_ws/install/ros2_aruco_interfaces:/home/tony/ros2_ws/install/realsense2_description:/home/tony/ros2_ws/install/realsense2_camera:/home/tony/ros2_ws/install/realsense2_camera_msgs:/home/tony/ros2_ws/install/pan_tilt_driver:/home/tony/ros2_ws/install/pan_tilt_msgs:/home/tony/ros2_ws/install/pan_tilt_description:/home/tony/ros2_ws/install/pan_tilt_bringup:/home/tony/ros2_ws/install/iqr_tb4_navigation:/home/tony/ros2_ws/install/iqr_tb4_bringup:/home/tony/ros2_ws/install/interbotix_xsarm_sim:/home/tony/ros2_ws/install/interbotix_xsarm_control:/home/tony/ros2_ws/install/interbotix_xsarm_descriptions:/home/tony/ros2_ws/install/EI_Final_Project:/home/tony/ros2_ws/install/yolov10_inference:/home/tony/ros2_ws/install/witmotion_ros_driver:/home/tony/ros2_ws/install/turtlebot3_teleop:/home/tony/ros2_ws/install/turtlebot3_example:/home/tony/ros2_ws/install/ros2_aruco:/home/tony/ros2_ws/install/opencv_pkg:/home/tony/ros2_ws/install/iqr_tb4_description:/home/tony/ros2_ws/install/ax12a_arm_controller:/opt/ros/humble /usr/bin/cmake /home/tony/ros2_ws/src/interbotix_ros_manipulators/interbotix_ros_xsarms/interbotix_xsarm_sim -DCMAKE_INSTALL_PREFIX=/home/tony/ros2_ws/src/install/interbotix_xsarm_sim
[4.054s] Invoking command in '/home/tony/ros2_ws/src/build/interbotix_xsarm_sim': AMENT_PREFIX_PATH=/home/tony/ros2_ws/src/install/interbotix_xsarm_descriptions:${AMENT_PREFIX_PATH} CMAKE_PREFIX_PATH=/home/tony/ros2_ws/src/install/interbotix_xsarm_descriptions:/home/tony/ros2_ws/install/turtlebot3:/home/tony/ros2_ws/install/turtlebot3_bringup:/home/tony/ros2_ws/install/turtlebot3_node:/home/tony/ros2_ws/install/turtlebot3_navigation2:/home/tony/ros2_ws/install/turtlebot3_description:/home/tony/ros2_ws/install/turtlebot3_cartographer:/home/tony/ros2_ws/install/ros2_aruco_interfaces:/home/tony/ros2_ws/install/realsense2_description:/home/tony/ros2_ws/install/realsense2_camera:/home/tony/ros2_ws/install/realsense2_camera_msgs:/home/tony/ros2_ws/install/pan_tilt_driver:/home/tony/ros2_ws/install/pan_tilt_msgs:/home/tony/ros2_ws/install/pan_tilt_description:/home/tony/ros2_ws/install/pan_tilt_bringup:/home/tony/ros2_ws/install/iqr_tb4_navigation:/home/tony/ros2_ws/install/iqr_tb4_bringup:/home/tony/ros2_ws/install/interbotix_xsarm_sim:/home/tony/ros2_ws/install/interbotix_xsarm_control:/home/tony/ros2_ws/install/interbotix_xsarm_descriptions:/home/tony/ros2_ws/install/EI_Final_Project:/home/tony/ros2_ws/install/yolov10_inference:/home/tony/ros2_ws/install/witmotion_ros_driver:/home/tony/ros2_ws/install/turtlebot3_teleop:/home/tony/ros2_ws/install/turtlebot3_example:/home/tony/ros2_ws/install/ros2_aruco:/home/tony/ros2_ws/install/opencv_pkg:/home/tony/ros2_ws/install/iqr_tb4_description:/home/tony/ros2_ws/install/ax12a_arm_controller:/opt/ros/humble /usr/bin/cmake --build /home/tony/ros2_ws/src/build/interbotix_xsarm_sim -- -j8 -l8
[4.601s] Invoked command in '/home/tony/ros2_ws/src/build/interbotix_xsarm_sim' returned '0': AMENT_PREFIX_PATH=/home/tony/ros2_ws/src/install/interbotix_xsarm_descriptions:${AMENT_PREFIX_PATH} CMAKE_PREFIX_PATH=/home/tony/ros2_ws/src/install/interbotix_xsarm_descriptions:/home/tony/ros2_ws/install/turtlebot3:/home/tony/ros2_ws/install/turtlebot3_bringup:/home/tony/ros2_ws/install/turtlebot3_node:/home/tony/ros2_ws/install/turtlebot3_navigation2:/home/tony/ros2_ws/install/turtlebot3_description:/home/tony/ros2_ws/install/turtlebot3_cartographer:/home/tony/ros2_ws/install/ros2_aruco_interfaces:/home/tony/ros2_ws/install/realsense2_description:/home/tony/ros2_ws/install/realsense2_camera:/home/tony/ros2_ws/install/realsense2_camera_msgs:/home/tony/ros2_ws/install/pan_tilt_driver:/home/tony/ros2_ws/install/pan_tilt_msgs:/home/tony/ros2_ws/install/pan_tilt_description:/home/tony/ros2_ws/install/pan_tilt_bringup:/home/tony/ros2_ws/install/iqr_tb4_navigation:/home/tony/ros2_ws/install/iqr_tb4_bringup:/home/tony/ros2_ws/install/interbotix_xsarm_sim:/home/tony/ros2_ws/install/interbotix_xsarm_control:/home/tony/ros2_ws/install/interbotix_xsarm_descriptions:/home/tony/ros2_ws/install/EI_Final_Project:/home/tony/ros2_ws/install/yolov10_inference:/home/tony/ros2_ws/install/witmotion_ros_driver:/home/tony/ros2_ws/install/turtlebot3_teleop:/home/tony/ros2_ws/install/turtlebot3_example:/home/tony/ros2_ws/install/ros2_aruco:/home/tony/ros2_ws/install/opencv_pkg:/home/tony/ros2_ws/install/iqr_tb4_description:/home/tony/ros2_ws/install/ax12a_arm_controller:/opt/ros/humble /usr/bin/cmake --build /home/tony/ros2_ws/src/build/interbotix_xsarm_sim -- -j8 -l8
[5.224s] Invoking command in '/home/tony/ros2_ws/src/build/interbotix_xsarm_sim': AMENT_PREFIX_PATH=/home/tony/ros2_ws/src/install/interbotix_xsarm_descriptions:${AMENT_PREFIX_PATH} CMAKE_PREFIX_PATH=/home/tony/ros2_ws/src/install/interbotix_xsarm_descriptions:/home/tony/ros2_ws/install/turtlebot3:/home/tony/ros2_ws/install/turtlebot3_bringup:/home/tony/ros2_ws/install/turtlebot3_node:/home/tony/ros2_ws/install/turtlebot3_navigation2:/home/tony/ros2_ws/install/turtlebot3_description:/home/tony/ros2_ws/install/turtlebot3_cartographer:/home/tony/ros2_ws/install/ros2_aruco_interfaces:/home/tony/ros2_ws/install/realsense2_description:/home/tony/ros2_ws/install/realsense2_camera:/home/tony/ros2_ws/install/realsense2_camera_msgs:/home/tony/ros2_ws/install/pan_tilt_driver:/home/tony/ros2_ws/install/pan_tilt_msgs:/home/tony/ros2_ws/install/pan_tilt_description:/home/tony/ros2_ws/install/pan_tilt_bringup:/home/tony/ros2_ws/install/iqr_tb4_navigation:/home/tony/ros2_ws/install/iqr_tb4_bringup:/home/tony/ros2_ws/install/interbotix_xsarm_sim:/home/tony/ros2_ws/install/interbotix_xsarm_control:/home/tony/ros2_ws/install/interbotix_xsarm_descriptions:/home/tony/ros2_ws/install/EI_Final_Project:/home/tony/ros2_ws/install/yolov10_inference:/home/tony/ros2_ws/install/witmotion_ros_driver:/home/tony/ros2_ws/install/turtlebot3_teleop:/home/tony/ros2_ws/install/turtlebot3_example:/home/tony/ros2_ws/install/ros2_aruco:/home/tony/ros2_ws/install/opencv_pkg:/home/tony/ros2_ws/install/iqr_tb4_description:/home/tony/ros2_ws/install/ax12a_arm_controller:/opt/ros/humble /usr/bin/cmake --install /home/tony/ros2_ws/src/build/interbotix_xsarm_sim
[6.123s] -- Install configuration: ""
[6.123s] -- Installing: /home/tony/ros2_ws/src/install/interbotix_xsarm_sim/share/interbotix_xsarm_sim//launch
[6.123s] -- Installing: /home/tony/ros2_ws/src/install/interbotix_xsarm_sim/share/interbotix_xsarm_sim//launch/xsarm_gz_classic.launch.py
[6.123s] -- Installing: /home/tony/ros2_ws/src/install/interbotix_xsarm_sim/share/interbotix_xsarm_sim//config
[6.123s] -- Installing: /home/tony/ros2_ws/src/install/interbotix_xsarm_sim/share/interbotix_xsarm_sim//config/trajectory_controllers
[6.123s] -- Installing: /home/tony/ros2_ws/src/install/interbotix_xsarm_sim/share/interbotix_xsarm_sim//config/trajectory_controllers/rx200_trajectory_controllers.yaml
[6.123s] -- Installing: /home/tony/ros2_ws/src/install/interbotix_xsarm_sim/share/interbotix_xsarm_sim//config/trajectory_controllers/wx250s_trajectory_controllers.yaml
[6.123s] -- Installing: /home/tony/ros2_ws/src/install/interbotix_xsarm_sim/share/interbotix_xsarm_sim//config/trajectory_controllers/wx200_trajectory_controllers.yaml
[6.126s] -- Installing: /home/tony/ros2_ws/src/install/interbotix_xsarm_sim/share/interbotix_xsarm_sim//config/trajectory_controllers/mobile_wx200_trajectory_controllers.yaml
[6.127s] -- Installing: /home/tony/ros2_ws/src/install/interbotix_xsarm_sim/share/interbotix_xsarm_sim//config/trajectory_controllers/rx150_trajectory_controllers.yaml
[6.127s] -- Installing: /home/tony/ros2_ws/src/install/interbotix_xsarm_sim/share/interbotix_xsarm_sim//config/trajectory_controllers/px100_trajectory_controllers.yaml
[6.127s] -- Installing: /home/tony/ros2_ws/src/install/interbotix_xsarm_sim/share/interbotix_xsarm_sim//config/trajectory_controllers/mobile_wx250s_trajectory_controllers.yaml
[6.127s] -- Installing: /home/tony/ros2_ws/src/install/interbotix_xsarm_sim/share/interbotix_xsarm_sim//config/trajectory_controllers/vx300s_trajectory_controllers.yaml
[6.130s] -- Installing: /home/tony/ros2_ws/src/install/interbotix_xsarm_sim/share/interbotix_xsarm_sim//config/trajectory_controllers/vx300_trajectory_controllers.yaml
[6.130s] -- Installing: /home/tony/ros2_ws/src/install/interbotix_xsarm_sim/share/interbotix_xsarm_sim//config/trajectory_controllers/px150_trajectory_controllers.yaml
[6.131s] -- Installing: /home/tony/ros2_ws/src/install/interbotix_xsarm_sim/share/interbotix_xsarm_sim//config/trajectory_controllers/mobile_px100_trajectory_controllers.yaml
[6.131s] -- Installing: /home/tony/ros2_ws/src/install/interbotix_xsarm_sim/share/interbotix_xsarm_sim//config/trajectory_controllers/vx250_trajectory_controllers.yaml
[6.131s] -- Installing: /home/tony/ros2_ws/src/install/interbotix_xsarm_sim/share/interbotix_xsarm_sim//config/trajectory_controllers/wx250_trajectory_controllers.yaml
[6.131s] -- Installing: /home/tony/ros2_ws/src/install/interbotix_xsarm_sim/share/interbotix_xsarm_sim//rviz
[6.131s] -- Installing: /home/tony/ros2_ws/src/install/interbotix_xsarm_sim/share/interbotix_xsarm_sim//rviz/xsarm_gz_classic.rviz
[6.131s] -- Installing: /home/tony/ros2_ws/src/install/interbotix_xsarm_sim/share/ament_index/resource_index/package_run_dependencies/interbotix_xsarm_sim
[6.131s] -- Installing: /home/tony/ros2_ws/src/install/interbotix_xsarm_sim/share/ament_index/resource_index/parent_prefix_path/interbotix_xsarm_sim
[6.131s] -- Installing: /home/tony/ros2_ws/src/install/interbotix_xsarm_sim/share/interbotix_xsarm_sim/environment/ament_prefix_path.sh
[6.131s] -- Installing: /home/tony/ros2_ws/src/install/interbotix_xsarm_sim/share/interbotix_xsarm_sim/environment/ament_prefix_path.dsv
[6.131s] -- Installing: /home/tony/ros2_ws/src/install/interbotix_xsarm_sim/share/interbotix_xsarm_sim/environment/path.sh
[6.131s] -- Installing: /home/tony/ros2_ws/src/install/interbotix_xsarm_sim/share/interbotix_xsarm_sim/environment/path.dsv
[6.131s] -- Installing: /home/tony/ros2_ws/src/install/interbotix_xsarm_sim/share/interbotix_xsarm_sim/local_setup.bash
[6.135s] -- Installing: /home/tony/ros2_ws/src/install/interbotix_xsarm_sim/share/interbotix_xsarm_sim/local_setup.sh
[6.137s] -- Installing: /home/tony/ros2_ws/src/install/interbotix_xsarm_sim/share/interbotix_xsarm_sim/local_setup.zsh
[6.137s] -- Installing: /home/tony/ros2_ws/src/install/interbotix_xsarm_sim/share/interbotix_xsarm_sim/local_setup.dsv
[6.138s] -- Installing: /home/tony/ros2_ws/src/install/interbotix_xsarm_sim/share/interbotix_xsarm_sim/package.dsv
[6.138s] -- Installing: /home/tony/ros2_ws/src/install/interbotix_xsarm_sim/share/ament_index/resource_index/packages/interbotix_xsarm_sim
[6.138s] -- Installing: /home/tony/ros2_ws/src/install/interbotix_xsarm_sim/share/interbotix_xsarm_sim/cmake/interbotix_xsarm_simConfig.cmake
[6.138s] -- Installing: /home/tony/ros2_ws/src/install/interbotix_xsarm_sim/share/interbotix_xsarm_sim/cmake/interbotix_xsarm_simConfig-version.cmake
[6.138s] -- Installing: /home/tony/ros2_ws/src/install/interbotix_xsarm_sim/share/interbotix_xsarm_sim/package.xml
[6.153s] Invoked command in '/home/tony/ros2_ws/src/build/interbotix_xsarm_sim' returned '0': AMENT_PREFIX_PATH=/home/tony/ros2_ws/src/install/interbotix_xsarm_descriptions:${AMENT_PREFIX_PATH} CMAKE_PREFIX_PATH=/home/tony/ros2_ws/src/install/interbotix_xsarm_descriptions:/home/tony/ros2_ws/install/turtlebot3:/home/tony/ros2_ws/install/turtlebot3_bringup:/home/tony/ros2_ws/install/turtlebot3_node:/home/tony/ros2_ws/install/turtlebot3_navigation2:/home/tony/ros2_ws/install/turtlebot3_description:/home/tony/ros2_ws/install/turtlebot3_cartographer:/home/tony/ros2_ws/install/ros2_aruco_interfaces:/home/tony/ros2_ws/install/realsense2_description:/home/tony/ros2_ws/install/realsense2_camera:/home/tony/ros2_ws/install/realsense2_camera_msgs:/home/tony/ros2_ws/install/pan_tilt_driver:/home/tony/ros2_ws/install/pan_tilt_msgs:/home/tony/ros2_ws/install/pan_tilt_description:/home/tony/ros2_ws/install/pan_tilt_bringup:/home/tony/ros2_ws/install/iqr_tb4_navigation:/home/tony/ros2_ws/install/iqr_tb4_bringup:/home/tony/ros2_ws/install/interbotix_xsarm_sim:/home/tony/ros2_ws/install/interbotix_xsarm_control:/home/tony/ros2_ws/install/interbotix_xsarm_descriptions:/home/tony/ros2_ws/install/EI_Final_Project:/home/tony/ros2_ws/install/yolov10_inference:/home/tony/ros2_ws/install/witmotion_ros_driver:/home/tony/ros2_ws/install/turtlebot3_teleop:/home/tony/ros2_ws/install/turtlebot3_example:/home/tony/ros2_ws/install/ros2_aruco:/home/tony/ros2_ws/install/opencv_pkg:/home/tony/ros2_ws/install/iqr_tb4_description:/home/tony/ros2_ws/install/ax12a_arm_controller:/opt/ros/humble /usr/bin/cmake --install /home/tony/ros2_ws/src/build/interbotix_xsarm_sim
