[0.154s] Invoking command in '/home/tony/ros2_ws/build/iqr_tb4_bringup': CMAKE_PREFIX_PATH=${CMAKE_PREFIX_PATH}:/home/tony/ros2_ws/install/yolov10_inference:/home/tony/ros2_ws/install/witmotion_ros_driver:/home/tony/ros2_ws/install/turtlebot3_teleop:/home/tony/ros2_ws/install/turtlebot3_example:/home/tony/ros2_ws/install/ros2_aruco:/home/tony/ros2_ws/install/opencv_pkg:/home/tony/ros2_ws/install/ax12a_arm_controller:/opt/ros/humble /usr/bin/cmake /home/tony/ros2_ws/src/iqr_tb4_ros/iqr_tb4_bringup -DCMAKE_INSTALL_PREFIX=/home/tony/ros2_ws/install/iqr_tb4_bringup
[0.199s] -- Found ament_cmake: 1.3.6 (/opt/ros/humble/share/ament_cmake/cmake)
[0.484s] -- Override CMake install command with custom implementation using symlinks instead of copying resources
[0.498s] -- Found ament_lint_auto: 0.12.9 (/opt/ros/humble/share/ament_lint_auto/cmake)
[0.648s] -- Added test 'flake8' to check Python code syntax and style conventions
[0.650s] -- Added test 'lint_cmake' to check CMake code style
[0.650s] -- Added test 'pep257' to check Python code against some of the docstring style conventions in PEP 257
[0.650s] -- Added test 'xmllint' to check XML markup files
[0.652s] -- Configuring done
[0.657s] -- Generating done
[0.658s] -- Build files have been written to: /home/tony/ros2_ws/build/iqr_tb4_bringup
[0.902s] Invoked command in '/home/tony/ros2_ws/build/iqr_tb4_bringup' returned '0': CMAKE_PREFIX_PATH=${CMAKE_PREFIX_PATH}:/home/tony/ros2_ws/install/yolov10_inference:/home/tony/ros2_ws/install/witmotion_ros_driver:/home/tony/ros2_ws/install/turtlebot3_teleop:/home/tony/ros2_ws/install/turtlebot3_example:/home/tony/ros2_ws/install/ros2_aruco:/home/tony/ros2_ws/install/opencv_pkg:/home/tony/ros2_ws/install/ax12a_arm_controller:/opt/ros/humble /usr/bin/cmake /home/tony/ros2_ws/src/iqr_tb4_ros/iqr_tb4_bringup -DCMAKE_INSTALL_PREFIX=/home/tony/ros2_ws/install/iqr_tb4_bringup
[0.904s] Invoking command in '/home/tony/ros2_ws/build/iqr_tb4_bringup': CMAKE_PREFIX_PATH=${CMAKE_PREFIX_PATH}:/home/tony/ros2_ws/install/yolov10_inference:/home/tony/ros2_ws/install/witmotion_ros_driver:/home/tony/ros2_ws/install/turtlebot3_teleop:/home/tony/ros2_ws/install/turtlebot3_example:/home/tony/ros2_ws/install/ros2_aruco:/home/tony/ros2_ws/install/opencv_pkg:/home/tony/ros2_ws/install/ax12a_arm_controller:/opt/ros/humble /usr/bin/cmake --build /home/tony/ros2_ws/build/iqr_tb4_bringup -- -j8 -l8
[0.979s] Invoked command in '/home/tony/ros2_ws/build/iqr_tb4_bringup' returned '0': CMAKE_PREFIX_PATH=${CMAKE_PREFIX_PATH}:/home/tony/ros2_ws/install/yolov10_inference:/home/tony/ros2_ws/install/witmotion_ros_driver:/home/tony/ros2_ws/install/turtlebot3_teleop:/home/tony/ros2_ws/install/turtlebot3_example:/home/tony/ros2_ws/install/ros2_aruco:/home/tony/ros2_ws/install/opencv_pkg:/home/tony/ros2_ws/install/ax12a_arm_controller:/opt/ros/humble /usr/bin/cmake --build /home/tony/ros2_ws/build/iqr_tb4_bringup -- -j8 -l8
[1.043s] Invoking command in '/home/tony/ros2_ws/build/iqr_tb4_bringup': CMAKE_PREFIX_PATH=${CMAKE_PREFIX_PATH}:/home/tony/ros2_ws/install/yolov10_inference:/home/tony/ros2_ws/install/witmotion_ros_driver:/home/tony/ros2_ws/install/turtlebot3_teleop:/home/tony/ros2_ws/install/turtlebot3_example:/home/tony/ros2_ws/install/ros2_aruco:/home/tony/ros2_ws/install/opencv_pkg:/home/tony/ros2_ws/install/ax12a_arm_controller:/opt/ros/humble /usr/bin/cmake --install /home/tony/ros2_ws/build/iqr_tb4_bringup
[1.059s] -- Install configuration: ""
[1.060s] -- Execute custom install script
[1.060s] -- Up-to-date symlink: /home/tony/ros2_ws/install/iqr_tb4_bringup/share/iqr_tb4_bringup/launch/bringup.launch.py
[1.060s] -- Up-to-date symlink: /home/tony/ros2_ws/install/iqr_tb4_bringup/share/iqr_tb4_bringup/launch/joy_teleop.launch.py
[1.060s] -- Up-to-date symlink: /home/tony/ros2_ws/install/iqr_tb4_bringup/share/iqr_tb4_bringup/config/controller.config.yaml
[1.060s] -- Up-to-date symlink: /home/tony/ros2_ws/install/iqr_tb4_bringup/lib/iqr_tb4_bringup/gripper_control.py
[1.063s] -- Up-to-date symlink: /home/tony/ros2_ws/install/iqr_tb4_bringup/share/ament_index/resource_index/package_run_dependencies/iqr_tb4_bringup
[1.063s] -- Up-to-date symlink: /home/tony/ros2_ws/install/iqr_tb4_bringup/share/ament_index/resource_index/parent_prefix_path/iqr_tb4_bringup
[1.063s] -- Up-to-date symlink: /home/tony/ros2_ws/install/iqr_tb4_bringup/share/iqr_tb4_bringup/environment/ament_prefix_path.sh
[1.063s] -- Up-to-date symlink: /home/tony/ros2_ws/install/iqr_tb4_bringup/share/iqr_tb4_bringup/environment/ament_prefix_path.dsv
[1.063s] -- Up-to-date symlink: /home/tony/ros2_ws/install/iqr_tb4_bringup/share/iqr_tb4_bringup/environment/path.sh
[1.063s] -- Up-to-date symlink: /home/tony/ros2_ws/install/iqr_tb4_bringup/share/iqr_tb4_bringup/environment/path.dsv
[1.063s] -- Up-to-date symlink: /home/tony/ros2_ws/install/iqr_tb4_bringup/share/iqr_tb4_bringup/local_setup.bash
[1.063s] -- Up-to-date symlink: /home/tony/ros2_ws/install/iqr_tb4_bringup/share/iqr_tb4_bringup/local_setup.sh
[1.063s] -- Up-to-date symlink: /home/tony/ros2_ws/install/iqr_tb4_bringup/share/iqr_tb4_bringup/local_setup.zsh
[1.063s] -- Up-to-date symlink: /home/tony/ros2_ws/install/iqr_tb4_bringup/share/iqr_tb4_bringup/local_setup.dsv
[1.064s] -- Symlinking: /home/tony/ros2_ws/install/iqr_tb4_bringup/share/iqr_tb4_bringup/package.dsv
[1.090s] -- Up-to-date symlink: /home/tony/ros2_ws/install/iqr_tb4_bringup/share/ament_index/resource_index/packages/iqr_tb4_bringup
[1.094s] -- Up-to-date symlink: /home/tony/ros2_ws/install/iqr_tb4_bringup/share/iqr_tb4_bringup/cmake/iqr_tb4_bringupConfig.cmake
[1.094s] -- Up-to-date symlink: /home/tony/ros2_ws/install/iqr_tb4_bringup/share/iqr_tb4_bringup/cmake/iqr_tb4_bringupConfig-version.cmake
[1.094s] -- Up-to-date symlink: /home/tony/ros2_ws/install/iqr_tb4_bringup/share/iqr_tb4_bringup/package.xml
[1.094s] Invoked command in '/home/tony/ros2_ws/build/iqr_tb4_bringup' returned '0': CMAKE_PREFIX_PATH=${CMAKE_PREFIX_PATH}:/home/tony/ros2_ws/install/yolov10_inference:/home/tony/ros2_ws/install/witmotion_ros_driver:/home/tony/ros2_ws/install/turtlebot3_teleop:/home/tony/ros2_ws/install/turtlebot3_example:/home/tony/ros2_ws/install/ros2_aruco:/home/tony/ros2_ws/install/opencv_pkg:/home/tony/ros2_ws/install/ax12a_arm_controller:/opt/ros/humble /usr/bin/cmake --install /home/tony/ros2_ws/build/iqr_tb4_bringup
