[2.325s] Invoking command in '/home/tony/ros2_ws/src/ros2_aruco_realsense/ros2_aruco': PYTHONPATH=/home/tony/ros2_ws/build/ros2_aruco/prefix_override:/home/tony/ros2_ws/install/ros2_aruco/lib/python3.10/site-packages:${PYTHONPATH} /usr/bin/python3 setup.py egg_info --egg-base ../../../build/ros2_aruco build --build-base /home/tony/ros2_ws/build/ros2_aruco/build install --record /home/tony/ros2_ws/build/ros2_aruco/install.log --single-version-externally-managed
[2.999s] running egg_info
[3.013s] writing ../../../build/ros2_aruco/ros2_aruco.egg-info/PKG-INFO
[3.019s] writing dependency_links to ../../../build/ros2_aruco/ros2_aruco.egg-info/dependency_links.txt
[3.020s] writing entry points to ../../../build/ros2_aruco/ros2_aruco.egg-info/entry_points.txt
[3.021s] writing requirements to ../../../build/ros2_aruco/ros2_aruco.egg-info/requires.txt
[3.021s] writing top-level names to ../../../build/ros2_aruco/ros2_aruco.egg-info/top_level.txt
[3.057s] reading manifest file '../../../build/ros2_aruco/ros2_aruco.egg-info/SOURCES.txt'
[3.064s] writing manifest file '../../../build/ros2_aruco/ros2_aruco.egg-info/SOURCES.txt'
[3.065s] running build
[3.065s] running build_py
[3.065s] running install
[3.065s] /home/tony/.local/lib/python3.10/site-packages/setuptools/command/install.py:34: SetuptoolsDeprecationWarning: setup.py install is deprecated. Use build and pip and other standards-based tools.
[3.065s]   warnings.warn(
[3.069s] running install_lib
[3.085s] running install_data
[3.113s] running install_egg_info
[3.140s] removing '/home/tony/ros2_ws/install/ros2_aruco/lib/python3.10/site-packages/ros2_aruco-0.1.0-py3.10.egg-info' (and everything under it)
[3.140s] Copying ../../../build/ros2_aruco/ros2_aruco.egg-info to /home/tony/ros2_ws/install/ros2_aruco/lib/python3.10/site-packages/ros2_aruco-0.1.0-py3.10.egg-info
[3.140s] running install_scripts
[3.235s] Installing aruco_generate_marker script to /home/tony/ros2_ws/install/ros2_aruco/lib/ros2_aruco
[3.235s] Installing aruco_node script to /home/tony/ros2_ws/install/ros2_aruco/lib/ros2_aruco
[3.237s] writing list of installed files to '/home/tony/ros2_ws/build/ros2_aruco/install.log'
[3.367s] Invoked command in '/home/tony/ros2_ws/src/ros2_aruco_realsense/ros2_aruco' returned '0': PYTHONPATH=/home/tony/ros2_ws/build/ros2_aruco/prefix_override:/home/tony/ros2_ws/install/ros2_aruco/lib/python3.10/site-packages:${PYTHONPATH} /usr/bin/python3 setup.py egg_info --egg-base ../../../build/ros2_aruco build --build-base /home/tony/ros2_ws/build/ros2_aruco/build install --record /home/tony/ros2_ws/build/ros2_aruco/install.log --single-version-externally-managed
