[0.813s] Invoking command in '/home/tony/ros2_ws/build/ros2_aruco_interfaces': /usr/bin/cmake /home/tony/ros2_ws/src/ros2_aruco_realsense/ros2_aruco_interfaces -DCMAKE_INSTALL_PREFIX=/home/tony/ros2_ws/install/ros2_aruco_interfaces
[0.859s] -- Found ament_cmake: 1.3.6 (/opt/ros/humble/share/ament_cmake/cmake)
[0.975s] -- Override CMake install command with custom implementation using symlinks instead of copying resources
[0.980s] -- Found geometry_msgs: 4.2.4 (/opt/ros/humble/share/geometry_msgs/cmake)
[1.008s] -- Found rosidl_generator_c: 3.1.5 (/opt/ros/humble/share/rosidl_generator_c/cmake)
[1.010s] -- Found rosidl_adapter: 3.1.5 (/opt/ros/humble/share/rosidl_adapter/cmake)
[1.016s] -- Found rosidl_generator_cpp: 3.1.5 (/opt/ros/humble/share/rosidl_generator_cpp/cmake)
[1.027s] -- Using all available rosidl_typesupport_c: rosidl_typesupport_fastrtps_c;rosidl_typesupport_introspection_c
[1.041s] -- Using all available rosidl_typesupport_cpp: rosidl_typesupport_fastrtps_cpp;rosidl_typesupport_introspection_cpp
[1.145s] -- Found rosidl_default_generators: 1.2.0 (/opt/ros/humble/share/rosidl_default_generators/cmake)
[1.280s] [0mCMake Error: File /home/tony/ros2_ws/src/ros2_aruco_realsense/ros2_aruco_interfaces/package.xml does not exist.[0m
[1.281s] [31mCMake Error at /opt/ros/humble/share/ament_cmake_core/cmake/core/stamp.cmake:24 (configure_file):
[1.281s]   configure_file Problem configuring file
[1.281s] Call Stack (most recent call first):
[1.281s]   /opt/ros/humble/share/ament_cmake_core/cmake/core/ament_package_xml.cmake:73 (stamp)
[1.281s]   /opt/ros/humble/share/ament_cmake_core/cmake/core/ament_package_xml.cmake:49 (_ament_package_xml)
[1.281s]   /opt/ros/humble/share/rosidl_cmake/cmake/rosidl_generate_interfaces.cmake:226 (ament_package_xml)
[1.281s]   CMakeLists.txt:28 (rosidl_generate_interfaces)
[1.281s] 
[1.281s] [0m
[1.281s] [31mCMake Error at /opt/ros/humble/share/rosidl_cmake/cmake/rosidl_generate_interfaces.cmake:229 (message):
[1.281s]   Packages installing interfaces must include
[1.281s]   '<member_of_group>rosidl_interface_packages</member_of_group>' in their
[1.281s]   package.xml
[1.281s] Call Stack (most recent call first):
[1.282s]   CMakeLists.txt:28 (rosidl_generate_interfaces)
[1.282s] 
[1.282s] [0m
[1.282s] -- Configuring incomplete, errors occurred!
[1.282s] See also "/home/tony/ros2_ws/build/ros2_aruco_interfaces/CMakeFiles/CMakeOutput.log".
