[0.683s] Invoking command in '/home/tony/ros2_ws/src/build/iqr_tb4_bringup': CMAKE_PREFIX_PATH=${CMAKE_PREFIX_PATH}:/home/tony/ros2_ws/install/yolov10_inference:/home/tony/ros2_ws/install/witmotion_ros_driver:/home/tony/ros2_ws/install/turtlebot3_teleop:/home/tony/ros2_ws/install/turtlebot3_example:/home/tony/ros2_ws/install/ros2_aruco:/home/tony/ros2_ws/install/opencv_pkg:/home/tony/ros2_ws/install/iqr_tb4_description:/home/tony/ros2_ws/install/ax12a_arm_controller:/opt/ros/humble /usr/bin/cmake /home/tony/ros2_ws/src/iqr_tb4_ros/iqr_tb4_bringup -DCMAKE_INSTALL_PREFIX=/home/tony/ros2_ws/src/install/iqr_tb4_bringup
[0.796s] -- The C compiler identification is GNU 11.4.0
[1.101s] -- The CXX compiler identification is GNU 11.4.0
[1.127s] -- Detecting C compiler ABI info
[1.400s] -- Detecting C compiler ABI info - done
[1.417s] -- Check for working C compiler: /usr/bin/cc - skipped
[1.417s] -- Detecting C compile features
[1.418s] -- Detecting C compile features - done
[1.459s] -- Detecting CXX compiler ABI info
[1.731s] -- Detecting CXX compiler ABI info - done
[1.758s] -- Check for working CXX compiler: /usr/bin/c++ - skipped
[1.759s] -- Detecting CXX compile features
[1.761s] -- Detecting CXX compile features - done
[1.790s] -- Found ament_cmake: 1.3.6 (/opt/ros/humble/share/ament_cmake/cmake)
[7.667s] -- Found Python3: /usr/bin/python3.10 (found version "3.10.12") found components: Interpreter 
[8.188s] -- Found ament_lint_auto: 0.12.9 (/opt/ros/humble/share/ament_lint_auto/cmake)
[8.527s] -- Added test 'flake8' to check Python code syntax and style conventions
[8.535s] -- Added test 'lint_cmake' to check CMake code style
[8.542s] -- Added test 'pep257' to check Python code against some of the docstring style conventions in PEP 257
[8.556s] -- Added test 'xmllint' to check XML markup files
[8.575s] -- Configuring done
[8.598s] -- Generating done
[8.599s] -- Build files have been written to: /home/tony/ros2_ws/src/build/iqr_tb4_bringup
[8.672s] Invoked command in '/home/tony/ros2_ws/src/build/iqr_tb4_bringup' returned '0': CMAKE_PREFIX_PATH=${CMAKE_PREFIX_PATH}:/home/tony/ros2_ws/install/yolov10_inference:/home/tony/ros2_ws/install/witmotion_ros_driver:/home/tony/ros2_ws/install/turtlebot3_teleop:/home/tony/ros2_ws/install/turtlebot3_example:/home/tony/ros2_ws/install/ros2_aruco:/home/tony/ros2_ws/install/opencv_pkg:/home/tony/ros2_ws/install/iqr_tb4_description:/home/tony/ros2_ws/install/ax12a_arm_controller:/opt/ros/humble /usr/bin/cmake /home/tony/ros2_ws/src/iqr_tb4_ros/iqr_tb4_bringup -DCMAKE_INSTALL_PREFIX=/home/tony/ros2_ws/src/install/iqr_tb4_bringup
[8.673s] Invoking command in '/home/tony/ros2_ws/src/build/iqr_tb4_bringup': CMAKE_PREFIX_PATH=${CMAKE_PREFIX_PATH}:/home/tony/ros2_ws/install/yolov10_inference:/home/tony/ros2_ws/install/witmotion_ros_driver:/home/tony/ros2_ws/install/turtlebot3_teleop:/home/tony/ros2_ws/install/turtlebot3_example:/home/tony/ros2_ws/install/ros2_aruco:/home/tony/ros2_ws/install/opencv_pkg:/home/tony/ros2_ws/install/iqr_tb4_description:/home/tony/ros2_ws/install/ax12a_arm_controller:/opt/ros/humble /usr/bin/cmake --build /home/tony/ros2_ws/src/build/iqr_tb4_bringup -- -j8 -l8
[9.518s] Invoked command in '/home/tony/ros2_ws/src/build/iqr_tb4_bringup' returned '0': CMAKE_PREFIX_PATH=${CMAKE_PREFIX_PATH}:/home/tony/ros2_ws/install/yolov10_inference:/home/tony/ros2_ws/install/witmotion_ros_driver:/home/tony/ros2_ws/install/turtlebot3_teleop:/home/tony/ros2_ws/install/turtlebot3_example:/home/tony/ros2_ws/install/ros2_aruco:/home/tony/ros2_ws/install/opencv_pkg:/home/tony/ros2_ws/install/iqr_tb4_description:/home/tony/ros2_ws/install/ax12a_arm_controller:/opt/ros/humble /usr/bin/cmake --build /home/tony/ros2_ws/src/build/iqr_tb4_bringup -- -j8 -l8
[9.635s] Invoking command in '/home/tony/ros2_ws/src/build/iqr_tb4_bringup': CMAKE_PREFIX_PATH=${CMAKE_PREFIX_PATH}:/home/tony/ros2_ws/install/yolov10_inference:/home/tony/ros2_ws/install/witmotion_ros_driver:/home/tony/ros2_ws/install/turtlebot3_teleop:/home/tony/ros2_ws/install/turtlebot3_example:/home/tony/ros2_ws/install/ros2_aruco:/home/tony/ros2_ws/install/opencv_pkg:/home/tony/ros2_ws/install/iqr_tb4_description:/home/tony/ros2_ws/install/ax12a_arm_controller:/opt/ros/humble /usr/bin/cmake --install /home/tony/ros2_ws/src/build/iqr_tb4_bringup
[10.504s] -- Install configuration: ""
[10.505s] -- Installing: /home/tony/ros2_ws/src/install/iqr_tb4_bringup/share/iqr_tb4_bringup/launch
[10.505s] -- Installing: /home/tony/ros2_ws/src/install/iqr_tb4_bringup/share/iqr_tb4_bringup/launch/bringup.launch.py
[10.505s] -- Installing: /home/tony/ros2_ws/src/install/iqr_tb4_bringup/share/iqr_tb4_bringup/launch/joy_teleop.launch.py
[10.505s] -- Installing: /home/tony/ros2_ws/src/install/iqr_tb4_bringup/share/iqr_tb4_bringup/src
[10.505s] -- Installing: /home/tony/ros2_ws/src/install/iqr_tb4_bringup/share/iqr_tb4_bringup/config
[10.505s] -- Installing: /home/tony/ros2_ws/src/install/iqr_tb4_bringup/share/iqr_tb4_bringup/config/controller.config.yaml
[10.505s] -- Installing: /home/tony/ros2_ws/src/install/iqr_tb4_bringup/lib/iqr_tb4_bringup/gripper_control.py
[10.505s] -- Installing: /home/tony/ros2_ws/src/install/iqr_tb4_bringup/share/ament_index/resource_index/package_run_dependencies/iqr_tb4_bringup
[10.505s] -- Installing: /home/tony/ros2_ws/src/install/iqr_tb4_bringup/share/ament_index/resource_index/parent_prefix_path/iqr_tb4_bringup
[10.505s] -- Installing: /home/tony/ros2_ws/src/install/iqr_tb4_bringup/share/iqr_tb4_bringup/environment/ament_prefix_path.sh
[10.505s] -- Installing: /home/tony/ros2_ws/src/install/iqr_tb4_bringup/share/iqr_tb4_bringup/environment/ament_prefix_path.dsv
[10.505s] -- Installing: /home/tony/ros2_ws/src/install/iqr_tb4_bringup/share/iqr_tb4_bringup/environment/path.sh
[10.505s] -- Installing: /home/tony/ros2_ws/src/install/iqr_tb4_bringup/share/iqr_tb4_bringup/environment/path.dsv
[10.505s] -- Installing: /home/tony/ros2_ws/src/install/iqr_tb4_bringup/share/iqr_tb4_bringup/local_setup.bash
[10.505s] -- Installing: /home/tony/ros2_ws/src/install/iqr_tb4_bringup/share/iqr_tb4_bringup/local_setup.sh
[10.505s] -- Installing: /home/tony/ros2_ws/src/install/iqr_tb4_bringup/share/iqr_tb4_bringup/local_setup.zsh
[10.506s] -- Installing: /home/tony/ros2_ws/src/install/iqr_tb4_bringup/share/iqr_tb4_bringup/local_setup.dsv
[10.506s] -- Installing: /home/tony/ros2_ws/src/install/iqr_tb4_bringup/share/iqr_tb4_bringup/package.dsv
[10.506s] -- Installing: /home/tony/ros2_ws/src/install/iqr_tb4_bringup/share/ament_index/resource_index/packages/iqr_tb4_bringup
[10.506s] -- Installing: /home/tony/ros2_ws/src/install/iqr_tb4_bringup/share/iqr_tb4_bringup/cmake/iqr_tb4_bringupConfig.cmake
[10.506s] -- Installing: /home/tony/ros2_ws/src/install/iqr_tb4_bringup/share/iqr_tb4_bringup/cmake/iqr_tb4_bringupConfig-version.cmake
[10.506s] -- Installing: /home/tony/ros2_ws/src/install/iqr_tb4_bringup/share/iqr_tb4_bringup/package.xml
[10.523s] Invoked command in '/home/tony/ros2_ws/src/build/iqr_tb4_bringup' returned '0': CMAKE_PREFIX_PATH=${CMAKE_PREFIX_PATH}:/home/tony/ros2_ws/install/yolov10_inference:/home/tony/ros2_ws/install/witmotion_ros_driver:/home/tony/ros2_ws/install/turtlebot3_teleop:/home/tony/ros2_ws/install/turtlebot3_example:/home/tony/ros2_ws/install/ros2_aruco:/home/tony/ros2_ws/install/opencv_pkg:/home/tony/ros2_ws/install/iqr_tb4_description:/home/tony/ros2_ws/install/ax12a_arm_controller:/opt/ros/humble /usr/bin/cmake --install /home/tony/ros2_ws/src/build/iqr_tb4_bringup
