[2.561s] Invoking command in '/home/tony/ros2_ws/build/turtlebot3_example': PYTHONPATH=/home/tony/ros2_ws/build/turtlebot3_example/prefix_override:/home/tony/ros2_ws/install/turtlebot3_example/lib/python3.10/site-packages:${PYTHONPATH} /usr/bin/python3 setup.py develop --editable --build-directory /home/tony/ros2_ws/build/turtlebot3_example/build --no-deps install_data
[3.433s] running develop
[3.442s] /home/tony/.local/lib/python3.10/site-packages/setuptools/command/easy_install.py:144: EasyInstallDeprecationWarning: easy_install command is deprecated. Use build and pip and other standards-based tools.
[3.443s]   warnings.warn(
[3.501s] /home/tony/.local/lib/python3.10/site-packages/setuptools/command/install.py:34: SetuptoolsDeprecationWarning: setup.py install is deprecated. Use build and pip and other standards-based tools.
[3.501s]   warnings.warn(
[4.025s] running egg_info
[4.052s] writing turtlebot3_example.egg-info/PKG-INFO
[4.052s] writing dependency_links to turtlebot3_example.egg-info/dependency_links.txt
[4.052s] writing entry points to turtlebot3_example.egg-info/entry_points.txt
[4.052s] writing requirements to turtlebot3_example.egg-info/requires.txt
[4.052s] writing top-level names to turtlebot3_example.egg-info/top_level.txt
[4.113s] reading manifest file 'turtlebot3_example.egg-info/SOURCES.txt'
[4.113s] writing manifest file 'turtlebot3_example.egg-info/SOURCES.txt'
[4.141s] running build_ext
[4.141s] Creating /home/tony/ros2_ws/install/turtlebot3_example/lib/python3.10/site-packages/turtlebot3-example.egg-link (link to .)
[4.143s] Installing turtlebot3_obstacle_detection script to /home/tony/ros2_ws/install/turtlebot3_example/lib/turtlebot3_example
[4.152s] Installing turtlebot3_patrol_client script to /home/tony/ros2_ws/install/turtlebot3_example/lib/turtlebot3_example
[4.155s] Installing turtlebot3_patrol_server script to /home/tony/ros2_ws/install/turtlebot3_example/lib/turtlebot3_example
[4.155s] Installing turtlebot3_position_control script to /home/tony/ros2_ws/install/turtlebot3_example/lib/turtlebot3_example
[4.155s] 
[4.155s] Installed /home/tony/ros2_ws/build/turtlebot3_example
[4.156s] running install_data
[4.394s] Invoked command in '/home/tony/ros2_ws/build/turtlebot3_example' returned '0': PYTHONPATH=/home/tony/ros2_ws/build/turtlebot3_example/prefix_override:/home/tony/ros2_ws/install/turtlebot3_example/lib/python3.10/site-packages:${PYTHONPATH} /usr/bin/python3 setup.py develop --editable --build-directory /home/tony/ros2_ws/build/turtlebot3_example/build --no-deps install_data
