[3.123s] Invoking command in '/home/tony/ros2_ws/build/yolov10_inference': PYTHONPATH=/home/tony/ros2_ws/build/yolov10_inference/prefix_override:/home/tony/ros2_ws/install/yolov10_inference/lib/python3.10/site-packages:${PYTHONPATH} /usr/bin/python3 setup.py develop --editable --build-directory /home/tony/ros2_ws/build/yolov10_inference/build --no-deps install_data
[3.805s] running develop
[3.805s] /home/tony/.local/lib/python3.10/site-packages/setuptools/command/easy_install.py:144: EasyInstallDeprecationWarning: easy_install command is deprecated. Use build and pip and other standards-based tools.
[3.805s]   warnings.warn(
[3.861s] /home/tony/.local/lib/python3.10/site-packages/setuptools/command/install.py:34: SetuptoolsDeprecationWarning: setup.py install is deprecated. Use build and pip and other standards-based tools.
[3.862s]   warnings.warn(
[4.389s] running egg_info
[4.425s] writing yolov10_inference.egg-info/PKG-INFO
[4.425s] writing dependency_links to yolov10_inference.egg-info/dependency_links.txt
[4.425s] writing entry points to yolov10_inference.egg-info/entry_points.txt
[4.426s] writing requirements to yolov10_inference.egg-info/requires.txt
[4.426s] writing top-level names to yolov10_inference.egg-info/top_level.txt
[4.495s] reading manifest file 'yolov10_inference.egg-info/SOURCES.txt'
[4.510s] writing manifest file 'yolov10_inference.egg-info/SOURCES.txt'
[4.549s] running build_ext
[4.549s] Creating /home/tony/ros2_ws/install/yolov10_inference/lib/python3.10/site-packages/yolov10-inference.egg-link (link to .)
[4.550s] Installing yolo_rgs script to /home/tony/ros2_ws/install/yolov10_inference/lib/yolov10_inference
[4.550s] 
[4.550s] Installed /home/tony/ros2_ws/build/yolov10_inference
[4.550s] running install_data
[5.080s] Invoked command in '/home/tony/ros2_ws/build/yolov10_inference' returned '0': PYTHONPATH=/home/tony/ros2_ws/build/yolov10_inference/prefix_override:/home/tony/ros2_ws/install/yolov10_inference/lib/python3.10/site-packages:${PYTHONPATH} /usr/bin/python3 setup.py develop --editable --build-directory /home/tony/ros2_ws/build/yolov10_inference/build --no-deps install_data
