[3.672s] Invoking command in '/home/tony/ros2_ws/src/ros2_aruco_realsense/ros2_aruco': PYTHONPATH=/home/tony/ros2_ws/build/ros2_aruco/prefix_override:/home/tony/ros2_ws/install/ros2_aruco/lib/python3.10/site-packages:${PYTHONPATH} /usr/bin/python3 setup.py egg_info --egg-base ../../../build/ros2_aruco build --build-base /home/tony/ros2_ws/build/ros2_aruco/build install --record /home/tony/ros2_ws/build/ros2_aruco/install.log --single-version-externally-managed
[4.185s] running egg_info
[4.206s] writing ../../../build/ros2_aruco/ros2_aruco.egg-info/PKG-INFO
[4.207s] writing dependency_links to ../../../build/ros2_aruco/ros2_aruco.egg-info/dependency_links.txt
[4.208s] writing entry points to ../../../build/ros2_aruco/ros2_aruco.egg-info/entry_points.txt
[4.208s] writing requirements to ../../../build/ros2_aruco/ros2_aruco.egg-info/requires.txt
[4.208s] writing top-level names to ../../../build/ros2_aruco/ros2_aruco.egg-info/top_level.txt
[4.246s] reading manifest file '../../../build/ros2_aruco/ros2_aruco.egg-info/SOURCES.txt'
[4.246s] writing manifest file '../../../build/ros2_aruco/ros2_aruco.egg-info/SOURCES.txt'
[4.246s] running build
[4.247s] running build_py
[4.247s] /home/tony/.local/lib/python3.10/site-packages/setuptools/command/install.py:34: SetuptoolsDeprecationWarning: setup.py install is deprecated. Use build and pip and other standards-based tools.
[4.247s]   warnings.warn(
[4.248s] running install
[4.252s] running install_lib
[4.269s] running install_data
[4.286s] running install_egg_info
[4.305s] removing '/home/tony/ros2_ws/install/ros2_aruco/lib/python3.10/site-packages/ros2_aruco-0.1.0-py3.10.egg-info' (and everything under it)
[4.306s] Copying ../../../build/ros2_aruco/ros2_aruco.egg-info to /home/tony/ros2_ws/install/ros2_aruco/lib/python3.10/site-packages/ros2_aruco-0.1.0-py3.10.egg-info
[4.307s] running install_scripts
[4.373s] Installing aruco_generate_marker script to /home/tony/ros2_ws/install/ros2_aruco/lib/ros2_aruco
[4.373s] Installing aruco_node script to /home/tony/ros2_ws/install/ros2_aruco/lib/ros2_aruco
[4.374s] writing list of installed files to '/home/tony/ros2_ws/build/ros2_aruco/install.log'
[4.444s] Invoked command in '/home/tony/ros2_ws/src/ros2_aruco_realsense/ros2_aruco' returned '0': PYTHONPATH=/home/tony/ros2_ws/build/ros2_aruco/prefix_override:/home/tony/ros2_ws/install/ros2_aruco/lib/python3.10/site-packages:${PYTHONPATH} /usr/bin/python3 setup.py egg_info --egg-base ../../../build/ros2_aruco build --build-base /home/tony/ros2_ws/build/ros2_aruco/build install --record /home/tony/ros2_ws/build/ros2_aruco/install.log --single-version-externally-managed
