[0.383s] Invoking command in '/home/tony/ros2_ws/src/build/interbotix_xsarm_ros_control': AMENT_PREFIX_PATH=/home/tony/ros2_ws/src/install/interbotix_xsarm_control:/home/tony/ros2_ws/src/install/interbotix_xsarm_descriptions:${AMENT_PREFIX_PATH} CMAKE_PREFIX_PATH=/home/tony/ros2_ws/src/install/interbotix_xsarm_control:/home/tony/ros2_ws/src/install/interbotix_xsarm_descriptions:/home/tony/ros2_ws/install/turtlebot3:/home/tony/ros2_ws/install/turtlebot3_bringup:/home/tony/ros2_ws/install/turtlebot3_node:/home/tony/ros2_ws/install/turtlebot3_navigation2:/home/tony/ros2_ws/install/turtlebot3_description:/home/tony/ros2_ws/install/turtlebot3_cartographer:/home/tony/ros2_ws/install/ros2_aruco_interfaces:/home/tony/ros2_ws/install/realsense2_description:/home/tony/ros2_ws/install/realsense2_camera:/home/tony/ros2_ws/install/realsense2_camera_msgs:/home/tony/ros2_ws/install/pan_tilt_driver:/home/tony/ros2_ws/install/pan_tilt_msgs:/home/tony/ros2_ws/install/pan_tilt_description:/home/tony/ros2_ws/install/pan_tilt_bringup:/home/tony/ros2_ws/install/iqr_tb4_navigation:/home/tony/ros2_ws/install/iqr_tb4_bringup:/home/tony/ros2_ws/install/interbotix_xsarm_sim:/home/tony/ros2_ws/install/interbotix_xsarm_control:/home/tony/ros2_ws/install/interbotix_xsarm_descriptions:/home/tony/ros2_ws/install/EI_Final_Project:/home/tony/ros2_ws/install/yolov10_inference:/home/tony/ros2_ws/install/witmotion_ros_driver:/home/tony/ros2_ws/install/turtlebot3_teleop:/home/tony/ros2_ws/install/turtlebot3_example:/home/tony/ros2_ws/install/ros2_aruco:/home/tony/ros2_ws/install/opencv_pkg:/home/tony/ros2_ws/install/iqr_tb4_description:/home/tony/ros2_ws/install/ax12a_arm_controller:/opt/ros/humble /usr/bin/cmake /home/tony/ros2_ws/src/interbotix_ros_manipulators/interbotix_ros_xsarms/interbotix_xsarm_ros_control -DCMAKE_INSTALL_PREFIX=/home/tony/ros2_ws/src/install/interbotix_xsarm_ros_control
[1.285s] -- The C compiler identification is GNU 11.4.0
[1.285s] -- The CXX compiler identification is GNU 11.4.0
[1.293s] -- Detecting C compiler ABI info
[1.294s] -- Detecting C compiler ABI info - done
[1.295s] -- Check for working C compiler: /usr/bin/cc - skipped
[1.299s] -- Detecting C compile features
[1.299s] -- Detecting C compile features - done
[1.299s] -- Detecting CXX compiler ABI info
[1.299s] -- Detecting CXX compiler ABI info - done
[1.299s] -- Check for working CXX compiler: /usr/bin/c++ - skipped
[1.299s] -- Detecting CXX compile features
[1.299s] -- Detecting CXX compile features - done
[1.300s] -- Found ament_cmake: 1.3.6 (/opt/ros/humble/share/ament_cmake/cmake)
[3.430s] -- Found Python3: /usr/bin/python3.10 (found version "3.10.12") found components: Interpreter 
[3.732s] -- Found ament_lint_auto: 0.12.9 (/opt/ros/humble/share/ament_lint_auto/cmake)
[3.962s] -- Added test 'copyright' to check source files copyright and LICENSE
[3.971s] -- Added test 'flake8' to check Python code syntax and style conventions
[3.977s] -- Added test 'lint_cmake' to check CMake code style
[3.980s] -- Added test 'pep257' to check Python code against some of the docstring style conventions in PEP 257
[3.986s] -- Added test 'xmllint' to check XML markup files
[3.999s] -- Configuring done
[4.009s] -- Generating done
[4.009s] -- Build files have been written to: /home/tony/ros2_ws/src/build/interbotix_xsarm_ros_control
[4.703s] Invoked command in '/home/tony/ros2_ws/src/build/interbotix_xsarm_ros_control' returned '0': AMENT_PREFIX_PATH=/home/tony/ros2_ws/src/install/interbotix_xsarm_control:/home/tony/ros2_ws/src/install/interbotix_xsarm_descriptions:${AMENT_PREFIX_PATH} CMAKE_PREFIX_PATH=/home/tony/ros2_ws/src/install/interbotix_xsarm_control:/home/tony/ros2_ws/src/install/interbotix_xsarm_descriptions:/home/tony/ros2_ws/install/turtlebot3:/home/tony/ros2_ws/install/turtlebot3_bringup:/home/tony/ros2_ws/install/turtlebot3_node:/home/tony/ros2_ws/install/turtlebot3_navigation2:/home/tony/ros2_ws/install/turtlebot3_description:/home/tony/ros2_ws/install/turtlebot3_cartographer:/home/tony/ros2_ws/install/ros2_aruco_interfaces:/home/tony/ros2_ws/install/realsense2_description:/home/tony/ros2_ws/install/realsense2_camera:/home/tony/ros2_ws/install/realsense2_camera_msgs:/home/tony/ros2_ws/install/pan_tilt_driver:/home/tony/ros2_ws/install/pan_tilt_msgs:/home/tony/ros2_ws/install/pan_tilt_description:/home/tony/ros2_ws/install/pan_tilt_bringup:/home/tony/ros2_ws/install/iqr_tb4_navigation:/home/tony/ros2_ws/install/iqr_tb4_bringup:/home/tony/ros2_ws/install/interbotix_xsarm_sim:/home/tony/ros2_ws/install/interbotix_xsarm_control:/home/tony/ros2_ws/install/interbotix_xsarm_descriptions:/home/tony/ros2_ws/install/EI_Final_Project:/home/tony/ros2_ws/install/yolov10_inference:/home/tony/ros2_ws/install/witmotion_ros_driver:/home/tony/ros2_ws/install/turtlebot3_teleop:/home/tony/ros2_ws/install/turtlebot3_example:/home/tony/ros2_ws/install/ros2_aruco:/home/tony/ros2_ws/install/opencv_pkg:/home/tony/ros2_ws/install/iqr_tb4_description:/home/tony/ros2_ws/install/ax12a_arm_controller:/opt/ros/humble /usr/bin/cmake /home/tony/ros2_ws/src/interbotix_ros_manipulators/interbotix_ros_xsarms/interbotix_xsarm_ros_control -DCMAKE_INSTALL_PREFIX=/home/tony/ros2_ws/src/install/interbotix_xsarm_ros_control
[4.705s] Invoking command in '/home/tony/ros2_ws/src/build/interbotix_xsarm_ros_control': AMENT_PREFIX_PATH=/home/tony/ros2_ws/src/install/interbotix_xsarm_control:/home/tony/ros2_ws/src/install/interbotix_xsarm_descriptions:${AMENT_PREFIX_PATH} CMAKE_PREFIX_PATH=/home/tony/ros2_ws/src/install/interbotix_xsarm_control:/home/tony/ros2_ws/src/install/interbotix_xsarm_descriptions:/home/tony/ros2_ws/install/turtlebot3:/home/tony/ros2_ws/install/turtlebot3_bringup:/home/tony/ros2_ws/install/turtlebot3_node:/home/tony/ros2_ws/install/turtlebot3_navigation2:/home/tony/ros2_ws/install/turtlebot3_description:/home/tony/ros2_ws/install/turtlebot3_cartographer:/home/tony/ros2_ws/install/ros2_aruco_interfaces:/home/tony/ros2_ws/install/realsense2_description:/home/tony/ros2_ws/install/realsense2_camera:/home/tony/ros2_ws/install/realsense2_camera_msgs:/home/tony/ros2_ws/install/pan_tilt_driver:/home/tony/ros2_ws/install/pan_tilt_msgs:/home/tony/ros2_ws/install/pan_tilt_description:/home/tony/ros2_ws/install/pan_tilt_bringup:/home/tony/ros2_ws/install/iqr_tb4_navigation:/home/tony/ros2_ws/install/iqr_tb4_bringup:/home/tony/ros2_ws/install/interbotix_xsarm_sim:/home/tony/ros2_ws/install/interbotix_xsarm_control:/home/tony/ros2_ws/install/interbotix_xsarm_descriptions:/home/tony/ros2_ws/install/EI_Final_Project:/home/tony/ros2_ws/install/yolov10_inference:/home/tony/ros2_ws/install/witmotion_ros_driver:/home/tony/ros2_ws/install/turtlebot3_teleop:/home/tony/ros2_ws/install/turtlebot3_example:/home/tony/ros2_ws/install/ros2_aruco:/home/tony/ros2_ws/install/opencv_pkg:/home/tony/ros2_ws/install/iqr_tb4_description:/home/tony/ros2_ws/install/ax12a_arm_controller:/opt/ros/humble /usr/bin/cmake --build /home/tony/ros2_ws/src/build/interbotix_xsarm_ros_control -- -j8 -l8
[5.930s] Invoked command in '/home/tony/ros2_ws/src/build/interbotix_xsarm_ros_control' returned '0': AMENT_PREFIX_PATH=/home/tony/ros2_ws/src/install/interbotix_xsarm_control:/home/tony/ros2_ws/src/install/interbotix_xsarm_descriptions:${AMENT_PREFIX_PATH} CMAKE_PREFIX_PATH=/home/tony/ros2_ws/src/install/interbotix_xsarm_control:/home/tony/ros2_ws/src/install/interbotix_xsarm_descriptions:/home/tony/ros2_ws/install/turtlebot3:/home/tony/ros2_ws/install/turtlebot3_bringup:/home/tony/ros2_ws/install/turtlebot3_node:/home/tony/ros2_ws/install/turtlebot3_navigation2:/home/tony/ros2_ws/install/turtlebot3_description:/home/tony/ros2_ws/install/turtlebot3_cartographer:/home/tony/ros2_ws/install/ros2_aruco_interfaces:/home/tony/ros2_ws/install/realsense2_description:/home/tony/ros2_ws/install/realsense2_camera:/home/tony/ros2_ws/install/realsense2_camera_msgs:/home/tony/ros2_ws/install/pan_tilt_driver:/home/tony/ros2_ws/install/pan_tilt_msgs:/home/tony/ros2_ws/install/pan_tilt_description:/home/tony/ros2_ws/install/pan_tilt_bringup:/home/tony/ros2_ws/install/iqr_tb4_navigation:/home/tony/ros2_ws/install/iqr_tb4_bringup:/home/tony/ros2_ws/install/interbotix_xsarm_sim:/home/tony/ros2_ws/install/interbotix_xsarm_control:/home/tony/ros2_ws/install/interbotix_xsarm_descriptions:/home/tony/ros2_ws/install/EI_Final_Project:/home/tony/ros2_ws/install/yolov10_inference:/home/tony/ros2_ws/install/witmotion_ros_driver:/home/tony/ros2_ws/install/turtlebot3_teleop:/home/tony/ros2_ws/install/turtlebot3_example:/home/tony/ros2_ws/install/ros2_aruco:/home/tony/ros2_ws/install/opencv_pkg:/home/tony/ros2_ws/install/iqr_tb4_description:/home/tony/ros2_ws/install/ax12a_arm_controller:/opt/ros/humble /usr/bin/cmake --build /home/tony/ros2_ws/src/build/interbotix_xsarm_ros_control -- -j8 -l8
[6.266s] Invoking command in '/home/tony/ros2_ws/src/build/interbotix_xsarm_ros_control': AMENT_PREFIX_PATH=/home/tony/ros2_ws/src/install/interbotix_xsarm_control:/home/tony/ros2_ws/src/install/interbotix_xsarm_descriptions:${AMENT_PREFIX_PATH} CMAKE_PREFIX_PATH=/home/tony/ros2_ws/src/install/interbotix_xsarm_control:/home/tony/ros2_ws/src/install/interbotix_xsarm_descriptions:/home/tony/ros2_ws/install/turtlebot3:/home/tony/ros2_ws/install/turtlebot3_bringup:/home/tony/ros2_ws/install/turtlebot3_node:/home/tony/ros2_ws/install/turtlebot3_navigation2:/home/tony/ros2_ws/install/turtlebot3_description:/home/tony/ros2_ws/install/turtlebot3_cartographer:/home/tony/ros2_ws/install/ros2_aruco_interfaces:/home/tony/ros2_ws/install/realsense2_description:/home/tony/ros2_ws/install/realsense2_camera:/home/tony/ros2_ws/install/realsense2_camera_msgs:/home/tony/ros2_ws/install/pan_tilt_driver:/home/tony/ros2_ws/install/pan_tilt_msgs:/home/tony/ros2_ws/install/pan_tilt_description:/home/tony/ros2_ws/install/pan_tilt_bringup:/home/tony/ros2_ws/install/iqr_tb4_navigation:/home/tony/ros2_ws/install/iqr_tb4_bringup:/home/tony/ros2_ws/install/interbotix_xsarm_sim:/home/tony/ros2_ws/install/interbotix_xsarm_control:/home/tony/ros2_ws/install/interbotix_xsarm_descriptions:/home/tony/ros2_ws/install/EI_Final_Project:/home/tony/ros2_ws/install/yolov10_inference:/home/tony/ros2_ws/install/witmotion_ros_driver:/home/tony/ros2_ws/install/turtlebot3_teleop:/home/tony/ros2_ws/install/turtlebot3_example:/home/tony/ros2_ws/install/ros2_aruco:/home/tony/ros2_ws/install/opencv_pkg:/home/tony/ros2_ws/install/iqr_tb4_description:/home/tony/ros2_ws/install/ax12a_arm_controller:/opt/ros/humble /usr/bin/cmake --install /home/tony/ros2_ws/src/build/interbotix_xsarm_ros_control
[6.369s] -- Install configuration: ""
[6.370s] -- Installing: /home/tony/ros2_ws/src/install/interbotix_xsarm_ros_control/share/interbotix_xsarm_ros_control//launch
[6.370s] -- Installing: /home/tony/ros2_ws/src/install/interbotix_xsarm_ros_control/share/interbotix_xsarm_ros_control//launch/xsarm_ros_control.launch.py
[6.370s] -- Installing: /home/tony/ros2_ws/src/install/interbotix_xsarm_ros_control/share/interbotix_xsarm_ros_control//config
[6.370s] -- Installing: /home/tony/ros2_ws/src/install/interbotix_xsarm_ros_control/share/interbotix_xsarm_ros_control//config/controllers
[6.370s] -- Installing: /home/tony/ros2_ws/src/install/interbotix_xsarm_ros_control/share/interbotix_xsarm_ros_control//config/controllers/vx250_controllers.yaml
[6.370s] -- Installing: /home/tony/ros2_ws/src/install/interbotix_xsarm_ros_control/share/interbotix_xsarm_ros_control//config/controllers/mobile_px100_controllers.yaml
[6.371s] -- Installing: /home/tony/ros2_ws/src/install/interbotix_xsarm_ros_control/share/interbotix_xsarm_ros_control//config/controllers/vx300_controllers.yaml
[6.371s] -- Installing: /home/tony/ros2_ws/src/install/interbotix_xsarm_ros_control/share/interbotix_xsarm_ros_control//config/controllers/vx300s_controllers.yaml
[6.371s] -- Installing: /home/tony/ros2_ws/src/install/interbotix_xsarm_ros_control/share/interbotix_xsarm_ros_control//config/controllers/px150_controllers.yaml
[6.371s] -- Installing: /home/tony/ros2_ws/src/install/interbotix_xsarm_ros_control/share/interbotix_xsarm_ros_control//config/controllers/px100_controllers.yaml
[6.371s] -- Installing: /home/tony/ros2_ws/src/install/interbotix_xsarm_ros_control/share/interbotix_xsarm_ros_control//config/controllers/rx150_controllers.yaml
[6.371s] -- Installing: /home/tony/ros2_ws/src/install/interbotix_xsarm_ros_control/share/interbotix_xsarm_ros_control//config/controllers/mobile_wx200_controllers.yaml
[6.371s] -- Installing: /home/tony/ros2_ws/src/install/interbotix_xsarm_ros_control/share/interbotix_xsarm_ros_control//config/controllers/rx200_controllers.yaml
[6.371s] -- Installing: /home/tony/ros2_ws/src/install/interbotix_xsarm_ros_control/share/interbotix_xsarm_ros_control//config/controllers/wx250s_controllers.yaml
[6.371s] -- Installing: /home/tony/ros2_ws/src/install/interbotix_xsarm_ros_control/share/interbotix_xsarm_ros_control//config/controllers/mobile_wx250s_controllers.yaml
[6.372s] -- Installing: /home/tony/ros2_ws/src/install/interbotix_xsarm_ros_control/share/interbotix_xsarm_ros_control//config/controllers/wx200_controllers.yaml
[6.372s] -- Installing: /home/tony/ros2_ws/src/install/interbotix_xsarm_ros_control/share/interbotix_xsarm_ros_control//config/controllers/wx250_controllers.yaml
[6.372s] -- Installing: /home/tony/ros2_ws/src/install/interbotix_xsarm_ros_control/share/interbotix_xsarm_ros_control//config/modes.yaml
[6.372s] -- Installing: /home/tony/ros2_ws/src/install/interbotix_xsarm_ros_control/share/ament_index/resource_index/package_run_dependencies/interbotix_xsarm_ros_control
[6.372s] -- Installing: /home/tony/ros2_ws/src/install/interbotix_xsarm_ros_control/share/ament_index/resource_index/parent_prefix_path/interbotix_xsarm_ros_control
[6.372s] -- Installing: /home/tony/ros2_ws/src/install/interbotix_xsarm_ros_control/share/interbotix_xsarm_ros_control/environment/ament_prefix_path.sh
[6.372s] -- Installing: /home/tony/ros2_ws/src/install/interbotix_xsarm_ros_control/share/interbotix_xsarm_ros_control/environment/ament_prefix_path.dsv
[6.372s] -- Installing: /home/tony/ros2_ws/src/install/interbotix_xsarm_ros_control/share/interbotix_xsarm_ros_control/environment/path.sh
[6.372s] -- Installing: /home/tony/ros2_ws/src/install/interbotix_xsarm_ros_control/share/interbotix_xsarm_ros_control/environment/path.dsv
[6.373s] -- Installing: /home/tony/ros2_ws/src/install/interbotix_xsarm_ros_control/share/interbotix_xsarm_ros_control/local_setup.bash
[6.373s] -- Installing: /home/tony/ros2_ws/src/install/interbotix_xsarm_ros_control/share/interbotix_xsarm_ros_control/local_setup.sh
[6.373s] -- Installing: /home/tony/ros2_ws/src/install/interbotix_xsarm_ros_control/share/interbotix_xsarm_ros_control/local_setup.zsh
[6.373s] -- Installing: /home/tony/ros2_ws/src/install/interbotix_xsarm_ros_control/share/interbotix_xsarm_ros_control/local_setup.dsv
[6.373s] -- Installing: /home/tony/ros2_ws/src/install/interbotix_xsarm_ros_control/share/interbotix_xsarm_ros_control/package.dsv
[6.373s] -- Installing: /home/tony/ros2_ws/src/install/interbotix_xsarm_ros_control/share/ament_index/resource_index/packages/interbotix_xsarm_ros_control
[6.373s] -- Installing: /home/tony/ros2_ws/src/install/interbotix_xsarm_ros_control/share/interbotix_xsarm_ros_control/cmake/interbotix_xsarm_ros_controlConfig.cmake
[6.373s] -- Installing: /home/tony/ros2_ws/src/install/interbotix_xsarm_ros_control/share/interbotix_xsarm_ros_control/cmake/interbotix_xsarm_ros_controlConfig-version.cmake
[6.373s] -- Installing: /home/tony/ros2_ws/src/install/interbotix_xsarm_ros_control/share/interbotix_xsarm_ros_control/package.xml
