[0.417s] Invoking command in '/home/tony/ros2_ws/build/interbotix_xsarm_puppet': AMENT_PREFIX_PATH=/home/tony/ros2_ws/install/interbotix_xsarm_control:/home/tony/ros2_ws/install/interbotix_xsarm_descriptions:${AMENT_PREFIX_PATH} CMAKE_PREFIX_PATH=/home/tony/ros2_ws/install/interbotix_xsarm_control:/home/tony/ros2_ws/install/interbotix_xsarm_descriptions:/home/tony/ros2_ws/install/turtlebot3:/home/tony/ros2_ws/install/turtlebot3_bringup:/home/tony/ros2_ws/install/turtlebot3_node:/home/tony/ros2_ws/install/turtlebot3_navigation2:/home/tony/ros2_ws/install/turtlebot3_description:/home/tony/ros2_ws/install/turtlebot3_cartographer:/home/tony/ros2_ws/install/ros2_aruco_interfaces:/home/tony/ros2_ws/install/realsense2_description:/home/tony/ros2_ws/install/realsense2_camera:/home/tony/ros2_ws/install/realsense2_camera_msgs:/home/tony/ros2_ws/install/pan_tilt_driver:/home/tony/ros2_ws/install/pan_tilt_msgs:/home/tony/ros2_ws/install/pan_tilt_description:/home/tony/ros2_ws/install/pan_tilt_bringup:/home/tony/ros2_ws/install/iqr_tb4_navigation:/home/tony/ros2_ws/install/iqr_tb4_description:/home/tony/ros2_ws/install/iqr_tb4_bringup:/home/tony/ros2_ws/install/EI_Final_Project:/home/tony/ros2_ws/install/yolov10_inference:/home/tony/ros2_ws/install/witmotion_ros_driver:/home/tony/ros2_ws/install/turtlebot3_teleop:/home/tony/ros2_ws/install/turtlebot3_example:/home/tony/ros2_ws/install/ros2_aruco:/home/tony/ros2_ws/install/opencv_pkg:/home/tony/ros2_ws/install/ax12a_arm_controller:/opt/ros/humble /usr/bin/cmake /home/tony/ros2_ws/src/interbotix_ros_manipulators/interbotix_ros_xsarms/examples/interbotix_xsarm_puppet -DAMENT_CMAKE_SYMLINK_INSTALL=1 -DCMAKE_INSTALL_PREFIX=/home/tony/ros2_ws/install/interbotix_xsarm_puppet
[0.611s] -- The C compiler identification is GNU 11.4.0
[0.729s] -- The CXX compiler identification is GNU 11.4.0
[0.747s] -- Detecting C compiler ABI info
[0.846s] -- Detecting C compiler ABI info - done
[0.857s] -- Check for working C compiler: /usr/bin/cc - skipped
[0.857s] -- Detecting C compile features
[0.858s] -- Detecting C compile features - done
[0.862s] -- Detecting CXX compiler ABI info
[0.987s] -- Detecting CXX compiler ABI info - done
[1.000s] -- Check for working CXX compiler: /usr/bin/c++ - skipped
[1.000s] -- Detecting CXX compile features
[1.003s] -- Detecting CXX compile features - done
[1.010s] -- Found ament_cmake: 1.3.6 (/opt/ros/humble/share/ament_cmake/cmake)
[1.954s] -- Found Python3: /usr/bin/python3.10 (found version "3.10.12") found components: Interpreter 
[2.034s] -- Override CMake install command with custom implementation using symlinks instead of copying resources
[2.086s] [31mCMake Error at CMakeLists.txt:13 (find_package):
[2.087s]   By not providing "Findinterbotix_xs_msgs.cmake" in CMAKE_MODULE_PATH this
[2.087s]   project has asked CMake to find a package configuration file provided by
[2.087s]   "interbotix_xs_msgs", but CMake did not find one.
[2.087s] 
[2.087s]   Could not find a package configuration file provided by
[2.087s]   "interbotix_xs_msgs" with any of the following names:
[2.087s] 
[2.087s]     interbotix_xs_msgsConfig.cmake
[2.087s]     interbotix_xs_msgs-config.cmake
[2.087s] 
[2.087s]   Add the installation prefix of "interbotix_xs_msgs" to CMAKE_PREFIX_PATH or
[2.087s]   set "interbotix_xs_msgs_DIR" to a directory containing one of the above
[2.087s]   files.  If "interbotix_xs_msgs" provides a separate development package or
[2.087s]   SDK, be sure it has been installed.
[2.087s] 
[2.087s] [0m
[2.087s] -- Configuring incomplete, errors occurred!
[2.088s] See also "/home/tony/ros2_ws/build/interbotix_xsarm_puppet/CMakeFiles/CMakeOutput.log".
