running develop
running egg_info
creating opencv_pkg.egg-info
writing opencv_pkg.egg-info/PKG-INFO
writing dependency_links to opencv_pkg.egg-info/dependency_links.txt
writing entry points to opencv_pkg.egg-info/entry_points.txt
writing requirements to opencv_pkg.egg-info/requires.txt
writing top-level names to opencv_pkg.egg-info/top_level.txt
writing manifest file 'opencv_pkg.egg-info/SOURCES.txt'
reading manifest file 'opencv_pkg.egg-info/SOURCES.txt'
writing manifest file 'opencv_pkg.egg-info/SOURCES.txt'
running build_ext
Creating /home/tony/ros2_ws/install/opencv_pkg/lib/python3.10/site-packages/opencv-pkg.egg-link (link to .)
Installing camera_publisher script to /home/tony/ros2_ws/install/opencv_pkg/lib/opencv_pkg
Installing camera_subscriber script to /home/tony/ros2_ws/install/opencv_pkg/lib/opencv_pkg

Installed /home/tony/ros2_ws/build/opencv_pkg
running install_data
creating /home/tony/ros2_ws/install/opencv_pkg/share/ament_index
creating /home/tony/ros2_ws/install/opencv_pkg/share/ament_index/resource_index
creating /home/tony/ros2_ws/install/opencv_pkg/share/ament_index/resource_index/packages
copying resource/opencv_pkg -> /home/tony/ros2_ws/install/opencv_pkg/share/ament_index/resource_index/packages
copying package.xml -> /home/tony/ros2_ws/install/opencv_pkg/share/opencv_pkg
