[0.647s] Invoking command in '/home/tony/ros2_ws/build/pan_tilt_description': CMAKE_PREFIX_PATH=${CMAKE_PREFIX_PATH}:/home/tony/ros2_ws/install/yolov10_inference:/home/tony/ros2_ws/install/witmotion_ros_driver:/home/tony/ros2_ws/install/turtlebot3_teleop:/home/tony/ros2_ws/install/turtlebot3_example:/home/tony/ros2_ws/install/ros2_aruco:/home/tony/ros2_ws/install/opencv_pkg:/home/tony/ros2_ws/install/ax12a_arm_controller:/opt/ros/humble /usr/bin/cmake /home/tony/ros2_ws/src/pan_tilt_ros/pan_tilt_description -DAMENT_CMAKE_SYMLINK_INSTALL=1 -DCMAKE_INSTALL_PREFIX=/home/tony/ros2_ws/install/pan_tilt_description
[0.663s] -- Found ament_cmake: 1.3.6 (/opt/ros/humble/share/ament_cmake/cmake)
[0.836s] -- Override CMake install command with custom implementation using symlinks instead of copying resources
[0.842s] -- Found ament_lint_auto: 0.12.9 (/opt/ros/humble/share/ament_lint_auto/cmake)
[0.910s] -- Added test 'copyright' to check source files copyright and LICENSE
[0.911s] -- Added test 'flake8' to check Python code syntax and style conventions
[0.912s] -- Added test 'lint_cmake' to check CMake code style
[0.912s] -- Added test 'pep257' to check Python code against some of the docstring style conventions in PEP 257
[0.913s] -- Added test 'xmllint' to check XML markup files
[0.914s] -- Configuring done
[0.916s] -- Generating done
[0.917s] -- Build files have been written to: /home/tony/ros2_ws/build/pan_tilt_description
[1.249s] Invoked command in '/home/tony/ros2_ws/build/pan_tilt_description' returned '0': CMAKE_PREFIX_PATH=${CMAKE_PREFIX_PATH}:/home/tony/ros2_ws/install/yolov10_inference:/home/tony/ros2_ws/install/witmotion_ros_driver:/home/tony/ros2_ws/install/turtlebot3_teleop:/home/tony/ros2_ws/install/turtlebot3_example:/home/tony/ros2_ws/install/ros2_aruco:/home/tony/ros2_ws/install/opencv_pkg:/home/tony/ros2_ws/install/ax12a_arm_controller:/opt/ros/humble /usr/bin/cmake /home/tony/ros2_ws/src/pan_tilt_ros/pan_tilt_description -DAMENT_CMAKE_SYMLINK_INSTALL=1 -DCMAKE_INSTALL_PREFIX=/home/tony/ros2_ws/install/pan_tilt_description
[1.250s] Invoking command in '/home/tony/ros2_ws/build/pan_tilt_description': CMAKE_PREFIX_PATH=${CMAKE_PREFIX_PATH}:/home/tony/ros2_ws/install/yolov10_inference:/home/tony/ros2_ws/install/witmotion_ros_driver:/home/tony/ros2_ws/install/turtlebot3_teleop:/home/tony/ros2_ws/install/turtlebot3_example:/home/tony/ros2_ws/install/ros2_aruco:/home/tony/ros2_ws/install/opencv_pkg:/home/tony/ros2_ws/install/ax12a_arm_controller:/opt/ros/humble /usr/bin/cmake --build /home/tony/ros2_ws/build/pan_tilt_description -- -j8 -l8
[1.513s] Invoked command in '/home/tony/ros2_ws/build/pan_tilt_description' returned '0': CMAKE_PREFIX_PATH=${CMAKE_PREFIX_PATH}:/home/tony/ros2_ws/install/yolov10_inference:/home/tony/ros2_ws/install/witmotion_ros_driver:/home/tony/ros2_ws/install/turtlebot3_teleop:/home/tony/ros2_ws/install/turtlebot3_example:/home/tony/ros2_ws/install/ros2_aruco:/home/tony/ros2_ws/install/opencv_pkg:/home/tony/ros2_ws/install/ax12a_arm_controller:/opt/ros/humble /usr/bin/cmake --build /home/tony/ros2_ws/build/pan_tilt_description -- -j8 -l8
[2.136s] Invoking command in '/home/tony/ros2_ws/build/pan_tilt_description': CMAKE_PREFIX_PATH=${CMAKE_PREFIX_PATH}:/home/tony/ros2_ws/install/yolov10_inference:/home/tony/ros2_ws/install/witmotion_ros_driver:/home/tony/ros2_ws/install/turtlebot3_teleop:/home/tony/ros2_ws/install/turtlebot3_example:/home/tony/ros2_ws/install/ros2_aruco:/home/tony/ros2_ws/install/opencv_pkg:/home/tony/ros2_ws/install/ax12a_arm_controller:/opt/ros/humble /usr/bin/cmake --install /home/tony/ros2_ws/build/pan_tilt_description
[2.259s] -- Install configuration: ""
[2.259s] -- Execute custom install script
[2.259s] -- Up-to-date symlink: /home/tony/ros2_ws/install/pan_tilt_description/share/pan_tilt_description/launch/view_model.launch.py
[2.259s] -- Up-to-date symlink: /home/tony/ros2_ws/install/pan_tilt_description/share/pan_tilt_description/rviz/view_model.rviz
[2.259s] -- Up-to-date symlink: /home/tony/ros2_ws/install/pan_tilt_description/share/pan_tilt_description/urdf/kinect_dk.xacro
[2.259s] -- Up-to-date symlink: /home/tony/ros2_ws/install/pan_tilt_description/share/pan_tilt_description/urdf/mesh/base.stl
[2.259s] -- Up-to-date symlink: /home/tony/ros2_ws/install/pan_tilt_description/share/pan_tilt_description/urdf/mesh/pitch.stl
[2.259s] -- Up-to-date symlink: /home/tony/ros2_ws/install/pan_tilt_description/share/pan_tilt_description/urdf/mesh/yaw.stl
[2.259s] -- Up-to-date symlink: /home/tony/ros2_ws/install/pan_tilt_description/share/pan_tilt_description/urdf/pan_tilt.urdf.xacro
[2.259s] -- Up-to-date symlink: /home/tony/ros2_ws/install/pan_tilt_description/share/pan_tilt_description/urdf/pan_tilt_st.urdf.xacro
[2.259s] -- Up-to-date symlink: /home/tony/ros2_ws/install/pan_tilt_description/share/ament_index/resource_index/package_run_dependencies/pan_tilt_description
[2.259s] -- Up-to-date symlink: /home/tony/ros2_ws/install/pan_tilt_description/share/ament_index/resource_index/parent_prefix_path/pan_tilt_description
[2.260s] -- Up-to-date symlink: /home/tony/ros2_ws/install/pan_tilt_description/share/pan_tilt_description/environment/ament_prefix_path.sh
[2.260s] -- Up-to-date symlink: /home/tony/ros2_ws/install/pan_tilt_description/share/pan_tilt_description/environment/ament_prefix_path.dsv
[2.260s] -- Up-to-date symlink: /home/tony/ros2_ws/install/pan_tilt_description/share/pan_tilt_description/environment/path.sh
[2.260s] -- Up-to-date symlink: /home/tony/ros2_ws/install/pan_tilt_description/share/pan_tilt_description/environment/path.dsv
[2.260s] -- Up-to-date symlink: /home/tony/ros2_ws/install/pan_tilt_description/share/pan_tilt_description/local_setup.bash
[2.260s] -- Up-to-date symlink: /home/tony/ros2_ws/install/pan_tilt_description/share/pan_tilt_description/local_setup.sh
[2.260s] -- Up-to-date symlink: /home/tony/ros2_ws/install/pan_tilt_description/share/pan_tilt_description/local_setup.zsh
[2.260s] -- Up-to-date symlink: /home/tony/ros2_ws/install/pan_tilt_description/share/pan_tilt_description/local_setup.dsv
[2.260s] -- Symlinking: /home/tony/ros2_ws/install/pan_tilt_description/share/pan_tilt_description/package.dsv
[2.260s] -- Up-to-date symlink: /home/tony/ros2_ws/install/pan_tilt_description/share/ament_index/resource_index/packages/pan_tilt_description
[2.260s] -- Up-to-date symlink: /home/tony/ros2_ws/install/pan_tilt_description/share/pan_tilt_description/cmake/pan_tilt_descriptionConfig.cmake
[2.260s] -- Up-to-date symlink: /home/tony/ros2_ws/install/pan_tilt_description/share/pan_tilt_description/cmake/pan_tilt_descriptionConfig-version.cmake
[2.260s] -- Up-to-date symlink: /home/tony/ros2_ws/install/pan_tilt_description/share/pan_tilt_description/package.xml
[2.363s] Invoked command in '/home/tony/ros2_ws/build/pan_tilt_description' returned '0': CMAKE_PREFIX_PATH=${CMAKE_PREFIX_PATH}:/home/tony/ros2_ws/install/yolov10_inference:/home/tony/ros2_ws/install/witmotion_ros_driver:/home/tony/ros2_ws/install/turtlebot3_teleop:/home/tony/ros2_ws/install/turtlebot3_example:/home/tony/ros2_ws/install/ros2_aruco:/home/tony/ros2_ws/install/opencv_pkg:/home/tony/ros2_ws/install/ax12a_arm_controller:/opt/ros/humble /usr/bin/cmake --install /home/tony/ros2_ws/build/pan_tilt_description
