[0.517s] Invoking command in '/home/tony/ros2_ws/build/interbotix_xsarm_gravity_compensation': AMENT_PREFIX_PATH=/home/tony/ros2_ws/install/interbotix_xsarm_control:/home/tony/ros2_ws/install/interbotix_xsarm_descriptions:${AMENT_PREFIX_PATH} CMAKE_PREFIX_PATH=/home/tony/ros2_ws/install/interbotix_xsarm_control:/home/tony/ros2_ws/install/interbotix_xsarm_descriptions:/home/tony/ros2_ws/install/turtlebot3:/home/tony/ros2_ws/install/turtlebot3_bringup:/home/tony/ros2_ws/install/turtlebot3_node:/home/tony/ros2_ws/install/turtlebot3_navigation2:/home/tony/ros2_ws/install/turtlebot3_description:/home/tony/ros2_ws/install/turtlebot3_cartographer:/home/tony/ros2_ws/install/ros2_aruco_interfaces:/home/tony/ros2_ws/install/realsense2_description:/home/tony/ros2_ws/install/realsense2_camera:/home/tony/ros2_ws/install/realsense2_camera_msgs:/home/tony/ros2_ws/install/pan_tilt_driver:/home/tony/ros2_ws/install/pan_tilt_msgs:/home/tony/ros2_ws/install/pan_tilt_description:/home/tony/ros2_ws/install/pan_tilt_bringup:/home/tony/ros2_ws/install/iqr_tb4_navigation:/home/tony/ros2_ws/install/iqr_tb4_description:/home/tony/ros2_ws/install/iqr_tb4_bringup:/home/tony/ros2_ws/install/EI_Final_Project:/home/tony/ros2_ws/install/yolov10_inference:/home/tony/ros2_ws/install/witmotion_ros_driver:/home/tony/ros2_ws/install/turtlebot3_teleop:/home/tony/ros2_ws/install/turtlebot3_example:/home/tony/ros2_ws/install/ros2_aruco:/home/tony/ros2_ws/install/opencv_pkg:/home/tony/ros2_ws/install/ax12a_arm_controller:/opt/ros/humble /usr/bin/cmake /home/tony/ros2_ws/src/interbotix_ros_manipulators/interbotix_ros_xsarms/examples/interbotix_xsarm_gravity_compensation -DAMENT_CMAKE_SYMLINK_INSTALL=1 -DCMAKE_INSTALL_PREFIX=/home/tony/ros2_ws/install/interbotix_xsarm_gravity_compensation
[0.641s] -- The C compiler identification is GNU 11.4.0
[0.734s] -- The CXX compiler identification is GNU 11.4.0
[0.745s] -- Detecting C compiler ABI info
[0.959s] -- Detecting C compiler ABI info - done
[0.971s] -- Check for working C compiler: /usr/bin/cc - skipped
[0.971s] -- Detecting C compile features
[0.971s] -- Detecting C compile features - done
[0.972s] -- Detecting CXX compiler ABI info
[1.112s] -- Detecting CXX compiler ABI info - done
[1.124s] -- Check for working CXX compiler: /usr/bin/c++ - skipped
[1.124s] -- Detecting CXX compile features
[1.125s] -- Detecting CXX compile features - done
[1.133s] -- Found ament_cmake: 1.3.6 (/opt/ros/humble/share/ament_cmake/cmake)
[2.181s] -- Found Python3: /usr/bin/python3.10 (found version "3.10.12") found components: Interpreter 
[2.240s] -- Override CMake install command with custom implementation using symlinks instead of copying resources
[2.311s] -- Found ament_lint_auto: 0.12.9 (/opt/ros/humble/share/ament_lint_auto/cmake)
[2.400s] -- Added test 'copyright' to check source files copyright and LICENSE
[2.402s] -- Added test 'flake8' to check Python code syntax and style conventions
[2.402s] -- Added test 'lint_cmake' to check CMake code style
[2.403s] -- Added test 'pep257' to check Python code against some of the docstring style conventions in PEP 257
[2.404s] -- Added test 'xmllint' to check XML markup files
[2.406s] -- Configuring done
[2.409s] -- Generating done
[2.410s] -- Build files have been written to: /home/tony/ros2_ws/build/interbotix_xsarm_gravity_compensation
