[2.660s] Invoking command in '/home/tony/ros2_ws/src/turtlebot3/turtlebot3_teleop': PYTHONPATH=/home/tony/ros2_ws/build/turtlebot3_teleop/prefix_override:/home/tony/ros2_ws/install/turtlebot3_teleop/lib/python3.10/site-packages:${PYTHONPATH} /usr/bin/python3 setup.py egg_info --egg-base ../../../build/turtlebot3_teleop build --build-base /home/tony/ros2_ws/build/turtlebot3_teleop/build install --record /home/tony/ros2_ws/build/turtlebot3_teleop/install.log --single-version-externally-managed
[3.156s] running egg_info
[3.174s] writing ../../../build/turtlebot3_teleop/turtlebot3_teleop.egg-info/PKG-INFO
[3.175s] writing dependency_links to ../../../build/turtlebot3_teleop/turtlebot3_teleop.egg-info/dependency_links.txt
[3.175s] writing entry points to ../../../build/turtlebot3_teleop/turtlebot3_teleop.egg-info/entry_points.txt
[3.175s] writing requirements to ../../../build/turtlebot3_teleop/turtlebot3_teleop.egg-info/requires.txt
[3.175s] writing top-level names to ../../../build/turtlebot3_teleop/turtlebot3_teleop.egg-info/top_level.txt
[3.205s] reading manifest file '../../../build/turtlebot3_teleop/turtlebot3_teleop.egg-info/SOURCES.txt'
[3.205s] writing manifest file '../../../build/turtlebot3_teleop/turtlebot3_teleop.egg-info/SOURCES.txt'
[3.207s] running build
[3.207s] running build_py
[3.207s] running install
[3.207s] /home/tony/.local/lib/python3.10/site-packages/setuptools/command/install.py:34: SetuptoolsDeprecationWarning: setup.py install is deprecated. Use build and pip and other standards-based tools.
[3.207s]   warnings.warn(
[3.215s] running install_lib
[3.238s] running install_data
[3.264s] running install_egg_info
[3.285s] removing '/home/tony/ros2_ws/install/turtlebot3_teleop/lib/python3.10/site-packages/turtlebot3_teleop-2.1.5-py3.10.egg-info' (and everything under it)
[3.286s] Copying ../../../build/turtlebot3_teleop/turtlebot3_teleop.egg-info to /home/tony/ros2_ws/install/turtlebot3_teleop/lib/python3.10/site-packages/turtlebot3_teleop-2.1.5-py3.10.egg-info
[3.286s] running install_scripts
[3.374s] Installing teleop_keyboard script to /home/tony/ros2_ws/install/turtlebot3_teleop/lib/turtlebot3_teleop
[3.374s] writing list of installed files to '/home/tony/ros2_ws/build/turtlebot3_teleop/install.log'
[3.651s] Invoked command in '/home/tony/ros2_ws/src/turtlebot3/turtlebot3_teleop' returned '0': PYTHONPATH=/home/tony/ros2_ws/build/turtlebot3_teleop/prefix_override:/home/tony/ros2_ws/install/turtlebot3_teleop/lib/python3.10/site-packages:${PYTHONPATH} /usr/bin/python3 setup.py egg_info --egg-base ../../../build/turtlebot3_teleop build --build-base /home/tony/ros2_ws/build/turtlebot3_teleop/build install --record /home/tony/ros2_ws/build/turtlebot3_teleop/install.log --single-version-externally-managed
