[3.268s] Invoking command in '/home/tony/ros2_ws/build/turtlebot3_teleop': PYTHONPATH=/home/tony/ros2_ws/build/turtlebot3_teleop/prefix_override:/home/tony/ros2_ws/install/turtlebot3_teleop/lib/python3.10/site-packages:${PYTHONPATH} /usr/bin/python3 setup.py develop --editable --build-directory /home/tony/ros2_ws/build/turtlebot3_teleop/build --no-deps install_data
[3.902s] /home/tony/.local/lib/python3.10/site-packages/setuptools/command/easy_install.py:144: EasyInstallDeprecationWarning: easy_install command is deprecated. Use build and pip and other standards-based tools.
[3.903s]   warnings.warn(
[3.903s] running develop
[3.958s] /home/tony/.local/lib/python3.10/site-packages/setuptools/command/install.py:34: SetuptoolsDeprecationWarning: setup.py install is deprecated. Use build and pip and other standards-based tools.
[3.958s]   warnings.warn(
[4.377s] running egg_info
[4.406s] writing turtlebot3_teleop.egg-info/PKG-INFO
[4.408s] writing dependency_links to turtlebot3_teleop.egg-info/dependency_links.txt
[4.409s] writing entry points to turtlebot3_teleop.egg-info/entry_points.txt
[4.409s] writing requirements to turtlebot3_teleop.egg-info/requires.txt
[4.409s] writing top-level names to turtlebot3_teleop.egg-info/top_level.txt
[4.447s] reading manifest file 'turtlebot3_teleop.egg-info/SOURCES.txt'
[4.448s] writing manifest file 'turtlebot3_teleop.egg-info/SOURCES.txt'
[4.475s] running build_ext
[4.476s] Creating /home/tony/ros2_ws/install/turtlebot3_teleop/lib/python3.10/site-packages/turtlebot3-teleop.egg-link (link to .)
[4.476s] Installing teleop_keyboard script to /home/tony/ros2_ws/install/turtlebot3_teleop/lib/turtlebot3_teleop
[4.477s] 
[4.478s] Installed /home/tony/ros2_ws/build/turtlebot3_teleop
[4.478s] running install_data
[4.802s] Invoked command in '/home/tony/ros2_ws/build/turtlebot3_teleop' returned '0': PYTHONPATH=/home/tony/ros2_ws/build/turtlebot3_teleop/prefix_override:/home/tony/ros2_ws/install/turtlebot3_teleop/lib/python3.10/site-packages:${PYTHONPATH} /usr/bin/python3 setup.py develop --editable --build-directory /home/tony/ros2_ws/build/turtlebot3_teleop/build --no-deps install_data
