[3.402s] Invoking command in '/home/tony/ros2_ws/src/turtlebot3/turtlebot3_teleop': PYTHONPATH=/home/tony/ros2_ws/src/build/turtlebot3_teleop/prefix_override:/home/tony/ros2_ws/src/install/turtlebot3_teleop/lib/python3.10/site-packages:${PYTHONPATH} /usr/bin/python3 setup.py egg_info --egg-base ../../build/turtlebot3_teleop build --build-base /home/tony/ros2_ws/src/build/turtlebot3_teleop/build install --record /home/tony/ros2_ws/src/build/turtlebot3_teleop/install.log --single-version-externally-managed
[5.773s] running egg_info
[5.774s] creating ../../build/turtlebot3_teleop/turtlebot3_teleop.egg-info
[5.886s] writing ../../build/turtlebot3_teleop/turtlebot3_teleop.egg-info/PKG-INFO
[5.887s] writing dependency_links to ../../build/turtlebot3_teleop/turtlebot3_teleop.egg-info/dependency_links.txt
[5.890s] writing entry points to ../../build/turtlebot3_teleop/turtlebot3_teleop.egg-info/entry_points.txt
[5.891s] writing requirements to ../../build/turtlebot3_teleop/turtlebot3_teleop.egg-info/requires.txt
[5.891s] writing top-level names to ../../build/turtlebot3_teleop/turtlebot3_teleop.egg-info/top_level.txt
[5.893s] writing manifest file '../../build/turtlebot3_teleop/turtlebot3_teleop.egg-info/SOURCES.txt'
[6.089s] reading manifest file '../../build/turtlebot3_teleop/turtlebot3_teleop.egg-info/SOURCES.txt'
[6.089s] writing manifest file '../../build/turtlebot3_teleop/turtlebot3_teleop.egg-info/SOURCES.txt'
[6.093s] running build
[6.093s] running build_py
[6.093s] creating /home/tony/ros2_ws/src/build/turtlebot3_teleop/build
[6.095s] creating /home/tony/ros2_ws/src/build/turtlebot3_teleop/build/lib
[6.095s] creating /home/tony/ros2_ws/src/build/turtlebot3_teleop/build/lib/turtlebot3_teleop
[6.096s] copying turtlebot3_teleop/__init__.py -> /home/tony/ros2_ws/src/build/turtlebot3_teleop/build/lib/turtlebot3_teleop
[6.099s] creating /home/tony/ros2_ws/src/build/turtlebot3_teleop/build/lib/turtlebot3_teleop/script
[6.100s] copying turtlebot3_teleop/script/__init__.py -> /home/tony/ros2_ws/src/build/turtlebot3_teleop/build/lib/turtlebot3_teleop/script
[6.102s] copying turtlebot3_teleop/script/teleop_keyboard.py -> /home/tony/ros2_ws/src/build/turtlebot3_teleop/build/lib/turtlebot3_teleop/script
[6.114s] /home/tony/.local/lib/python3.10/site-packages/setuptools/command/install.py:34: SetuptoolsDeprecationWarning: setup.py install is deprecated. Use build and pip and other standards-based tools.
[6.114s]   warnings.warn(
[6.114s] running install
[6.170s] running install_lib
[6.354s] creating /home/tony/ros2_ws/src/install/turtlebot3_teleop/lib/python3.10/site-packages/turtlebot3_teleop
[6.354s] copying /home/tony/ros2_ws/src/build/turtlebot3_teleop/build/lib/turtlebot3_teleop/__init__.py -> /home/tony/ros2_ws/src/install/turtlebot3_teleop/lib/python3.10/site-packages/turtlebot3_teleop
[6.362s] creating /home/tony/ros2_ws/src/install/turtlebot3_teleop/lib/python3.10/site-packages/turtlebot3_teleop/script
[6.362s] copying /home/tony/ros2_ws/src/build/turtlebot3_teleop/build/lib/turtlebot3_teleop/script/__init__.py -> /home/tony/ros2_ws/src/install/turtlebot3_teleop/lib/python3.10/site-packages/turtlebot3_teleop/script
[6.362s] copying /home/tony/ros2_ws/src/build/turtlebot3_teleop/build/lib/turtlebot3_teleop/script/teleop_keyboard.py -> /home/tony/ros2_ws/src/install/turtlebot3_teleop/lib/python3.10/site-packages/turtlebot3_teleop/script
[6.362s] byte-compiling /home/tony/ros2_ws/src/install/turtlebot3_teleop/lib/python3.10/site-packages/turtlebot3_teleop/__init__.py to __init__.cpython-310.pyc
[6.362s] byte-compiling /home/tony/ros2_ws/src/install/turtlebot3_teleop/lib/python3.10/site-packages/turtlebot3_teleop/script/__init__.py to __init__.cpython-310.pyc
[6.362s] byte-compiling /home/tony/ros2_ws/src/install/turtlebot3_teleop/lib/python3.10/site-packages/turtlebot3_teleop/script/teleop_keyboard.py to teleop_keyboard.cpython-310.pyc
[6.362s] running install_data
[6.503s] creating /home/tony/ros2_ws/src/install/turtlebot3_teleop/share/ament_index
[6.503s] creating /home/tony/ros2_ws/src/install/turtlebot3_teleop/share/ament_index/resource_index
[6.503s] creating /home/tony/ros2_ws/src/install/turtlebot3_teleop/share/ament_index/resource_index/packages
[6.503s] copying resource/turtlebot3_teleop -> /home/tony/ros2_ws/src/install/turtlebot3_teleop/share/ament_index/resource_index/packages
[6.506s] copying package.xml -> /home/tony/ros2_ws/src/install/turtlebot3_teleop/share/turtlebot3_teleop
[6.507s] running install_egg_info
[6.657s] Copying ../../build/turtlebot3_teleop/turtlebot3_teleop.egg-info to /home/tony/ros2_ws/src/install/turtlebot3_teleop/lib/python3.10/site-packages/turtlebot3_teleop-2.1.5-py3.10.egg-info
[6.666s] running install_scripts
[7.210s] Installing teleop_keyboard script to /home/tony/ros2_ws/src/install/turtlebot3_teleop/lib/turtlebot3_teleop
[7.213s] writing list of installed files to '/home/tony/ros2_ws/src/build/turtlebot3_teleop/install.log'
[7.370s] Invoked command in '/home/tony/ros2_ws/src/turtlebot3/turtlebot3_teleop' returned '0': PYTHONPATH=/home/tony/ros2_ws/src/build/turtlebot3_teleop/prefix_override:/home/tony/ros2_ws/src/install/turtlebot3_teleop/lib/python3.10/site-packages:${PYTHONPATH} /usr/bin/python3 setup.py egg_info --egg-base ../../build/turtlebot3_teleop build --build-base /home/tony/ros2_ws/src/build/turtlebot3_teleop/build install --record /home/tony/ros2_ws/src/build/turtlebot3_teleop/install.log --single-version-externally-managed
