running develop
Removing /home/tony/ros2_ws/install/ax12a_arm_controller/lib/python3.10/site-packages/ax12a-arm-controller.egg-link (link to .)
running egg_info
writing ../../build/ax12a_arm_controller/ax12a_arm_controller.egg-info/PKG-INFO
writing dependency_links to ../../build/ax12a_arm_controller/ax12a_arm_controller.egg-info/dependency_links.txt
writing entry points to ../../build/ax12a_arm_controller/ax12a_arm_controller.egg-info/entry_points.txt
writing requirements to ../../build/ax12a_arm_controller/ax12a_arm_controller.egg-info/requires.txt
writing top-level names to ../../build/ax12a_arm_controller/ax12a_arm_controller.egg-info/top_level.txt
reading manifest file '../../build/ax12a_arm_controller/ax12a_arm_controller.egg-info/SOURCES.txt'
writing manifest file '../../build/ax12a_arm_controller/ax12a_arm_controller.egg-info/SOURCES.txt'
running build
running build_py
creating /home/tony/ros2_ws/build/ax12a_arm_controller/build
creating /home/tony/ros2_ws/build/ax12a_arm_controller/build/lib
creating /home/tony/ros2_ws/build/ax12a_arm_controller/build/lib/ax12a_arm_controller
copying ax12a_arm_controller/read_dxl_deg.py -> /home/tony/ros2_ws/build/ax12a_arm_controller/build/lib/ax12a_arm_controller
copying ax12a_arm_controller/__init__.py -> /home/tony/ros2_ws/build/ax12a_arm_controller/build/lib/ax12a_arm_controller
copying ax12a_arm_controller/ax12a_arm_node.py -> /home/tony/ros2_ws/build/ax12a_arm_controller/build/lib/ax12a_arm_controller
running install
running install_lib
creating /home/tony/ros2_ws/install/ax12a_arm_controller/lib/python3.10/site-packages/ax12a_arm_controller
copying /home/tony/ros2_ws/build/ax12a_arm_controller/build/lib/ax12a_arm_controller/read_dxl_deg.py -> /home/tony/ros2_ws/install/ax12a_arm_controller/lib/python3.10/site-packages/ax12a_arm_controller
copying /home/tony/ros2_ws/build/ax12a_arm_controller/build/lib/ax12a_arm_controller/__init__.py -> /home/tony/ros2_ws/install/ax12a_arm_controller/lib/python3.10/site-packages/ax12a_arm_controller
copying /home/tony/ros2_ws/build/ax12a_arm_controller/build/lib/ax12a_arm_controller/ax12a_arm_node.py -> /home/tony/ros2_ws/install/ax12a_arm_controller/lib/python3.10/site-packages/ax12a_arm_controller
byte-compiling /home/tony/ros2_ws/install/ax12a_arm_controller/lib/python3.10/site-packages/ax12a_arm_controller/read_dxl_deg.py to read_dxl_deg.cpython-310.pyc
byte-compiling /home/tony/ros2_ws/install/ax12a_arm_controller/lib/python3.10/site-packages/ax12a_arm_controller/__init__.py to __init__.cpython-310.pyc
byte-compiling /home/tony/ros2_ws/install/ax12a_arm_controller/lib/python3.10/site-packages/ax12a_arm_controller/ax12a_arm_node.py to ax12a_arm_node.cpython-310.pyc
running install_data
copying package.xml -> /home/tony/ros2_ws/install/ax12a_arm_controller/share/ax12a_arm_controller
copying launch/ax12a_arm.launch.py -> /home/tony/ros2_ws/install/ax12a_arm_controller/share/ax12a_arm_controller/launch
running install_egg_info
Copying ../../build/ax12a_arm_controller/ax12a_arm_controller.egg-info to /home/tony/ros2_ws/install/ax12a_arm_controller/lib/python3.10/site-packages/ax12a_arm_controller-0.0.1-py3.10.egg-info
running install_scripts
Installing ax12a_arm_node script to /home/tony/ros2_ws/install/ax12a_arm_controller/lib/ax12a_arm_controller
writing list of installed files to '/home/tony/ros2_ws/build/ax12a_arm_controller/install.log'
