[0.401s] Invoking command in '/home/tony/ros2_ws/build/turtlebot3_node': CMAKE_PREFIX_PATH=${CMAKE_PREFIX_PATH}:/home/tony/ros2_ws/install/yolov10_inference:/home/tony/ros2_ws/install/witmotion_ros_driver:/home/tony/ros2_ws/install/turtlebot3_teleop:/home/tony/ros2_ws/install/turtlebot3_example:/home/tony/ros2_ws/install/ros2_aruco:/home/tony/ros2_ws/install/opencv_pkg:/home/tony/ros2_ws/install/ax12a_arm_controller:/opt/ros/humble /usr/bin/cmake --build /home/tony/ros2_ws/build/turtlebot3_node -- -j8 -l8
[0.996s] [ 85%] Built target turtlebot3_node_lib
[0.997s] [ 92%] [32m[1mLinking CXX executable turtlebot3_ros[0m
[2.657s] [100%] Built target turtlebot3_ros
[3.109s] Invoked command in '/home/tony/ros2_ws/build/turtlebot3_node' returned '0': CMAKE_PREFIX_PATH=${CMAKE_PREFIX_PATH}:/home/tony/ros2_ws/install/yolov10_inference:/home/tony/ros2_ws/install/witmotion_ros_driver:/home/tony/ros2_ws/install/turtlebot3_teleop:/home/tony/ros2_ws/install/turtlebot3_example:/home/tony/ros2_ws/install/ros2_aruco:/home/tony/ros2_ws/install/opencv_pkg:/home/tony/ros2_ws/install/ax12a_arm_controller:/opt/ros/humble /usr/bin/cmake --build /home/tony/ros2_ws/build/turtlebot3_node -- -j8 -l8
[3.423s] Invoking command in '/home/tony/ros2_ws/build/turtlebot3_node': CMAKE_PREFIX_PATH=${CMAKE_PREFIX_PATH}:/home/tony/ros2_ws/install/yolov10_inference:/home/tony/ros2_ws/install/witmotion_ros_driver:/home/tony/ros2_ws/install/turtlebot3_teleop:/home/tony/ros2_ws/install/turtlebot3_example:/home/tony/ros2_ws/install/ros2_aruco:/home/tony/ros2_ws/install/opencv_pkg:/home/tony/ros2_ws/install/ax12a_arm_controller:/opt/ros/humble /usr/bin/cmake --install /home/tony/ros2_ws/build/turtlebot3_node
[3.440s] -- Install configuration: ""
[3.440s] -- Execute custom install script
[3.440s] -- Up-to-date symlink: /home/tony/ros2_ws/install/turtlebot3_node/share/turtlebot3_node/param/burger.yaml
[3.440s] -- Up-to-date symlink: /home/tony/ros2_ws/install/turtlebot3_node/share/turtlebot3_node/param/waffle.yaml
[3.440s] -- Up-to-date symlink: /home/tony/ros2_ws/install/turtlebot3_node/share/turtlebot3_node/param/waffle_pi.yaml
[3.440s] -- Up-to-date symlink: /home/tony/ros2_ws/install/turtlebot3_node/lib/turtlebot3_node/turtlebot3_ros
[3.440s] -- Up-to-date symlink: /home/tony/ros2_ws/install/turtlebot3_node/share/ament_index/resource_index/package_run_dependencies/turtlebot3_node
[3.440s] -- Up-to-date symlink: /home/tony/ros2_ws/install/turtlebot3_node/share/ament_index/resource_index/parent_prefix_path/turtlebot3_node
[3.440s] -- Up-to-date symlink: /home/tony/ros2_ws/install/turtlebot3_node/share/turtlebot3_node/environment/ament_prefix_path.sh
[3.441s] -- Up-to-date symlink: /home/tony/ros2_ws/install/turtlebot3_node/share/turtlebot3_node/environment/ament_prefix_path.dsv
[3.441s] -- Up-to-date symlink: /home/tony/ros2_ws/install/turtlebot3_node/share/turtlebot3_node/environment/path.sh
[3.441s] -- Up-to-date symlink: /home/tony/ros2_ws/install/turtlebot3_node/share/turtlebot3_node/environment/path.dsv
[3.441s] -- Up-to-date symlink: /home/tony/ros2_ws/install/turtlebot3_node/share/turtlebot3_node/local_setup.bash
[3.441s] -- Up-to-date symlink: /home/tony/ros2_ws/install/turtlebot3_node/share/turtlebot3_node/local_setup.sh
[3.441s] -- Up-to-date symlink: /home/tony/ros2_ws/install/turtlebot3_node/share/turtlebot3_node/local_setup.zsh
[3.441s] -- Up-to-date symlink: /home/tony/ros2_ws/install/turtlebot3_node/share/turtlebot3_node/local_setup.dsv
[3.441s] -- Symlinking: /home/tony/ros2_ws/install/turtlebot3_node/share/turtlebot3_node/package.dsv
[3.450s] -- Up-to-date symlink: /home/tony/ros2_ws/install/turtlebot3_node/share/ament_index/resource_index/packages/turtlebot3_node
[3.450s] -- Up-to-date symlink: /home/tony/ros2_ws/install/turtlebot3_node/share/turtlebot3_node/cmake/ament_cmake_export_include_directories-extras.cmake
[3.450s] -- Up-to-date symlink: /home/tony/ros2_ws/install/turtlebot3_node/share/turtlebot3_node/cmake/turtlebot3_nodeConfig.cmake
[3.451s] -- Up-to-date symlink: /home/tony/ros2_ws/install/turtlebot3_node/share/turtlebot3_node/cmake/turtlebot3_nodeConfig-version.cmake
[3.451s] -- Up-to-date symlink: /home/tony/ros2_ws/install/turtlebot3_node/share/turtlebot3_node/package.xml
[3.452s] Invoked command in '/home/tony/ros2_ws/build/turtlebot3_node' returned '0': CMAKE_PREFIX_PATH=${CMAKE_PREFIX_PATH}:/home/tony/ros2_ws/install/yolov10_inference:/home/tony/ros2_ws/install/witmotion_ros_driver:/home/tony/ros2_ws/install/turtlebot3_teleop:/home/tony/ros2_ws/install/turtlebot3_example:/home/tony/ros2_ws/install/ros2_aruco:/home/tony/ros2_ws/install/opencv_pkg:/home/tony/ros2_ws/install/ax12a_arm_controller:/opt/ros/humble /usr/bin/cmake --install /home/tony/ros2_ws/build/turtlebot3_node
