[0.209s] Invoking command in '/home/tony/ros2_ws/src/build/turtlebot3_cartographer': CMAKE_PREFIX_PATH=${CMAKE_PREFIX_PATH}:/home/tony/ros2_ws/install/yolov10_inference:/home/tony/ros2_ws/install/witmotion_ros_driver:/home/tony/ros2_ws/install/turtlebot3_teleop:/home/tony/ros2_ws/install/turtlebot3_example:/home/tony/ros2_ws/install/ros2_aruco:/home/tony/ros2_ws/install/opencv_pkg:/home/tony/ros2_ws/install/iqr_tb4_description:/home/tony/ros2_ws/install/ax12a_arm_controller:/opt/ros/humble /usr/bin/cmake /home/tony/ros2_ws/src/turtlebot3/turtlebot3_cartographer -DCMAKE_INSTALL_PREFIX=/home/tony/ros2_ws/src/install/turtlebot3_cartographer
[0.888s] -- The C compiler identification is GNU 11.4.0
[0.889s] -- The CXX compiler identification is GNU 11.4.0
[0.889s] -- Detecting C compiler ABI info
[0.889s] -- Detecting C compiler ABI info - done
[0.889s] -- Check for working C compiler: /usr/bin/cc - skipped
[0.889s] -- Detecting C compile features
[0.889s] -- Detecting C compile features - done
[0.889s] -- Detecting CXX compiler ABI info
[0.889s] -- Detecting CXX compiler ABI info - done
[0.889s] -- Check for working CXX compiler: /usr/bin/c++ - skipped
[0.889s] -- Detecting CXX compile features
[0.889s] -- Detecting CXX compile features - done
[0.891s] -- Found ament_cmake: 1.3.6 (/opt/ros/humble/share/ament_cmake/cmake)
[1.865s] -- Found Python3: /usr/bin/python3.10 (found version "3.10.12") found components: Interpreter 
[2.155s] -- Configuring done
[2.167s] -- Generating done
[2.170s] -- Build files have been written to: /home/tony/ros2_ws/src/build/turtlebot3_cartographer
[2.179s] Invoked command in '/home/tony/ros2_ws/src/build/turtlebot3_cartographer' returned '0': CMAKE_PREFIX_PATH=${CMAKE_PREFIX_PATH}:/home/tony/ros2_ws/install/yolov10_inference:/home/tony/ros2_ws/install/witmotion_ros_driver:/home/tony/ros2_ws/install/turtlebot3_teleop:/home/tony/ros2_ws/install/turtlebot3_example:/home/tony/ros2_ws/install/ros2_aruco:/home/tony/ros2_ws/install/opencv_pkg:/home/tony/ros2_ws/install/iqr_tb4_description:/home/tony/ros2_ws/install/ax12a_arm_controller:/opt/ros/humble /usr/bin/cmake /home/tony/ros2_ws/src/turtlebot3/turtlebot3_cartographer -DCMAKE_INSTALL_PREFIX=/home/tony/ros2_ws/src/install/turtlebot3_cartographer
[2.189s] Invoking command in '/home/tony/ros2_ws/src/build/turtlebot3_cartographer': CMAKE_PREFIX_PATH=${CMAKE_PREFIX_PATH}:/home/tony/ros2_ws/install/yolov10_inference:/home/tony/ros2_ws/install/witmotion_ros_driver:/home/tony/ros2_ws/install/turtlebot3_teleop:/home/tony/ros2_ws/install/turtlebot3_example:/home/tony/ros2_ws/install/ros2_aruco:/home/tony/ros2_ws/install/opencv_pkg:/home/tony/ros2_ws/install/iqr_tb4_description:/home/tony/ros2_ws/install/ax12a_arm_controller:/opt/ros/humble /usr/bin/cmake --build /home/tony/ros2_ws/src/build/turtlebot3_cartographer -- -j8 -l8
[2.284s] Invoked command in '/home/tony/ros2_ws/src/build/turtlebot3_cartographer' returned '0': CMAKE_PREFIX_PATH=${CMAKE_PREFIX_PATH}:/home/tony/ros2_ws/install/yolov10_inference:/home/tony/ros2_ws/install/witmotion_ros_driver:/home/tony/ros2_ws/install/turtlebot3_teleop:/home/tony/ros2_ws/install/turtlebot3_example:/home/tony/ros2_ws/install/ros2_aruco:/home/tony/ros2_ws/install/opencv_pkg:/home/tony/ros2_ws/install/iqr_tb4_description:/home/tony/ros2_ws/install/ax12a_arm_controller:/opt/ros/humble /usr/bin/cmake --build /home/tony/ros2_ws/src/build/turtlebot3_cartographer -- -j8 -l8
[2.334s] Invoking command in '/home/tony/ros2_ws/src/build/turtlebot3_cartographer': CMAKE_PREFIX_PATH=${CMAKE_PREFIX_PATH}:/home/tony/ros2_ws/install/yolov10_inference:/home/tony/ros2_ws/install/witmotion_ros_driver:/home/tony/ros2_ws/install/turtlebot3_teleop:/home/tony/ros2_ws/install/turtlebot3_example:/home/tony/ros2_ws/install/ros2_aruco:/home/tony/ros2_ws/install/opencv_pkg:/home/tony/ros2_ws/install/iqr_tb4_description:/home/tony/ros2_ws/install/ax12a_arm_controller:/opt/ros/humble /usr/bin/cmake --install /home/tony/ros2_ws/src/build/turtlebot3_cartographer
[2.796s] -- Install configuration: ""
[2.796s] -- Installing: /home/tony/ros2_ws/src/install/turtlebot3_cartographer/share/turtlebot3_cartographer/config
[2.796s] -- Installing: /home/tony/ros2_ws/src/install/turtlebot3_cartographer/share/turtlebot3_cartographer/config/turtlebot3_lds_2d.lua
[2.796s] -- Installing: /home/tony/ros2_ws/src/install/turtlebot3_cartographer/share/turtlebot3_cartographer/launch
[2.796s] -- Installing: /home/tony/ros2_ws/src/install/turtlebot3_cartographer/share/turtlebot3_cartographer/launch/occupancy_grid.launch.py
[2.796s] -- Installing: /home/tony/ros2_ws/src/install/turtlebot3_cartographer/share/turtlebot3_cartographer/launch/cartographer.launch.py
[2.797s] -- Installing: /home/tony/ros2_ws/src/install/turtlebot3_cartographer/share/turtlebot3_cartographer/rviz
[2.797s] -- Installing: /home/tony/ros2_ws/src/install/turtlebot3_cartographer/share/turtlebot3_cartographer/rviz/tb3_cartographer.rviz
[2.797s] -- Installing: /home/tony/ros2_ws/src/install/turtlebot3_cartographer/share/ament_index/resource_index/package_run_dependencies/turtlebot3_cartographer
[2.797s] -- Installing: /home/tony/ros2_ws/src/install/turtlebot3_cartographer/share/ament_index/resource_index/parent_prefix_path/turtlebot3_cartographer
[2.797s] -- Installing: /home/tony/ros2_ws/src/install/turtlebot3_cartographer/share/turtlebot3_cartographer/environment/ament_prefix_path.sh
[2.797s] -- Installing: /home/tony/ros2_ws/src/install/turtlebot3_cartographer/share/turtlebot3_cartographer/environment/ament_prefix_path.dsv
[2.797s] -- Installing: /home/tony/ros2_ws/src/install/turtlebot3_cartographer/share/turtlebot3_cartographer/environment/path.sh
[2.797s] -- Installing: /home/tony/ros2_ws/src/install/turtlebot3_cartographer/share/turtlebot3_cartographer/environment/path.dsv
[2.797s] -- Installing: /home/tony/ros2_ws/src/install/turtlebot3_cartographer/share/turtlebot3_cartographer/local_setup.bash
[2.797s] -- Installing: /home/tony/ros2_ws/src/install/turtlebot3_cartographer/share/turtlebot3_cartographer/local_setup.sh
[2.797s] -- Installing: /home/tony/ros2_ws/src/install/turtlebot3_cartographer/share/turtlebot3_cartographer/local_setup.zsh
[2.798s] -- Installing: /home/tony/ros2_ws/src/install/turtlebot3_cartographer/share/turtlebot3_cartographer/local_setup.dsv
[2.798s] -- Installing: /home/tony/ros2_ws/src/install/turtlebot3_cartographer/share/turtlebot3_cartographer/package.dsv
[2.798s] -- Installing: /home/tony/ros2_ws/src/install/turtlebot3_cartographer/share/ament_index/resource_index/packages/turtlebot3_cartographer
[2.798s] -- Installing: /home/tony/ros2_ws/src/install/turtlebot3_cartographer/share/turtlebot3_cartographer/cmake/turtlebot3_cartographerConfig.cmake
[2.798s] -- Installing: /home/tony/ros2_ws/src/install/turtlebot3_cartographer/share/turtlebot3_cartographer/cmake/turtlebot3_cartographerConfig-version.cmake
[2.798s] -- Installing: /home/tony/ros2_ws/src/install/turtlebot3_cartographer/share/turtlebot3_cartographer/package.xml
[2.799s] Invoked command in '/home/tony/ros2_ws/src/build/turtlebot3_cartographer' returned '0': CMAKE_PREFIX_PATH=${CMAKE_PREFIX_PATH}:/home/tony/ros2_ws/install/yolov10_inference:/home/tony/ros2_ws/install/witmotion_ros_driver:/home/tony/ros2_ws/install/turtlebot3_teleop:/home/tony/ros2_ws/install/turtlebot3_example:/home/tony/ros2_ws/install/ros2_aruco:/home/tony/ros2_ws/install/opencv_pkg:/home/tony/ros2_ws/install/iqr_tb4_description:/home/tony/ros2_ws/install/ax12a_arm_controller:/opt/ros/humble /usr/bin/cmake --install /home/tony/ros2_ws/src/build/turtlebot3_cartographer
