-- The C compiler identification is GNU 11.4.0
-- The CXX compiler identification is GNU 11.4.0
-- Detecting C compiler ABI info
-- Detecting C compiler ABI info - done
-- Check for working C compiler: /usr/bin/cc - skipped
-- Detecting C compile features
-- Detecting C compile features - done
-- Detecting CXX compiler ABI info
-- Detecting CXX compiler ABI info - done
-- Check for working CXX compiler: /usr/bin/c++ - skipped
-- Detecting CXX compile features
-- Detecting CXX compile features - done
-- Found ament_cmake: 1.3.6 (/opt/ros/humble/share/ament_cmake/cmake)
-- Found Python3: /usr/bin/python3.10 (found version "3.10.12") found components: Interpreter 
-- Found rclcpp: 16.0.7 (/opt/ros/humble/share/rclcpp/cmake)
-- Found rosidl_generator_c: 3.1.5 (/opt/ros/humble/share/rosidl_generator_c/cmake)
-- Found rosidl_adapter: 3.1.5 (/opt/ros/humble/share/rosidl_adapter/cmake)
-- Found rosidl_generator_cpp: 3.1.5 (/opt/ros/humble/share/rosidl_generator_cpp/cmake)
-- Using all available rosidl_typesupport_c: rosidl_typesupport_fastrtps_c;rosidl_typesupport_introspection_c
-- Using all available rosidl_typesupport_cpp: rosidl_typesupport_fastrtps_cpp;rosidl_typesupport_introspection_cpp
-- Found rmw_implementation_cmake: 6.1.1 (/opt/ros/humble/share/rmw_implementation_cmake/cmake)
-- Found rmw_fastrtps_cpp: 6.2.5 (/opt/ros/humble/share/rmw_fastrtps_cpp/cmake)
-- Found OpenSSL: /usr/lib/x86_64-linux-gnu/libcrypto.so (found version "3.0.2")  
-- Found FastRTPS: /opt/ros/humble/include  
-- Using RMW implementation 'rmw_fastrtps_cpp' as default
-- Looking for pthread.h
-- Looking for pthread.h - found
-- Performing Test CMAKE_HAVE_LIBC_PTHREAD
-- Performing Test CMAKE_HAVE_LIBC_PTHREAD - Success
-- Found Threads: TRUE  
-- Found geometry_msgs: 4.2.4 (/opt/ros/humble/share/geometry_msgs/cmake)
-- Found sensor_msgs: 4.2.3 (/opt/ros/humble/share/sensor_msgs/cmake)
-- Found nav_msgs: 4.2.3 (/opt/ros/humble/share/nav_msgs/cmake)
-- Found std_srvs: 4.2.3 (/opt/ros/humble/share/std_srvs/cmake)
-- Found tf2: 0.25.8 (/opt/ros/humble/share/tf2/cmake)
-- Found tf2_ros: 0.25.8 (/opt/ros/humble/share/tf2_ros/cmake)
-- Found tf2_geometry_msgs: 0.25.5 (/opt/ros/humble/share/tf2_geometry_msgs/cmake)
-- Found eigen3_cmake_module: 0.1.1 (/opt/ros/humble/share/eigen3_cmake_module/cmake)
-- Found Eigen3: TRUE (found version "3.4.0") 
-- Ensuring Eigen3 include directory is part of orocos-kdl CMake target
-- Found ament_lint_auto: 0.12.9 (/opt/ros/humble/share/ament_lint_auto/cmake)
WARNING: Package name "EI_Final_Project" does not follow the naming conventions. It should start with a lower case letter and only contain lower case letters, digits, underscores, and dashes.
-- Added test 'copyright' to check source files copyright and LICENSE
-- Added test 'cppcheck' to perform static code analysis on C / C++ code
-- Configured cppcheck include dirs: /home/tony/ros2_ws/src/EI_Final_Project/include
-- Configured cppcheck exclude dirs and/or files: 
-- Added test 'cpplint' to check C / C++ code against the Google style
-- Configured cpplint exclude dirs and/or files: 
-- Added test 'flake8' to check Python code syntax and style conventions
-- Added test 'lint_cmake' to check CMake code style
-- Added test 'pep257' to check Python code against some of the docstring style conventions in PEP 257
-- Added test 'uncrustify' to check C / C++ code style
-- Configured uncrustify additional arguments: 
-- Added test 'xmllint' to check XML markup files
-- Configuring done
-- Generating done
-- Build files have been written to: /home/tony/ros2_ws/build/EI_Final_Project
[ 50%] [32mBuilding CXX object CMakeFiles/map_saver_node.dir/src/map_saver_node.cpp.o[0m
[01m[K/home/tony/ros2_ws/src/EI_Final_Project/src/map_saver_node.cpp:[m[K In member function ‘[01m[Kvoid MapSaverNode::saveMapService(std::shared_ptr<std_srvs::srv::Empty_Request_<std::allocator<void> > >, std::shared_ptr<std_srvs::srv::Empty_Response_<std::allocator<void> > >)[m[K’:
[01m[K/home/tony/ros2_ws/src/EI_Final_Project/src/map_saver_node.cpp:54:78:[m[K [01;35m[Kwarning: [m[Kunused parameter ‘[01m[Krequest[m[K’ [[01;35m[K]8;;https://gcc.gnu.org/onlinedocs/gcc/Warning-Options.html#index-Wunused-parameter-Wunused-parameter]8;;[m[K]
   54 |     void saveMapService([01;35m[Kconst std::shared_ptr<std_srvs::srv::Empty::Request> request[m[K,
      |                         [01;35m[K~~~~~~~~~~~~~~~~~~~~~~~~~~~~~~~~~~~~~~~~~~~~~~~~~~~~~^~~~~~~[m[K
[01m[K/home/tony/ros2_ws/src/EI_Final_Project/src/map_saver_node.cpp:55:72:[m[K [01;35m[Kwarning: [m[Kunused parameter ‘[01m[Kresponse[m[K’ [[01;35m[K]8;;https://gcc.gnu.org/onlinedocs/gcc/Warning-Options.html#index-Wunused-parameter-Wunused-parameter]8;;[m[K]
   55 |                        [01;35m[Kstd::shared_ptr<std_srvs::srv::Empty::Response> response[m[K)
      |                        [01;35m[K~~~~~~~~~~~~~~~~~~~~~~~~~~~~~~~~~~~~~~~~~~~~~~~~^~~~~~~~[m[K
[100%] [32m[1mLinking CXX executable map_saver_node[0m
[100%] Built target map_saver_node
-- Install configuration: ""
-- Installing: /home/tony/ros2_ws/install/EI_Final_Project/lib/EI_Final_Project/map_saver_node
-- Set runtime path of "/home/tony/ros2_ws/install/EI_Final_Project/lib/EI_Final_Project/map_saver_node" to ""
-- Installing: /home/tony/ros2_ws/install/EI_Final_Project/share/EI_Final_Project/launch
-- Installing: /home/tony/ros2_ws/install/EI_Final_Project/share/EI_Final_Project/launch/slam_2d.launch.py
-- Installing: /home/tony/ros2_ws/install/EI_Final_Project/share/EI_Final_Project/launch/save_map.launch.py
-- Installing: /home/tony/ros2_ws/install/EI_Final_Project/share/EI_Final_Project/config
-- Installing: /home/tony/ros2_ws/install/EI_Final_Project/share/EI_Final_Project/config/slam_toolbox_params.yaml
-- Installing: /home/tony/ros2_ws/install/EI_Final_Project/share/EI_Final_Project/config/cartographer_params.lua
-- Installing: /home/tony/ros2_ws/install/EI_Final_Project/share/EI_Final_Project/maps
-- Installing: /home/tony/ros2_ws/install/EI_Final_Project/share/EI_Final_Project/rviz
-- Installing: /home/tony/ros2_ws/install/EI_Final_Project/share/EI_Final_Project/rviz/slam_2d.rviz
-- Installing: /home/tony/ros2_ws/install/EI_Final_Project/share/ament_index/resource_index/package_run_dependencies/EI_Final_Project
-- Installing: /home/tony/ros2_ws/install/EI_Final_Project/share/ament_index/resource_index/parent_prefix_path/EI_Final_Project
-- Installing: /home/tony/ros2_ws/install/EI_Final_Project/share/EI_Final_Project/environment/ament_prefix_path.sh
-- Installing: /home/tony/ros2_ws/install/EI_Final_Project/share/EI_Final_Project/environment/ament_prefix_path.dsv
-- Installing: /home/tony/ros2_ws/install/EI_Final_Project/share/EI_Final_Project/environment/path.sh
-- Installing: /home/tony/ros2_ws/install/EI_Final_Project/share/EI_Final_Project/environment/path.dsv
-- Installing: /home/tony/ros2_ws/install/EI_Final_Project/share/EI_Final_Project/local_setup.bash
-- Installing: /home/tony/ros2_ws/install/EI_Final_Project/share/EI_Final_Project/local_setup.sh
-- Installing: /home/tony/ros2_ws/install/EI_Final_Project/share/EI_Final_Project/local_setup.zsh
-- Installing: /home/tony/ros2_ws/install/EI_Final_Project/share/EI_Final_Project/local_setup.dsv
-- Installing: /home/tony/ros2_ws/install/EI_Final_Project/share/EI_Final_Project/package.dsv
-- Installing: /home/tony/ros2_ws/install/EI_Final_Project/share/ament_index/resource_index/packages/EI_Final_Project
-- Installing: /home/tony/ros2_ws/install/EI_Final_Project/share/EI_Final_Project/cmake/EI_Final_ProjectConfig.cmake
-- Installing: /home/tony/ros2_ws/install/EI_Final_Project/share/EI_Final_Project/cmake/EI_Final_ProjectConfig-version.cmake
-- Installing: /home/tony/ros2_ws/install/EI_Final_Project/share/EI_Final_Project/package.xml
