[0.234s] Invoking command in '/home/tony/ros2_ws/build/turtlebot3_cartographer': CMAKE_PREFIX_PATH=${CMAKE_PREFIX_PATH}:/home/tony/ros2_ws/install/yolov10_inference:/home/tony/ros2_ws/install/witmotion_ros_driver:/home/tony/ros2_ws/install/turtlebot3_teleop:/home/tony/ros2_ws/install/turtlebot3_example:/home/tony/ros2_ws/install/ros2_aruco:/home/tony/ros2_ws/install/opencv_pkg:/home/tony/ros2_ws/install/dxl_tools:/home/tony/ros2_ws/install/ax12_arm_bringup:/opt/ros/humble /usr/bin/cmake /home/tony/ros2_ws/src/turtlebot3/turtlebot3_cartographer -DAMENT_CMAKE_SYMLINK_INSTALL=1 -DCMAKE_INSTALL_PREFIX=/home/tony/ros2_ws/install/turtlebot3_cartographer
[0.722s] -- The C compiler identification is GNU 11.4.0
[0.722s] -- The CXX compiler identification is GNU 11.4.0
[0.722s] -- Detecting C compiler ABI info
[0.722s] -- Detecting C compiler ABI info - done
[0.722s] -- Check for working C compiler: /usr/bin/cc - skipped
[0.722s] -- Detecting C compile features
[0.722s] -- Detecting C compile features - done
[0.722s] -- Detecting CXX compiler ABI info
[0.722s] -- Detecting CXX compiler ABI info - done
[0.722s] -- Check for working CXX compiler: /usr/bin/c++ - skipped
[0.722s] -- Detecting CXX compile features
[0.722s] -- Detecting CXX compile features - done
[0.722s] -- Found ament_cmake: 1.3.6 (/opt/ros/humble/share/ament_cmake/cmake)
[1.560s] -- Found Python3: /usr/bin/python3.10 (found version "3.10.12") found components: Interpreter 
[1.642s] -- Override CMake install command with custom implementation using symlinks instead of copying resources
[1.763s] -- Configuring done
[1.766s] -- Generating done
[1.767s] -- Build files have been written to: /home/tony/ros2_ws/build/turtlebot3_cartographer
[1.775s] Invoked command in '/home/tony/ros2_ws/build/turtlebot3_cartographer' returned '0': CMAKE_PREFIX_PATH=${CMAKE_PREFIX_PATH}:/home/tony/ros2_ws/install/yolov10_inference:/home/tony/ros2_ws/install/witmotion_ros_driver:/home/tony/ros2_ws/install/turtlebot3_teleop:/home/tony/ros2_ws/install/turtlebot3_example:/home/tony/ros2_ws/install/ros2_aruco:/home/tony/ros2_ws/install/opencv_pkg:/home/tony/ros2_ws/install/dxl_tools:/home/tony/ros2_ws/install/ax12_arm_bringup:/opt/ros/humble /usr/bin/cmake /home/tony/ros2_ws/src/turtlebot3/turtlebot3_cartographer -DAMENT_CMAKE_SYMLINK_INSTALL=1 -DCMAKE_INSTALL_PREFIX=/home/tony/ros2_ws/install/turtlebot3_cartographer
[1.775s] Invoking command in '/home/tony/ros2_ws/build/turtlebot3_cartographer': CMAKE_PREFIX_PATH=${CMAKE_PREFIX_PATH}:/home/tony/ros2_ws/install/yolov10_inference:/home/tony/ros2_ws/install/witmotion_ros_driver:/home/tony/ros2_ws/install/turtlebot3_teleop:/home/tony/ros2_ws/install/turtlebot3_example:/home/tony/ros2_ws/install/ros2_aruco:/home/tony/ros2_ws/install/opencv_pkg:/home/tony/ros2_ws/install/dxl_tools:/home/tony/ros2_ws/install/ax12_arm_bringup:/opt/ros/humble /usr/bin/cmake --build /home/tony/ros2_ws/build/turtlebot3_cartographer -- -j8 -l8
[1.818s] Invoked command in '/home/tony/ros2_ws/build/turtlebot3_cartographer' returned '0': CMAKE_PREFIX_PATH=${CMAKE_PREFIX_PATH}:/home/tony/ros2_ws/install/yolov10_inference:/home/tony/ros2_ws/install/witmotion_ros_driver:/home/tony/ros2_ws/install/turtlebot3_teleop:/home/tony/ros2_ws/install/turtlebot3_example:/home/tony/ros2_ws/install/ros2_aruco:/home/tony/ros2_ws/install/opencv_pkg:/home/tony/ros2_ws/install/dxl_tools:/home/tony/ros2_ws/install/ax12_arm_bringup:/opt/ros/humble /usr/bin/cmake --build /home/tony/ros2_ws/build/turtlebot3_cartographer -- -j8 -l8
[1.858s] Invoking command in '/home/tony/ros2_ws/build/turtlebot3_cartographer': CMAKE_PREFIX_PATH=${CMAKE_PREFIX_PATH}:/home/tony/ros2_ws/install/yolov10_inference:/home/tony/ros2_ws/install/witmotion_ros_driver:/home/tony/ros2_ws/install/turtlebot3_teleop:/home/tony/ros2_ws/install/turtlebot3_example:/home/tony/ros2_ws/install/ros2_aruco:/home/tony/ros2_ws/install/opencv_pkg:/home/tony/ros2_ws/install/dxl_tools:/home/tony/ros2_ws/install/ax12_arm_bringup:/opt/ros/humble /usr/bin/cmake --install /home/tony/ros2_ws/build/turtlebot3_cartographer
[1.867s] -- Install configuration: ""
[1.867s] -- Execute custom install script
[1.868s] -- Symlinking: /home/tony/ros2_ws/install/turtlebot3_cartographer/share/turtlebot3_cartographer/config/turtlebot3_lds_2d.lua
[1.881s] -- Symlinking: /home/tony/ros2_ws/install/turtlebot3_cartographer/share/turtlebot3_cartographer/launch/cartographer.launch.py
[1.894s] -- Symlinking: /home/tony/ros2_ws/install/turtlebot3_cartographer/share/turtlebot3_cartographer/launch/occupancy_grid.launch.py
[1.904s] -- Symlinking: /home/tony/ros2_ws/install/turtlebot3_cartographer/share/turtlebot3_cartographer/rviz/tb3_cartographer.rviz
[1.914s] -- Symlinking: /home/tony/ros2_ws/install/turtlebot3_cartographer/share/ament_index/resource_index/package_run_dependencies/turtlebot3_cartographer
[1.926s] -- Symlinking: /home/tony/ros2_ws/install/turtlebot3_cartographer/share/ament_index/resource_index/parent_prefix_path/turtlebot3_cartographer
[1.937s] -- Symlinking: /home/tony/ros2_ws/install/turtlebot3_cartographer/share/turtlebot3_cartographer/environment/ament_prefix_path.sh
[1.948s] -- Symlinking: /home/tony/ros2_ws/install/turtlebot3_cartographer/share/turtlebot3_cartographer/environment/ament_prefix_path.dsv
[1.957s] -- Symlinking: /home/tony/ros2_ws/install/turtlebot3_cartographer/share/turtlebot3_cartographer/environment/path.sh
[1.967s] -- Symlinking: /home/tony/ros2_ws/install/turtlebot3_cartographer/share/turtlebot3_cartographer/environment/path.dsv
[1.976s] -- Symlinking: /home/tony/ros2_ws/install/turtlebot3_cartographer/share/turtlebot3_cartographer/local_setup.bash
[1.987s] -- Symlinking: /home/tony/ros2_ws/install/turtlebot3_cartographer/share/turtlebot3_cartographer/local_setup.sh
[1.998s] -- Symlinking: /home/tony/ros2_ws/install/turtlebot3_cartographer/share/turtlebot3_cartographer/local_setup.zsh
[2.007s] -- Symlinking: /home/tony/ros2_ws/install/turtlebot3_cartographer/share/turtlebot3_cartographer/local_setup.dsv
[2.017s] -- Symlinking: /home/tony/ros2_ws/install/turtlebot3_cartographer/share/turtlebot3_cartographer/package.dsv
[2.027s] -- Symlinking: /home/tony/ros2_ws/install/turtlebot3_cartographer/share/ament_index/resource_index/packages/turtlebot3_cartographer
[2.037s] -- Symlinking: /home/tony/ros2_ws/install/turtlebot3_cartographer/share/turtlebot3_cartographer/cmake/turtlebot3_cartographerConfig.cmake
[2.048s] -- Symlinking: /home/tony/ros2_ws/install/turtlebot3_cartographer/share/turtlebot3_cartographer/cmake/turtlebot3_cartographerConfig-version.cmake
[2.058s] -- Symlinking: /home/tony/ros2_ws/install/turtlebot3_cartographer/share/turtlebot3_cartographer/package.xml
[2.070s] Invoked command in '/home/tony/ros2_ws/build/turtlebot3_cartographer' returned '0': CMAKE_PREFIX_PATH=${CMAKE_PREFIX_PATH}:/home/tony/ros2_ws/install/yolov10_inference:/home/tony/ros2_ws/install/witmotion_ros_driver:/home/tony/ros2_ws/install/turtlebot3_teleop:/home/tony/ros2_ws/install/turtlebot3_example:/home/tony/ros2_ws/install/ros2_aruco:/home/tony/ros2_ws/install/opencv_pkg:/home/tony/ros2_ws/install/dxl_tools:/home/tony/ros2_ws/install/ax12_arm_bringup:/opt/ros/humble /usr/bin/cmake --install /home/tony/ros2_ws/build/turtlebot3_cartographer
