[0.589s] Invoking command in '/home/tony/ros2_ws/src/build/pan_tilt_description': CMAKE_PREFIX_PATH=${CMAKE_PREFIX_PATH}:/home/tony/ros2_ws/install/yolov10_inference:/home/tony/ros2_ws/install/witmotion_ros_driver:/home/tony/ros2_ws/install/turtlebot3_teleop:/home/tony/ros2_ws/install/turtlebot3_example:/home/tony/ros2_ws/install/ros2_aruco:/home/tony/ros2_ws/install/opencv_pkg:/home/tony/ros2_ws/install/iqr_tb4_description:/home/tony/ros2_ws/install/ax12a_arm_controller:/opt/ros/humble /usr/bin/cmake /home/tony/ros2_ws/src/pan_tilt_ros/pan_tilt_description -DCMAKE_INSTALL_PREFIX=/home/tony/ros2_ws/src/install/pan_tilt_description
[0.742s] -- The C compiler identification is GNU 11.4.0
[0.931s] -- The CXX compiler identification is GNU 11.4.0
[0.943s] -- Detecting C compiler ABI info
[1.178s] -- Detecting C compiler ABI info - done
[1.211s] -- Check for working C compiler: /usr/bin/cc - skipped
[1.211s] -- Detecting C compile features
[1.211s] -- Detecting C compile features - done
[1.214s] -- Detecting CXX compiler ABI info
[1.421s] -- Detecting CXX compiler ABI info - done
[1.436s] -- Check for working CXX compiler: /usr/bin/c++ - skipped
[1.438s] -- Detecting CXX compile features
[1.438s] -- Detecting CXX compile features - done
[1.445s] -- Found ament_cmake: 1.3.6 (/opt/ros/humble/share/ament_cmake/cmake)
[2.875s] -- Found Python3: /usr/bin/python3.10 (found version "3.10.12") found components: Interpreter 
[3.069s] -- Found ament_lint_auto: 0.12.9 (/opt/ros/humble/share/ament_lint_auto/cmake)
[3.239s] -- Added test 'copyright' to check source files copyright and LICENSE
[3.246s] -- Added test 'flake8' to check Python code syntax and style conventions
[3.246s] -- Added test 'lint_cmake' to check CMake code style
[3.247s] -- Added test 'pep257' to check Python code against some of the docstring style conventions in PEP 257
[3.247s] -- Added test 'xmllint' to check XML markup files
[3.247s] -- Configuring done
[3.247s] -- Generating done
[3.247s] -- Build files have been written to: /home/tony/ros2_ws/src/build/pan_tilt_description
[3.340s] Invoked command in '/home/tony/ros2_ws/src/build/pan_tilt_description' returned '0': CMAKE_PREFIX_PATH=${CMAKE_PREFIX_PATH}:/home/tony/ros2_ws/install/yolov10_inference:/home/tony/ros2_ws/install/witmotion_ros_driver:/home/tony/ros2_ws/install/turtlebot3_teleop:/home/tony/ros2_ws/install/turtlebot3_example:/home/tony/ros2_ws/install/ros2_aruco:/home/tony/ros2_ws/install/opencv_pkg:/home/tony/ros2_ws/install/iqr_tb4_description:/home/tony/ros2_ws/install/ax12a_arm_controller:/opt/ros/humble /usr/bin/cmake /home/tony/ros2_ws/src/pan_tilt_ros/pan_tilt_description -DCMAKE_INSTALL_PREFIX=/home/tony/ros2_ws/src/install/pan_tilt_description
[3.341s] Invoking command in '/home/tony/ros2_ws/src/build/pan_tilt_description': CMAKE_PREFIX_PATH=${CMAKE_PREFIX_PATH}:/home/tony/ros2_ws/install/yolov10_inference:/home/tony/ros2_ws/install/witmotion_ros_driver:/home/tony/ros2_ws/install/turtlebot3_teleop:/home/tony/ros2_ws/install/turtlebot3_example:/home/tony/ros2_ws/install/ros2_aruco:/home/tony/ros2_ws/install/opencv_pkg:/home/tony/ros2_ws/install/iqr_tb4_description:/home/tony/ros2_ws/install/ax12a_arm_controller:/opt/ros/humble /usr/bin/cmake --build /home/tony/ros2_ws/src/build/pan_tilt_description -- -j8 -l8
