[2.378s] Invoking command in '/home/tony/ros2_ws/build/witmotion_ros_driver': PYTHONPATH=/home/tony/ros2_ws/build/witmotion_ros_driver/prefix_override:/home/tony/ros2_ws/install/witmotion_ros_driver/lib/python3.10/site-packages:${PYTHONPATH} /usr/bin/python3 setup.py develop --editable --build-directory /home/tony/ros2_ws/build/witmotion_ros_driver/build --no-deps install_data
[3.118s] running develop
[3.120s] /home/tony/.local/lib/python3.10/site-packages/setuptools/command/easy_install.py:144: EasyInstallDeprecationWarning: easy_install command is deprecated. Use build and pip and other standards-based tools.
[3.121s]   warnings.warn(
[3.261s] /home/tony/.local/lib/python3.10/site-packages/setuptools/command/install.py:34: SetuptoolsDeprecationWarning: setup.py install is deprecated. Use build and pip and other standards-based tools.
[3.261s]   warnings.warn(
[3.803s] running egg_info
[3.823s] writing witmotion_ros_driver.egg-info/PKG-INFO
[3.823s] writing dependency_links to witmotion_ros_driver.egg-info/dependency_links.txt
[3.823s] writing entry points to witmotion_ros_driver.egg-info/entry_points.txt
[3.823s] writing requirements to witmotion_ros_driver.egg-info/requires.txt
[3.823s] writing top-level names to witmotion_ros_driver.egg-info/top_level.txt
[3.880s] reading manifest file 'witmotion_ros_driver.egg-info/SOURCES.txt'
[3.883s] writing manifest file 'witmotion_ros_driver.egg-info/SOURCES.txt'
[3.916s] running build_ext
[3.918s] Creating /home/tony/ros2_ws/install/witmotion_ros_driver/lib/python3.10/site-packages/witmotion-ros-driver.egg-link (link to .)
[3.918s] Installing modbus_rtu_driver script to /home/tony/ros2_ws/install/witmotion_ros_driver/lib/witmotion_ros_driver
[3.919s] Installing modbus_rtu_driver_2 script to /home/tony/ros2_ws/install/witmotion_ros_driver/lib/witmotion_ros_driver
[3.920s] 
[3.920s] Installed /home/tony/ros2_ws/build/witmotion_ros_driver
[3.920s] running install_data
[4.308s] Invoked command in '/home/tony/ros2_ws/build/witmotion_ros_driver' returned '0': PYTHONPATH=/home/tony/ros2_ws/build/witmotion_ros_driver/prefix_override:/home/tony/ros2_ws/install/witmotion_ros_driver/lib/python3.10/site-packages:${PYTHONPATH} /usr/bin/python3 setup.py develop --editable --build-directory /home/tony/ros2_ws/build/witmotion_ros_driver/build --no-deps install_data
