[0.380s] Invoking command in '/home/tony/ros2_ws/src/build/turtlebot3_description': CMAKE_PREFIX_PATH=${CMAKE_PREFIX_PATH}:/home/tony/ros2_ws/install/yolov10_inference:/home/tony/ros2_ws/install/witmotion_ros_driver:/home/tony/ros2_ws/install/turtlebot3_teleop:/home/tony/ros2_ws/install/turtlebot3_example:/home/tony/ros2_ws/install/ros2_aruco:/home/tony/ros2_ws/install/opencv_pkg:/home/tony/ros2_ws/install/iqr_tb4_description:/home/tony/ros2_ws/install/ax12a_arm_controller:/opt/ros/humble /usr/bin/cmake /home/tony/ros2_ws/src/turtlebot3/turtlebot3_description -DCMAKE_INSTALL_PREFIX=/home/tony/ros2_ws/src/install/turtlebot3_description
[1.059s] -- The C compiler identification is GNU 11.4.0
[1.059s] -- The CXX compiler identification is GNU 11.4.0
[1.059s] -- Detecting C compiler ABI info
[1.059s] -- Detecting C compiler ABI info - done
[1.059s] -- Check for working C compiler: /usr/bin/cc - skipped
[1.059s] -- Detecting C compile features
[1.059s] -- Detecting C compile features - done
[1.059s] -- Detecting CXX compiler ABI info
[1.059s] -- Detecting CXX compiler ABI info - done
[1.059s] -- Check for working CXX compiler: /usr/bin/c++ - skipped
[1.060s] -- Detecting CXX compile features
[1.060s] -- Detecting CXX compile features - done
[1.060s] -- Found ament_cmake: 1.3.6 (/opt/ros/humble/share/ament_cmake/cmake)
[1.950s] -- Found Python3: /usr/bin/python3.10 (found version "3.10.12") found components: Interpreter 
[2.208s] -- Found urdf: 2.6.0 (/opt/ros/humble/share/urdf/cmake)
[2.442s] -- Configuring done
[2.445s] -- Generating done
[2.446s] -- Build files have been written to: /home/tony/ros2_ws/src/build/turtlebot3_description
[2.456s] Invoked command in '/home/tony/ros2_ws/src/build/turtlebot3_description' returned '0': CMAKE_PREFIX_PATH=${CMAKE_PREFIX_PATH}:/home/tony/ros2_ws/install/yolov10_inference:/home/tony/ros2_ws/install/witmotion_ros_driver:/home/tony/ros2_ws/install/turtlebot3_teleop:/home/tony/ros2_ws/install/turtlebot3_example:/home/tony/ros2_ws/install/ros2_aruco:/home/tony/ros2_ws/install/opencv_pkg:/home/tony/ros2_ws/install/iqr_tb4_description:/home/tony/ros2_ws/install/ax12a_arm_controller:/opt/ros/humble /usr/bin/cmake /home/tony/ros2_ws/src/turtlebot3/turtlebot3_description -DCMAKE_INSTALL_PREFIX=/home/tony/ros2_ws/src/install/turtlebot3_description
[2.456s] Invoking command in '/home/tony/ros2_ws/src/build/turtlebot3_description': CMAKE_PREFIX_PATH=${CMAKE_PREFIX_PATH}:/home/tony/ros2_ws/install/yolov10_inference:/home/tony/ros2_ws/install/witmotion_ros_driver:/home/tony/ros2_ws/install/turtlebot3_teleop:/home/tony/ros2_ws/install/turtlebot3_example:/home/tony/ros2_ws/install/ros2_aruco:/home/tony/ros2_ws/install/opencv_pkg:/home/tony/ros2_ws/install/iqr_tb4_description:/home/tony/ros2_ws/install/ax12a_arm_controller:/opt/ros/humble /usr/bin/cmake --build /home/tony/ros2_ws/src/build/turtlebot3_description -- -j8 -l8
[2.975s] Invoked command in '/home/tony/ros2_ws/src/build/turtlebot3_description' returned '0': CMAKE_PREFIX_PATH=${CMAKE_PREFIX_PATH}:/home/tony/ros2_ws/install/yolov10_inference:/home/tony/ros2_ws/install/witmotion_ros_driver:/home/tony/ros2_ws/install/turtlebot3_teleop:/home/tony/ros2_ws/install/turtlebot3_example:/home/tony/ros2_ws/install/ros2_aruco:/home/tony/ros2_ws/install/opencv_pkg:/home/tony/ros2_ws/install/iqr_tb4_description:/home/tony/ros2_ws/install/ax12a_arm_controller:/opt/ros/humble /usr/bin/cmake --build /home/tony/ros2_ws/src/build/turtlebot3_description -- -j8 -l8
[3.070s] Invoking command in '/home/tony/ros2_ws/src/build/turtlebot3_description': CMAKE_PREFIX_PATH=${CMAKE_PREFIX_PATH}:/home/tony/ros2_ws/install/yolov10_inference:/home/tony/ros2_ws/install/witmotion_ros_driver:/home/tony/ros2_ws/install/turtlebot3_teleop:/home/tony/ros2_ws/install/turtlebot3_example:/home/tony/ros2_ws/install/ros2_aruco:/home/tony/ros2_ws/install/opencv_pkg:/home/tony/ros2_ws/install/iqr_tb4_description:/home/tony/ros2_ws/install/ax12a_arm_controller:/opt/ros/humble /usr/bin/cmake --install /home/tony/ros2_ws/src/build/turtlebot3_description
[3.334s] -- Install configuration: ""
[3.334s] -- Installing: /home/tony/ros2_ws/src/install/turtlebot3_description/share/turtlebot3_description/meshes
[3.334s] -- Installing: /home/tony/ros2_ws/src/install/turtlebot3_description/share/turtlebot3_description/meshes/bases
[3.334s] -- Installing: /home/tony/ros2_ws/src/install/turtlebot3_description/share/turtlebot3_description/meshes/bases/burger_base.stl
[3.334s] -- Installing: /home/tony/ros2_ws/src/install/turtlebot3_description/share/turtlebot3_description/meshes/bases/waffle_base.stl
[3.334s] -- Installing: /home/tony/ros2_ws/src/install/turtlebot3_description/share/turtlebot3_description/meshes/bases/waffle_pi_base.stl
[3.334s] -- Installing: /home/tony/ros2_ws/src/install/turtlebot3_description/share/turtlebot3_description/meshes/sensors
[3.335s] -- Installing: /home/tony/ros2_ws/src/install/turtlebot3_description/share/turtlebot3_description/meshes/sensors/astra.dae
[3.335s] -- Installing: /home/tony/ros2_ws/src/install/turtlebot3_description/share/turtlebot3_description/meshes/sensors/lds.stl
[3.335s] -- Installing: /home/tony/ros2_ws/src/install/turtlebot3_description/share/turtlebot3_description/meshes/sensors/r200.jpg
[3.335s] -- Installing: /home/tony/ros2_ws/src/install/turtlebot3_description/share/turtlebot3_description/meshes/sensors/astra.jpg
[3.335s] -- Installing: /home/tony/ros2_ws/src/install/turtlebot3_description/share/turtlebot3_description/meshes/sensors/r200.dae
[3.335s] -- Installing: /home/tony/ros2_ws/src/install/turtlebot3_description/share/turtlebot3_description/meshes/wheels
[3.335s] -- Installing: /home/tony/ros2_ws/src/install/turtlebot3_description/share/turtlebot3_description/meshes/wheels/right_tire.stl
[3.335s] -- Installing: /home/tony/ros2_ws/src/install/turtlebot3_description/share/turtlebot3_description/meshes/wheels/left_tire.stl
[3.335s] -- Installing: /home/tony/ros2_ws/src/install/turtlebot3_description/share/turtlebot3_description/rviz
[3.335s] -- Installing: /home/tony/ros2_ws/src/install/turtlebot3_description/share/turtlebot3_description/rviz/model.rviz
[3.335s] -- Installing: /home/tony/ros2_ws/src/install/turtlebot3_description/share/turtlebot3_description/urdf
[3.335s] -- Installing: /home/tony/ros2_ws/src/install/turtlebot3_description/share/turtlebot3_description/urdf/turtlebot3_waffle.urdf
[3.335s] -- Installing: /home/tony/ros2_ws/src/install/turtlebot3_description/share/turtlebot3_description/urdf/turtlebot3_burger.urdf
[3.335s] -- Installing: /home/tony/ros2_ws/src/install/turtlebot3_description/share/turtlebot3_description/urdf/turtlebot3_waffle_pi.urdf
[3.335s] -- Installing: /home/tony/ros2_ws/src/install/turtlebot3_description/share/turtlebot3_description/urdf/common_properties.urdf
[3.335s] -- Installing: /home/tony/ros2_ws/src/install/turtlebot3_description/share/ament_index/resource_index/package_run_dependencies/turtlebot3_description
[3.336s] -- Installing: /home/tony/ros2_ws/src/install/turtlebot3_description/share/ament_index/resource_index/parent_prefix_path/turtlebot3_description
[3.336s] -- Installing: /home/tony/ros2_ws/src/install/turtlebot3_description/share/turtlebot3_description/environment/ament_prefix_path.sh
[3.336s] -- Installing: /home/tony/ros2_ws/src/install/turtlebot3_description/share/turtlebot3_description/environment/ament_prefix_path.dsv
[3.336s] -- Installing: /home/tony/ros2_ws/src/install/turtlebot3_description/share/turtlebot3_description/environment/path.sh
[3.336s] -- Installing: /home/tony/ros2_ws/src/install/turtlebot3_description/share/turtlebot3_description/environment/path.dsv
[3.336s] -- Installing: /home/tony/ros2_ws/src/install/turtlebot3_description/share/turtlebot3_description/local_setup.bash
[3.336s] -- Installing: /home/tony/ros2_ws/src/install/turtlebot3_description/share/turtlebot3_description/local_setup.sh
[3.337s] -- Installing: /home/tony/ros2_ws/src/install/turtlebot3_description/share/turtlebot3_description/local_setup.zsh
[3.337s] -- Installing: /home/tony/ros2_ws/src/install/turtlebot3_description/share/turtlebot3_description/local_setup.dsv
[3.337s] -- Installing: /home/tony/ros2_ws/src/install/turtlebot3_description/share/turtlebot3_description/package.dsv
[3.337s] -- Installing: /home/tony/ros2_ws/src/install/turtlebot3_description/share/ament_index/resource_index/packages/turtlebot3_description
[3.337s] -- Installing: /home/tony/ros2_ws/src/install/turtlebot3_description/share/turtlebot3_description/cmake/turtlebot3_descriptionConfig.cmake
[3.337s] -- Installing: /home/tony/ros2_ws/src/install/turtlebot3_description/share/turtlebot3_description/cmake/turtlebot3_descriptionConfig-version.cmake
[3.337s] -- Installing: /home/tony/ros2_ws/src/install/turtlebot3_description/share/turtlebot3_description/package.xml
[3.340s] Invoked command in '/home/tony/ros2_ws/src/build/turtlebot3_description' returned '0': CMAKE_PREFIX_PATH=${CMAKE_PREFIX_PATH}:/home/tony/ros2_ws/install/yolov10_inference:/home/tony/ros2_ws/install/witmotion_ros_driver:/home/tony/ros2_ws/install/turtlebot3_teleop:/home/tony/ros2_ws/install/turtlebot3_example:/home/tony/ros2_ws/install/ros2_aruco:/home/tony/ros2_ws/install/opencv_pkg:/home/tony/ros2_ws/install/iqr_tb4_description:/home/tony/ros2_ws/install/ax12a_arm_controller:/opt/ros/humble /usr/bin/cmake --install /home/tony/ros2_ws/src/build/turtlebot3_description
