[0.192s] Invoking command in '/home/tony/ros2_ws/build/turtlebot3_bringup': CMAKE_PREFIX_PATH=/home/tony/ros2_ws/install/turtlebot3_node:/home/tony/ros2_ws/install/turtlebot3_description:/home/tony/ros2_ws/install/turtlebot3:/home/tony/ros2_ws/install/turtlebot3_bringup:/home/tony/ros2_ws/install/turtlebot3_navigation2:/home/tony/ros2_ws/install/turtlebot3_cartographer:/home/tony/ros2_ws/install/ros2_aruco_interfaces:/home/tony/ros2_ws/install/realsense2_description:/home/tony/ros2_ws/install/realsense2_camera:/home/tony/ros2_ws/install/realsense2_camera_msgs:/home/tony/ros2_ws/install/pan_tilt_driver:/home/tony/ros2_ws/install/pan_tilt_msgs:/home/tony/ros2_ws/install/pan_tilt_description:/home/tony/ros2_ws/install/pan_tilt_bringup:/home/tony/ros2_ws/install/iqr_tb4_navigation:/home/tony/ros2_ws/install/iqr_tb4_description:/home/tony/ros2_ws/install/iqr_tb4_bringup:/home/tony/ros2_ws/install/dynamixel_sdk_examples:/home/tony/ros2_ws/install/dynamixel_sdk_custom_interfaces:/home/tony/ros2_ws/install/dynamixel_hardware_interface:/home/tony/ros2_ws/install/dynamixel_sdk:/home/tony/ros2_ws/install/dynamixel_interfaces:/home/tony/ros2_ws/install/dynamixel_handler_msgs:/home/tony/ros2_ws/install/dynamixel_handler:/home/tony/ros2_ws/install/ax12_arm_description:/home/tony/ros2_ws/install/yolov10_inference:/home/tony/ros2_ws/install/witmotion_ros_driver:/home/tony/ros2_ws/install/turtlebot3_teleop:/home/tony/ros2_ws/install/turtlebot3_example:/home/tony/ros2_ws/install/ros2_aruco:/home/tony/ros2_ws/install/opencv_pkg:/home/tony/ros2_ws/install/dxl_tools:/home/tony/ros2_ws/install/ax12_arm_bringup:/opt/ros/humble /usr/bin/cmake /home/tony/ros2_ws/src/turtlebot3/turtlebot3_bringup -DAMENT_CMAKE_SYMLINK_INSTALL=1 -DCMAKE_INSTALL_PREFIX=/home/tony/ros2_ws/install/turtlebot3_bringup
[0.330s] -- The C compiler identification is GNU 11.4.0
[0.439s] -- The CXX compiler identification is GNU 11.4.0
[0.454s] -- Detecting C compiler ABI info
[0.635s] -- Detecting C compiler ABI info - done
[0.649s] -- Check for working C compiler: /usr/bin/cc - skipped
[0.649s] -- Detecting C compile features
[0.661s] -- Detecting C compile features - done
[0.661s] -- Detecting CXX compiler ABI info
[0.846s] -- Detecting CXX compiler ABI info - done
[0.866s] -- Check for working CXX compiler: /usr/bin/c++ - skipped
[0.866s] -- Detecting CXX compile features
[0.871s] -- Detecting CXX compile features - done
[0.884s] -- Found ament_cmake: 1.3.6 (/opt/ros/humble/share/ament_cmake/cmake)
[2.451s] -- Found Python3: /usr/bin/python3.10 (found version "3.10.12") found components: Interpreter 
[2.545s] -- Override CMake install command with custom implementation using symlinks instead of copying resources
[2.746s] -- Configuring done
[2.750s] -- Generating done
[2.752s] -- Build files have been written to: /home/tony/ros2_ws/build/turtlebot3_bringup
[2.761s] Invoked command in '/home/tony/ros2_ws/build/turtlebot3_bringup' returned '0': CMAKE_PREFIX_PATH=/home/tony/ros2_ws/install/turtlebot3_node:/home/tony/ros2_ws/install/turtlebot3_description:/home/tony/ros2_ws/install/turtlebot3:/home/tony/ros2_ws/install/turtlebot3_bringup:/home/tony/ros2_ws/install/turtlebot3_navigation2:/home/tony/ros2_ws/install/turtlebot3_cartographer:/home/tony/ros2_ws/install/ros2_aruco_interfaces:/home/tony/ros2_ws/install/realsense2_description:/home/tony/ros2_ws/install/realsense2_camera:/home/tony/ros2_ws/install/realsense2_camera_msgs:/home/tony/ros2_ws/install/pan_tilt_driver:/home/tony/ros2_ws/install/pan_tilt_msgs:/home/tony/ros2_ws/install/pan_tilt_description:/home/tony/ros2_ws/install/pan_tilt_bringup:/home/tony/ros2_ws/install/iqr_tb4_navigation:/home/tony/ros2_ws/install/iqr_tb4_description:/home/tony/ros2_ws/install/iqr_tb4_bringup:/home/tony/ros2_ws/install/dynamixel_sdk_examples:/home/tony/ros2_ws/install/dynamixel_sdk_custom_interfaces:/home/tony/ros2_ws/install/dynamixel_hardware_interface:/home/tony/ros2_ws/install/dynamixel_sdk:/home/tony/ros2_ws/install/dynamixel_interfaces:/home/tony/ros2_ws/install/dynamixel_handler_msgs:/home/tony/ros2_ws/install/dynamixel_handler:/home/tony/ros2_ws/install/ax12_arm_description:/home/tony/ros2_ws/install/yolov10_inference:/home/tony/ros2_ws/install/witmotion_ros_driver:/home/tony/ros2_ws/install/turtlebot3_teleop:/home/tony/ros2_ws/install/turtlebot3_example:/home/tony/ros2_ws/install/ros2_aruco:/home/tony/ros2_ws/install/opencv_pkg:/home/tony/ros2_ws/install/dxl_tools:/home/tony/ros2_ws/install/ax12_arm_bringup:/opt/ros/humble /usr/bin/cmake /home/tony/ros2_ws/src/turtlebot3/turtlebot3_bringup -DAMENT_CMAKE_SYMLINK_INSTALL=1 -DCMAKE_INSTALL_PREFIX=/home/tony/ros2_ws/install/turtlebot3_bringup
[2.766s] Invoking command in '/home/tony/ros2_ws/build/turtlebot3_bringup': CMAKE_PREFIX_PATH=/home/tony/ros2_ws/install/turtlebot3_node:/home/tony/ros2_ws/install/turtlebot3_description:/home/tony/ros2_ws/install/turtlebot3:/home/tony/ros2_ws/install/turtlebot3_bringup:/home/tony/ros2_ws/install/turtlebot3_navigation2:/home/tony/ros2_ws/install/turtlebot3_cartographer:/home/tony/ros2_ws/install/ros2_aruco_interfaces:/home/tony/ros2_ws/install/realsense2_description:/home/tony/ros2_ws/install/realsense2_camera:/home/tony/ros2_ws/install/realsense2_camera_msgs:/home/tony/ros2_ws/install/pan_tilt_driver:/home/tony/ros2_ws/install/pan_tilt_msgs:/home/tony/ros2_ws/install/pan_tilt_description:/home/tony/ros2_ws/install/pan_tilt_bringup:/home/tony/ros2_ws/install/iqr_tb4_navigation:/home/tony/ros2_ws/install/iqr_tb4_description:/home/tony/ros2_ws/install/iqr_tb4_bringup:/home/tony/ros2_ws/install/dynamixel_sdk_examples:/home/tony/ros2_ws/install/dynamixel_sdk_custom_interfaces:/home/tony/ros2_ws/install/dynamixel_hardware_interface:/home/tony/ros2_ws/install/dynamixel_sdk:/home/tony/ros2_ws/install/dynamixel_interfaces:/home/tony/ros2_ws/install/dynamixel_handler_msgs:/home/tony/ros2_ws/install/dynamixel_handler:/home/tony/ros2_ws/install/ax12_arm_description:/home/tony/ros2_ws/install/yolov10_inference:/home/tony/ros2_ws/install/witmotion_ros_driver:/home/tony/ros2_ws/install/turtlebot3_teleop:/home/tony/ros2_ws/install/turtlebot3_example:/home/tony/ros2_ws/install/ros2_aruco:/home/tony/ros2_ws/install/opencv_pkg:/home/tony/ros2_ws/install/dxl_tools:/home/tony/ros2_ws/install/ax12_arm_bringup:/opt/ros/humble /usr/bin/cmake --build /home/tony/ros2_ws/build/turtlebot3_bringup -- -j8 -l8
[2.856s] Invoked command in '/home/tony/ros2_ws/build/turtlebot3_bringup' returned '0': CMAKE_PREFIX_PATH=/home/tony/ros2_ws/install/turtlebot3_node:/home/tony/ros2_ws/install/turtlebot3_description:/home/tony/ros2_ws/install/turtlebot3:/home/tony/ros2_ws/install/turtlebot3_bringup:/home/tony/ros2_ws/install/turtlebot3_navigation2:/home/tony/ros2_ws/install/turtlebot3_cartographer:/home/tony/ros2_ws/install/ros2_aruco_interfaces:/home/tony/ros2_ws/install/realsense2_description:/home/tony/ros2_ws/install/realsense2_camera:/home/tony/ros2_ws/install/realsense2_camera_msgs:/home/tony/ros2_ws/install/pan_tilt_driver:/home/tony/ros2_ws/install/pan_tilt_msgs:/home/tony/ros2_ws/install/pan_tilt_description:/home/tony/ros2_ws/install/pan_tilt_bringup:/home/tony/ros2_ws/install/iqr_tb4_navigation:/home/tony/ros2_ws/install/iqr_tb4_description:/home/tony/ros2_ws/install/iqr_tb4_bringup:/home/tony/ros2_ws/install/dynamixel_sdk_examples:/home/tony/ros2_ws/install/dynamixel_sdk_custom_interfaces:/home/tony/ros2_ws/install/dynamixel_hardware_interface:/home/tony/ros2_ws/install/dynamixel_sdk:/home/tony/ros2_ws/install/dynamixel_interfaces:/home/tony/ros2_ws/install/dynamixel_handler_msgs:/home/tony/ros2_ws/install/dynamixel_handler:/home/tony/ros2_ws/install/ax12_arm_description:/home/tony/ros2_ws/install/yolov10_inference:/home/tony/ros2_ws/install/witmotion_ros_driver:/home/tony/ros2_ws/install/turtlebot3_teleop:/home/tony/ros2_ws/install/turtlebot3_example:/home/tony/ros2_ws/install/ros2_aruco:/home/tony/ros2_ws/install/opencv_pkg:/home/tony/ros2_ws/install/dxl_tools:/home/tony/ros2_ws/install/ax12_arm_bringup:/opt/ros/humble /usr/bin/cmake --build /home/tony/ros2_ws/build/turtlebot3_bringup -- -j8 -l8
[2.928s] Invoking command in '/home/tony/ros2_ws/build/turtlebot3_bringup': CMAKE_PREFIX_PATH=/home/tony/ros2_ws/install/turtlebot3_node:/home/tony/ros2_ws/install/turtlebot3_description:/home/tony/ros2_ws/install/turtlebot3:/home/tony/ros2_ws/install/turtlebot3_bringup:/home/tony/ros2_ws/install/turtlebot3_navigation2:/home/tony/ros2_ws/install/turtlebot3_cartographer:/home/tony/ros2_ws/install/ros2_aruco_interfaces:/home/tony/ros2_ws/install/realsense2_description:/home/tony/ros2_ws/install/realsense2_camera:/home/tony/ros2_ws/install/realsense2_camera_msgs:/home/tony/ros2_ws/install/pan_tilt_driver:/home/tony/ros2_ws/install/pan_tilt_msgs:/home/tony/ros2_ws/install/pan_tilt_description:/home/tony/ros2_ws/install/pan_tilt_bringup:/home/tony/ros2_ws/install/iqr_tb4_navigation:/home/tony/ros2_ws/install/iqr_tb4_description:/home/tony/ros2_ws/install/iqr_tb4_bringup:/home/tony/ros2_ws/install/dynamixel_sdk_examples:/home/tony/ros2_ws/install/dynamixel_sdk_custom_interfaces:/home/tony/ros2_ws/install/dynamixel_hardware_interface:/home/tony/ros2_ws/install/dynamixel_sdk:/home/tony/ros2_ws/install/dynamixel_interfaces:/home/tony/ros2_ws/install/dynamixel_handler_msgs:/home/tony/ros2_ws/install/dynamixel_handler:/home/tony/ros2_ws/install/ax12_arm_description:/home/tony/ros2_ws/install/yolov10_inference:/home/tony/ros2_ws/install/witmotion_ros_driver:/home/tony/ros2_ws/install/turtlebot3_teleop:/home/tony/ros2_ws/install/turtlebot3_example:/home/tony/ros2_ws/install/ros2_aruco:/home/tony/ros2_ws/install/opencv_pkg:/home/tony/ros2_ws/install/dxl_tools:/home/tony/ros2_ws/install/ax12_arm_bringup:/opt/ros/humble /usr/bin/cmake --install /home/tony/ros2_ws/build/turtlebot3_bringup
[2.944s] -- Install configuration: ""
[2.944s] -- Execute custom install script
[2.948s] -- Symlinking: /home/tony/ros2_ws/install/turtlebot3_bringup/share/turtlebot3_bringup/launch/robot.launch.py
[2.968s] -- Symlinking: /home/tony/ros2_ws/install/turtlebot3_bringup/share/turtlebot3_bringup/launch/rviz2.launch.py
[2.991s] -- Symlinking: /home/tony/ros2_ws/install/turtlebot3_bringup/share/turtlebot3_bringup/launch/turtlebot3_state_publisher.launch.py
[3.011s] -- Symlinking: /home/tony/ros2_ws/install/turtlebot3_bringup/share/turtlebot3_bringup/param/burger.yaml
[3.032s] -- Symlinking: /home/tony/ros2_ws/install/turtlebot3_bringup/share/turtlebot3_bringup/param/waffle.yaml
[3.049s] -- Symlinking: /home/tony/ros2_ws/install/turtlebot3_bringup/share/turtlebot3_bringup/param/waffle_pi.yaml
[3.072s] -- Symlinking: /home/tony/ros2_ws/install/turtlebot3_bringup/share/turtlebot3_bringup/script/99-turtlebot3-cdc.rules
[3.094s] -- Symlinking: /home/tony/ros2_ws/install/turtlebot3_bringup/share/turtlebot3_bringup/script/create_udev_rules
[3.118s] -- Symlinking: /home/tony/ros2_ws/install/turtlebot3_bringup/share/ament_index/resource_index/package_run_dependencies/turtlebot3_bringup
[3.138s] -- Symlinking: /home/tony/ros2_ws/install/turtlebot3_bringup/share/ament_index/resource_index/parent_prefix_path/turtlebot3_bringup
[3.159s] -- Symlinking: /home/tony/ros2_ws/install/turtlebot3_bringup/share/turtlebot3_bringup/environment/ament_prefix_path.sh
[3.181s] -- Symlinking: /home/tony/ros2_ws/install/turtlebot3_bringup/share/turtlebot3_bringup/environment/ament_prefix_path.dsv
[3.200s] -- Symlinking: /home/tony/ros2_ws/install/turtlebot3_bringup/share/turtlebot3_bringup/environment/path.sh
[3.220s] -- Symlinking: /home/tony/ros2_ws/install/turtlebot3_bringup/share/turtlebot3_bringup/environment/path.dsv
[3.243s] -- Symlinking: /home/tony/ros2_ws/install/turtlebot3_bringup/share/turtlebot3_bringup/local_setup.bash
[3.262s] -- Symlinking: /home/tony/ros2_ws/install/turtlebot3_bringup/share/turtlebot3_bringup/local_setup.sh
[3.281s] -- Symlinking: /home/tony/ros2_ws/install/turtlebot3_bringup/share/turtlebot3_bringup/local_setup.zsh
[3.301s] -- Symlinking: /home/tony/ros2_ws/install/turtlebot3_bringup/share/turtlebot3_bringup/local_setup.dsv
[3.312s] -- Symlinking: /home/tony/ros2_ws/install/turtlebot3_bringup/share/turtlebot3_bringup/package.dsv
[3.334s] -- Symlinking: /home/tony/ros2_ws/install/turtlebot3_bringup/share/ament_index/resource_index/packages/turtlebot3_bringup
[3.352s] -- Symlinking: /home/tony/ros2_ws/install/turtlebot3_bringup/share/turtlebot3_bringup/cmake/turtlebot3_bringupConfig.cmake
[3.374s] -- Symlinking: /home/tony/ros2_ws/install/turtlebot3_bringup/share/turtlebot3_bringup/cmake/turtlebot3_bringupConfig-version.cmake
[3.394s] -- Symlinking: /home/tony/ros2_ws/install/turtlebot3_bringup/share/turtlebot3_bringup/package.xml
[3.413s] Invoked command in '/home/tony/ros2_ws/build/turtlebot3_bringup' returned '0': CMAKE_PREFIX_PATH=/home/tony/ros2_ws/install/turtlebot3_node:/home/tony/ros2_ws/install/turtlebot3_description:/home/tony/ros2_ws/install/turtlebot3:/home/tony/ros2_ws/install/turtlebot3_bringup:/home/tony/ros2_ws/install/turtlebot3_navigation2:/home/tony/ros2_ws/install/turtlebot3_cartographer:/home/tony/ros2_ws/install/ros2_aruco_interfaces:/home/tony/ros2_ws/install/realsense2_description:/home/tony/ros2_ws/install/realsense2_camera:/home/tony/ros2_ws/install/realsense2_camera_msgs:/home/tony/ros2_ws/install/pan_tilt_driver:/home/tony/ros2_ws/install/pan_tilt_msgs:/home/tony/ros2_ws/install/pan_tilt_description:/home/tony/ros2_ws/install/pan_tilt_bringup:/home/tony/ros2_ws/install/iqr_tb4_navigation:/home/tony/ros2_ws/install/iqr_tb4_description:/home/tony/ros2_ws/install/iqr_tb4_bringup:/home/tony/ros2_ws/install/dynamixel_sdk_examples:/home/tony/ros2_ws/install/dynamixel_sdk_custom_interfaces:/home/tony/ros2_ws/install/dynamixel_hardware_interface:/home/tony/ros2_ws/install/dynamixel_sdk:/home/tony/ros2_ws/install/dynamixel_interfaces:/home/tony/ros2_ws/install/dynamixel_handler_msgs:/home/tony/ros2_ws/install/dynamixel_handler:/home/tony/ros2_ws/install/ax12_arm_description:/home/tony/ros2_ws/install/yolov10_inference:/home/tony/ros2_ws/install/witmotion_ros_driver:/home/tony/ros2_ws/install/turtlebot3_teleop:/home/tony/ros2_ws/install/turtlebot3_example:/home/tony/ros2_ws/install/ros2_aruco:/home/tony/ros2_ws/install/opencv_pkg:/home/tony/ros2_ws/install/dxl_tools:/home/tony/ros2_ws/install/ax12_arm_bringup:/opt/ros/humble /usr/bin/cmake --install /home/tony/ros2_ws/build/turtlebot3_bringup
