-- The C compiler identification is GNU 11.4.0
-- The CXX compiler identification is GNU 11.4.0
-- Detecting C compiler ABI info
-- Detecting C compiler ABI info - done
-- Check for working C compiler: /usr/bin/cc - skipped
-- Detecting C compile features
-- Detecting C compile features - done
-- Detecting CXX compiler ABI info
-- Detecting CXX compiler ABI info - done
-- Check for working CXX compiler: /usr/bin/c++ - skipped
-- Detecting CXX compile features
-- Detecting CXX compile features - done
-- Found ament_cmake: 1.3.6 (/opt/ros/humble/share/ament_cmake/cmake)
-- Found Python3: /usr/bin/python3.10 (found version "3.10.12") found components: Interpreter 
-- Override CMake install command with custom implementation using symlinks instead of copying resources
[31mCMake Error at CMakeLists.txt:14 (find_package):
  By not providing "Findinterbotix_xs_msgs.cmake" in CMAKE_MODULE_PATH this
  project has asked CMake to find a package configuration file provided by
  "interbotix_xs_msgs", but CMake did not find one.

  Could not find a package configuration file provided by
  "interbotix_xs_msgs" with any of the following names:

    interbotix_xs_msgsConfig.cmake
    interbotix_xs_msgs-config.cmake

  Add the installation prefix of "interbotix_xs_msgs" to CMAKE_PREFIX_PATH or
  set "interbotix_xs_msgs_DIR" to a directory containing one of the above
  files.  If "interbotix_xs_msgs" provides a separate development package or
  SDK, be sure it has been installed.

[0m
-- Configuring incomplete, errors occurred!
See also "/home/tony/ros2_ws/build/interbotix_xsarm_joy/CMakeFiles/CMakeOutput.log".
