running develop
Removing /home/tony/ros2_ws/install/yolov10_inference/lib/python3.10/site-packages/yolov10-inference.egg-link (link to .)
running egg_info
writing ../../build/yolov10_inference/yolov10_inference.egg-info/PKG-INFO
writing dependency_links to ../../build/yolov10_inference/yolov10_inference.egg-info/dependency_links.txt
writing entry points to ../../build/yolov10_inference/yolov10_inference.egg-info/entry_points.txt
writing requirements to ../../build/yolov10_inference/yolov10_inference.egg-info/requires.txt
writing top-level names to ../../build/yolov10_inference/yolov10_inference.egg-info/top_level.txt
reading manifest file '../../build/yolov10_inference/yolov10_inference.egg-info/SOURCES.txt'
writing manifest file '../../build/yolov10_inference/yolov10_inference.egg-info/SOURCES.txt'
running build
running build_py
creating /home/tony/ros2_ws/build/yolov10_inference/build
creating /home/tony/ros2_ws/build/yolov10_inference/build/lib
creating /home/tony/ros2_ws/build/yolov10_inference/build/lib/yolov10_inference
copying yolov10_inference/__init__.py -> /home/tony/ros2_ws/build/yolov10_inference/build/lib/yolov10_inference
copying yolov10_inference/yolo_rgs.py -> /home/tony/ros2_ws/build/yolov10_inference/build/lib/yolov10_inference
copying yolov10_inference/main.py -> /home/tony/ros2_ws/build/yolov10_inference/build/lib/yolov10_inference
copying yolov10_inference/test.py -> /home/tony/ros2_ws/build/yolov10_inference/build/lib/yolov10_inference
running install
running install_lib
creating /home/tony/ros2_ws/install/yolov10_inference/lib/python3.10/site-packages/yolov10_inference
copying /home/tony/ros2_ws/build/yolov10_inference/build/lib/yolov10_inference/__init__.py -> /home/tony/ros2_ws/install/yolov10_inference/lib/python3.10/site-packages/yolov10_inference
copying /home/tony/ros2_ws/build/yolov10_inference/build/lib/yolov10_inference/yolo_rgs.py -> /home/tony/ros2_ws/install/yolov10_inference/lib/python3.10/site-packages/yolov10_inference
copying /home/tony/ros2_ws/build/yolov10_inference/build/lib/yolov10_inference/main.py -> /home/tony/ros2_ws/install/yolov10_inference/lib/python3.10/site-packages/yolov10_inference
copying /home/tony/ros2_ws/build/yolov10_inference/build/lib/yolov10_inference/test.py -> /home/tony/ros2_ws/install/yolov10_inference/lib/python3.10/site-packages/yolov10_inference
byte-compiling /home/tony/ros2_ws/install/yolov10_inference/lib/python3.10/site-packages/yolov10_inference/__init__.py to __init__.cpython-310.pyc
byte-compiling /home/tony/ros2_ws/install/yolov10_inference/lib/python3.10/site-packages/yolov10_inference/yolo_rgs.py to yolo_rgs.cpython-310.pyc
byte-compiling /home/tony/ros2_ws/install/yolov10_inference/lib/python3.10/site-packages/yolov10_inference/main.py to main.cpython-310.pyc
byte-compiling /home/tony/ros2_ws/install/yolov10_inference/lib/python3.10/site-packages/yolov10_inference/test.py to test.cpython-310.pyc
running install_data
running install_egg_info
Copying ../../build/yolov10_inference/yolov10_inference.egg-info to /home/tony/ros2_ws/install/yolov10_inference/lib/python3.10/site-packages/yolov10_inference-0.0.0-py3.10.egg-info
running install_scripts
Installing yolo_rgs script to /home/tony/ros2_ws/install/yolov10_inference/lib/yolov10_inference
writing list of installed files to '/home/tony/ros2_ws/build/yolov10_inference/install.log'
