[2.793s] Invoking command in '/home/tony/ros2_ws/src/turtlebot3/turtlebot3_example': PYTHONPATH=/home/tony/ros2_ws/build/turtlebot3_example/prefix_override:/home/tony/ros2_ws/install/turtlebot3_example/lib/python3.10/site-packages:${PYTHONPATH} /usr/bin/python3 setup.py egg_info --egg-base ../../../build/turtlebot3_example build --build-base /home/tony/ros2_ws/build/turtlebot3_example/build install --record /home/tony/ros2_ws/build/turtlebot3_example/install.log --single-version-externally-managed
[3.284s] running egg_info
[3.304s] writing ../../../build/turtlebot3_example/turtlebot3_example.egg-info/PKG-INFO
[3.304s] writing dependency_links to ../../../build/turtlebot3_example/turtlebot3_example.egg-info/dependency_links.txt
[3.304s] writing entry points to ../../../build/turtlebot3_example/turtlebot3_example.egg-info/entry_points.txt
[3.304s] writing requirements to ../../../build/turtlebot3_example/turtlebot3_example.egg-info/requires.txt
[3.305s] writing top-level names to ../../../build/turtlebot3_example/turtlebot3_example.egg-info/top_level.txt
[3.334s] reading manifest file '../../../build/turtlebot3_example/turtlebot3_example.egg-info/SOURCES.txt'
[3.335s] writing manifest file '../../../build/turtlebot3_example/turtlebot3_example.egg-info/SOURCES.txt'
[3.335s] running build
[3.335s] running build_py
[3.336s] running install
[3.336s] /home/tony/.local/lib/python3.10/site-packages/setuptools/command/install.py:34: SetuptoolsDeprecationWarning: setup.py install is deprecated. Use build and pip and other standards-based tools.
[3.336s]   warnings.warn(
[3.344s] running install_lib
[3.371s] running install_data
[3.394s] running install_egg_info
[3.409s] removing '/home/tony/ros2_ws/install/turtlebot3_example/lib/python3.10/site-packages/turtlebot3_example-2.1.5-py3.10.egg-info' (and everything under it)
[3.410s] Copying ../../../build/turtlebot3_example/turtlebot3_example.egg-info to /home/tony/ros2_ws/install/turtlebot3_example/lib/python3.10/site-packages/turtlebot3_example-2.1.5-py3.10.egg-info
[3.411s] running install_scripts
[3.470s] Installing turtlebot3_obstacle_detection script to /home/tony/ros2_ws/install/turtlebot3_example/lib/turtlebot3_example
[3.471s] Installing turtlebot3_patrol_client script to /home/tony/ros2_ws/install/turtlebot3_example/lib/turtlebot3_example
[3.471s] Installing turtlebot3_patrol_server script to /home/tony/ros2_ws/install/turtlebot3_example/lib/turtlebot3_example
[3.471s] Installing turtlebot3_position_control script to /home/tony/ros2_ws/install/turtlebot3_example/lib/turtlebot3_example
[3.471s] writing list of installed files to '/home/tony/ros2_ws/build/turtlebot3_example/install.log'
[3.673s] Invoked command in '/home/tony/ros2_ws/src/turtlebot3/turtlebot3_example' returned '0': PYTHONPATH=/home/tony/ros2_ws/build/turtlebot3_example/prefix_override:/home/tony/ros2_ws/install/turtlebot3_example/lib/python3.10/site-packages:${PYTHONPATH} /usr/bin/python3 setup.py egg_info --egg-base ../../../build/turtlebot3_example build --build-base /home/tony/ros2_ws/build/turtlebot3_example/build install --record /home/tony/ros2_ws/build/turtlebot3_example/install.log --single-version-externally-managed
