[0.485s] Invoking command in '/home/tony/ros2_ws/src/build/interbotix_xsarm_control': AMENT_PREFIX_PATH=/home/tony/ros2_ws/src/install/interbotix_xsarm_descriptions:${AMENT_PREFIX_PATH} CMAKE_PREFIX_PATH=/home/tony/ros2_ws/src/install/interbotix_xsarm_descriptions:/home/tony/ros2_ws/install/turtlebot3:/home/tony/ros2_ws/install/turtlebot3_bringup:/home/tony/ros2_ws/install/turtlebot3_node:/home/tony/ros2_ws/install/turtlebot3_navigation2:/home/tony/ros2_ws/install/turtlebot3_description:/home/tony/ros2_ws/install/turtlebot3_cartographer:/home/tony/ros2_ws/install/ros2_aruco_interfaces:/home/tony/ros2_ws/install/realsense2_description:/home/tony/ros2_ws/install/realsense2_camera:/home/tony/ros2_ws/install/realsense2_camera_msgs:/home/tony/ros2_ws/install/pan_tilt_driver:/home/tony/ros2_ws/install/pan_tilt_msgs:/home/tony/ros2_ws/install/pan_tilt_description:/home/tony/ros2_ws/install/pan_tilt_bringup:/home/tony/ros2_ws/install/iqr_tb4_navigation:/home/tony/ros2_ws/install/iqr_tb4_bringup:/home/tony/ros2_ws/install/interbotix_xsarm_sim:/home/tony/ros2_ws/install/interbotix_xsarm_control:/home/tony/ros2_ws/install/interbotix_xsarm_descriptions:/home/tony/ros2_ws/install/EI_Final_Project:/home/tony/ros2_ws/install/yolov10_inference:/home/tony/ros2_ws/install/witmotion_ros_driver:/home/tony/ros2_ws/install/turtlebot3_teleop:/home/tony/ros2_ws/install/turtlebot3_example:/home/tony/ros2_ws/install/ros2_aruco:/home/tony/ros2_ws/install/opencv_pkg:/home/tony/ros2_ws/install/iqr_tb4_description:/home/tony/ros2_ws/install/ax12a_arm_controller:/opt/ros/humble /usr/bin/cmake /home/tony/ros2_ws/src/interbotix_ros_manipulators/interbotix_ros_xsarms/interbotix_xsarm_control -DCMAKE_INSTALL_PREFIX=/home/tony/ros2_ws/src/install/interbotix_xsarm_control
[3.312s] -- The C compiler identification is GNU 11.4.0
[3.312s] -- The CXX compiler identification is GNU 11.4.0
[3.312s] -- Detecting C compiler ABI info
[3.312s] -- Detecting C compiler ABI info - done
[3.326s] -- Check for working C compiler: /usr/bin/cc - skipped
[3.326s] -- Detecting C compile features
[3.326s] -- Detecting C compile features - done
[3.326s] -- Detecting CXX compiler ABI info
[3.326s] -- Detecting CXX compiler ABI info - done
[3.326s] -- Check for working CXX compiler: /usr/bin/c++ - skipped
[3.326s] -- Detecting CXX compile features
[3.326s] -- Detecting CXX compile features - done
[3.326s] -- Found ament_cmake: 1.3.6 (/opt/ros/humble/share/ament_cmake/cmake)
[5.247s] -- Found Python3: /usr/bin/python3.10 (found version "3.10.12") found components: Interpreter 
[5.534s] -- Found ament_lint_auto: 0.12.9 (/opt/ros/humble/share/ament_lint_auto/cmake)
[5.807s] -- Added test 'copyright' to check source files copyright and LICENSE
[5.814s] -- Added test 'flake8' to check Python code syntax and style conventions
[5.817s] -- Added test 'lint_cmake' to check CMake code style
[5.822s] -- Added test 'pep257' to check Python code against some of the docstring style conventions in PEP 257
[5.830s] -- Added test 'xmllint' to check XML markup files
[5.846s] -- Configuring done
[5.862s] -- Generating done
[5.862s] -- Build files have been written to: /home/tony/ros2_ws/src/build/interbotix_xsarm_control
[6.401s] Invoked command in '/home/tony/ros2_ws/src/build/interbotix_xsarm_control' returned '0': AMENT_PREFIX_PATH=/home/tony/ros2_ws/src/install/interbotix_xsarm_descriptions:${AMENT_PREFIX_PATH} CMAKE_PREFIX_PATH=/home/tony/ros2_ws/src/install/interbotix_xsarm_descriptions:/home/tony/ros2_ws/install/turtlebot3:/home/tony/ros2_ws/install/turtlebot3_bringup:/home/tony/ros2_ws/install/turtlebot3_node:/home/tony/ros2_ws/install/turtlebot3_navigation2:/home/tony/ros2_ws/install/turtlebot3_description:/home/tony/ros2_ws/install/turtlebot3_cartographer:/home/tony/ros2_ws/install/ros2_aruco_interfaces:/home/tony/ros2_ws/install/realsense2_description:/home/tony/ros2_ws/install/realsense2_camera:/home/tony/ros2_ws/install/realsense2_camera_msgs:/home/tony/ros2_ws/install/pan_tilt_driver:/home/tony/ros2_ws/install/pan_tilt_msgs:/home/tony/ros2_ws/install/pan_tilt_description:/home/tony/ros2_ws/install/pan_tilt_bringup:/home/tony/ros2_ws/install/iqr_tb4_navigation:/home/tony/ros2_ws/install/iqr_tb4_bringup:/home/tony/ros2_ws/install/interbotix_xsarm_sim:/home/tony/ros2_ws/install/interbotix_xsarm_control:/home/tony/ros2_ws/install/interbotix_xsarm_descriptions:/home/tony/ros2_ws/install/EI_Final_Project:/home/tony/ros2_ws/install/yolov10_inference:/home/tony/ros2_ws/install/witmotion_ros_driver:/home/tony/ros2_ws/install/turtlebot3_teleop:/home/tony/ros2_ws/install/turtlebot3_example:/home/tony/ros2_ws/install/ros2_aruco:/home/tony/ros2_ws/install/opencv_pkg:/home/tony/ros2_ws/install/iqr_tb4_description:/home/tony/ros2_ws/install/ax12a_arm_controller:/opt/ros/humble /usr/bin/cmake /home/tony/ros2_ws/src/interbotix_ros_manipulators/interbotix_ros_xsarms/interbotix_xsarm_control -DCMAKE_INSTALL_PREFIX=/home/tony/ros2_ws/src/install/interbotix_xsarm_control
[6.402s] Invoking command in '/home/tony/ros2_ws/src/build/interbotix_xsarm_control': AMENT_PREFIX_PATH=/home/tony/ros2_ws/src/install/interbotix_xsarm_descriptions:${AMENT_PREFIX_PATH} CMAKE_PREFIX_PATH=/home/tony/ros2_ws/src/install/interbotix_xsarm_descriptions:/home/tony/ros2_ws/install/turtlebot3:/home/tony/ros2_ws/install/turtlebot3_bringup:/home/tony/ros2_ws/install/turtlebot3_node:/home/tony/ros2_ws/install/turtlebot3_navigation2:/home/tony/ros2_ws/install/turtlebot3_description:/home/tony/ros2_ws/install/turtlebot3_cartographer:/home/tony/ros2_ws/install/ros2_aruco_interfaces:/home/tony/ros2_ws/install/realsense2_description:/home/tony/ros2_ws/install/realsense2_camera:/home/tony/ros2_ws/install/realsense2_camera_msgs:/home/tony/ros2_ws/install/pan_tilt_driver:/home/tony/ros2_ws/install/pan_tilt_msgs:/home/tony/ros2_ws/install/pan_tilt_description:/home/tony/ros2_ws/install/pan_tilt_bringup:/home/tony/ros2_ws/install/iqr_tb4_navigation:/home/tony/ros2_ws/install/iqr_tb4_bringup:/home/tony/ros2_ws/install/interbotix_xsarm_sim:/home/tony/ros2_ws/install/interbotix_xsarm_control:/home/tony/ros2_ws/install/interbotix_xsarm_descriptions:/home/tony/ros2_ws/install/EI_Final_Project:/home/tony/ros2_ws/install/yolov10_inference:/home/tony/ros2_ws/install/witmotion_ros_driver:/home/tony/ros2_ws/install/turtlebot3_teleop:/home/tony/ros2_ws/install/turtlebot3_example:/home/tony/ros2_ws/install/ros2_aruco:/home/tony/ros2_ws/install/opencv_pkg:/home/tony/ros2_ws/install/iqr_tb4_description:/home/tony/ros2_ws/install/ax12a_arm_controller:/opt/ros/humble /usr/bin/cmake --build /home/tony/ros2_ws/src/build/interbotix_xsarm_control -- -j8 -l8
[6.520s] Invoked command in '/home/tony/ros2_ws/src/build/interbotix_xsarm_control' returned '0': AMENT_PREFIX_PATH=/home/tony/ros2_ws/src/install/interbotix_xsarm_descriptions:${AMENT_PREFIX_PATH} CMAKE_PREFIX_PATH=/home/tony/ros2_ws/src/install/interbotix_xsarm_descriptions:/home/tony/ros2_ws/install/turtlebot3:/home/tony/ros2_ws/install/turtlebot3_bringup:/home/tony/ros2_ws/install/turtlebot3_node:/home/tony/ros2_ws/install/turtlebot3_navigation2:/home/tony/ros2_ws/install/turtlebot3_description:/home/tony/ros2_ws/install/turtlebot3_cartographer:/home/tony/ros2_ws/install/ros2_aruco_interfaces:/home/tony/ros2_ws/install/realsense2_description:/home/tony/ros2_ws/install/realsense2_camera:/home/tony/ros2_ws/install/realsense2_camera_msgs:/home/tony/ros2_ws/install/pan_tilt_driver:/home/tony/ros2_ws/install/pan_tilt_msgs:/home/tony/ros2_ws/install/pan_tilt_description:/home/tony/ros2_ws/install/pan_tilt_bringup:/home/tony/ros2_ws/install/iqr_tb4_navigation:/home/tony/ros2_ws/install/iqr_tb4_bringup:/home/tony/ros2_ws/install/interbotix_xsarm_sim:/home/tony/ros2_ws/install/interbotix_xsarm_control:/home/tony/ros2_ws/install/interbotix_xsarm_descriptions:/home/tony/ros2_ws/install/EI_Final_Project:/home/tony/ros2_ws/install/yolov10_inference:/home/tony/ros2_ws/install/witmotion_ros_driver:/home/tony/ros2_ws/install/turtlebot3_teleop:/home/tony/ros2_ws/install/turtlebot3_example:/home/tony/ros2_ws/install/ros2_aruco:/home/tony/ros2_ws/install/opencv_pkg:/home/tony/ros2_ws/install/iqr_tb4_description:/home/tony/ros2_ws/install/ax12a_arm_controller:/opt/ros/humble /usr/bin/cmake --build /home/tony/ros2_ws/src/build/interbotix_xsarm_control -- -j8 -l8
[6.585s] Invoking command in '/home/tony/ros2_ws/src/build/interbotix_xsarm_control': AMENT_PREFIX_PATH=/home/tony/ros2_ws/src/install/interbotix_xsarm_descriptions:${AMENT_PREFIX_PATH} CMAKE_PREFIX_PATH=/home/tony/ros2_ws/src/install/interbotix_xsarm_descriptions:/home/tony/ros2_ws/install/turtlebot3:/home/tony/ros2_ws/install/turtlebot3_bringup:/home/tony/ros2_ws/install/turtlebot3_node:/home/tony/ros2_ws/install/turtlebot3_navigation2:/home/tony/ros2_ws/install/turtlebot3_description:/home/tony/ros2_ws/install/turtlebot3_cartographer:/home/tony/ros2_ws/install/ros2_aruco_interfaces:/home/tony/ros2_ws/install/realsense2_description:/home/tony/ros2_ws/install/realsense2_camera:/home/tony/ros2_ws/install/realsense2_camera_msgs:/home/tony/ros2_ws/install/pan_tilt_driver:/home/tony/ros2_ws/install/pan_tilt_msgs:/home/tony/ros2_ws/install/pan_tilt_description:/home/tony/ros2_ws/install/pan_tilt_bringup:/home/tony/ros2_ws/install/iqr_tb4_navigation:/home/tony/ros2_ws/install/iqr_tb4_bringup:/home/tony/ros2_ws/install/interbotix_xsarm_sim:/home/tony/ros2_ws/install/interbotix_xsarm_control:/home/tony/ros2_ws/install/interbotix_xsarm_descriptions:/home/tony/ros2_ws/install/EI_Final_Project:/home/tony/ros2_ws/install/yolov10_inference:/home/tony/ros2_ws/install/witmotion_ros_driver:/home/tony/ros2_ws/install/turtlebot3_teleop:/home/tony/ros2_ws/install/turtlebot3_example:/home/tony/ros2_ws/install/ros2_aruco:/home/tony/ros2_ws/install/opencv_pkg:/home/tony/ros2_ws/install/iqr_tb4_description:/home/tony/ros2_ws/install/ax12a_arm_controller:/opt/ros/humble /usr/bin/cmake --install /home/tony/ros2_ws/src/build/interbotix_xsarm_control
[7.406s] -- Install configuration: ""
[7.406s] -- Installing: /home/tony/ros2_ws/src/install/interbotix_xsarm_control/lib/interbotix_xsarm_control/bartender.py
[7.406s] -- Installing: /home/tony/ros2_ws/src/install/interbotix_xsarm_control/lib/interbotix_xsarm_control/ee_cartesian_trajectory.py
[7.406s] -- Installing: /home/tony/ros2_ws/src/install/interbotix_xsarm_control/lib/interbotix_xsarm_control/ee_pose_components.py
[7.406s] -- Installing: /home/tony/ros2_ws/src/install/interbotix_xsarm_control/lib/interbotix_xsarm_control/ee_pose_matrix_control.py
[7.406s] -- Installing: /home/tony/ros2_ws/src/install/interbotix_xsarm_control/lib/interbotix_xsarm_control/gripper_control.py
[7.406s] -- Installing: /home/tony/ros2_ws/src/install/interbotix_xsarm_control/lib/interbotix_xsarm_control/joint_current_control.py
[7.406s] -- Installing: /home/tony/ros2_ws/src/install/interbotix_xsarm_control/lib/interbotix_xsarm_control/joint_position_control.py
[7.406s] -- Installing: /home/tony/ros2_ws/src/install/interbotix_xsarm_control/lib/interbotix_xsarm_control/joint_pwm_control.py
[7.406s] -- Installing: /home/tony/ros2_ws/src/install/interbotix_xsarm_control/lib/interbotix_xsarm_control/joint_trajectory_control.py
[7.407s] -- Installing: /home/tony/ros2_ws/src/install/interbotix_xsarm_control/share/interbotix_xsarm_control//launch
[7.407s] -- Installing: /home/tony/ros2_ws/src/install/interbotix_xsarm_control/share/interbotix_xsarm_control//launch/xsarm_control.launch.py
[7.407s] -- Installing: /home/tony/ros2_ws/src/install/interbotix_xsarm_control/share/interbotix_xsarm_control//config
[7.407s] -- Installing: /home/tony/ros2_ws/src/install/interbotix_xsarm_control/share/interbotix_xsarm_control//config/vx250.yaml
[7.407s] -- Installing: /home/tony/ros2_ws/src/install/interbotix_xsarm_control/share/interbotix_xsarm_control//config/vx300.yaml
[7.407s] -- Installing: /home/tony/ros2_ws/src/install/interbotix_xsarm_control/share/interbotix_xsarm_control//config/aloha_vx300s.yaml
[7.407s] -- Installing: /home/tony/ros2_ws/src/install/interbotix_xsarm_control/share/interbotix_xsarm_control//config/rx200.yaml
[7.407s] -- Installing: /home/tony/ros2_ws/src/install/interbotix_xsarm_control/share/interbotix_xsarm_control//config/rx150.yaml
[7.407s] -- Installing: /home/tony/ros2_ws/src/install/interbotix_xsarm_control/share/interbotix_xsarm_control//config/mobile_wx250s.yaml
[7.407s] -- Installing: /home/tony/ros2_ws/src/install/interbotix_xsarm_control/share/interbotix_xsarm_control//config/wx250.yaml
[7.407s] -- Installing: /home/tony/ros2_ws/src/install/interbotix_xsarm_control/share/interbotix_xsarm_control//config/vx300s.yaml
[7.407s] -- Installing: /home/tony/ros2_ws/src/install/interbotix_xsarm_control/share/interbotix_xsarm_control//config/mobile_wx200.yaml
[7.407s] -- Installing: /home/tony/ros2_ws/src/install/interbotix_xsarm_control/share/interbotix_xsarm_control//config/px100.yaml
[7.407s] -- Installing: /home/tony/ros2_ws/src/install/interbotix_xsarm_control/share/interbotix_xsarm_control//config/mobile_px100.yaml
[7.407s] -- Installing: /home/tony/ros2_ws/src/install/interbotix_xsarm_control/share/interbotix_xsarm_control//config/aloha_wx250s.yaml
[7.407s] -- Installing: /home/tony/ros2_ws/src/install/interbotix_xsarm_control/share/interbotix_xsarm_control//config/px150.yaml
[7.407s] -- Installing: /home/tony/ros2_ws/src/install/interbotix_xsarm_control/share/interbotix_xsarm_control//config/wx200.yaml
[7.408s] -- Installing: /home/tony/ros2_ws/src/install/interbotix_xsarm_control/share/interbotix_xsarm_control//config/modes.yaml
[7.408s] -- Installing: /home/tony/ros2_ws/src/install/interbotix_xsarm_control/share/interbotix_xsarm_control//config/wx250s.yaml
[7.408s] -- Installing: /home/tony/ros2_ws/src/install/interbotix_xsarm_control/share/ament_index/resource_index/package_run_dependencies/interbotix_xsarm_control
[7.408s] -- Installing: /home/tony/ros2_ws/src/install/interbotix_xsarm_control/share/ament_index/resource_index/parent_prefix_path/interbotix_xsarm_control
[7.408s] -- Installing: /home/tony/ros2_ws/src/install/interbotix_xsarm_control/share/interbotix_xsarm_control/environment/ament_prefix_path.sh
[7.408s] -- Installing: /home/tony/ros2_ws/src/install/interbotix_xsarm_control/share/interbotix_xsarm_control/environment/ament_prefix_path.dsv
[7.408s] -- Installing: /home/tony/ros2_ws/src/install/interbotix_xsarm_control/share/interbotix_xsarm_control/environment/path.sh
[7.408s] -- Installing: /home/tony/ros2_ws/src/install/interbotix_xsarm_control/share/interbotix_xsarm_control/environment/path.dsv
[7.408s] -- Installing: /home/tony/ros2_ws/src/install/interbotix_xsarm_control/share/interbotix_xsarm_control/local_setup.bash
[7.408s] -- Installing: /home/tony/ros2_ws/src/install/interbotix_xsarm_control/share/interbotix_xsarm_control/local_setup.sh
[7.417s] -- Installing: /home/tony/ros2_ws/src/install/interbotix_xsarm_control/share/interbotix_xsarm_control/local_setup.zsh
[7.417s] -- Installing: /home/tony/ros2_ws/src/install/interbotix_xsarm_control/share/interbotix_xsarm_control/local_setup.dsv
[7.417s] -- Installing: /home/tony/ros2_ws/src/install/interbotix_xsarm_control/share/interbotix_xsarm_control/package.dsv
[7.417s] -- Installing: /home/tony/ros2_ws/src/install/interbotix_xsarm_control/share/ament_index/resource_index/packages/interbotix_xsarm_control
[7.417s] -- Installing: /home/tony/ros2_ws/src/install/interbotix_xsarm_control/share/interbotix_xsarm_control/cmake/interbotix_xsarm_controlConfig.cmake
[7.417s] -- Installing: /home/tony/ros2_ws/src/install/interbotix_xsarm_control/share/interbotix_xsarm_control/cmake/interbotix_xsarm_controlConfig-version.cmake
[7.417s] -- Installing: /home/tony/ros2_ws/src/install/interbotix_xsarm_control/share/interbotix_xsarm_control/package.xml
[7.647s] Invoked command in '/home/tony/ros2_ws/src/build/interbotix_xsarm_control' returned '0': AMENT_PREFIX_PATH=/home/tony/ros2_ws/src/install/interbotix_xsarm_descriptions:${AMENT_PREFIX_PATH} CMAKE_PREFIX_PATH=/home/tony/ros2_ws/src/install/interbotix_xsarm_descriptions:/home/tony/ros2_ws/install/turtlebot3:/home/tony/ros2_ws/install/turtlebot3_bringup:/home/tony/ros2_ws/install/turtlebot3_node:/home/tony/ros2_ws/install/turtlebot3_navigation2:/home/tony/ros2_ws/install/turtlebot3_description:/home/tony/ros2_ws/install/turtlebot3_cartographer:/home/tony/ros2_ws/install/ros2_aruco_interfaces:/home/tony/ros2_ws/install/realsense2_description:/home/tony/ros2_ws/install/realsense2_camera:/home/tony/ros2_ws/install/realsense2_camera_msgs:/home/tony/ros2_ws/install/pan_tilt_driver:/home/tony/ros2_ws/install/pan_tilt_msgs:/home/tony/ros2_ws/install/pan_tilt_description:/home/tony/ros2_ws/install/pan_tilt_bringup:/home/tony/ros2_ws/install/iqr_tb4_navigation:/home/tony/ros2_ws/install/iqr_tb4_bringup:/home/tony/ros2_ws/install/interbotix_xsarm_sim:/home/tony/ros2_ws/install/interbotix_xsarm_control:/home/tony/ros2_ws/install/interbotix_xsarm_descriptions:/home/tony/ros2_ws/install/EI_Final_Project:/home/tony/ros2_ws/install/yolov10_inference:/home/tony/ros2_ws/install/witmotion_ros_driver:/home/tony/ros2_ws/install/turtlebot3_teleop:/home/tony/ros2_ws/install/turtlebot3_example:/home/tony/ros2_ws/install/ros2_aruco:/home/tony/ros2_ws/install/opencv_pkg:/home/tony/ros2_ws/install/iqr_tb4_description:/home/tony/ros2_ws/install/ax12a_arm_controller:/opt/ros/humble /usr/bin/cmake --install /home/tony/ros2_ws/src/build/interbotix_xsarm_control
