running develop
/home/tony/.local/lib/python3.10/site-packages/setuptools/command/easy_install.py:144: EasyInstallDeprecationWarning: easy_install command is deprecated. Use build and pip and other standards-based tools.
  warnings.warn(
/home/tony/.local/lib/python3.10/site-packages/setuptools/command/install.py:34: SetuptoolsDeprecationWarning: setup.py install is deprecated. Use build and pip and other standards-based tools.
  warnings.warn(
running egg_info
creating ros2_aruco.egg-info
writing ros2_aruco.egg-info/PKG-INFO
writing dependency_links to ros2_aruco.egg-info/dependency_links.txt
writing entry points to ros2_aruco.egg-info/entry_points.txt
writing requirements to ros2_aruco.egg-info/requires.txt
writing top-level names to ros2_aruco.egg-info/top_level.txt
writing manifest file 'ros2_aruco.egg-info/SOURCES.txt'
reading manifest file 'ros2_aruco.egg-info/SOURCES.txt'
writing manifest file 'ros2_aruco.egg-info/SOURCES.txt'
running build_ext
Creating /home/tony/ros2_ws/install/ros2_aruco/lib/python3.10/site-packages/ros2-aruco.egg-link (link to .)
Installing aruco_generate_marker script to /home/tony/ros2_ws/install/ros2_aruco/lib/ros2_aruco
Installing aruco_node script to /home/tony/ros2_ws/install/ros2_aruco/lib/ros2_aruco

Installed /home/tony/ros2_ws/build/ros2_aruco
running install_data
creating /home/tony/ros2_ws/install/ros2_aruco/share/ament_index
creating /home/tony/ros2_ws/install/ros2_aruco/share/ament_index/resource_index
creating /home/tony/ros2_ws/install/ros2_aruco/share/ament_index/resource_index/packages
copying resource/ros2_aruco -> /home/tony/ros2_ws/install/ros2_aruco/share/ament_index/resource_index/packages
copying package.xml -> /home/tony/ros2_ws/install/ros2_aruco/share/ros2_aruco
creating /home/tony/ros2_ws/install/ros2_aruco/share/ros2_aruco/launch
copying launch/aruco_recognition.launch.py -> /home/tony/ros2_ws/install/ros2_aruco/share/ros2_aruco/launch
creating /home/tony/ros2_ws/install/ros2_aruco/share/ros2_aruco/config
copying config/aruco_realsense_parameters.yaml -> /home/tony/ros2_ws/install/ros2_aruco/share/ros2_aruco/config
