[0.537s] Invoking command in '/home/tony/ros2_ws/build/iqr_tb4_bringup': CMAKE_PREFIX_PATH=${CMAKE_PREFIX_PATH}:/home/tony/ros2_ws/install/yolov10_inference:/home/tony/ros2_ws/install/witmotion_ros_driver:/home/tony/ros2_ws/install/turtlebot3_teleop:/home/tony/ros2_ws/install/turtlebot3_example:/home/tony/ros2_ws/install/ros2_aruco:/home/tony/ros2_ws/install/opencv_pkg:/home/tony/ros2_ws/install/dxl_tools:/home/tony/ros2_ws/install/ax12_arm_bringup:/opt/ros/humble /usr/bin/cmake /home/tony/ros2_ws/src/iqr_tb4_ros/iqr_tb4_bringup -DAMENT_CMAKE_SYMLINK_INSTALL=1 -DCMAKE_INSTALL_PREFIX=/home/tony/ros2_ws/install/iqr_tb4_bringup
[0.679s] -- The C compiler identification is GNU 11.4.0
[0.679s] -- The CXX compiler identification is GNU 11.4.0
[0.680s] -- Detecting C compiler ABI info
[0.681s] -- Detecting C compiler ABI info - done
[0.687s] -- Check for working C compiler: /usr/bin/cc - skipped
[0.687s] -- Detecting C compile features
[0.687s] -- Detecting C compile features - done
[0.689s] -- Detecting CXX compiler ABI info
[0.755s] -- Detecting CXX compiler ABI info - done
[0.766s] -- Check for working CXX compiler: /usr/bin/c++ - skipped
[0.766s] -- Detecting CXX compile features
[0.766s] -- Detecting CXX compile features - done
[0.770s] -- Found ament_cmake: 1.3.6 (/opt/ros/humble/share/ament_cmake/cmake)
[3.666s] -- Found Python3: /usr/bin/python3.10 (found version "3.10.12") found components: Interpreter 
[3.945s] -- Override CMake install command with custom implementation using symlinks instead of copying resources
[4.096s] -- Found ament_lint_auto: 0.12.9 (/opt/ros/humble/share/ament_lint_auto/cmake)
[4.518s] -- Added test 'flake8' to check Python code syntax and style conventions
[4.518s] -- Added test 'lint_cmake' to check CMake code style
[4.527s] -- Added test 'pep257' to check Python code against some of the docstring style conventions in PEP 257
[4.529s] -- Added test 'xmllint' to check XML markup files
[4.538s] -- Configuring done
[4.548s] -- Generating done
[4.560s] -- Build files have been written to: /home/tony/ros2_ws/build/iqr_tb4_bringup
[4.595s] Invoked command in '/home/tony/ros2_ws/build/iqr_tb4_bringup' returned '0': CMAKE_PREFIX_PATH=${CMAKE_PREFIX_PATH}:/home/tony/ros2_ws/install/yolov10_inference:/home/tony/ros2_ws/install/witmotion_ros_driver:/home/tony/ros2_ws/install/turtlebot3_teleop:/home/tony/ros2_ws/install/turtlebot3_example:/home/tony/ros2_ws/install/ros2_aruco:/home/tony/ros2_ws/install/opencv_pkg:/home/tony/ros2_ws/install/dxl_tools:/home/tony/ros2_ws/install/ax12_arm_bringup:/opt/ros/humble /usr/bin/cmake /home/tony/ros2_ws/src/iqr_tb4_ros/iqr_tb4_bringup -DAMENT_CMAKE_SYMLINK_INSTALL=1 -DCMAKE_INSTALL_PREFIX=/home/tony/ros2_ws/install/iqr_tb4_bringup
[4.596s] Invoking command in '/home/tony/ros2_ws/build/iqr_tb4_bringup': CMAKE_PREFIX_PATH=${CMAKE_PREFIX_PATH}:/home/tony/ros2_ws/install/yolov10_inference:/home/tony/ros2_ws/install/witmotion_ros_driver:/home/tony/ros2_ws/install/turtlebot3_teleop:/home/tony/ros2_ws/install/turtlebot3_example:/home/tony/ros2_ws/install/ros2_aruco:/home/tony/ros2_ws/install/opencv_pkg:/home/tony/ros2_ws/install/dxl_tools:/home/tony/ros2_ws/install/ax12_arm_bringup:/opt/ros/humble /usr/bin/cmake --build /home/tony/ros2_ws/build/iqr_tb4_bringup -- -j8 -l8
[6.460s] Invoked command in '/home/tony/ros2_ws/build/iqr_tb4_bringup' returned '0': CMAKE_PREFIX_PATH=${CMAKE_PREFIX_PATH}:/home/tony/ros2_ws/install/yolov10_inference:/home/tony/ros2_ws/install/witmotion_ros_driver:/home/tony/ros2_ws/install/turtlebot3_teleop:/home/tony/ros2_ws/install/turtlebot3_example:/home/tony/ros2_ws/install/ros2_aruco:/home/tony/ros2_ws/install/opencv_pkg:/home/tony/ros2_ws/install/dxl_tools:/home/tony/ros2_ws/install/ax12_arm_bringup:/opt/ros/humble /usr/bin/cmake --build /home/tony/ros2_ws/build/iqr_tb4_bringup -- -j8 -l8
[6.581s] Invoking command in '/home/tony/ros2_ws/build/iqr_tb4_bringup': CMAKE_PREFIX_PATH=${CMAKE_PREFIX_PATH}:/home/tony/ros2_ws/install/yolov10_inference:/home/tony/ros2_ws/install/witmotion_ros_driver:/home/tony/ros2_ws/install/turtlebot3_teleop:/home/tony/ros2_ws/install/turtlebot3_example:/home/tony/ros2_ws/install/ros2_aruco:/home/tony/ros2_ws/install/opencv_pkg:/home/tony/ros2_ws/install/dxl_tools:/home/tony/ros2_ws/install/ax12_arm_bringup:/opt/ros/humble /usr/bin/cmake --install /home/tony/ros2_ws/build/iqr_tb4_bringup
[6.643s] -- Install configuration: ""
[6.643s] -- Execute custom install script
[6.643s] -- Symlinking: /home/tony/ros2_ws/install/iqr_tb4_bringup/share/iqr_tb4_bringup/launch/arm_bringup.launch.py
[6.643s] -- Symlinking: /home/tony/ros2_ws/install/iqr_tb4_bringup/share/iqr_tb4_bringup/launch/arm_demo.launch.py
[6.652s] -- Symlinking: /home/tony/ros2_ws/install/iqr_tb4_bringup/share/iqr_tb4_bringup/launch/bringup.launch.py
[6.699s] -- Symlinking: /home/tony/ros2_ws/install/iqr_tb4_bringup/share/iqr_tb4_bringup/launch/joy_teleop.launch.py
[6.723s] -- Symlinking: /home/tony/ros2_ws/install/iqr_tb4_bringup/share/iqr_tb4_bringup/config/controller.config.yaml
[6.759s] -- Symlinking: /home/tony/ros2_ws/install/iqr_tb4_bringup/lib/iqr_tb4_bringup/gripper_control.py
[6.784s] -- Symlinking: /home/tony/ros2_ws/install/iqr_tb4_bringup/share/ament_index/resource_index/package_run_dependencies/iqr_tb4_bringup
[6.804s] -- Symlinking: /home/tony/ros2_ws/install/iqr_tb4_bringup/share/ament_index/resource_index/parent_prefix_path/iqr_tb4_bringup
[6.844s] -- Symlinking: /home/tony/ros2_ws/install/iqr_tb4_bringup/share/iqr_tb4_bringup/environment/ament_prefix_path.sh
[6.869s] -- Symlinking: /home/tony/ros2_ws/install/iqr_tb4_bringup/share/iqr_tb4_bringup/environment/ament_prefix_path.dsv
[6.900s] -- Symlinking: /home/tony/ros2_ws/install/iqr_tb4_bringup/share/iqr_tb4_bringup/environment/path.sh
[6.943s] -- Symlinking: /home/tony/ros2_ws/install/iqr_tb4_bringup/share/iqr_tb4_bringup/environment/path.dsv
[6.977s] -- Symlinking: /home/tony/ros2_ws/install/iqr_tb4_bringup/share/iqr_tb4_bringup/local_setup.bash
[7.009s] -- Symlinking: /home/tony/ros2_ws/install/iqr_tb4_bringup/share/iqr_tb4_bringup/local_setup.sh
[7.047s] -- Symlinking: /home/tony/ros2_ws/install/iqr_tb4_bringup/share/iqr_tb4_bringup/local_setup.zsh
[7.074s] -- Symlinking: /home/tony/ros2_ws/install/iqr_tb4_bringup/share/iqr_tb4_bringup/local_setup.dsv
[7.105s] -- Symlinking: /home/tony/ros2_ws/install/iqr_tb4_bringup/share/iqr_tb4_bringup/package.dsv
[7.143s] -- Symlinking: /home/tony/ros2_ws/install/iqr_tb4_bringup/share/ament_index/resource_index/packages/iqr_tb4_bringup
[7.176s] -- Symlinking: /home/tony/ros2_ws/install/iqr_tb4_bringup/share/iqr_tb4_bringup/cmake/iqr_tb4_bringupConfig.cmake
[7.209s] -- Symlinking: /home/tony/ros2_ws/install/iqr_tb4_bringup/share/iqr_tb4_bringup/cmake/iqr_tb4_bringupConfig-version.cmake
[7.249s] -- Symlinking: /home/tony/ros2_ws/install/iqr_tb4_bringup/share/iqr_tb4_bringup/package.xml
[7.301s] Invoked command in '/home/tony/ros2_ws/build/iqr_tb4_bringup' returned '0': CMAKE_PREFIX_PATH=${CMAKE_PREFIX_PATH}:/home/tony/ros2_ws/install/yolov10_inference:/home/tony/ros2_ws/install/witmotion_ros_driver:/home/tony/ros2_ws/install/turtlebot3_teleop:/home/tony/ros2_ws/install/turtlebot3_example:/home/tony/ros2_ws/install/ros2_aruco:/home/tony/ros2_ws/install/opencv_pkg:/home/tony/ros2_ws/install/dxl_tools:/home/tony/ros2_ws/install/ax12_arm_bringup:/opt/ros/humble /usr/bin/cmake --install /home/tony/ros2_ws/build/iqr_tb4_bringup
