[0.574s] Invoking command in '/home/tony/ros2_ws/build/iqr_tb4_description': CMAKE_PREFIX_PATH=${CMAKE_PREFIX_PATH}:/home/tony/ros2_ws/install/yolov10_inference:/home/tony/ros2_ws/install/witmotion_ros_driver:/home/tony/ros2_ws/install/turtlebot3_teleop:/home/tony/ros2_ws/install/turtlebot3_example:/home/tony/ros2_ws/install/ros2_aruco:/home/tony/ros2_ws/install/opencv_pkg:/home/tony/ros2_ws/install/ax12a_arm_controller:/opt/ros/humble /usr/bin/cmake /home/tony/ros2_ws/src/iqr_tb4_ros/iqr_tb4_description -DCMAKE_INSTALL_PREFIX=/home/tony/ros2_ws/install/iqr_tb4_description
[0.597s] -- Found ament_cmake: 1.3.6 (/opt/ros/humble/share/ament_cmake/cmake)
[1.083s] -- Override CMake install command with custom implementation using symlinks instead of copying resources
[1.108s] -- Found robot_state_publisher: 3.0.2 (/opt/ros/humble/share/robot_state_publisher/cmake)
[1.194s] -- Found rosidl_generator_c: 3.1.5 (/opt/ros/humble/share/rosidl_generator_c/cmake)
[1.200s] -- Found rosidl_adapter: 3.1.5 (/opt/ros/humble/share/rosidl_adapter/cmake)
[1.232s] -- Found rosidl_generator_cpp: 3.1.5 (/opt/ros/humble/share/rosidl_generator_cpp/cmake)
[1.251s] -- Using all available rosidl_typesupport_c: rosidl_typesupport_fastrtps_c;rosidl_typesupport_introspection_c
[1.301s] -- Using all available rosidl_typesupport_cpp: rosidl_typesupport_fastrtps_cpp;rosidl_typesupport_introspection_cpp
[1.558s] -- Found eigen3_cmake_module: 0.1.1 (/opt/ros/humble/share/eigen3_cmake_module/cmake)
[1.559s] -- Ensuring Eigen3 include directory is part of orocos-kdl CMake target
[1.760s] -- Found rmw_implementation_cmake: 6.1.1 (/opt/ros/humble/share/rmw_implementation_cmake/cmake)
[1.761s] -- Found rmw_cyclonedds_cpp: 1.3.4 (/opt/ros/humble/share/rmw_cyclonedds_cpp/cmake)
[1.811s] -- Using RMW implementation 'rmw_cyclonedds_cpp' as default
[2.608s] -- Found ament_lint_auto: 0.12.9 (/opt/ros/humble/share/ament_lint_auto/cmake)
[2.735s] -- Added test 'flake8' to check Python code syntax and style conventions
[2.743s] -- Added test 'lint_cmake' to check CMake code style
[2.743s] -- Added test 'pep257' to check Python code against some of the docstring style conventions in PEP 257
[2.744s] -- Added test 'xmllint' to check XML markup files
[2.784s] -- Configuring done
[2.787s] -- Generating done
[2.787s] -- Build files have been written to: /home/tony/ros2_ws/build/iqr_tb4_description
[3.091s] Invoked command in '/home/tony/ros2_ws/build/iqr_tb4_description' returned '0': CMAKE_PREFIX_PATH=${CMAKE_PREFIX_PATH}:/home/tony/ros2_ws/install/yolov10_inference:/home/tony/ros2_ws/install/witmotion_ros_driver:/home/tony/ros2_ws/install/turtlebot3_teleop:/home/tony/ros2_ws/install/turtlebot3_example:/home/tony/ros2_ws/install/ros2_aruco:/home/tony/ros2_ws/install/opencv_pkg:/home/tony/ros2_ws/install/ax12a_arm_controller:/opt/ros/humble /usr/bin/cmake /home/tony/ros2_ws/src/iqr_tb4_ros/iqr_tb4_description -DCMAKE_INSTALL_PREFIX=/home/tony/ros2_ws/install/iqr_tb4_description
[3.096s] Invoking command in '/home/tony/ros2_ws/build/iqr_tb4_description': CMAKE_PREFIX_PATH=${CMAKE_PREFIX_PATH}:/home/tony/ros2_ws/install/yolov10_inference:/home/tony/ros2_ws/install/witmotion_ros_driver:/home/tony/ros2_ws/install/turtlebot3_teleop:/home/tony/ros2_ws/install/turtlebot3_example:/home/tony/ros2_ws/install/ros2_aruco:/home/tony/ros2_ws/install/opencv_pkg:/home/tony/ros2_ws/install/ax12a_arm_controller:/opt/ros/humble /usr/bin/cmake --build /home/tony/ros2_ws/build/iqr_tb4_description -- -j8 -l8
[3.583s] Invoked command in '/home/tony/ros2_ws/build/iqr_tb4_description' returned '0': CMAKE_PREFIX_PATH=${CMAKE_PREFIX_PATH}:/home/tony/ros2_ws/install/yolov10_inference:/home/tony/ros2_ws/install/witmotion_ros_driver:/home/tony/ros2_ws/install/turtlebot3_teleop:/home/tony/ros2_ws/install/turtlebot3_example:/home/tony/ros2_ws/install/ros2_aruco:/home/tony/ros2_ws/install/opencv_pkg:/home/tony/ros2_ws/install/ax12a_arm_controller:/opt/ros/humble /usr/bin/cmake --build /home/tony/ros2_ws/build/iqr_tb4_description -- -j8 -l8
[4.503s] Invoking command in '/home/tony/ros2_ws/build/iqr_tb4_description': CMAKE_PREFIX_PATH=${CMAKE_PREFIX_PATH}:/home/tony/ros2_ws/install/yolov10_inference:/home/tony/ros2_ws/install/witmotion_ros_driver:/home/tony/ros2_ws/install/turtlebot3_teleop:/home/tony/ros2_ws/install/turtlebot3_example:/home/tony/ros2_ws/install/ros2_aruco:/home/tony/ros2_ws/install/opencv_pkg:/home/tony/ros2_ws/install/ax12a_arm_controller:/opt/ros/humble /usr/bin/cmake --install /home/tony/ros2_ws/build/iqr_tb4_description
[4.517s] -- Install configuration: ""
[4.517s] -- Execute custom install script
[4.517s] -- Up-to-date symlink: /home/tony/ros2_ws/install/iqr_tb4_description/share/iqr_tb4_description/launch/display.launch.py
[4.517s] -- Up-to-date symlink: /home/tony/ros2_ws/install/iqr_tb4_description/share/iqr_tb4_description/meshes/iqr_tb4_pro.stl
[4.517s] -- Up-to-date symlink: /home/tony/ros2_ws/install/iqr_tb4_description/share/iqr_tb4_description/urdf/create3.urdf.xacro
[4.517s] -- Up-to-date symlink: /home/tony/ros2_ws/install/iqr_tb4_description/share/iqr_tb4_description/urdf/output.urdf
[4.517s] -- Up-to-date symlink: /home/tony/ros2_ws/install/iqr_tb4_description/share/iqr_tb4_description/urdf/realsense_d435.urdf.xacro
[4.518s] -- Up-to-date symlink: /home/tony/ros2_ws/install/iqr_tb4_description/share/iqr_tb4_description/urdf/tb_full.urdf.xacro
[4.518s] -- Up-to-date symlink: /home/tony/ros2_ws/install/iqr_tb4_description/share/iqr_tb4_description/rviz/rviz_basic_settings.rviz
[4.518s] -- Up-to-date symlink: /home/tony/ros2_ws/install/iqr_tb4_description/share/ament_index/resource_index/package_run_dependencies/iqr_tb4_description
[4.518s] -- Up-to-date symlink: /home/tony/ros2_ws/install/iqr_tb4_description/share/ament_index/resource_index/parent_prefix_path/iqr_tb4_description
[4.518s] -- Up-to-date symlink: /home/tony/ros2_ws/install/iqr_tb4_description/share/iqr_tb4_description/environment/ament_prefix_path.sh
[4.518s] -- Up-to-date symlink: /home/tony/ros2_ws/install/iqr_tb4_description/share/iqr_tb4_description/environment/ament_prefix_path.dsv
[4.518s] -- Up-to-date symlink: /home/tony/ros2_ws/install/iqr_tb4_description/share/iqr_tb4_description/environment/path.sh
[4.518s] -- Up-to-date symlink: /home/tony/ros2_ws/install/iqr_tb4_description/share/iqr_tb4_description/environment/path.dsv
[4.518s] -- Up-to-date symlink: /home/tony/ros2_ws/install/iqr_tb4_description/share/iqr_tb4_description/local_setup.bash
[4.518s] -- Up-to-date symlink: /home/tony/ros2_ws/install/iqr_tb4_description/share/iqr_tb4_description/local_setup.sh
[4.518s] -- Up-to-date symlink: /home/tony/ros2_ws/install/iqr_tb4_description/share/iqr_tb4_description/local_setup.zsh
[4.518s] -- Up-to-date symlink: /home/tony/ros2_ws/install/iqr_tb4_description/share/iqr_tb4_description/local_setup.dsv
[4.518s] -- Symlinking: /home/tony/ros2_ws/install/iqr_tb4_description/share/iqr_tb4_description/package.dsv
[4.527s] -- Up-to-date symlink: /home/tony/ros2_ws/install/iqr_tb4_description/share/ament_index/resource_index/packages/iqr_tb4_description
[4.528s] -- Up-to-date symlink: /home/tony/ros2_ws/install/iqr_tb4_description/share/iqr_tb4_description/cmake/iqr_tb4_descriptionConfig.cmake
[4.528s] -- Up-to-date symlink: /home/tony/ros2_ws/install/iqr_tb4_description/share/iqr_tb4_description/cmake/iqr_tb4_descriptionConfig-version.cmake
[4.528s] -- Up-to-date symlink: /home/tony/ros2_ws/install/iqr_tb4_description/share/iqr_tb4_description/package.xml
[5.407s] Invoked command in '/home/tony/ros2_ws/build/iqr_tb4_description' returned '0': CMAKE_PREFIX_PATH=${CMAKE_PREFIX_PATH}:/home/tony/ros2_ws/install/yolov10_inference:/home/tony/ros2_ws/install/witmotion_ros_driver:/home/tony/ros2_ws/install/turtlebot3_teleop:/home/tony/ros2_ws/install/turtlebot3_example:/home/tony/ros2_ws/install/ros2_aruco:/home/tony/ros2_ws/install/opencv_pkg:/home/tony/ros2_ws/install/ax12a_arm_controller:/opt/ros/humble /usr/bin/cmake --install /home/tony/ros2_ws/build/iqr_tb4_description
