[0.278s] Invoking command in '/home/tony/ros2_ws/src/build/iqr_tb4_navigation': CMAKE_PREFIX_PATH=${CMAKE_PREFIX_PATH}:/home/tony/ros2_ws/install/yolov10_inference:/home/tony/ros2_ws/install/witmotion_ros_driver:/home/tony/ros2_ws/install/turtlebot3_teleop:/home/tony/ros2_ws/install/turtlebot3_example:/home/tony/ros2_ws/install/ros2_aruco:/home/tony/ros2_ws/install/opencv_pkg:/home/tony/ros2_ws/install/iqr_tb4_description:/home/tony/ros2_ws/install/ax12a_arm_controller:/opt/ros/humble /usr/bin/cmake /home/tony/ros2_ws/src/iqr_tb4_ros/iqr_tb4_navigation -DCMAKE_INSTALL_PREFIX=/home/tony/ros2_ws/src/install/iqr_tb4_navigation
[0.423s] -- The C compiler identification is GNU 11.4.0
[0.531s] -- The CXX compiler identification is GNU 11.4.0
[0.552s] -- Detecting C compiler ABI info
[0.778s] -- Detecting C compiler ABI info - done
[0.809s] -- Check for working C compiler: /usr/bin/cc - skipped
[0.809s] -- Detecting C compile features
[0.812s] -- Detecting C compile features - done
[0.824s] -- Detecting CXX compiler ABI info
[0.965s] -- Detecting CXX compiler ABI info - done
[0.976s] -- Check for working CXX compiler: /usr/bin/c++ - skipped
[0.977s] -- Detecting CXX compile features
[0.977s] -- Detecting CXX compile features - done
[0.987s] -- Found ament_cmake: 1.3.6 (/opt/ros/humble/share/ament_cmake/cmake)
[2.632s] -- Found Python3: /usr/bin/python3.10 (found version "3.10.12") found components: Interpreter 
[3.181s] -- Found ament_lint_auto: 0.12.9 (/opt/ros/humble/share/ament_lint_auto/cmake)
[3.483s] -- Added test 'copyright' to check source files copyright and LICENSE
[3.501s] -- Added test 'flake8' to check Python code syntax and style conventions
[3.502s] -- Added test 'lint_cmake' to check CMake code style
[3.505s] -- Added test 'pep257' to check Python code against some of the docstring style conventions in PEP 257
[3.508s] -- Added test 'xmllint' to check XML markup files
[3.517s] -- Configuring done
[3.531s] -- Generating done
[3.539s] -- Build files have been written to: /home/tony/ros2_ws/src/build/iqr_tb4_navigation
[3.812s] Invoked command in '/home/tony/ros2_ws/src/build/iqr_tb4_navigation' returned '0': CMAKE_PREFIX_PATH=${CMAKE_PREFIX_PATH}:/home/tony/ros2_ws/install/yolov10_inference:/home/tony/ros2_ws/install/witmotion_ros_driver:/home/tony/ros2_ws/install/turtlebot3_teleop:/home/tony/ros2_ws/install/turtlebot3_example:/home/tony/ros2_ws/install/ros2_aruco:/home/tony/ros2_ws/install/opencv_pkg:/home/tony/ros2_ws/install/iqr_tb4_description:/home/tony/ros2_ws/install/ax12a_arm_controller:/opt/ros/humble /usr/bin/cmake /home/tony/ros2_ws/src/iqr_tb4_ros/iqr_tb4_navigation -DCMAKE_INSTALL_PREFIX=/home/tony/ros2_ws/src/install/iqr_tb4_navigation
[3.813s] Invoking command in '/home/tony/ros2_ws/src/build/iqr_tb4_navigation': CMAKE_PREFIX_PATH=${CMAKE_PREFIX_PATH}:/home/tony/ros2_ws/install/yolov10_inference:/home/tony/ros2_ws/install/witmotion_ros_driver:/home/tony/ros2_ws/install/turtlebot3_teleop:/home/tony/ros2_ws/install/turtlebot3_example:/home/tony/ros2_ws/install/ros2_aruco:/home/tony/ros2_ws/install/opencv_pkg:/home/tony/ros2_ws/install/iqr_tb4_description:/home/tony/ros2_ws/install/ax12a_arm_controller:/opt/ros/humble /usr/bin/cmake --build /home/tony/ros2_ws/src/build/iqr_tb4_navigation -- -j8 -l8
[4.291s] Invoked command in '/home/tony/ros2_ws/src/build/iqr_tb4_navigation' returned '0': CMAKE_PREFIX_PATH=${CMAKE_PREFIX_PATH}:/home/tony/ros2_ws/install/yolov10_inference:/home/tony/ros2_ws/install/witmotion_ros_driver:/home/tony/ros2_ws/install/turtlebot3_teleop:/home/tony/ros2_ws/install/turtlebot3_example:/home/tony/ros2_ws/install/ros2_aruco:/home/tony/ros2_ws/install/opencv_pkg:/home/tony/ros2_ws/install/iqr_tb4_description:/home/tony/ros2_ws/install/ax12a_arm_controller:/opt/ros/humble /usr/bin/cmake --build /home/tony/ros2_ws/src/build/iqr_tb4_navigation -- -j8 -l8
[4.373s] Invoking command in '/home/tony/ros2_ws/src/build/iqr_tb4_navigation': CMAKE_PREFIX_PATH=${CMAKE_PREFIX_PATH}:/home/tony/ros2_ws/install/yolov10_inference:/home/tony/ros2_ws/install/witmotion_ros_driver:/home/tony/ros2_ws/install/turtlebot3_teleop:/home/tony/ros2_ws/install/turtlebot3_example:/home/tony/ros2_ws/install/ros2_aruco:/home/tony/ros2_ws/install/opencv_pkg:/home/tony/ros2_ws/install/iqr_tb4_description:/home/tony/ros2_ws/install/ax12a_arm_controller:/opt/ros/humble /usr/bin/cmake --install /home/tony/ros2_ws/src/build/iqr_tb4_navigation
[4.623s] -- Install configuration: ""
[4.624s] -- Installing: /home/tony/ros2_ws/src/install/iqr_tb4_navigation/share/iqr_tb4_navigation/config
[4.624s] -- Installing: /home/tony/ros2_ws/src/install/iqr_tb4_navigation/share/iqr_tb4_navigation/config/slam.yaml
[4.624s] -- Installing: /home/tony/ros2_ws/src/install/iqr_tb4_navigation/share/iqr_tb4_navigation/config/nav2.yaml
[4.624s] -- Installing: /home/tony/ros2_ws/src/install/iqr_tb4_navigation/share/iqr_tb4_navigation/config/localization.yaml
[4.624s] -- Installing: /home/tony/ros2_ws/src/install/iqr_tb4_navigation/share/iqr_tb4_navigation/launch
[4.624s] -- Installing: /home/tony/ros2_ws/src/install/iqr_tb4_navigation/share/iqr_tb4_navigation/launch/nav2.launch.py
[4.624s] -- Installing: /home/tony/ros2_ws/src/install/iqr_tb4_navigation/share/iqr_tb4_navigation/launch/localization.launch.py
[4.624s] -- Installing: /home/tony/ros2_ws/src/install/iqr_tb4_navigation/share/iqr_tb4_navigation/launch/slam.launch.py
[4.624s] -- Installing: /home/tony/ros2_ws/src/install/iqr_tb4_navigation/share/iqr_tb4_navigation/maps
[4.624s] -- Installing: /home/tony/ros2_ws/src/install/iqr_tb4_navigation/share/iqr_tb4_navigation/maps/map.pgm
[4.624s] -- Installing: /home/tony/ros2_ws/src/install/iqr_tb4_navigation/share/iqr_tb4_navigation/maps/map.yaml
[4.624s] -- Installing: /home/tony/ros2_ws/src/install/iqr_tb4_navigation/share/ament_index/resource_index/package_run_dependencies/iqr_tb4_navigation
[4.624s] -- Installing: /home/tony/ros2_ws/src/install/iqr_tb4_navigation/share/ament_index/resource_index/parent_prefix_path/iqr_tb4_navigation
[4.624s] -- Installing: /home/tony/ros2_ws/src/install/iqr_tb4_navigation/share/iqr_tb4_navigation/environment/ament_prefix_path.sh
[4.624s] -- Installing: /home/tony/ros2_ws/src/install/iqr_tb4_navigation/share/iqr_tb4_navigation/environment/ament_prefix_path.dsv
[4.625s] -- Installing: /home/tony/ros2_ws/src/install/iqr_tb4_navigation/share/iqr_tb4_navigation/environment/path.sh
[4.625s] -- Installing: /home/tony/ros2_ws/src/install/iqr_tb4_navigation/share/iqr_tb4_navigation/environment/path.dsv
[4.625s] -- Installing: /home/tony/ros2_ws/src/install/iqr_tb4_navigation/share/iqr_tb4_navigation/local_setup.bash
[4.625s] -- Installing: /home/tony/ros2_ws/src/install/iqr_tb4_navigation/share/iqr_tb4_navigation/local_setup.sh
[4.625s] -- Installing: /home/tony/ros2_ws/src/install/iqr_tb4_navigation/share/iqr_tb4_navigation/local_setup.zsh
[4.625s] -- Installing: /home/tony/ros2_ws/src/install/iqr_tb4_navigation/share/iqr_tb4_navigation/local_setup.dsv
[4.625s] -- Installing: /home/tony/ros2_ws/src/install/iqr_tb4_navigation/share/iqr_tb4_navigation/package.dsv
[4.625s] -- Installing: /home/tony/ros2_ws/src/install/iqr_tb4_navigation/share/ament_index/resource_index/packages/iqr_tb4_navigation
[4.625s] -- Installing: /home/tony/ros2_ws/src/install/iqr_tb4_navigation/share/iqr_tb4_navigation/cmake/iqr_tb4_navigationConfig.cmake
[4.625s] -- Installing: /home/tony/ros2_ws/src/install/iqr_tb4_navigation/share/iqr_tb4_navigation/cmake/iqr_tb4_navigationConfig-version.cmake
[4.625s] -- Installing: /home/tony/ros2_ws/src/install/iqr_tb4_navigation/share/iqr_tb4_navigation/package.xml
[4.636s] Invoked command in '/home/tony/ros2_ws/src/build/iqr_tb4_navigation' returned '0': CMAKE_PREFIX_PATH=${CMAKE_PREFIX_PATH}:/home/tony/ros2_ws/install/yolov10_inference:/home/tony/ros2_ws/install/witmotion_ros_driver:/home/tony/ros2_ws/install/turtlebot3_teleop:/home/tony/ros2_ws/install/turtlebot3_example:/home/tony/ros2_ws/install/ros2_aruco:/home/tony/ros2_ws/install/opencv_pkg:/home/tony/ros2_ws/install/iqr_tb4_description:/home/tony/ros2_ws/install/ax12a_arm_controller:/opt/ros/humble /usr/bin/cmake --install /home/tony/ros2_ws/src/build/iqr_tb4_navigation
