[0.144s] Invoking command in '/home/tony/ros2_ws/build/pan_tilt_bringup': CMAKE_PREFIX_PATH=${CMAKE_PREFIX_PATH}:/home/tony/ros2_ws/install/yolov10_inference:/home/tony/ros2_ws/install/witmotion_ros_driver:/home/tony/ros2_ws/install/turtlebot3_teleop:/home/tony/ros2_ws/install/turtlebot3_example:/home/tony/ros2_ws/install/ros2_aruco:/home/tony/ros2_ws/install/opencv_pkg:/home/tony/ros2_ws/install/ax12a_arm_controller:/opt/ros/humble /usr/bin/cmake /home/tony/ros2_ws/src/pan_tilt_ros/pan_tilt_bringup -DCMAKE_INSTALL_PREFIX=/home/tony/ros2_ws/install/pan_tilt_bringup
[0.346s] -- Found ament_cmake: 1.3.6 (/opt/ros/humble/share/ament_cmake/cmake)
[0.473s] -- Override CMake install command with custom implementation using symlinks instead of copying resources
[0.646s] -- Configuring done
[0.656s] -- Generating done
[0.656s] -- Build files have been written to: /home/tony/ros2_ws/build/pan_tilt_bringup
[0.723s] Invoked command in '/home/tony/ros2_ws/build/pan_tilt_bringup' returned '0': CMAKE_PREFIX_PATH=${CMAKE_PREFIX_PATH}:/home/tony/ros2_ws/install/yolov10_inference:/home/tony/ros2_ws/install/witmotion_ros_driver:/home/tony/ros2_ws/install/turtlebot3_teleop:/home/tony/ros2_ws/install/turtlebot3_example:/home/tony/ros2_ws/install/ros2_aruco:/home/tony/ros2_ws/install/opencv_pkg:/home/tony/ros2_ws/install/ax12a_arm_controller:/opt/ros/humble /usr/bin/cmake /home/tony/ros2_ws/src/pan_tilt_ros/pan_tilt_bringup -DCMAKE_INSTALL_PREFIX=/home/tony/ros2_ws/install/pan_tilt_bringup
[0.725s] Invoking command in '/home/tony/ros2_ws/build/pan_tilt_bringup': CMAKE_PREFIX_PATH=${CMAKE_PREFIX_PATH}:/home/tony/ros2_ws/install/yolov10_inference:/home/tony/ros2_ws/install/witmotion_ros_driver:/home/tony/ros2_ws/install/turtlebot3_teleop:/home/tony/ros2_ws/install/turtlebot3_example:/home/tony/ros2_ws/install/ros2_aruco:/home/tony/ros2_ws/install/opencv_pkg:/home/tony/ros2_ws/install/ax12a_arm_controller:/opt/ros/humble /usr/bin/cmake --build /home/tony/ros2_ws/build/pan_tilt_bringup -- -j8 -l8
[1.247s] Invoked command in '/home/tony/ros2_ws/build/pan_tilt_bringup' returned '0': CMAKE_PREFIX_PATH=${CMAKE_PREFIX_PATH}:/home/tony/ros2_ws/install/yolov10_inference:/home/tony/ros2_ws/install/witmotion_ros_driver:/home/tony/ros2_ws/install/turtlebot3_teleop:/home/tony/ros2_ws/install/turtlebot3_example:/home/tony/ros2_ws/install/ros2_aruco:/home/tony/ros2_ws/install/opencv_pkg:/home/tony/ros2_ws/install/ax12a_arm_controller:/opt/ros/humble /usr/bin/cmake --build /home/tony/ros2_ws/build/pan_tilt_bringup -- -j8 -l8
[2.114s] Invoking command in '/home/tony/ros2_ws/build/pan_tilt_bringup': CMAKE_PREFIX_PATH=${CMAKE_PREFIX_PATH}:/home/tony/ros2_ws/install/yolov10_inference:/home/tony/ros2_ws/install/witmotion_ros_driver:/home/tony/ros2_ws/install/turtlebot3_teleop:/home/tony/ros2_ws/install/turtlebot3_example:/home/tony/ros2_ws/install/ros2_aruco:/home/tony/ros2_ws/install/opencv_pkg:/home/tony/ros2_ws/install/ax12a_arm_controller:/opt/ros/humble /usr/bin/cmake --install /home/tony/ros2_ws/build/pan_tilt_bringup
[2.131s] -- Install configuration: ""
[2.132s] -- Execute custom install script
[2.132s] -- Up-to-date symlink: /home/tony/ros2_ws/install/pan_tilt_bringup/share/pan_tilt_bringup//launch/panTilt_bringup.launch.py
[2.132s] -- Up-to-date symlink: /home/tony/ros2_ws/install/pan_tilt_bringup/share/ament_index/resource_index/package_run_dependencies/pan_tilt_bringup
[2.132s] -- Up-to-date symlink: /home/tony/ros2_ws/install/pan_tilt_bringup/share/ament_index/resource_index/parent_prefix_path/pan_tilt_bringup
[2.132s] -- Up-to-date symlink: /home/tony/ros2_ws/install/pan_tilt_bringup/share/pan_tilt_bringup/environment/ament_prefix_path.sh
[2.132s] -- Up-to-date symlink: /home/tony/ros2_ws/install/pan_tilt_bringup/share/pan_tilt_bringup/environment/ament_prefix_path.dsv
[2.133s] -- Up-to-date symlink: /home/tony/ros2_ws/install/pan_tilt_bringup/share/pan_tilt_bringup/environment/path.sh
[2.133s] -- Up-to-date symlink: /home/tony/ros2_ws/install/pan_tilt_bringup/share/pan_tilt_bringup/environment/path.dsv
[2.133s] -- Up-to-date symlink: /home/tony/ros2_ws/install/pan_tilt_bringup/share/pan_tilt_bringup/local_setup.bash
[2.134s] -- Up-to-date symlink: /home/tony/ros2_ws/install/pan_tilt_bringup/share/pan_tilt_bringup/local_setup.sh
[2.135s] -- Up-to-date symlink: /home/tony/ros2_ws/install/pan_tilt_bringup/share/pan_tilt_bringup/local_setup.zsh
[2.135s] -- Up-to-date symlink: /home/tony/ros2_ws/install/pan_tilt_bringup/share/pan_tilt_bringup/local_setup.dsv
[2.135s] -- Symlinking: /home/tony/ros2_ws/install/pan_tilt_bringup/share/pan_tilt_bringup/package.dsv
[2.135s] -- Up-to-date symlink: /home/tony/ros2_ws/install/pan_tilt_bringup/share/ament_index/resource_index/packages/pan_tilt_bringup
[2.136s] -- Up-to-date symlink: /home/tony/ros2_ws/install/pan_tilt_bringup/share/pan_tilt_bringup/cmake/pan_tilt_bringupConfig.cmake
[2.136s] -- Up-to-date symlink: /home/tony/ros2_ws/install/pan_tilt_bringup/share/pan_tilt_bringup/cmake/pan_tilt_bringupConfig-version.cmake
[2.136s] -- Up-to-date symlink: /home/tony/ros2_ws/install/pan_tilt_bringup/share/pan_tilt_bringup/package.xml
[2.944s] Invoked command in '/home/tony/ros2_ws/build/pan_tilt_bringup' returned '0': CMAKE_PREFIX_PATH=${CMAKE_PREFIX_PATH}:/home/tony/ros2_ws/install/yolov10_inference:/home/tony/ros2_ws/install/witmotion_ros_driver:/home/tony/ros2_ws/install/turtlebot3_teleop:/home/tony/ros2_ws/install/turtlebot3_example:/home/tony/ros2_ws/install/ros2_aruco:/home/tony/ros2_ws/install/opencv_pkg:/home/tony/ros2_ws/install/ax12a_arm_controller:/opt/ros/humble /usr/bin/cmake --install /home/tony/ros2_ws/build/pan_tilt_bringup
