[0.603s] Invoking command in '/home/tony/ros2_ws/build/iqr_tb4_navigation': CMAKE_PREFIX_PATH=${CMAKE_PREFIX_PATH}:/home/tony/ros2_ws/install/yolov10_inference:/home/tony/ros2_ws/install/witmotion_ros_driver:/home/tony/ros2_ws/install/turtlebot3_teleop:/home/tony/ros2_ws/install/turtlebot3_example:/home/tony/ros2_ws/install/ros2_aruco:/home/tony/ros2_ws/install/opencv_pkg:/home/tony/ros2_ws/install/ax12a_arm_controller:/opt/ros/humble /usr/bin/cmake /home/tony/ros2_ws/src/iqr_tb4_ros/iqr_tb4_navigation -DCMAKE_INSTALL_PREFIX=/home/tony/ros2_ws/install/iqr_tb4_navigation
[0.613s] -- Found ament_cmake: 1.3.6 (/opt/ros/humble/share/ament_cmake/cmake)
[0.851s] -- Override CMake install command with custom implementation using symlinks instead of copying resources
[0.872s] -- Found ament_lint_auto: 0.12.9 (/opt/ros/humble/share/ament_lint_auto/cmake)
[0.984s] -- Added test 'copyright' to check source files copyright and LICENSE
[0.999s] -- Added test 'flake8' to check Python code syntax and style conventions
[1.000s] -- Added test 'lint_cmake' to check CMake code style
[1.000s] -- Added test 'pep257' to check Python code against some of the docstring style conventions in PEP 257
[1.003s] -- Added test 'xmllint' to check XML markup files
[1.013s] -- Configuring done
[1.019s] -- Generating done
[1.020s] -- Build files have been written to: /home/tony/ros2_ws/build/iqr_tb4_navigation
[1.035s] Invoked command in '/home/tony/ros2_ws/build/iqr_tb4_navigation' returned '0': CMAKE_PREFIX_PATH=${CMAKE_PREFIX_PATH}:/home/tony/ros2_ws/install/yolov10_inference:/home/tony/ros2_ws/install/witmotion_ros_driver:/home/tony/ros2_ws/install/turtlebot3_teleop:/home/tony/ros2_ws/install/turtlebot3_example:/home/tony/ros2_ws/install/ros2_aruco:/home/tony/ros2_ws/install/opencv_pkg:/home/tony/ros2_ws/install/ax12a_arm_controller:/opt/ros/humble /usr/bin/cmake /home/tony/ros2_ws/src/iqr_tb4_ros/iqr_tb4_navigation -DCMAKE_INSTALL_PREFIX=/home/tony/ros2_ws/install/iqr_tb4_navigation
[1.036s] Invoking command in '/home/tony/ros2_ws/build/iqr_tb4_navigation': CMAKE_PREFIX_PATH=${CMAKE_PREFIX_PATH}:/home/tony/ros2_ws/install/yolov10_inference:/home/tony/ros2_ws/install/witmotion_ros_driver:/home/tony/ros2_ws/install/turtlebot3_teleop:/home/tony/ros2_ws/install/turtlebot3_example:/home/tony/ros2_ws/install/ros2_aruco:/home/tony/ros2_ws/install/opencv_pkg:/home/tony/ros2_ws/install/ax12a_arm_controller:/opt/ros/humble /usr/bin/cmake --build /home/tony/ros2_ws/build/iqr_tb4_navigation -- -j8 -l8
[1.156s] Invoked command in '/home/tony/ros2_ws/build/iqr_tb4_navigation' returned '0': CMAKE_PREFIX_PATH=${CMAKE_PREFIX_PATH}:/home/tony/ros2_ws/install/yolov10_inference:/home/tony/ros2_ws/install/witmotion_ros_driver:/home/tony/ros2_ws/install/turtlebot3_teleop:/home/tony/ros2_ws/install/turtlebot3_example:/home/tony/ros2_ws/install/ros2_aruco:/home/tony/ros2_ws/install/opencv_pkg:/home/tony/ros2_ws/install/ax12a_arm_controller:/opt/ros/humble /usr/bin/cmake --build /home/tony/ros2_ws/build/iqr_tb4_navigation -- -j8 -l8
[1.373s] Invoking command in '/home/tony/ros2_ws/build/iqr_tb4_navigation': CMAKE_PREFIX_PATH=${CMAKE_PREFIX_PATH}:/home/tony/ros2_ws/install/yolov10_inference:/home/tony/ros2_ws/install/witmotion_ros_driver:/home/tony/ros2_ws/install/turtlebot3_teleop:/home/tony/ros2_ws/install/turtlebot3_example:/home/tony/ros2_ws/install/ros2_aruco:/home/tony/ros2_ws/install/opencv_pkg:/home/tony/ros2_ws/install/ax12a_arm_controller:/opt/ros/humble /usr/bin/cmake --install /home/tony/ros2_ws/build/iqr_tb4_navigation
[1.525s] -- Install configuration: ""
[1.525s] -- Execute custom install script
[1.525s] -- Up-to-date symlink: /home/tony/ros2_ws/install/iqr_tb4_navigation/share/iqr_tb4_navigation/config/localization.yaml
[1.525s] -- Up-to-date symlink: /home/tony/ros2_ws/install/iqr_tb4_navigation/share/iqr_tb4_navigation/config/nav2.yaml
[1.525s] -- Up-to-date symlink: /home/tony/ros2_ws/install/iqr_tb4_navigation/share/iqr_tb4_navigation/config/slam.yaml
[1.525s] -- Up-to-date symlink: /home/tony/ros2_ws/install/iqr_tb4_navigation/share/iqr_tb4_navigation/launch/localization.launch.py
[1.526s] -- Up-to-date symlink: /home/tony/ros2_ws/install/iqr_tb4_navigation/share/iqr_tb4_navigation/launch/nav2.launch.py
[1.527s] -- Up-to-date symlink: /home/tony/ros2_ws/install/iqr_tb4_navigation/share/iqr_tb4_navigation/launch/slam.launch.py
[1.527s] -- Up-to-date symlink: /home/tony/ros2_ws/install/iqr_tb4_navigation/share/iqr_tb4_navigation/maps/test.pgm
[1.527s] -- Up-to-date symlink: /home/tony/ros2_ws/install/iqr_tb4_navigation/share/iqr_tb4_navigation/maps/test.yaml
[1.527s] -- Up-to-date symlink: /home/tony/ros2_ws/install/iqr_tb4_navigation/share/ament_index/resource_index/package_run_dependencies/iqr_tb4_navigation
[1.527s] -- Up-to-date symlink: /home/tony/ros2_ws/install/iqr_tb4_navigation/share/ament_index/resource_index/parent_prefix_path/iqr_tb4_navigation
[1.527s] -- Up-to-date symlink: /home/tony/ros2_ws/install/iqr_tb4_navigation/share/iqr_tb4_navigation/environment/ament_prefix_path.sh
[1.527s] -- Up-to-date symlink: /home/tony/ros2_ws/install/iqr_tb4_navigation/share/iqr_tb4_navigation/environment/ament_prefix_path.dsv
[1.527s] -- Up-to-date symlink: /home/tony/ros2_ws/install/iqr_tb4_navigation/share/iqr_tb4_navigation/environment/path.sh
[1.527s] -- Up-to-date symlink: /home/tony/ros2_ws/install/iqr_tb4_navigation/share/iqr_tb4_navigation/environment/path.dsv
[1.527s] -- Up-to-date symlink: /home/tony/ros2_ws/install/iqr_tb4_navigation/share/iqr_tb4_navigation/local_setup.bash
[1.528s] -- Up-to-date symlink: /home/tony/ros2_ws/install/iqr_tb4_navigation/share/iqr_tb4_navigation/local_setup.sh
[1.528s] -- Up-to-date symlink: /home/tony/ros2_ws/install/iqr_tb4_navigation/share/iqr_tb4_navigation/local_setup.zsh
[1.528s] -- Up-to-date symlink: /home/tony/ros2_ws/install/iqr_tb4_navigation/share/iqr_tb4_navigation/local_setup.dsv
[1.528s] -- Symlinking: /home/tony/ros2_ws/install/iqr_tb4_navigation/share/iqr_tb4_navigation/package.dsv
[1.528s] -- Up-to-date symlink: /home/tony/ros2_ws/install/iqr_tb4_navigation/share/ament_index/resource_index/packages/iqr_tb4_navigation
[1.528s] -- Up-to-date symlink: /home/tony/ros2_ws/install/iqr_tb4_navigation/share/iqr_tb4_navigation/cmake/iqr_tb4_navigationConfig.cmake
[1.528s] -- Up-to-date symlink: /home/tony/ros2_ws/install/iqr_tb4_navigation/share/iqr_tb4_navigation/cmake/iqr_tb4_navigationConfig-version.cmake
[1.528s] -- Up-to-date symlink: /home/tony/ros2_ws/install/iqr_tb4_navigation/share/iqr_tb4_navigation/package.xml
[1.721s] Invoked command in '/home/tony/ros2_ws/build/iqr_tb4_navigation' returned '0': CMAKE_PREFIX_PATH=${CMAKE_PREFIX_PATH}:/home/tony/ros2_ws/install/yolov10_inference:/home/tony/ros2_ws/install/witmotion_ros_driver:/home/tony/ros2_ws/install/turtlebot3_teleop:/home/tony/ros2_ws/install/turtlebot3_example:/home/tony/ros2_ws/install/ros2_aruco:/home/tony/ros2_ws/install/opencv_pkg:/home/tony/ros2_ws/install/ax12a_arm_controller:/opt/ros/humble /usr/bin/cmake --install /home/tony/ros2_ws/build/iqr_tb4_navigation
