[0.632s] Invoking command in '/home/tony/ros2_ws/build/realsense2_camera': CMAKE_PREFIX_PATH=/home/tony/ros2_ws/install/realsense2_camera_msgs:/home/tony/ros2_ws/install/turtlebot3:/home/tony/ros2_ws/install/turtlebot3_bringup:/home/tony/ros2_ws/install/turtlebot3_node:/home/tony/ros2_ws/install/turtlebot3_navigation2:/home/tony/ros2_ws/install/turtlebot3_description:/home/tony/ros2_ws/install/turtlebot3_cartographer:/home/tony/ros2_ws/install/ros2_aruco_interfaces:/home/tony/ros2_ws/install/realsense2_description:/home/tony/ros2_ws/install/realsense2_camera:/home/tony/ros2_ws/install/pan_tilt_driver:/home/tony/ros2_ws/install/pan_tilt_msgs:/home/tony/ros2_ws/install/pan_tilt_description:/home/tony/ros2_ws/install/pan_tilt_bringup:/home/tony/ros2_ws/install/iqr_tb4_navigation:/home/tony/ros2_ws/install/iqr_tb4_description:/home/tony/ros2_ws/install/iqr_tb4_bringup:/home/tony/ros2_ws/install/dynamixel_sdk_examples:/home/tony/ros2_ws/install/dynamixel_sdk_custom_interfaces:/home/tony/ros2_ws/install/dynamixel_hardware_interface:/home/tony/ros2_ws/install/dynamixel_sdk:/home/tony/ros2_ws/install/dynamixel_interfaces:/home/tony/ros2_ws/install/dynamixel_handler_msgs:/home/tony/ros2_ws/install/dynamixel_handler:/home/tony/ros2_ws/install/ax12_arm_description:/home/tony/ros2_ws/install/yolov10_inference:/home/tony/ros2_ws/install/witmotion_ros_driver:/home/tony/ros2_ws/install/turtlebot3_teleop:/home/tony/ros2_ws/install/turtlebot3_example:/home/tony/ros2_ws/install/ros2_aruco:/home/tony/ros2_ws/install/opencv_pkg:/home/tony/ros2_ws/install/dxl_tools:/home/tony/ros2_ws/install/ax12_arm_bringup:/opt/ros/humble LD_LIBRARY_PATH=/home/tony/ros2_ws/install/realsense2_camera_msgs/lib:/home/tony/ros2_ws/install/ros2_aruco_interfaces/lib:/home/tony/ros2_ws/install/realsense2_camera/lib:/home/tony/ros2_ws/install/pan_tilt_msgs/lib:/home/tony/ros2_ws/install/dynamixel_sdk_custom_interfaces/lib:/home/tony/ros2_ws/install/dynamixel_hardware_interface/lib:/home/tony/ros2_ws/install/dynamixel_sdk/lib:/home/tony/ros2_ws/install/dynamixel_interfaces/lib:/home/tony/ros2_ws/install/dynamixel_handler_msgs/lib:/opt/ros/humble/opt/rviz_ogre_vendor/lib:/opt/ros/humble/lib/x86_64-linux-gnu:/opt/ros/humble/lib /usr/bin/cmake /home/tony/ros2_ws/src/realsense-ros/realsense2_camera -DAMENT_CMAKE_SYMLINK_INSTALL=1 -DCMAKE_INSTALL_PREFIX=/home/tony/ros2_ws/install/realsense2_camera
[0.767s] -- The C compiler identification is GNU 11.4.0
[0.891s] -- The CXX compiler identification is GNU 11.4.0
[0.911s] -- Detecting C compiler ABI info
[1.067s] -- Detecting C compiler ABI info - done
[1.087s] -- Check for working C compiler: /usr/bin/cc - skipped
[1.088s] -- Detecting C compile features
[1.088s] -- Detecting C compile features - done
[1.091s] -- Detecting CXX compiler ABI info
[1.257s] -- Detecting CXX compiler ABI info - done
[1.279s] -- Check for working CXX compiler: /usr/bin/c++ - skipped
[1.281s] -- Detecting CXX compile features
[1.284s] -- Detecting CXX compile features - done
[1.284s] -- Create Release Build.
[1.288s] -- Found ament_cmake: 1.3.6 (/opt/ros/humble/share/ament_cmake/cmake)
[2.303s] -- Found Python3: /usr/bin/python3.10 (found version "3.10.12") found components: Interpreter 
[2.387s] -- Override CMake install command with custom implementation using symlinks instead of copying resources
[2.443s] -- Found builtin_interfaces: 1.2.1 (/opt/ros/humble/share/builtin_interfaces/cmake)
[2.501s] -- Found rosidl_generator_c: 3.1.5 (/opt/ros/humble/share/rosidl_generator_c/cmake)
[2.511s] -- Found rosidl_adapter: 3.1.5 (/opt/ros/humble/share/rosidl_adapter/cmake)
[2.526s] -- Found rosidl_generator_cpp: 3.1.5 (/opt/ros/humble/share/rosidl_generator_cpp/cmake)
[2.550s] -- Using all available rosidl_typesupport_c: rosidl_typesupport_fastrtps_c;rosidl_typesupport_introspection_c
[2.584s] -- Using all available rosidl_typesupport_cpp: rosidl_typesupport_fastrtps_cpp;rosidl_typesupport_introspection_cpp
[2.617s] -- Found cv_bridge: 3.2.1 (/opt/ros/humble/share/cv_bridge/cmake)
[2.932s] -- Found image_transport: 3.1.9 (/opt/ros/humble/share/image_transport/cmake)
[3.044s] -- Found rmw_implementation_cmake: 6.1.1 (/opt/ros/humble/share/rmw_implementation_cmake/cmake)
[3.050s] -- Found rmw_cyclonedds_cpp: 1.3.4 (/opt/ros/humble/share/rmw_cyclonedds_cpp/cmake)
[3.101s] -- Using RMW implementation 'rmw_cyclonedds_cpp' as default
[3.119s] -- Looking for pthread.h
[3.242s] -- Looking for pthread.h - found
[3.242s] -- Performing Test CMAKE_HAVE_LIBC_PTHREAD
[3.398s] -- Performing Test CMAKE_HAVE_LIBC_PTHREAD - Success
[3.399s] -- Found Threads: TRUE  
[3.677s] -- Found rclcpp_components: 16.0.7 (/opt/ros/humble/share/rclcpp_components/cmake)
[3.743s] -- Found realsense2_camera_msgs: 4.55.1 (/home/tony/ros2_ws/install/realsense2_camera_msgs/share/realsense2_camera_msgs/cmake)
[3.883s] -- Found nav_msgs: 4.2.3 (/opt/ros/humble/share/nav_msgs/cmake)
[4.000s] -- Found tf2_ros: 0.25.8 (/opt/ros/humble/share/tf2_ros/cmake)
[4.383s] -- Found diagnostic_updater: 3.1.2 (/opt/ros/humble/share/diagnostic_updater/cmake)
[4.486s] -- Found OpenCV: /usr (found version "4.5.4") found components: core 
[4.493s] -- Build for ROS2 Humble
[4.516s] -- Found ament_cmake_gtest: 1.3.6 (/opt/ros/humble/share/ament_cmake_gtest/cmake)
[4.521s] -- Found gtest sources under '/opt/ros/humble/src/gtest_vendor': C++ tests using 'Google Test' will be built
[4.532s] -- Found ament_cmake_pytest: 1.3.6 (/opt/ros/humble/share/ament_cmake_pytest/cmake)
[7.611s] -- rs_device_info:
[7.611s] -- No device detected. Is it plugged in?
[7.611s] 
[7.678s] -- Configuring done
[7.703s] -- Generating done
[7.704s] -- Build files have been written to: /home/tony/ros2_ws/build/realsense2_camera
[7.714s] Invoked command in '/home/tony/ros2_ws/build/realsense2_camera' returned '0': CMAKE_PREFIX_PATH=/home/tony/ros2_ws/install/realsense2_camera_msgs:/home/tony/ros2_ws/install/turtlebot3:/home/tony/ros2_ws/install/turtlebot3_bringup:/home/tony/ros2_ws/install/turtlebot3_node:/home/tony/ros2_ws/install/turtlebot3_navigation2:/home/tony/ros2_ws/install/turtlebot3_description:/home/tony/ros2_ws/install/turtlebot3_cartographer:/home/tony/ros2_ws/install/ros2_aruco_interfaces:/home/tony/ros2_ws/install/realsense2_description:/home/tony/ros2_ws/install/realsense2_camera:/home/tony/ros2_ws/install/pan_tilt_driver:/home/tony/ros2_ws/install/pan_tilt_msgs:/home/tony/ros2_ws/install/pan_tilt_description:/home/tony/ros2_ws/install/pan_tilt_bringup:/home/tony/ros2_ws/install/iqr_tb4_navigation:/home/tony/ros2_ws/install/iqr_tb4_description:/home/tony/ros2_ws/install/iqr_tb4_bringup:/home/tony/ros2_ws/install/dynamixel_sdk_examples:/home/tony/ros2_ws/install/dynamixel_sdk_custom_interfaces:/home/tony/ros2_ws/install/dynamixel_hardware_interface:/home/tony/ros2_ws/install/dynamixel_sdk:/home/tony/ros2_ws/install/dynamixel_interfaces:/home/tony/ros2_ws/install/dynamixel_handler_msgs:/home/tony/ros2_ws/install/dynamixel_handler:/home/tony/ros2_ws/install/ax12_arm_description:/home/tony/ros2_ws/install/yolov10_inference:/home/tony/ros2_ws/install/witmotion_ros_driver:/home/tony/ros2_ws/install/turtlebot3_teleop:/home/tony/ros2_ws/install/turtlebot3_example:/home/tony/ros2_ws/install/ros2_aruco:/home/tony/ros2_ws/install/opencv_pkg:/home/tony/ros2_ws/install/dxl_tools:/home/tony/ros2_ws/install/ax12_arm_bringup:/opt/ros/humble LD_LIBRARY_PATH=/home/tony/ros2_ws/install/realsense2_camera_msgs/lib:/home/tony/ros2_ws/install/ros2_aruco_interfaces/lib:/home/tony/ros2_ws/install/realsense2_camera/lib:/home/tony/ros2_ws/install/pan_tilt_msgs/lib:/home/tony/ros2_ws/install/dynamixel_sdk_custom_interfaces/lib:/home/tony/ros2_ws/install/dynamixel_hardware_interface/lib:/home/tony/ros2_ws/install/dynamixel_sdk/lib:/home/tony/ros2_ws/install/dynamixel_interfaces/lib:/home/tony/ros2_ws/install/dynamixel_handler_msgs/lib:/opt/ros/humble/opt/rviz_ogre_vendor/lib:/opt/ros/humble/lib/x86_64-linux-gnu:/opt/ros/humble/lib /usr/bin/cmake /home/tony/ros2_ws/src/realsense-ros/realsense2_camera -DAMENT_CMAKE_SYMLINK_INSTALL=1 -DCMAKE_INSTALL_PREFIX=/home/tony/ros2_ws/install/realsense2_camera
[7.715s] Invoking command in '/home/tony/ros2_ws/build/realsense2_camera': CMAKE_PREFIX_PATH=/home/tony/ros2_ws/install/realsense2_camera_msgs:/home/tony/ros2_ws/install/turtlebot3:/home/tony/ros2_ws/install/turtlebot3_bringup:/home/tony/ros2_ws/install/turtlebot3_node:/home/tony/ros2_ws/install/turtlebot3_navigation2:/home/tony/ros2_ws/install/turtlebot3_description:/home/tony/ros2_ws/install/turtlebot3_cartographer:/home/tony/ros2_ws/install/ros2_aruco_interfaces:/home/tony/ros2_ws/install/realsense2_description:/home/tony/ros2_ws/install/realsense2_camera:/home/tony/ros2_ws/install/pan_tilt_driver:/home/tony/ros2_ws/install/pan_tilt_msgs:/home/tony/ros2_ws/install/pan_tilt_description:/home/tony/ros2_ws/install/pan_tilt_bringup:/home/tony/ros2_ws/install/iqr_tb4_navigation:/home/tony/ros2_ws/install/iqr_tb4_description:/home/tony/ros2_ws/install/iqr_tb4_bringup:/home/tony/ros2_ws/install/dynamixel_sdk_examples:/home/tony/ros2_ws/install/dynamixel_sdk_custom_interfaces:/home/tony/ros2_ws/install/dynamixel_hardware_interface:/home/tony/ros2_ws/install/dynamixel_sdk:/home/tony/ros2_ws/install/dynamixel_interfaces:/home/tony/ros2_ws/install/dynamixel_handler_msgs:/home/tony/ros2_ws/install/dynamixel_handler:/home/tony/ros2_ws/install/ax12_arm_description:/home/tony/ros2_ws/install/yolov10_inference:/home/tony/ros2_ws/install/witmotion_ros_driver:/home/tony/ros2_ws/install/turtlebot3_teleop:/home/tony/ros2_ws/install/turtlebot3_example:/home/tony/ros2_ws/install/ros2_aruco:/home/tony/ros2_ws/install/opencv_pkg:/home/tony/ros2_ws/install/dxl_tools:/home/tony/ros2_ws/install/ax12_arm_bringup:/opt/ros/humble LD_LIBRARY_PATH=/home/tony/ros2_ws/install/realsense2_camera_msgs/lib:/home/tony/ros2_ws/install/ros2_aruco_interfaces/lib:/home/tony/ros2_ws/install/realsense2_camera/lib:/home/tony/ros2_ws/install/pan_tilt_msgs/lib:/home/tony/ros2_ws/install/dynamixel_sdk_custom_interfaces/lib:/home/tony/ros2_ws/install/dynamixel_hardware_interface/lib:/home/tony/ros2_ws/install/dynamixel_sdk/lib:/home/tony/ros2_ws/install/dynamixel_interfaces/lib:/home/tony/ros2_ws/install/dynamixel_handler_msgs/lib:/opt/ros/humble/opt/rviz_ogre_vendor/lib:/opt/ros/humble/lib/x86_64-linux-gnu:/opt/ros/humble/lib /usr/bin/cmake --build /home/tony/ros2_ws/build/realsense2_camera -- -j8 -l8
[7.761s] [  4%] [32mBuilding CXX object gtest/CMakeFiles/gtest_main.dir/src/gtest_main.cc.o[0m
[7.761s] [  9%] [32mBuilding CXX object CMakeFiles/realsense2_camera_node.dir/rclcpp_components/node_main_realsense2_camera_node.cpp.o[0m
[7.762s] [ 18%] [32mBuilding CXX object CMakeFiles/realsense2_camera.dir/src/realsense_node_factory.cpp.o[0m
[7.763s] [ 18%] [32mBuilding CXX object CMakeFiles/realsense2_camera.dir/src/base_realsense_node.cpp.o[0m
[7.767s] [ 22%] [32mBuilding CXX object gtest/CMakeFiles/gtest.dir/src/gtest-all.cc.o[0m
[7.767s] [ 27%] [32mBuilding CXX object CMakeFiles/realsense2_camera.dir/src/rs_node_setup.cpp.o[0m
[7.767s] [ 31%] [32mBuilding CXX object CMakeFiles/realsense2_camera.dir/src/parameters.cpp.o[0m
[7.770s] [ 36%] [32mBuilding CXX object CMakeFiles/realsense2_camera.dir/src/ros_sensor.cpp.o[0m
[8.649s] [ 40%] [32m[1mLinking CXX static library libgtest_main.a[0m
[8.724s] [ 40%] Built target gtest_main
[8.746s] [ 45%] [32mBuilding CXX object CMakeFiles/realsense2_camera.dir/src/ros_utils.cpp.o[0m
[13.403s] [ 50%] [32m[1mLinking CXX executable realsense2_camera_node[0m
[13.643s] [ 50%] Built target realsense2_camera_node
[13.668s] [ 54%] [32mBuilding CXX object CMakeFiles/realsense2_camera.dir/src/dynamic_params.cpp.o[0m
[14.582s] [ 59%] [32mBuilding CXX object CMakeFiles/realsense2_camera.dir/src/sensor_params.cpp.o[0m
[18.939s] [ 63%] [32mBuilding CXX object CMakeFiles/realsense2_camera.dir/src/named_filter.cpp.o[0m
[19.098s] [ 68%] [32m[1mLinking CXX static library libgtest.a[0m
[19.198s] [ 68%] Built target gtest
[19.219s] [ 72%] [32mBuilding CXX object CMakeFiles/realsense2_camera.dir/src/profile_manager.cpp.o[0m
[20.482s] [ 77%] [32mBuilding CXX object CMakeFiles/gtest_template.dir/test/gtest_template.cpp.o[0m
[21.692s] [ 81%] [32m[1mLinking CXX executable gtest_template[0m
[21.892s] [ 81%] Built target gtest_template
[21.913s] [ 86%] [32mBuilding CXX object CMakeFiles/realsense2_camera.dir/src/image_publisher.cpp.o[0m
[22.537s] [ 90%] [32mBuilding CXX object CMakeFiles/realsense2_camera.dir/src/tfs.cpp.o[0m
[22.673s] [ 95%] [32mBuilding CXX object CMakeFiles/realsense2_camera.dir/src/ros_param_backend.cpp.o[0m
[31.129s] [100%] [32m[1mLinking CXX shared library librealsense2_camera.so[0m
[31.547s] [100%] Built target realsense2_camera
[31.555s] Invoked command in '/home/tony/ros2_ws/build/realsense2_camera' returned '0': CMAKE_PREFIX_PATH=/home/tony/ros2_ws/install/realsense2_camera_msgs:/home/tony/ros2_ws/install/turtlebot3:/home/tony/ros2_ws/install/turtlebot3_bringup:/home/tony/ros2_ws/install/turtlebot3_node:/home/tony/ros2_ws/install/turtlebot3_navigation2:/home/tony/ros2_ws/install/turtlebot3_description:/home/tony/ros2_ws/install/turtlebot3_cartographer:/home/tony/ros2_ws/install/ros2_aruco_interfaces:/home/tony/ros2_ws/install/realsense2_description:/home/tony/ros2_ws/install/realsense2_camera:/home/tony/ros2_ws/install/pan_tilt_driver:/home/tony/ros2_ws/install/pan_tilt_msgs:/home/tony/ros2_ws/install/pan_tilt_description:/home/tony/ros2_ws/install/pan_tilt_bringup:/home/tony/ros2_ws/install/iqr_tb4_navigation:/home/tony/ros2_ws/install/iqr_tb4_description:/home/tony/ros2_ws/install/iqr_tb4_bringup:/home/tony/ros2_ws/install/dynamixel_sdk_examples:/home/tony/ros2_ws/install/dynamixel_sdk_custom_interfaces:/home/tony/ros2_ws/install/dynamixel_hardware_interface:/home/tony/ros2_ws/install/dynamixel_sdk:/home/tony/ros2_ws/install/dynamixel_interfaces:/home/tony/ros2_ws/install/dynamixel_handler_msgs:/home/tony/ros2_ws/install/dynamixel_handler:/home/tony/ros2_ws/install/ax12_arm_description:/home/tony/ros2_ws/install/yolov10_inference:/home/tony/ros2_ws/install/witmotion_ros_driver:/home/tony/ros2_ws/install/turtlebot3_teleop:/home/tony/ros2_ws/install/turtlebot3_example:/home/tony/ros2_ws/install/ros2_aruco:/home/tony/ros2_ws/install/opencv_pkg:/home/tony/ros2_ws/install/dxl_tools:/home/tony/ros2_ws/install/ax12_arm_bringup:/opt/ros/humble LD_LIBRARY_PATH=/home/tony/ros2_ws/install/realsense2_camera_msgs/lib:/home/tony/ros2_ws/install/ros2_aruco_interfaces/lib:/home/tony/ros2_ws/install/realsense2_camera/lib:/home/tony/ros2_ws/install/pan_tilt_msgs/lib:/home/tony/ros2_ws/install/dynamixel_sdk_custom_interfaces/lib:/home/tony/ros2_ws/install/dynamixel_hardware_interface/lib:/home/tony/ros2_ws/install/dynamixel_sdk/lib:/home/tony/ros2_ws/install/dynamixel_interfaces/lib:/home/tony/ros2_ws/install/dynamixel_handler_msgs/lib:/opt/ros/humble/opt/rviz_ogre_vendor/lib:/opt/ros/humble/lib/x86_64-linux-gnu:/opt/ros/humble/lib /usr/bin/cmake --build /home/tony/ros2_ws/build/realsense2_camera -- -j8 -l8
[31.636s] Invoking command in '/home/tony/ros2_ws/build/realsense2_camera': CMAKE_PREFIX_PATH=/home/tony/ros2_ws/install/realsense2_camera_msgs:/home/tony/ros2_ws/install/turtlebot3:/home/tony/ros2_ws/install/turtlebot3_bringup:/home/tony/ros2_ws/install/turtlebot3_node:/home/tony/ros2_ws/install/turtlebot3_navigation2:/home/tony/ros2_ws/install/turtlebot3_description:/home/tony/ros2_ws/install/turtlebot3_cartographer:/home/tony/ros2_ws/install/ros2_aruco_interfaces:/home/tony/ros2_ws/install/realsense2_description:/home/tony/ros2_ws/install/realsense2_camera:/home/tony/ros2_ws/install/pan_tilt_driver:/home/tony/ros2_ws/install/pan_tilt_msgs:/home/tony/ros2_ws/install/pan_tilt_description:/home/tony/ros2_ws/install/pan_tilt_bringup:/home/tony/ros2_ws/install/iqr_tb4_navigation:/home/tony/ros2_ws/install/iqr_tb4_description:/home/tony/ros2_ws/install/iqr_tb4_bringup:/home/tony/ros2_ws/install/dynamixel_sdk_examples:/home/tony/ros2_ws/install/dynamixel_sdk_custom_interfaces:/home/tony/ros2_ws/install/dynamixel_hardware_interface:/home/tony/ros2_ws/install/dynamixel_sdk:/home/tony/ros2_ws/install/dynamixel_interfaces:/home/tony/ros2_ws/install/dynamixel_handler_msgs:/home/tony/ros2_ws/install/dynamixel_handler:/home/tony/ros2_ws/install/ax12_arm_description:/home/tony/ros2_ws/install/yolov10_inference:/home/tony/ros2_ws/install/witmotion_ros_driver:/home/tony/ros2_ws/install/turtlebot3_teleop:/home/tony/ros2_ws/install/turtlebot3_example:/home/tony/ros2_ws/install/ros2_aruco:/home/tony/ros2_ws/install/opencv_pkg:/home/tony/ros2_ws/install/dxl_tools:/home/tony/ros2_ws/install/ax12_arm_bringup:/opt/ros/humble LD_LIBRARY_PATH=/home/tony/ros2_ws/install/realsense2_camera_msgs/lib:/home/tony/ros2_ws/install/ros2_aruco_interfaces/lib:/home/tony/ros2_ws/install/realsense2_camera/lib:/home/tony/ros2_ws/install/pan_tilt_msgs/lib:/home/tony/ros2_ws/install/dynamixel_sdk_custom_interfaces/lib:/home/tony/ros2_ws/install/dynamixel_hardware_interface/lib:/home/tony/ros2_ws/install/dynamixel_sdk/lib:/home/tony/ros2_ws/install/dynamixel_interfaces/lib:/home/tony/ros2_ws/install/dynamixel_handler_msgs/lib:/opt/ros/humble/opt/rviz_ogre_vendor/lib:/opt/ros/humble/lib/x86_64-linux-gnu:/opt/ros/humble/lib /usr/bin/cmake --install /home/tony/ros2_ws/build/realsense2_camera
[31.646s] -- Install configuration: "Release"
[31.646s] -- Execute custom install script
[31.646s] -- Symlinking: /home/tony/ros2_ws/install/realsense2_camera/lib/realsense2_camera/realsense2_camera_node
[31.654s] -- Symlinking: /home/tony/ros2_ws/install/realsense2_camera/lib/librealsense2_camera.so
[31.662s] -- Symlinking: /home/tony/ros2_ws/install/realsense2_camera/include/base_realsense_node.h
[31.669s] -- Symlinking: /home/tony/ros2_ws/install/realsense2_camera/include/constants.h
[31.675s] -- Symlinking: /home/tony/ros2_ws/install/realsense2_camera/include/dynamic_params.h
[31.681s] -- Symlinking: /home/tony/ros2_ws/install/realsense2_camera/include/gl_window.h
[31.687s] -- Symlinking: /home/tony/ros2_ws/install/realsense2_camera/include/image_publisher.h
[31.693s] -- Symlinking: /home/tony/ros2_ws/install/realsense2_camera/include/named_filter.h
[31.699s] -- Symlinking: /home/tony/ros2_ws/install/realsense2_camera/include/profile_manager.h
[31.706s] -- Symlinking: /home/tony/ros2_ws/install/realsense2_camera/include/realsense_node_factory.h
[31.712s] -- Symlinking: /home/tony/ros2_ws/install/realsense2_camera/include/ros_param_backend.h
[31.718s] -- Symlinking: /home/tony/ros2_ws/install/realsense2_camera/include/ros_sensor.h
[31.724s] -- Symlinking: /home/tony/ros2_ws/install/realsense2_camera/include/ros_utils.h
[31.730s] -- Symlinking: /home/tony/ros2_ws/install/realsense2_camera/include/sensor_params.h
[31.739s] -- Symlinking: /home/tony/ros2_ws/install/realsense2_camera/share/realsense2_camera/launch/default.rviz
[31.745s] -- Symlinking: /home/tony/ros2_ws/install/realsense2_camera/share/realsense2_camera/launch/rs_intra_process_demo_launch.py
[31.751s] -- Symlinking: /home/tony/ros2_ws/install/realsense2_camera/share/realsense2_camera/launch/rs_launch.py
[31.757s] -- Symlinking: /home/tony/ros2_ws/install/realsense2_camera/share/realsense2_camera/launch/rs_multi_camera_launch.py
[31.764s] -- Symlinking: /home/tony/ros2_ws/install/realsense2_camera/share/realsense2_camera/examples/align_depth/README.md
[31.770s] -- Symlinking: /home/tony/ros2_ws/install/realsense2_camera/share/realsense2_camera/examples/align_depth/rs_align_depth_launch.py
[31.777s] -- Symlinking: /home/tony/ros2_ws/install/realsense2_camera/share/realsense2_camera/examples/dual_camera/README.md
[31.783s] -- Symlinking: /home/tony/ros2_ws/install/realsense2_camera/share/realsense2_camera/examples/dual_camera/rs_dual_camera_launch.py
[31.789s] -- Symlinking: /home/tony/ros2_ws/install/realsense2_camera/share/realsense2_camera/examples/dual_camera/rviz/dual_camera_pointcloud.rviz
[31.796s] -- Symlinking: /home/tony/ros2_ws/install/realsense2_camera/share/realsense2_camera/examples/launch_from_rosbag/README.md
[31.803s] -- Symlinking: /home/tony/ros2_ws/install/realsense2_camera/share/realsense2_camera/examples/launch_from_rosbag/rs_launch_from_rosbag.py
[31.810s] -- Symlinking: /home/tony/ros2_ws/install/realsense2_camera/share/realsense2_camera/examples/launch_params_from_file/README.md
[31.816s] -- Symlinking: /home/tony/ros2_ws/install/realsense2_camera/share/realsense2_camera/examples/launch_params_from_file/config/config.yaml
[31.822s] -- Symlinking: /home/tony/ros2_ws/install/realsense2_camera/share/realsense2_camera/examples/launch_params_from_file/rs_launch_get_params_from_yaml.py
[31.828s] -- Symlinking: /home/tony/ros2_ws/install/realsense2_camera/share/realsense2_camera/examples/pointcloud/README.md
[31.834s] -- Symlinking: /home/tony/ros2_ws/install/realsense2_camera/share/realsense2_camera/examples/pointcloud/rs_d405_pointcloud_launch.py
[31.840s] -- Symlinking: /home/tony/ros2_ws/install/realsense2_camera/share/realsense2_camera/examples/pointcloud/rs_d455_pointcloud_launch.py
[31.846s] -- Symlinking: /home/tony/ros2_ws/install/realsense2_camera/share/realsense2_camera/examples/pointcloud/rs_pointcloud_launch.py
[31.852s] -- Symlinking: /home/tony/ros2_ws/install/realsense2_camera/share/realsense2_camera/examples/pointcloud/rviz/pointcloud.rviz
[31.858s] -- Symlinking: /home/tony/ros2_ws/install/realsense2_camera/share/realsense2_camera/examples/pointcloud/rviz/urdf_pointcloud.rviz
[31.864s] -- Symlinking: /home/tony/ros2_ws/install/realsense2_camera/share/realsense2_camera/environment/library_path.sh
[31.870s] -- Symlinking: /home/tony/ros2_ws/install/realsense2_camera/share/realsense2_camera/environment/library_path.dsv
[31.877s] -- Symlinking: /home/tony/ros2_ws/install/realsense2_camera/share/ament_index/resource_index/package_run_dependencies/realsense2_camera
[31.883s] -- Symlinking: /home/tony/ros2_ws/install/realsense2_camera/share/ament_index/resource_index/parent_prefix_path/realsense2_camera
[31.889s] -- Symlinking: /home/tony/ros2_ws/install/realsense2_camera/share/realsense2_camera/environment/ament_prefix_path.sh
[31.895s] -- Symlinking: /home/tony/ros2_ws/install/realsense2_camera/share/realsense2_camera/environment/ament_prefix_path.dsv
[31.901s] -- Symlinking: /home/tony/ros2_ws/install/realsense2_camera/share/realsense2_camera/environment/path.sh
[31.907s] -- Symlinking: /home/tony/ros2_ws/install/realsense2_camera/share/realsense2_camera/environment/path.dsv
[31.913s] -- Symlinking: /home/tony/ros2_ws/install/realsense2_camera/share/realsense2_camera/local_setup.bash
[31.919s] -- Symlinking: /home/tony/ros2_ws/install/realsense2_camera/share/realsense2_camera/local_setup.sh
[31.925s] -- Symlinking: /home/tony/ros2_ws/install/realsense2_camera/share/realsense2_camera/local_setup.zsh
[31.931s] -- Symlinking: /home/tony/ros2_ws/install/realsense2_camera/share/realsense2_camera/local_setup.dsv
[31.938s] -- Symlinking: /home/tony/ros2_ws/install/realsense2_camera/share/realsense2_camera/package.dsv
[31.947s] -- Symlinking: /home/tony/ros2_ws/install/realsense2_camera/share/ament_index/resource_index/packages/realsense2_camera
[31.953s] -- Symlinking: /home/tony/ros2_ws/install/realsense2_camera/share/ament_index/resource_index/rclcpp_components/realsense2_camera
[31.959s] -- Symlinking: /home/tony/ros2_ws/install/realsense2_camera/share/realsense2_camera/cmake/ament_cmake_export_include_directories-extras.cmake
[31.965s] -- Symlinking: /home/tony/ros2_ws/install/realsense2_camera/share/realsense2_camera/cmake/ament_cmake_export_libraries-extras.cmake
[31.971s] -- Symlinking: /home/tony/ros2_ws/install/realsense2_camera/share/realsense2_camera/cmake/ament_cmake_export_dependencies-extras.cmake
[31.977s] -- Symlinking: /home/tony/ros2_ws/install/realsense2_camera/share/realsense2_camera/cmake/realsense2_cameraConfig.cmake
[31.983s] -- Symlinking: /home/tony/ros2_ws/install/realsense2_camera/share/realsense2_camera/cmake/realsense2_cameraConfig-version.cmake
[31.990s] -- Symlinking: /home/tony/ros2_ws/install/realsense2_camera/share/realsense2_camera/package.xml
[31.997s] Invoked command in '/home/tony/ros2_ws/build/realsense2_camera' returned '0': CMAKE_PREFIX_PATH=/home/tony/ros2_ws/install/realsense2_camera_msgs:/home/tony/ros2_ws/install/turtlebot3:/home/tony/ros2_ws/install/turtlebot3_bringup:/home/tony/ros2_ws/install/turtlebot3_node:/home/tony/ros2_ws/install/turtlebot3_navigation2:/home/tony/ros2_ws/install/turtlebot3_description:/home/tony/ros2_ws/install/turtlebot3_cartographer:/home/tony/ros2_ws/install/ros2_aruco_interfaces:/home/tony/ros2_ws/install/realsense2_description:/home/tony/ros2_ws/install/realsense2_camera:/home/tony/ros2_ws/install/pan_tilt_driver:/home/tony/ros2_ws/install/pan_tilt_msgs:/home/tony/ros2_ws/install/pan_tilt_description:/home/tony/ros2_ws/install/pan_tilt_bringup:/home/tony/ros2_ws/install/iqr_tb4_navigation:/home/tony/ros2_ws/install/iqr_tb4_description:/home/tony/ros2_ws/install/iqr_tb4_bringup:/home/tony/ros2_ws/install/dynamixel_sdk_examples:/home/tony/ros2_ws/install/dynamixel_sdk_custom_interfaces:/home/tony/ros2_ws/install/dynamixel_hardware_interface:/home/tony/ros2_ws/install/dynamixel_sdk:/home/tony/ros2_ws/install/dynamixel_interfaces:/home/tony/ros2_ws/install/dynamixel_handler_msgs:/home/tony/ros2_ws/install/dynamixel_handler:/home/tony/ros2_ws/install/ax12_arm_description:/home/tony/ros2_ws/install/yolov10_inference:/home/tony/ros2_ws/install/witmotion_ros_driver:/home/tony/ros2_ws/install/turtlebot3_teleop:/home/tony/ros2_ws/install/turtlebot3_example:/home/tony/ros2_ws/install/ros2_aruco:/home/tony/ros2_ws/install/opencv_pkg:/home/tony/ros2_ws/install/dxl_tools:/home/tony/ros2_ws/install/ax12_arm_bringup:/opt/ros/humble LD_LIBRARY_PATH=/home/tony/ros2_ws/install/realsense2_camera_msgs/lib:/home/tony/ros2_ws/install/ros2_aruco_interfaces/lib:/home/tony/ros2_ws/install/realsense2_camera/lib:/home/tony/ros2_ws/install/pan_tilt_msgs/lib:/home/tony/ros2_ws/install/dynamixel_sdk_custom_interfaces/lib:/home/tony/ros2_ws/install/dynamixel_hardware_interface/lib:/home/tony/ros2_ws/install/dynamixel_sdk/lib:/home/tony/ros2_ws/install/dynamixel_interfaces/lib:/home/tony/ros2_ws/install/dynamixel_handler_msgs/lib:/opt/ros/humble/opt/rviz_ogre_vendor/lib:/opt/ros/humble/lib/x86_64-linux-gnu:/opt/ros/humble/lib /usr/bin/cmake --install /home/tony/ros2_ws/build/realsense2_camera
