[0.302s] Invoking command in '/home/tony/ros2_ws/build/realsense2_camera': CMAKE_PREFIX_PATH=/home/tony/ros2_ws/install/realsense2_camera_msgs:/home/tony/ros2_ws/install/turtlebot3:/home/tony/ros2_ws/install/turtlebot3_bringup:/home/tony/ros2_ws/install/turtlebot3_node:/home/tony/ros2_ws/install/turtlebot3_navigation2:/home/tony/ros2_ws/install/turtlebot3_description:/home/tony/ros2_ws/install/turtlebot3_cartographer:/home/tony/ros2_ws/install/ros2_aruco_interfaces:/home/tony/ros2_ws/install/realsense2_description:/home/tony/ros2_ws/install/realsense2_camera:/home/tony/ros2_ws/install/pan_tilt_driver:/home/tony/ros2_ws/install/pan_tilt_msgs:/home/tony/ros2_ws/install/pan_tilt_description:/home/tony/ros2_ws/install/pan_tilt_bringup:/home/tony/ros2_ws/install/iqr_tb4_navigation:/home/tony/ros2_ws/install/iqr_tb4_description:/home/tony/ros2_ws/install/iqr_tb4_bringup:/home/tony/ros2_ws/install/yolov10_inference:/home/tony/ros2_ws/install/witmotion_ros_driver:/home/tony/ros2_ws/install/turtlebot3_teleop:/home/tony/ros2_ws/install/turtlebot3_example:/home/tony/ros2_ws/install/ros2_aruco:/home/tony/ros2_ws/install/opencv_pkg:/home/tony/ros2_ws/install/ax12a_arm_controller:/opt/ros/humble LD_LIBRARY_PATH=/home/tony/ros2_ws/install/realsense2_camera_msgs/lib:/home/tony/ros2_ws/install/ros2_aruco_interfaces/lib:/home/tony/ros2_ws/install/realsense2_camera/lib:/home/tony/ros2_ws/install/pan_tilt_msgs/lib:/opt/ros/humble/opt/rviz_ogre_vendor/lib:/opt/ros/humble/lib/x86_64-linux-gnu:/opt/ros/humble/lib /usr/bin/cmake /home/tony/ros2_ws/src/realsense-ros/realsense2_camera -DCMAKE_INSTALL_PREFIX=/home/tony/ros2_ws/install/realsense2_camera
[0.337s] -- Create Release Build.
[0.338s] -- Found ament_cmake: 1.3.6 (/opt/ros/humble/share/ament_cmake/cmake)
[0.676s] -- Override CMake install command with custom implementation using symlinks instead of copying resources
[0.693s] -- Found builtin_interfaces: 1.2.1 (/opt/ros/humble/share/builtin_interfaces/cmake)
[0.733s] -- Found rosidl_generator_c: 3.1.5 (/opt/ros/humble/share/rosidl_generator_c/cmake)
[0.740s] -- Found rosidl_adapter: 3.1.5 (/opt/ros/humble/share/rosidl_adapter/cmake)
[0.758s] -- Found rosidl_generator_cpp: 3.1.5 (/opt/ros/humble/share/rosidl_generator_cpp/cmake)
[0.778s] -- Using all available rosidl_typesupport_c: rosidl_typesupport_fastrtps_c;rosidl_typesupport_introspection_c
[0.821s] -- Using all available rosidl_typesupport_cpp: rosidl_typesupport_fastrtps_cpp;rosidl_typesupport_introspection_cpp
[0.849s] -- Found cv_bridge: 3.2.1 (/opt/ros/humble/share/cv_bridge/cmake)
[1.266s] -- Found image_transport: 3.1.9 (/opt/ros/humble/share/image_transport/cmake)
[1.384s] -- Found rmw_implementation_cmake: 6.1.1 (/opt/ros/humble/share/rmw_implementation_cmake/cmake)
[1.386s] -- Found rmw_cyclonedds_cpp: 1.3.4 (/opt/ros/humble/share/rmw_cyclonedds_cpp/cmake)
[1.434s] -- Using RMW implementation 'rmw_cyclonedds_cpp' as default
[1.739s] -- Found rclcpp_components: 16.0.7 (/opt/ros/humble/share/rclcpp_components/cmake)
[1.802s] -- Found realsense2_camera_msgs: 4.55.1 (/home/tony/ros2_ws/install/realsense2_camera_msgs/share/realsense2_camera_msgs/cmake)
[1.938s] -- Found nav_msgs: 4.2.3 (/opt/ros/humble/share/nav_msgs/cmake)
[2.039s] -- Found tf2_ros: 0.25.8 (/opt/ros/humble/share/tf2_ros/cmake)
[2.415s] -- Found diagnostic_updater: 3.1.2 (/opt/ros/humble/share/diagnostic_updater/cmake)
[2.496s] -- Build for ROS2 Humble
[2.509s] -- Found ament_cmake_gtest: 1.3.6 (/opt/ros/humble/share/ament_cmake_gtest/cmake)
[2.509s] -- Found gtest sources under '/opt/ros/humble/src/gtest_vendor': C++ tests using 'Google Test' will be built
[2.519s] -- Found ament_cmake_pytest: 1.3.6 (/opt/ros/humble/share/ament_cmake_pytest/cmake)
[5.357s] -- rs_device_info:
[5.357s] -- Device Name                   Serial Number       Firmware Version    
[5.358s] Intel RealSense D435I         215222078617        5.12.7.150          
[5.358s] 
[5.358s] -- D455 device found
[7.581s] -- Configuring done
[7.607s] -- Generating done
[7.608s] -- Build files have been written to: /home/tony/ros2_ws/build/realsense2_camera
[7.616s] Invoked command in '/home/tony/ros2_ws/build/realsense2_camera' returned '0': CMAKE_PREFIX_PATH=/home/tony/ros2_ws/install/realsense2_camera_msgs:/home/tony/ros2_ws/install/turtlebot3:/home/tony/ros2_ws/install/turtlebot3_bringup:/home/tony/ros2_ws/install/turtlebot3_node:/home/tony/ros2_ws/install/turtlebot3_navigation2:/home/tony/ros2_ws/install/turtlebot3_description:/home/tony/ros2_ws/install/turtlebot3_cartographer:/home/tony/ros2_ws/install/ros2_aruco_interfaces:/home/tony/ros2_ws/install/realsense2_description:/home/tony/ros2_ws/install/realsense2_camera:/home/tony/ros2_ws/install/pan_tilt_driver:/home/tony/ros2_ws/install/pan_tilt_msgs:/home/tony/ros2_ws/install/pan_tilt_description:/home/tony/ros2_ws/install/pan_tilt_bringup:/home/tony/ros2_ws/install/iqr_tb4_navigation:/home/tony/ros2_ws/install/iqr_tb4_description:/home/tony/ros2_ws/install/iqr_tb4_bringup:/home/tony/ros2_ws/install/yolov10_inference:/home/tony/ros2_ws/install/witmotion_ros_driver:/home/tony/ros2_ws/install/turtlebot3_teleop:/home/tony/ros2_ws/install/turtlebot3_example:/home/tony/ros2_ws/install/ros2_aruco:/home/tony/ros2_ws/install/opencv_pkg:/home/tony/ros2_ws/install/ax12a_arm_controller:/opt/ros/humble LD_LIBRARY_PATH=/home/tony/ros2_ws/install/realsense2_camera_msgs/lib:/home/tony/ros2_ws/install/ros2_aruco_interfaces/lib:/home/tony/ros2_ws/install/realsense2_camera/lib:/home/tony/ros2_ws/install/pan_tilt_msgs/lib:/opt/ros/humble/opt/rviz_ogre_vendor/lib:/opt/ros/humble/lib/x86_64-linux-gnu:/opt/ros/humble/lib /usr/bin/cmake /home/tony/ros2_ws/src/realsense-ros/realsense2_camera -DCMAKE_INSTALL_PREFIX=/home/tony/ros2_ws/install/realsense2_camera
[7.617s] Invoking command in '/home/tony/ros2_ws/build/realsense2_camera': CMAKE_PREFIX_PATH=/home/tony/ros2_ws/install/realsense2_camera_msgs:/home/tony/ros2_ws/install/turtlebot3:/home/tony/ros2_ws/install/turtlebot3_bringup:/home/tony/ros2_ws/install/turtlebot3_node:/home/tony/ros2_ws/install/turtlebot3_navigation2:/home/tony/ros2_ws/install/turtlebot3_description:/home/tony/ros2_ws/install/turtlebot3_cartographer:/home/tony/ros2_ws/install/ros2_aruco_interfaces:/home/tony/ros2_ws/install/realsense2_description:/home/tony/ros2_ws/install/realsense2_camera:/home/tony/ros2_ws/install/pan_tilt_driver:/home/tony/ros2_ws/install/pan_tilt_msgs:/home/tony/ros2_ws/install/pan_tilt_description:/home/tony/ros2_ws/install/pan_tilt_bringup:/home/tony/ros2_ws/install/iqr_tb4_navigation:/home/tony/ros2_ws/install/iqr_tb4_description:/home/tony/ros2_ws/install/iqr_tb4_bringup:/home/tony/ros2_ws/install/yolov10_inference:/home/tony/ros2_ws/install/witmotion_ros_driver:/home/tony/ros2_ws/install/turtlebot3_teleop:/home/tony/ros2_ws/install/turtlebot3_example:/home/tony/ros2_ws/install/ros2_aruco:/home/tony/ros2_ws/install/opencv_pkg:/home/tony/ros2_ws/install/ax12a_arm_controller:/opt/ros/humble LD_LIBRARY_PATH=/home/tony/ros2_ws/install/realsense2_camera_msgs/lib:/home/tony/ros2_ws/install/ros2_aruco_interfaces/lib:/home/tony/ros2_ws/install/realsense2_camera/lib:/home/tony/ros2_ws/install/pan_tilt_msgs/lib:/opt/ros/humble/opt/rviz_ogre_vendor/lib:/opt/ros/humble/lib/x86_64-linux-gnu:/opt/ros/humble/lib /usr/bin/cmake --build /home/tony/ros2_ws/build/realsense2_camera -- -j8 -l8
[7.649s] [35m[1mConsolidate compiler generated dependencies of target gtest_main[0m
[7.649s] [35m[1mConsolidate compiler generated dependencies of target gtest[0m
[7.649s] [35m[1mConsolidate compiler generated dependencies of target realsense2_camera_node[0m
[7.658s] [35m[1mConsolidate compiler generated dependencies of target realsense2_camera[0m
[7.661s] [  9%] Built target gtest
[7.662s] [ 18%] Built target realsense2_camera_node
[7.662s] [ 27%] Built target gtest_main
[7.671s] [35m[1mConsolidate compiler generated dependencies of target gtest_template[0m
[7.684s] [ 36%] Built target gtest_template
[7.697s] [100%] Built target realsense2_camera
[7.705s] Invoked command in '/home/tony/ros2_ws/build/realsense2_camera' returned '0': CMAKE_PREFIX_PATH=/home/tony/ros2_ws/install/realsense2_camera_msgs:/home/tony/ros2_ws/install/turtlebot3:/home/tony/ros2_ws/install/turtlebot3_bringup:/home/tony/ros2_ws/install/turtlebot3_node:/home/tony/ros2_ws/install/turtlebot3_navigation2:/home/tony/ros2_ws/install/turtlebot3_description:/home/tony/ros2_ws/install/turtlebot3_cartographer:/home/tony/ros2_ws/install/ros2_aruco_interfaces:/home/tony/ros2_ws/install/realsense2_description:/home/tony/ros2_ws/install/realsense2_camera:/home/tony/ros2_ws/install/pan_tilt_driver:/home/tony/ros2_ws/install/pan_tilt_msgs:/home/tony/ros2_ws/install/pan_tilt_description:/home/tony/ros2_ws/install/pan_tilt_bringup:/home/tony/ros2_ws/install/iqr_tb4_navigation:/home/tony/ros2_ws/install/iqr_tb4_description:/home/tony/ros2_ws/install/iqr_tb4_bringup:/home/tony/ros2_ws/install/yolov10_inference:/home/tony/ros2_ws/install/witmotion_ros_driver:/home/tony/ros2_ws/install/turtlebot3_teleop:/home/tony/ros2_ws/install/turtlebot3_example:/home/tony/ros2_ws/install/ros2_aruco:/home/tony/ros2_ws/install/opencv_pkg:/home/tony/ros2_ws/install/ax12a_arm_controller:/opt/ros/humble LD_LIBRARY_PATH=/home/tony/ros2_ws/install/realsense2_camera_msgs/lib:/home/tony/ros2_ws/install/ros2_aruco_interfaces/lib:/home/tony/ros2_ws/install/realsense2_camera/lib:/home/tony/ros2_ws/install/pan_tilt_msgs/lib:/opt/ros/humble/opt/rviz_ogre_vendor/lib:/opt/ros/humble/lib/x86_64-linux-gnu:/opt/ros/humble/lib /usr/bin/cmake --build /home/tony/ros2_ws/build/realsense2_camera -- -j8 -l8
[7.751s] Invoking command in '/home/tony/ros2_ws/build/realsense2_camera': CMAKE_PREFIX_PATH=/home/tony/ros2_ws/install/realsense2_camera_msgs:/home/tony/ros2_ws/install/turtlebot3:/home/tony/ros2_ws/install/turtlebot3_bringup:/home/tony/ros2_ws/install/turtlebot3_node:/home/tony/ros2_ws/install/turtlebot3_navigation2:/home/tony/ros2_ws/install/turtlebot3_description:/home/tony/ros2_ws/install/turtlebot3_cartographer:/home/tony/ros2_ws/install/ros2_aruco_interfaces:/home/tony/ros2_ws/install/realsense2_description:/home/tony/ros2_ws/install/realsense2_camera:/home/tony/ros2_ws/install/pan_tilt_driver:/home/tony/ros2_ws/install/pan_tilt_msgs:/home/tony/ros2_ws/install/pan_tilt_description:/home/tony/ros2_ws/install/pan_tilt_bringup:/home/tony/ros2_ws/install/iqr_tb4_navigation:/home/tony/ros2_ws/install/iqr_tb4_description:/home/tony/ros2_ws/install/iqr_tb4_bringup:/home/tony/ros2_ws/install/yolov10_inference:/home/tony/ros2_ws/install/witmotion_ros_driver:/home/tony/ros2_ws/install/turtlebot3_teleop:/home/tony/ros2_ws/install/turtlebot3_example:/home/tony/ros2_ws/install/ros2_aruco:/home/tony/ros2_ws/install/opencv_pkg:/home/tony/ros2_ws/install/ax12a_arm_controller:/opt/ros/humble LD_LIBRARY_PATH=/home/tony/ros2_ws/install/realsense2_camera_msgs/lib:/home/tony/ros2_ws/install/ros2_aruco_interfaces/lib:/home/tony/ros2_ws/install/realsense2_camera/lib:/home/tony/ros2_ws/install/pan_tilt_msgs/lib:/opt/ros/humble/opt/rviz_ogre_vendor/lib:/opt/ros/humble/lib/x86_64-linux-gnu:/opt/ros/humble/lib /usr/bin/cmake --install /home/tony/ros2_ws/build/realsense2_camera
[7.756s] -- Install configuration: "Release"
[7.757s] -- Execute custom install script
[7.757s] -- Up-to-date symlink: /home/tony/ros2_ws/install/realsense2_camera/lib/realsense2_camera/realsense2_camera_node
[7.757s] -- Up-to-date symlink: /home/tony/ros2_ws/install/realsense2_camera/lib/librealsense2_camera.so
[7.757s] -- Up-to-date symlink: /home/tony/ros2_ws/install/realsense2_camera/include/base_realsense_node.h
[7.757s] -- Up-to-date symlink: /home/tony/ros2_ws/install/realsense2_camera/include/constants.h
[7.757s] -- Up-to-date symlink: /home/tony/ros2_ws/install/realsense2_camera/include/dynamic_params.h
[7.758s] -- Up-to-date symlink: /home/tony/ros2_ws/install/realsense2_camera/include/gl_window.h
[7.758s] -- Up-to-date symlink: /home/tony/ros2_ws/install/realsense2_camera/include/image_publisher.h
[7.758s] -- Up-to-date symlink: /home/tony/ros2_ws/install/realsense2_camera/include/named_filter.h
[7.758s] -- Up-to-date symlink: /home/tony/ros2_ws/install/realsense2_camera/include/profile_manager.h
[7.758s] -- Up-to-date symlink: /home/tony/ros2_ws/install/realsense2_camera/include/realsense_node_factory.h
[7.758s] -- Up-to-date symlink: /home/tony/ros2_ws/install/realsense2_camera/include/ros_param_backend.h
[7.758s] -- Up-to-date symlink: /home/tony/ros2_ws/install/realsense2_camera/include/ros_sensor.h
[7.758s] -- Up-to-date symlink: /home/tony/ros2_ws/install/realsense2_camera/include/ros_utils.h
[7.758s] -- Up-to-date symlink: /home/tony/ros2_ws/install/realsense2_camera/include/sensor_params.h
[7.758s] -- Up-to-date symlink: /home/tony/ros2_ws/install/realsense2_camera/share/realsense2_camera/launch/default.rviz
[7.758s] -- Up-to-date symlink: /home/tony/ros2_ws/install/realsense2_camera/share/realsense2_camera/launch/rs_intra_process_demo_launch.py
[7.758s] -- Up-to-date symlink: /home/tony/ros2_ws/install/realsense2_camera/share/realsense2_camera/launch/rs_launch.py
[7.758s] -- Up-to-date symlink: /home/tony/ros2_ws/install/realsense2_camera/share/realsense2_camera/launch/rs_multi_camera_launch.py
[7.759s] -- Up-to-date symlink: /home/tony/ros2_ws/install/realsense2_camera/share/realsense2_camera/examples/align_depth/README.md
[7.759s] -- Up-to-date symlink: /home/tony/ros2_ws/install/realsense2_camera/share/realsense2_camera/examples/align_depth/rs_align_depth_launch.py
[7.759s] -- Up-to-date symlink: /home/tony/ros2_ws/install/realsense2_camera/share/realsense2_camera/examples/dual_camera/README.md
[7.759s] -- Up-to-date symlink: /home/tony/ros2_ws/install/realsense2_camera/share/realsense2_camera/examples/dual_camera/rs_dual_camera_launch.py
[7.759s] -- Up-to-date symlink: /home/tony/ros2_ws/install/realsense2_camera/share/realsense2_camera/examples/dual_camera/rviz/dual_camera_pointcloud.rviz
[7.759s] -- Up-to-date symlink: /home/tony/ros2_ws/install/realsense2_camera/share/realsense2_camera/examples/launch_from_rosbag/README.md
[7.759s] -- Up-to-date symlink: /home/tony/ros2_ws/install/realsense2_camera/share/realsense2_camera/examples/launch_from_rosbag/rs_launch_from_rosbag.py
[7.759s] -- Up-to-date symlink: /home/tony/ros2_ws/install/realsense2_camera/share/realsense2_camera/examples/launch_params_from_file/README.md
[7.759s] -- Up-to-date symlink: /home/tony/ros2_ws/install/realsense2_camera/share/realsense2_camera/examples/launch_params_from_file/config/config.yaml
[7.760s] -- Up-to-date symlink: /home/tony/ros2_ws/install/realsense2_camera/share/realsense2_camera/examples/launch_params_from_file/rs_launch_get_params_from_yaml.py
[7.760s] -- Up-to-date symlink: /home/tony/ros2_ws/install/realsense2_camera/share/realsense2_camera/examples/pointcloud/README.md
[7.760s] -- Up-to-date symlink: /home/tony/ros2_ws/install/realsense2_camera/share/realsense2_camera/examples/pointcloud/rs_d405_pointcloud_launch.py
[7.760s] -- Up-to-date symlink: /home/tony/ros2_ws/install/realsense2_camera/share/realsense2_camera/examples/pointcloud/rs_d455_pointcloud_launch.py
[7.760s] -- Up-to-date symlink: /home/tony/ros2_ws/install/realsense2_camera/share/realsense2_camera/examples/pointcloud/rs_pointcloud_launch.py
[7.760s] -- Up-to-date symlink: /home/tony/ros2_ws/install/realsense2_camera/share/realsense2_camera/examples/pointcloud/rviz/pointcloud.rviz
[7.760s] -- Up-to-date symlink: /home/tony/ros2_ws/install/realsense2_camera/share/realsense2_camera/examples/pointcloud/rviz/urdf_pointcloud.rviz
[7.760s] -- Up-to-date symlink: /home/tony/ros2_ws/install/realsense2_camera/share/realsense2_camera/environment/library_path.sh
[7.761s] -- Up-to-date symlink: /home/tony/ros2_ws/install/realsense2_camera/share/realsense2_camera/environment/library_path.dsv
[7.761s] -- Up-to-date symlink: /home/tony/ros2_ws/install/realsense2_camera/share/ament_index/resource_index/package_run_dependencies/realsense2_camera
[7.761s] -- Up-to-date symlink: /home/tony/ros2_ws/install/realsense2_camera/share/ament_index/resource_index/parent_prefix_path/realsense2_camera
[7.761s] -- Up-to-date symlink: /home/tony/ros2_ws/install/realsense2_camera/share/realsense2_camera/environment/ament_prefix_path.sh
[7.761s] -- Up-to-date symlink: /home/tony/ros2_ws/install/realsense2_camera/share/realsense2_camera/environment/ament_prefix_path.dsv
[7.761s] -- Up-to-date symlink: /home/tony/ros2_ws/install/realsense2_camera/share/realsense2_camera/environment/path.sh
[7.761s] -- Up-to-date symlink: /home/tony/ros2_ws/install/realsense2_camera/share/realsense2_camera/environment/path.dsv
[7.761s] -- Up-to-date symlink: /home/tony/ros2_ws/install/realsense2_camera/share/realsense2_camera/local_setup.bash
[7.761s] -- Up-to-date symlink: /home/tony/ros2_ws/install/realsense2_camera/share/realsense2_camera/local_setup.sh
[7.761s] -- Up-to-date symlink: /home/tony/ros2_ws/install/realsense2_camera/share/realsense2_camera/local_setup.zsh
[7.761s] -- Up-to-date symlink: /home/tony/ros2_ws/install/realsense2_camera/share/realsense2_camera/local_setup.dsv
[7.761s] -- Symlinking: /home/tony/ros2_ws/install/realsense2_camera/share/realsense2_camera/package.dsv
[7.778s] -- Up-to-date symlink: /home/tony/ros2_ws/install/realsense2_camera/share/ament_index/resource_index/packages/realsense2_camera
[7.778s] -- Up-to-date symlink: /home/tony/ros2_ws/install/realsense2_camera/share/ament_index/resource_index/rclcpp_components/realsense2_camera
[7.779s] -- Up-to-date symlink: /home/tony/ros2_ws/install/realsense2_camera/share/realsense2_camera/cmake/ament_cmake_export_include_directories-extras.cmake
[7.779s] -- Up-to-date symlink: /home/tony/ros2_ws/install/realsense2_camera/share/realsense2_camera/cmake/ament_cmake_export_libraries-extras.cmake
[7.779s] -- Up-to-date symlink: /home/tony/ros2_ws/install/realsense2_camera/share/realsense2_camera/cmake/ament_cmake_export_dependencies-extras.cmake
[7.779s] -- Up-to-date symlink: /home/tony/ros2_ws/install/realsense2_camera/share/realsense2_camera/cmake/realsense2_cameraConfig.cmake
[7.779s] -- Up-to-date symlink: /home/tony/ros2_ws/install/realsense2_camera/share/realsense2_camera/cmake/realsense2_cameraConfig-version.cmake
[7.779s] -- Up-to-date symlink: /home/tony/ros2_ws/install/realsense2_camera/share/realsense2_camera/package.xml
[7.779s] Invoked command in '/home/tony/ros2_ws/build/realsense2_camera' returned '0': CMAKE_PREFIX_PATH=/home/tony/ros2_ws/install/realsense2_camera_msgs:/home/tony/ros2_ws/install/turtlebot3:/home/tony/ros2_ws/install/turtlebot3_bringup:/home/tony/ros2_ws/install/turtlebot3_node:/home/tony/ros2_ws/install/turtlebot3_navigation2:/home/tony/ros2_ws/install/turtlebot3_description:/home/tony/ros2_ws/install/turtlebot3_cartographer:/home/tony/ros2_ws/install/ros2_aruco_interfaces:/home/tony/ros2_ws/install/realsense2_description:/home/tony/ros2_ws/install/realsense2_camera:/home/tony/ros2_ws/install/pan_tilt_driver:/home/tony/ros2_ws/install/pan_tilt_msgs:/home/tony/ros2_ws/install/pan_tilt_description:/home/tony/ros2_ws/install/pan_tilt_bringup:/home/tony/ros2_ws/install/iqr_tb4_navigation:/home/tony/ros2_ws/install/iqr_tb4_description:/home/tony/ros2_ws/install/iqr_tb4_bringup:/home/tony/ros2_ws/install/yolov10_inference:/home/tony/ros2_ws/install/witmotion_ros_driver:/home/tony/ros2_ws/install/turtlebot3_teleop:/home/tony/ros2_ws/install/turtlebot3_example:/home/tony/ros2_ws/install/ros2_aruco:/home/tony/ros2_ws/install/opencv_pkg:/home/tony/ros2_ws/install/ax12a_arm_controller:/opt/ros/humble LD_LIBRARY_PATH=/home/tony/ros2_ws/install/realsense2_camera_msgs/lib:/home/tony/ros2_ws/install/ros2_aruco_interfaces/lib:/home/tony/ros2_ws/install/realsense2_camera/lib:/home/tony/ros2_ws/install/pan_tilt_msgs/lib:/opt/ros/humble/opt/rviz_ogre_vendor/lib:/opt/ros/humble/lib/x86_64-linux-gnu:/opt/ros/humble/lib /usr/bin/cmake --install /home/tony/ros2_ws/build/realsense2_camera
