[2.562s] Invoking command in '/home/tony/ros2_ws/build/ax12a_arm_controller': PYTHONPATH=/home/tony/ros2_ws/build/ax12a_arm_controller/prefix_override:/home/tony/ros2_ws/install/ax12a_arm_controller/lib/python3.10/site-packages:${PYTHONPATH} /usr/bin/python3 setup.py develop --uninstall --editable --build-directory /home/tony/ros2_ws/build/ax12a_arm_controller/build
[3.308s] running develop
[3.310s] /home/tony/.local/lib/python3.10/site-packages/setuptools/command/easy_install.py:144: EasyInstallDeprecationWarning: easy_install command is deprecated. Use build and pip and other standards-based tools.
[3.310s]   warnings.warn(
[3.375s] /home/tony/.local/lib/python3.10/site-packages/setuptools/command/install.py:34: SetuptoolsDeprecationWarning: setup.py install is deprecated. Use build and pip and other standards-based tools.
[3.375s]   warnings.warn(
[3.756s] Removing /home/tony/ros2_ws/install/ax12a_arm_controller/lib/python3.10/site-packages/ax12a-arm-controller.egg-link (link to .)
[4.270s] Invoked command in '/home/tony/ros2_ws/build/ax12a_arm_controller' returned '0': PYTHONPATH=/home/tony/ros2_ws/build/ax12a_arm_controller/prefix_override:/home/tony/ros2_ws/install/ax12a_arm_controller/lib/python3.10/site-packages:${PYTHONPATH} /usr/bin/python3 setup.py develop --uninstall --editable --build-directory /home/tony/ros2_ws/build/ax12a_arm_controller/build
[4.271s] Invoking command in '/home/tony/ros2_ws/src/ax12a_arm_controller': PYTHONPATH=/home/tony/ros2_ws/build/ax12a_arm_controller/prefix_override:/home/tony/ros2_ws/install/ax12a_arm_controller/lib/python3.10/site-packages:${PYTHONPATH} /usr/bin/python3 setup.py egg_info --egg-base ../../build/ax12a_arm_controller build --build-base /home/tony/ros2_ws/build/ax12a_arm_controller/build install --record /home/tony/ros2_ws/build/ax12a_arm_controller/install.log --single-version-externally-managed
[4.736s] running egg_info
[4.760s] writing ../../build/ax12a_arm_controller/ax12a_arm_controller.egg-info/PKG-INFO
[4.763s] writing dependency_links to ../../build/ax12a_arm_controller/ax12a_arm_controller.egg-info/dependency_links.txt
[4.764s] writing entry points to ../../build/ax12a_arm_controller/ax12a_arm_controller.egg-info/entry_points.txt
[4.764s] writing requirements to ../../build/ax12a_arm_controller/ax12a_arm_controller.egg-info/requires.txt
[4.764s] writing top-level names to ../../build/ax12a_arm_controller/ax12a_arm_controller.egg-info/top_level.txt
[4.808s] reading manifest file '../../build/ax12a_arm_controller/ax12a_arm_controller.egg-info/SOURCES.txt'
[4.808s] writing manifest file '../../build/ax12a_arm_controller/ax12a_arm_controller.egg-info/SOURCES.txt'
[4.808s] running build
[4.808s] running build_py
[4.808s] running install
[4.810s] /home/tony/.local/lib/python3.10/site-packages/setuptools/command/install.py:34: SetuptoolsDeprecationWarning: setup.py install is deprecated. Use build and pip and other standards-based tools.
[4.810s]   warnings.warn(
[4.815s] running install_lib
[4.844s] creating /home/tony/ros2_ws/install/ax12a_arm_controller/lib/python3.10/site-packages/ax12a_arm_controller
[4.845s] copying /home/tony/ros2_ws/build/ax12a_arm_controller/build/lib/ax12a_arm_controller/read_dxl_deg.py -> /home/tony/ros2_ws/install/ax12a_arm_controller/lib/python3.10/site-packages/ax12a_arm_controller
[4.845s] copying /home/tony/ros2_ws/build/ax12a_arm_controller/build/lib/ax12a_arm_controller/__init__.py -> /home/tony/ros2_ws/install/ax12a_arm_controller/lib/python3.10/site-packages/ax12a_arm_controller
[4.845s] copying /home/tony/ros2_ws/build/ax12a_arm_controller/build/lib/ax12a_arm_controller/ax12a_arm_node.py -> /home/tony/ros2_ws/install/ax12a_arm_controller/lib/python3.10/site-packages/ax12a_arm_controller
[4.845s] byte-compiling /home/tony/ros2_ws/install/ax12a_arm_controller/lib/python3.10/site-packages/ax12a_arm_controller/read_dxl_deg.py to read_dxl_deg.cpython-310.pyc
[4.845s] byte-compiling /home/tony/ros2_ws/install/ax12a_arm_controller/lib/python3.10/site-packages/ax12a_arm_controller/__init__.py to __init__.cpython-310.pyc
[4.845s] byte-compiling /home/tony/ros2_ws/install/ax12a_arm_controller/lib/python3.10/site-packages/ax12a_arm_controller/ax12a_arm_node.py to ax12a_arm_node.cpython-310.pyc
[4.852s] running install_data
[4.876s] running install_egg_info
[4.904s] Copying ../../build/ax12a_arm_controller/ax12a_arm_controller.egg-info to /home/tony/ros2_ws/install/ax12a_arm_controller/lib/python3.10/site-packages/ax12a_arm_controller-0.0.1-py3.10.egg-info
[4.904s] running install_scripts
[5.004s] Installing ax12a_arm_node script to /home/tony/ros2_ws/install/ax12a_arm_controller/lib/ax12a_arm_controller
[5.005s] writing list of installed files to '/home/tony/ros2_ws/build/ax12a_arm_controller/install.log'
[5.099s] Invoked command in '/home/tony/ros2_ws/src/ax12a_arm_controller' returned '0': PYTHONPATH=/home/tony/ros2_ws/build/ax12a_arm_controller/prefix_override:/home/tony/ros2_ws/install/ax12a_arm_controller/lib/python3.10/site-packages:${PYTHONPATH} /usr/bin/python3 setup.py egg_info --egg-base ../../build/ax12a_arm_controller build --build-base /home/tony/ros2_ws/build/ax12a_arm_controller/build install --record /home/tony/ros2_ws/build/ax12a_arm_controller/install.log --single-version-externally-managed
