[0.329s] Invoking command in '/home/tony/ros2_ws/build/turtlebot3_node': CMAKE_PREFIX_PATH=${CMAKE_PREFIX_PATH}:/home/tony/ros2_ws/install/yolov10_inference:/home/tony/ros2_ws/install/witmotion_ros_driver:/home/tony/ros2_ws/install/turtlebot3_teleop:/home/tony/ros2_ws/install/turtlebot3_example:/home/tony/ros2_ws/install/ros2_aruco:/home/tony/ros2_ws/install/opencv_pkg:/home/tony/ros2_ws/install/dxl_tools:/home/tony/ros2_ws/install/ax12_arm_bringup:/opt/ros/humble /usr/bin/cmake /home/tony/ros2_ws/src/turtlebot3/turtlebot3_node -DAMENT_CMAKE_SYMLINK_INSTALL=1 -DCMAKE_INSTALL_PREFIX=/home/tony/ros2_ws/install/turtlebot3_node
[0.817s] -- The C compiler identification is GNU 11.4.0
[0.817s] -- The CXX compiler identification is GNU 11.4.0
[0.817s] -- Detecting C compiler ABI info
[0.817s] -- Detecting C compiler ABI info - done
[0.817s] -- Check for working C compiler: /usr/bin/cc - skipped
[0.818s] -- Detecting C compile features
[0.818s] -- Detecting C compile features - done
[0.818s] -- Detecting CXX compiler ABI info
[0.818s] -- Detecting CXX compiler ABI info - done
[0.818s] -- Check for working CXX compiler: /usr/bin/c++ - skipped
[0.818s] -- Detecting CXX compile features
[0.818s] -- Detecting CXX compile features - done
[0.818s] -- Found ament_cmake: 1.3.6 (/opt/ros/humble/share/ament_cmake/cmake)
[1.626s] -- Found Python3: /usr/bin/python3.10 (found version "3.10.12") found components: Interpreter 
[1.708s] -- Override CMake install command with custom implementation using symlinks instead of copying resources
[1.752s] -- Found dynamixel_sdk: 3.8.4 (/opt/ros/humble/share/dynamixel_sdk/cmake)
[1.757s] -- Found geometry_msgs: 4.2.4 (/opt/ros/humble/share/geometry_msgs/cmake)
[1.809s] -- Found rosidl_generator_c: 3.1.5 (/opt/ros/humble/share/rosidl_generator_c/cmake)
[1.816s] -- Found rosidl_adapter: 3.1.5 (/opt/ros/humble/share/rosidl_adapter/cmake)
[1.828s] -- Found rosidl_generator_cpp: 3.1.5 (/opt/ros/humble/share/rosidl_generator_cpp/cmake)
[1.850s] -- Using all available rosidl_typesupport_c: rosidl_typesupport_fastrtps_c;rosidl_typesupport_introspection_c
[1.886s] -- Using all available rosidl_typesupport_cpp: rosidl_typesupport_fastrtps_cpp;rosidl_typesupport_introspection_cpp
[2.044s] -- Found message_filters: 4.3.3 (/opt/ros/humble/share/message_filters/cmake)
[2.142s] -- Found rmw_implementation_cmake: 6.1.1 (/opt/ros/humble/share/rmw_implementation_cmake/cmake)
[2.148s] -- Found rmw_cyclonedds_cpp: 1.3.4 (/opt/ros/humble/share/rmw_cyclonedds_cpp/cmake)
[2.202s] -- Using RMW implementation 'rmw_cyclonedds_cpp' as default
[2.217s] -- Looking for pthread.h
[2.317s] -- Looking for pthread.h - found
[2.317s] -- Performing Test CMAKE_HAVE_LIBC_PTHREAD
[2.406s] -- Performing Test CMAKE_HAVE_LIBC_PTHREAD - Success
[2.406s] -- Found Threads: TRUE  
[2.602s] -- Found nav_msgs: 4.2.3 (/opt/ros/humble/share/nav_msgs/cmake)
[2.711s] -- Found sensor_msgs: 4.2.3 (/opt/ros/humble/share/sensor_msgs/cmake)
[2.807s] -- Found std_srvs: 4.2.3 (/opt/ros/humble/share/std_srvs/cmake)
[2.829s] -- Found tf2: 0.25.8 (/opt/ros/humble/share/tf2/cmake)
[2.846s] -- Found tf2_ros: 0.25.8 (/opt/ros/humble/share/tf2_ros/cmake)
[3.178s] -- Found turtlebot3_msgs: 2.2.3 (/opt/ros/humble/share/turtlebot3_msgs/cmake)
[3.342s] -- Configuring done
[3.356s] -- Generating done
[3.357s] -- Build files have been written to: /home/tony/ros2_ws/build/turtlebot3_node
[3.500s] Invoked command in '/home/tony/ros2_ws/build/turtlebot3_node' returned '0': CMAKE_PREFIX_PATH=${CMAKE_PREFIX_PATH}:/home/tony/ros2_ws/install/yolov10_inference:/home/tony/ros2_ws/install/witmotion_ros_driver:/home/tony/ros2_ws/install/turtlebot3_teleop:/home/tony/ros2_ws/install/turtlebot3_example:/home/tony/ros2_ws/install/ros2_aruco:/home/tony/ros2_ws/install/opencv_pkg:/home/tony/ros2_ws/install/dxl_tools:/home/tony/ros2_ws/install/ax12_arm_bringup:/opt/ros/humble /usr/bin/cmake /home/tony/ros2_ws/src/turtlebot3/turtlebot3_node -DAMENT_CMAKE_SYMLINK_INSTALL=1 -DCMAKE_INSTALL_PREFIX=/home/tony/ros2_ws/install/turtlebot3_node
[3.502s] Invoking command in '/home/tony/ros2_ws/build/turtlebot3_node': CMAKE_PREFIX_PATH=${CMAKE_PREFIX_PATH}:/home/tony/ros2_ws/install/yolov10_inference:/home/tony/ros2_ws/install/witmotion_ros_driver:/home/tony/ros2_ws/install/turtlebot3_teleop:/home/tony/ros2_ws/install/turtlebot3_example:/home/tony/ros2_ws/install/ros2_aruco:/home/tony/ros2_ws/install/opencv_pkg:/home/tony/ros2_ws/install/dxl_tools:/home/tony/ros2_ws/install/ax12_arm_bringup:/opt/ros/humble /usr/bin/cmake --build /home/tony/ros2_ws/build/turtlebot3_node -- -j8 -l8
[3.573s] [  7%] [32mBuilding CXX object CMakeFiles/turtlebot3_node_lib.dir/src/devices/motor_power.cpp.o[0m
[3.581s] [ 14%] [32mBuilding CXX object CMakeFiles/turtlebot3_node_lib.dir/src/devices/reset.cpp.o[0m
[3.582s] [ 21%] [32mBuilding CXX object CMakeFiles/turtlebot3_node_lib.dir/src/devices/sound.cpp.o[0m
[3.592s] [ 28%] [32mBuilding CXX object CMakeFiles/turtlebot3_node_lib.dir/src/dynamixel_sdk_wrapper.cpp.o[0m
[3.595s] [ 35%] [32mBuilding CXX object CMakeFiles/turtlebot3_node_lib.dir/src/odometry.cpp.o[0m
[3.608s] [ 42%] [32mBuilding CXX object CMakeFiles/turtlebot3_node_lib.dir/src/diff_drive_controller.cpp.o[0m
[3.613s] [ 50%] [32mBuilding CXX object CMakeFiles/turtlebot3_node_lib.dir/src/turtlebot3.cpp.o[0m
[3.617s] [ 57%] [32mBuilding CXX object CMakeFiles/turtlebot3_node_lib.dir/src/sensors/battery_state.cpp.o[0m
[5.593s] [ 64%] [32mBuilding CXX object CMakeFiles/turtlebot3_node_lib.dir/src/sensors/imu.cpp.o[0m
[14.582s] [ 71%] [32mBuilding CXX object CMakeFiles/turtlebot3_node_lib.dir/src/sensors/joint_state.cpp.o[0m
[15.525s] [ 78%] [32mBuilding CXX object CMakeFiles/turtlebot3_node_lib.dir/src/sensors/sensor_state.cpp.o[0m
[29.436s] [ 85%] [32m[1mLinking CXX static library libturtlebot3_node_lib.a[0m
[30.000s] [ 85%] Built target turtlebot3_node_lib
[30.050s] [ 92%] [32mBuilding CXX object CMakeFiles/turtlebot3_ros.dir/src/node_main.cpp.o[0m
[35.418s] [100%] [32m[1mLinking CXX executable turtlebot3_ros[0m
[39.167s] [100%] Built target turtlebot3_ros
[39.198s] Invoked command in '/home/tony/ros2_ws/build/turtlebot3_node' returned '0': CMAKE_PREFIX_PATH=${CMAKE_PREFIX_PATH}:/home/tony/ros2_ws/install/yolov10_inference:/home/tony/ros2_ws/install/witmotion_ros_driver:/home/tony/ros2_ws/install/turtlebot3_teleop:/home/tony/ros2_ws/install/turtlebot3_example:/home/tony/ros2_ws/install/ros2_aruco:/home/tony/ros2_ws/install/opencv_pkg:/home/tony/ros2_ws/install/dxl_tools:/home/tony/ros2_ws/install/ax12_arm_bringup:/opt/ros/humble /usr/bin/cmake --build /home/tony/ros2_ws/build/turtlebot3_node -- -j8 -l8
[39.395s] Invoking command in '/home/tony/ros2_ws/build/turtlebot3_node': CMAKE_PREFIX_PATH=${CMAKE_PREFIX_PATH}:/home/tony/ros2_ws/install/yolov10_inference:/home/tony/ros2_ws/install/witmotion_ros_driver:/home/tony/ros2_ws/install/turtlebot3_teleop:/home/tony/ros2_ws/install/turtlebot3_example:/home/tony/ros2_ws/install/ros2_aruco:/home/tony/ros2_ws/install/opencv_pkg:/home/tony/ros2_ws/install/dxl_tools:/home/tony/ros2_ws/install/ax12_arm_bringup:/opt/ros/humble /usr/bin/cmake --install /home/tony/ros2_ws/build/turtlebot3_node
[39.413s] -- Install configuration: ""
[39.414s] -- Execute custom install script
[39.418s] -- Symlinking: /home/tony/ros2_ws/install/turtlebot3_node/share/turtlebot3_node/param/burger.yaml
[39.441s] -- Symlinking: /home/tony/ros2_ws/install/turtlebot3_node/share/turtlebot3_node/param/waffle.yaml
[39.465s] -- Symlinking: /home/tony/ros2_ws/install/turtlebot3_node/share/turtlebot3_node/param/waffle_pi.yaml
[39.492s] -- Symlinking: /home/tony/ros2_ws/install/turtlebot3_node/lib/turtlebot3_node/turtlebot3_ros
[39.515s] -- Symlinking: /home/tony/ros2_ws/install/turtlebot3_node/share/ament_index/resource_index/package_run_dependencies/turtlebot3_node
[39.533s] -- Symlinking: /home/tony/ros2_ws/install/turtlebot3_node/share/ament_index/resource_index/parent_prefix_path/turtlebot3_node
[39.558s] -- Symlinking: /home/tony/ros2_ws/install/turtlebot3_node/share/turtlebot3_node/environment/ament_prefix_path.sh
[39.579s] -- Symlinking: /home/tony/ros2_ws/install/turtlebot3_node/share/turtlebot3_node/environment/ament_prefix_path.dsv
[39.600s] -- Symlinking: /home/tony/ros2_ws/install/turtlebot3_node/share/turtlebot3_node/environment/path.sh
[39.619s] -- Symlinking: /home/tony/ros2_ws/install/turtlebot3_node/share/turtlebot3_node/environment/path.dsv
[39.641s] -- Symlinking: /home/tony/ros2_ws/install/turtlebot3_node/share/turtlebot3_node/local_setup.bash
[39.664s] -- Symlinking: /home/tony/ros2_ws/install/turtlebot3_node/share/turtlebot3_node/local_setup.sh
[39.686s] -- Symlinking: /home/tony/ros2_ws/install/turtlebot3_node/share/turtlebot3_node/local_setup.zsh
[39.702s] -- Symlinking: /home/tony/ros2_ws/install/turtlebot3_node/share/turtlebot3_node/local_setup.dsv
[39.723s] -- Symlinking: /home/tony/ros2_ws/install/turtlebot3_node/share/turtlebot3_node/package.dsv
[39.745s] -- Symlinking: /home/tony/ros2_ws/install/turtlebot3_node/share/ament_index/resource_index/packages/turtlebot3_node
[39.764s] -- Symlinking: /home/tony/ros2_ws/install/turtlebot3_node/share/turtlebot3_node/cmake/ament_cmake_export_include_directories-extras.cmake
[39.791s] -- Symlinking: /home/tony/ros2_ws/install/turtlebot3_node/share/turtlebot3_node/cmake/turtlebot3_nodeConfig.cmake
[39.814s] -- Symlinking: /home/tony/ros2_ws/install/turtlebot3_node/share/turtlebot3_node/cmake/turtlebot3_nodeConfig-version.cmake
[39.835s] -- Symlinking: /home/tony/ros2_ws/install/turtlebot3_node/share/turtlebot3_node/package.xml
[39.870s] Invoked command in '/home/tony/ros2_ws/build/turtlebot3_node' returned '0': CMAKE_PREFIX_PATH=${CMAKE_PREFIX_PATH}:/home/tony/ros2_ws/install/yolov10_inference:/home/tony/ros2_ws/install/witmotion_ros_driver:/home/tony/ros2_ws/install/turtlebot3_teleop:/home/tony/ros2_ws/install/turtlebot3_example:/home/tony/ros2_ws/install/ros2_aruco:/home/tony/ros2_ws/install/opencv_pkg:/home/tony/ros2_ws/install/dxl_tools:/home/tony/ros2_ws/install/ax12_arm_bringup:/opt/ros/humble /usr/bin/cmake --install /home/tony/ros2_ws/build/turtlebot3_node
