[0.447s] Invoking command in '/home/tony/ros2_ws/build/turtlebot3_node': CMAKE_PREFIX_PATH=${CMAKE_PREFIX_PATH}:/home/tony/ros2_ws/install/yolov10_inference:/home/tony/ros2_ws/install/witmotion_ros_driver:/home/tony/ros2_ws/install/turtlebot3_teleop:/home/tony/ros2_ws/install/turtlebot3_example:/home/tony/ros2_ws/install/ros2_aruco:/home/tony/ros2_ws/install/opencv_pkg:/home/tony/ros2_ws/install/ax12a_arm_controller:/opt/ros/humble /usr/bin/cmake --build /home/tony/ros2_ws/build/turtlebot3_node -- -j8 -l8
[1.051s] [ 85%] Built target turtlebot3_node_lib
[1.051s] [100%] Built target turtlebot3_ros
[1.524s] Invoked command in '/home/tony/ros2_ws/build/turtlebot3_node' returned '0': CMAKE_PREFIX_PATH=${CMAKE_PREFIX_PATH}:/home/tony/ros2_ws/install/yolov10_inference:/home/tony/ros2_ws/install/witmotion_ros_driver:/home/tony/ros2_ws/install/turtlebot3_teleop:/home/tony/ros2_ws/install/turtlebot3_example:/home/tony/ros2_ws/install/ros2_aruco:/home/tony/ros2_ws/install/opencv_pkg:/home/tony/ros2_ws/install/ax12a_arm_controller:/opt/ros/humble /usr/bin/cmake --build /home/tony/ros2_ws/build/turtlebot3_node -- -j8 -l8
[1.789s] Invoking command in '/home/tony/ros2_ws/build/turtlebot3_node': CMAKE_PREFIX_PATH=${CMAKE_PREFIX_PATH}:/home/tony/ros2_ws/install/yolov10_inference:/home/tony/ros2_ws/install/witmotion_ros_driver:/home/tony/ros2_ws/install/turtlebot3_teleop:/home/tony/ros2_ws/install/turtlebot3_example:/home/tony/ros2_ws/install/ros2_aruco:/home/tony/ros2_ws/install/opencv_pkg:/home/tony/ros2_ws/install/ax12a_arm_controller:/opt/ros/humble /usr/bin/cmake --install /home/tony/ros2_ws/build/turtlebot3_node
[1.953s] -- Install configuration: ""
[1.953s] -- Execute custom install script
[1.953s] -- Up-to-date symlink: /home/tony/ros2_ws/install/turtlebot3_node/share/turtlebot3_node/param/burger.yaml
[1.953s] -- Up-to-date symlink: /home/tony/ros2_ws/install/turtlebot3_node/share/turtlebot3_node/param/waffle.yaml
[1.953s] -- Up-to-date symlink: /home/tony/ros2_ws/install/turtlebot3_node/share/turtlebot3_node/param/waffle_pi.yaml
[1.954s] -- Up-to-date symlink: /home/tony/ros2_ws/install/turtlebot3_node/lib/turtlebot3_node/turtlebot3_ros
[1.954s] -- Up-to-date symlink: /home/tony/ros2_ws/install/turtlebot3_node/share/ament_index/resource_index/package_run_dependencies/turtlebot3_node
[1.954s] -- Up-to-date symlink: /home/tony/ros2_ws/install/turtlebot3_node/share/ament_index/resource_index/parent_prefix_path/turtlebot3_node
[1.954s] -- Up-to-date symlink: /home/tony/ros2_ws/install/turtlebot3_node/share/turtlebot3_node/environment/ament_prefix_path.sh
[1.954s] -- Up-to-date symlink: /home/tony/ros2_ws/install/turtlebot3_node/share/turtlebot3_node/environment/ament_prefix_path.dsv
[1.954s] -- Up-to-date symlink: /home/tony/ros2_ws/install/turtlebot3_node/share/turtlebot3_node/environment/path.sh
[1.954s] -- Up-to-date symlink: /home/tony/ros2_ws/install/turtlebot3_node/share/turtlebot3_node/environment/path.dsv
[1.954s] -- Up-to-date symlink: /home/tony/ros2_ws/install/turtlebot3_node/share/turtlebot3_node/local_setup.bash
[1.954s] -- Up-to-date symlink: /home/tony/ros2_ws/install/turtlebot3_node/share/turtlebot3_node/local_setup.sh
[1.954s] -- Up-to-date symlink: /home/tony/ros2_ws/install/turtlebot3_node/share/turtlebot3_node/local_setup.zsh
[1.954s] -- Up-to-date symlink: /home/tony/ros2_ws/install/turtlebot3_node/share/turtlebot3_node/local_setup.dsv
[1.954s] -- Symlinking: /home/tony/ros2_ws/install/turtlebot3_node/share/turtlebot3_node/package.dsv
[1.954s] -- Up-to-date symlink: /home/tony/ros2_ws/install/turtlebot3_node/share/ament_index/resource_index/packages/turtlebot3_node
[1.954s] -- Up-to-date symlink: /home/tony/ros2_ws/install/turtlebot3_node/share/turtlebot3_node/cmake/ament_cmake_export_include_directories-extras.cmake
[1.955s] -- Up-to-date symlink: /home/tony/ros2_ws/install/turtlebot3_node/share/turtlebot3_node/cmake/turtlebot3_nodeConfig.cmake
[1.955s] -- Up-to-date symlink: /home/tony/ros2_ws/install/turtlebot3_node/share/turtlebot3_node/cmake/turtlebot3_nodeConfig-version.cmake
[1.955s] -- Up-to-date symlink: /home/tony/ros2_ws/install/turtlebot3_node/share/turtlebot3_node/package.xml
[2.320s] Invoked command in '/home/tony/ros2_ws/build/turtlebot3_node' returned '0': CMAKE_PREFIX_PATH=${CMAKE_PREFIX_PATH}:/home/tony/ros2_ws/install/yolov10_inference:/home/tony/ros2_ws/install/witmotion_ros_driver:/home/tony/ros2_ws/install/turtlebot3_teleop:/home/tony/ros2_ws/install/turtlebot3_example:/home/tony/ros2_ws/install/ros2_aruco:/home/tony/ros2_ws/install/opencv_pkg:/home/tony/ros2_ws/install/ax12a_arm_controller:/opt/ros/humble /usr/bin/cmake --install /home/tony/ros2_ws/build/turtlebot3_node
