[0.069s] Invoking command in '/home/tony/ros2_ws/build/EI_Final_Project': CMAKE_PREFIX_PATH=${CMAKE_PREFIX_PATH}:/home/tony/ros2_ws/install/yolov10_inference:/home/tony/ros2_ws/install/witmotion_ros_driver:/home/tony/ros2_ws/install/turtlebot3_teleop:/home/tony/ros2_ws/install/turtlebot3_example:/home/tony/ros2_ws/install/ros2_aruco:/home/tony/ros2_ws/install/opencv_pkg:/home/tony/ros2_ws/install/ax12a_arm_controller:/opt/ros/humble /usr/bin/cmake --build /home/tony/ros2_ws/build/EI_Final_Project -- -j8 -l8
[0.109s] [35m[1mConsolidate compiler generated dependencies of target map_saver_node[0m
[0.124s] [100%] Built target map_saver_node
[0.134s] Invoked command in '/home/tony/ros2_ws/build/EI_Final_Project' returned '0': CMAKE_PREFIX_PATH=${CMAKE_PREFIX_PATH}:/home/tony/ros2_ws/install/yolov10_inference:/home/tony/ros2_ws/install/witmotion_ros_driver:/home/tony/ros2_ws/install/turtlebot3_teleop:/home/tony/ros2_ws/install/turtlebot3_example:/home/tony/ros2_ws/install/ros2_aruco:/home/tony/ros2_ws/install/opencv_pkg:/home/tony/ros2_ws/install/ax12a_arm_controller:/opt/ros/humble /usr/bin/cmake --build /home/tony/ros2_ws/build/EI_Final_Project -- -j8 -l8
[0.168s] Invoking command in '/home/tony/ros2_ws/build/EI_Final_Project': CMAKE_PREFIX_PATH=${CMAKE_PREFIX_PATH}:/home/tony/ros2_ws/install/yolov10_inference:/home/tony/ros2_ws/install/witmotion_ros_driver:/home/tony/ros2_ws/install/turtlebot3_teleop:/home/tony/ros2_ws/install/turtlebot3_example:/home/tony/ros2_ws/install/ros2_aruco:/home/tony/ros2_ws/install/opencv_pkg:/home/tony/ros2_ws/install/ax12a_arm_controller:/opt/ros/humble /usr/bin/cmake --install /home/tony/ros2_ws/build/EI_Final_Project
[0.173s] -- Install configuration: ""
[0.173s] -- Up-to-date: /home/tony/ros2_ws/install/EI_Final_Project/lib/EI_Final_Project/map_saver_node
[0.174s] -- Up-to-date: /home/tony/ros2_ws/install/EI_Final_Project/share/EI_Final_Project/launch
[0.174s] -- Installing: /home/tony/ros2_ws/install/EI_Final_Project/share/EI_Final_Project/launch/slam_2d.launch.py
[0.174s] -- Up-to-date: /home/tony/ros2_ws/install/EI_Final_Project/share/EI_Final_Project/launch/save_map.launch.py
[0.174s] -- Up-to-date: /home/tony/ros2_ws/install/EI_Final_Project/share/EI_Final_Project/config
[0.174s] -- Up-to-date: /home/tony/ros2_ws/install/EI_Final_Project/share/EI_Final_Project/config/slam_toolbox_params.yaml
[0.174s] -- Up-to-date: /home/tony/ros2_ws/install/EI_Final_Project/share/EI_Final_Project/config/cartographer_params.lua
[0.174s] -- Up-to-date: /home/tony/ros2_ws/install/EI_Final_Project/share/EI_Final_Project/maps
[0.174s] -- Up-to-date: /home/tony/ros2_ws/install/EI_Final_Project/share/EI_Final_Project/rviz
[0.174s] -- Up-to-date: /home/tony/ros2_ws/install/EI_Final_Project/share/EI_Final_Project/rviz/slam_2d.rviz
[0.174s] -- Up-to-date: /home/tony/ros2_ws/install/EI_Final_Project/share/ament_index/resource_index/package_run_dependencies/EI_Final_Project
[0.174s] -- Up-to-date: /home/tony/ros2_ws/install/EI_Final_Project/share/ament_index/resource_index/parent_prefix_path/EI_Final_Project
[0.174s] -- Up-to-date: /home/tony/ros2_ws/install/EI_Final_Project/share/EI_Final_Project/environment/ament_prefix_path.sh
[0.174s] -- Up-to-date: /home/tony/ros2_ws/install/EI_Final_Project/share/EI_Final_Project/environment/ament_prefix_path.dsv
[0.174s] -- Up-to-date: /home/tony/ros2_ws/install/EI_Final_Project/share/EI_Final_Project/environment/path.sh
[0.174s] -- Up-to-date: /home/tony/ros2_ws/install/EI_Final_Project/share/EI_Final_Project/environment/path.dsv
[0.174s] -- Up-to-date: /home/tony/ros2_ws/install/EI_Final_Project/share/EI_Final_Project/local_setup.bash
[0.174s] -- Up-to-date: /home/tony/ros2_ws/install/EI_Final_Project/share/EI_Final_Project/local_setup.sh
[0.175s] -- Up-to-date: /home/tony/ros2_ws/install/EI_Final_Project/share/EI_Final_Project/local_setup.zsh
[0.175s] -- Up-to-date: /home/tony/ros2_ws/install/EI_Final_Project/share/EI_Final_Project/local_setup.dsv
[0.175s] -- Installing: /home/tony/ros2_ws/install/EI_Final_Project/share/EI_Final_Project/package.dsv
[0.175s] -- Up-to-date: /home/tony/ros2_ws/install/EI_Final_Project/share/ament_index/resource_index/packages/EI_Final_Project
[0.175s] -- Up-to-date: /home/tony/ros2_ws/install/EI_Final_Project/share/EI_Final_Project/cmake/EI_Final_ProjectConfig.cmake
[0.175s] -- Up-to-date: /home/tony/ros2_ws/install/EI_Final_Project/share/EI_Final_Project/cmake/EI_Final_ProjectConfig-version.cmake
[0.175s] -- Up-to-date: /home/tony/ros2_ws/install/EI_Final_Project/share/EI_Final_Project/package.xml
[0.176s] Invoked command in '/home/tony/ros2_ws/build/EI_Final_Project' returned '0': CMAKE_PREFIX_PATH=${CMAKE_PREFIX_PATH}:/home/tony/ros2_ws/install/yolov10_inference:/home/tony/ros2_ws/install/witmotion_ros_driver:/home/tony/ros2_ws/install/turtlebot3_teleop:/home/tony/ros2_ws/install/turtlebot3_example:/home/tony/ros2_ws/install/ros2_aruco:/home/tony/ros2_ws/install/opencv_pkg:/home/tony/ros2_ws/install/ax12a_arm_controller:/opt/ros/humble /usr/bin/cmake --install /home/tony/ros2_ws/build/EI_Final_Project
